do run
loading script "helix_air.py"
loading script "helix_pump_ms.py"
loading script "helix_air.py"
loading script "helix_pump_prep.py"
testing...
no interpolation path defined
executed snippet estimated_duration=656.08, duration=0.000236988067627
script duration name:air seconds:656.0
loading script "helix_air.py"
loading script "helix_pump_ms.py"
loading script "helix_air.py"
loading script "helix_pump_prep.py"
testing...
no interpolation path defined
executed snippet estimated_duration=0, duration=2.59876251221e-05
air in script context. using previous estimated duration
script duration name:air seconds:656.0
loading script "helix_air.py"
loading script "helix_pump_ms.py"
loading script "helix_air.py"
loading script "helix_pump_prep.py"
testing...
no interpolation path defined
executed snippet estimated_duration=28.0, duration=0.000201940536499
Script duration 1312.0
Run total estimated duration= 1313.000
run duration: 0:21:53
doing event level: 2
----------------- start -----------------
**************** Experiment Type: Ar/Ar, Ar/Ar
create new session 5012306256
close session 5012306256
$$$$$ Clearing conditionals
adding conditionals 
Add queue conditionals
add default conditionals
adding default conditionals from /Users/labuser/Pychron/setupfiles/spectrometer/default_conditionals.yaml
Start automated run ba-01-H-44
loading script "helix_air.py"
loading script "helix_pump_ms.py"
loading script "helix_air.py"
loading script "helix_pump_prep.py"
%%%%%%%%%%%%%%%%%% setting automated run ba-01-H-44
No value "sensitivity_multiplier" in metadata
$$$$$$$$$$$$$$$ auto_save_detector_ic=False
============================= Pre Extraction Check =============================
loading queue conditionals pre_run_terminations
loading system conditionals pre_run_terminations
loading conditionals from /Users/labuser/Pychron/setupfiles/spectrometer/default_conditionals.yaml
15:37:43 -- ******* Pre Extraction Check *******
Get a measurement from the spectrometer
Pre Extraction Termination data. keys=L2(CDD),H2,H1,AX,L1, signals=0.03239,2.71294,0.31549,0.07031,0.12002
15:37:43 -- testing system defined conditionals
Checking default pre extraction terminations n=1
testing L2_CDD_
evaluate ot="L2(CDD).inactive" t="L2_CDD_", ctx="{'L2_CDD_': False}"
15:37:43 -- ******* Pre Extraction Check Passed *******
=================================================================================
start extraction
do extraction
Analysis started at 15:37:43.873823
Extraction Started helix_air.py
15:37:43 -- ******* Extraction Started helix_air.py *******
state changed from not run to extraction
DO EXTRACTION <pychron.extraction_line.pyscript_runner.PyScriptRunner object at 0x12be12770>
testing...
no interpolation path defined
executed snippet estimated_duration=222.0, duration=0.000516891479492
Air pipette
open ('3',) {}
open name=3 desc=---
check software interlocks 3
interlocks []
actuate state mode=None-script, software_lock=False
doing actuation None-script open_channel False
ROUT:OPEN (@103)
change switch state (True, True)
15:37:43 -- OPEN   VALVE-3 (SecondToIP)
-------------------------- open 3 () result=[(True, True)]
action=open, ok=True, locked=[False]
close ('2',) {}
close name=2 desc=---
check software interlocks 2
interlocks []
actuate state mode=None-script, software_lock=False
doing actuation None-script close_channel False
ROUT:CLOSE (@102)
change switch state (True, True)
15:37:44 -- CLOSE  VALVE-2 (ExtrToMS)
-------------------------- close 2 () result=[(True, True)]
action=close, ok=True, locked=[False]
open ('1',) {}
open name=1 desc=---
check software interlocks 1
interlocks []
actuate state mode=None-script, software_lock=False
doing actuation None-script open_channel False
Open Valve Ion Pump Set ===>> OK
change switch state (True, True)
15:37:44 -- OPEN   VALVE-1 (MSIonPump)
-------------------------- open 1 () result=[(True, True)]
action=open, ok=True, locked=[False]
close ('8',) {}
close name=8 desc=---
check software interlocks 8
interlocks []
actuate state mode=None-script, software_lock=False
doing actuation None-script close_channel False
ROUT:CLOSE (@108)
change switch state (True, True)
15:37:44 -- CLOSE  VALVE-8 (Sample1toFirst)
-------------------------- close 8 () result=[(True, True)]
action=close, ok=True, locked=[False]
close ('9',) {}
close name=9 desc=---
check software interlocks 9
interlocks []
actuate state mode=None-script, software_lock=False
doing actuation None-script close_channel False
ROUT:CLOSE (@109)
change switch state (True, True)
15:37:45 -- CLOSE  VALVE-9 (Sample2toFirst)
-------------------------- close 9 () result=[(True, True)]
action=close, ok=True, locked=[False]
close ('7',) {}
close name=7 desc=---
check software interlocks 7
interlocks ['6']
actuate state mode=None-script, software_lock=False
doing actuation None-script close_channel False
ROUT:CLOSE (@107)
change switch state (True, True)
15:37:45 -- CLOSE  VALVE-7 (APInner)
-------------------------- close 7 () result=[(True, True)]
load indicator states
action=close, ok=True, locked=[False]
open ('5',) {}
open name=5 desc=---
check software interlocks 5
interlocks []
actuate state mode=None-script, software_lock=False
doing actuation None-script open_channel False
ROUT:OPEN (@105)
change switch state (True, True)
15:37:45 -- OPEN   VALVE-5 (FirstToTurbo)
-------------------------- open 5 () result=[(True, True)]
action=open, ok=True, locked=[False]
open ('11',) {}
open name=11 desc=---
check software interlocks 11
interlocks []
actuate state mode=None-script, software_lock=False
doing actuation None-script open_channel False
ROUT:OPEN (@111)
change switch state (True, True)
15:37:46 -- OPEN   VALVE-11 (APSafety)
-------------------------- open 11 () result=[(True, True)]
action=open, ok=True, locked=[False]
open ('6',) {}
open name=6 desc=---
check software interlocks 6
interlocks ['7']
actuate state mode=None-script, software_lock=False
doing actuation None-script open_channel True
ROUT:OPEN (@106)
change switch state (True, True)
15:37:46 -- OPEN   VALVE-6 (APOuter)
-------------------------- open 6 () result=[(True, True)]
action=open, ok=True, locked=[False]
sleep (15,) {}
SLEEP 15.0
block started
WaitControl setup for 15.0  
load indicator states
Join finished
block finished. duration 15.0448541641
close ('6',) {}
close name=6 desc=---
check software interlocks 6
interlocks ['7']
actuate state mode=None-script, software_lock=False
doing actuation None-script close_channel True
ROUT:CLOSE (@106)
change switch state (True, True)
15:38:01 -- CLOSE  VALVE-6 (APOuter)
-------------------------- close 6 () result=[(True, True)]
action=close, ok=True, locked=[False]
sleep (2,) {}
SLEEP 2.0
block started
WaitControl setup for 2.0  
Join finished
block finished. duration 2.03739905357
Blank. Not filling pipette
sleep (30,) {}
SLEEP 30.0
block started
WaitControl setup for 30.0  
load indicator states
load indicator states
load indicator states
Join finished
block finished. duration 30.1006131172
close ('7',) {}
close name=7 desc=---
check software interlocks 7
interlocks ['6']
actuate state mode=None-script, software_lock=False
doing actuation None-script close_channel False
ROUT:CLOSE (@107)
change switch state (True, True)
15:38:34 -- CLOSE  VALVE-7 (APInner)
-------------------------- close 7 () result=[(True, True)]
action=close, ok=True, locked=[False]
close ('5',) {}
close name=5 desc=---
check software interlocks 5
interlocks []
actuate state mode=None-script, software_lock=False
doing actuation None-script close_channel True
ROUT:CLOSE (@105)
change switch state (True, True)
15:38:34 -- CLOSE  VALVE-5 (FirstToTurbo)
-------------------------- close 5 () result=[(True, True)]
action=close, ok=True, locked=[False]
close ('4',) {}
close name=4 desc=---
check software interlocks 4
interlocks []
actuate state mode=None-script, software_lock=False
doing actuation None-script close_channel False
ROUT:CLOSE (@104)
change switch state (True, True)
15:38:34 -- CLOSE  VALVE-4 (FirstToSecondStage)
-------------------------- close 4 () result=[(True, True)]
action=close, ok=True, locked=[False]
sleep (2,) {}
SLEEP 2.0
block started
WaitControl setup for 2.0  
Join finished
block finished. duration 2.0224211216
open ('6',) {}
open name=6 desc=---
check software interlocks 6
interlocks ['7']
actuate state mode=None-script, software_lock=False
doing actuation None-script open_channel True
ROUT:OPEN (@106)
change switch state (True, True)
15:38:36 -- OPEN   VALVE-6 (APOuter)
-------------------------- open 6 () result=[(True, True)]
load indicator states
action=open, ok=True, locked=[False]
first stage cleanup
sleep (30,) {}
SLEEP 30.0
block started
WaitControl setup for 30.0  
load indicator states
load indicator states
Join finished
block finished. duration 30.0802688599
close ('3',) {}
close name=3 desc=---
check software interlocks 3
interlocks []
actuate state mode=None-script, software_lock=False
doing actuation None-script close_channel True
ROUT:CLOSE (@103)
change switch state (True, True)
15:39:07 -- CLOSE  VALVE-3 (SecondToIP)
-------------------------- close 3 () result=[(True, True)]
action=close, ok=True, locked=[False]
sleep (2,) {}
SLEEP 2.0
block started
WaitControl setup for 2.0  
load indicator states
Join finished
block finished. duration 2.02627205849
open ('4',) {}
open name=4 desc=---
check software interlocks 4
interlocks []
actuate state mode=None-script, software_lock=False
doing actuation None-script open_channel True
ROUT:OPEN (@104)
change switch state (True, True)
15:39:09 -- OPEN   VALVE-4 (FirstToSecondStage)
-------------------------- open 4 () result=[(True, True)]
action=open, ok=True, locked=[False]
second stage cleanup
sleep (30,) {}
SLEEP 30.0
block started
WaitControl setup for 30.0  
load indicator states
load indicator states
load indicator states
Join finished
block finished. duration 30.0754089355
executed snippet estimated_duration=333.0, duration=116.145244122
helix_air.py completed successfully
no extraction action
Requested Output= 0.000
Achieved Output=  0.000
no extraction action
no extraction action
no extraction action
no extraction action
persistence save...
persistence save - db
AutomatedRunPersister post_extraction_save deprecated
persistence save - dvc
no extraction position for 
Popen(['git', 'cat-file', '--batch-check'], cwd=/Users/labuser/Pychron/data/.dvc/MetaData, universal_newlines=False, shell=None)
Extraction Finished
15:39:40 -- ******* Extraction Finished *******
no overlap. not waiting for min ms pumptime
start measurement
do measurement
L#=ba-01-H analysis type=blank_air
Measurement Started helix_air.py
15:39:40 -- ******* Measurement Started helix_air.py *******
state changed from extraction to measurement
setting spec, defl, and gains
GetExtractionLens ===>> 18.29
GetYSymmetry ===>> 19.07
GetZSymmetry ===>> 19.51
GetZFocus ===>> 9.74
GetDeflection L2(CDD) ===>> Error: Invalid Command
Failed reading L2(CDD) deflection. Error=could not convert string to float: Error: Invalid Command. Using previous value 0
GetGain H2 ===>> 0.986484670899424
GetGain H1 ===>> 1.01080515922087
GetGain AX ===>> 1.0071313708941
GetGain L1 ===>> 1.00793592600847
GetGain L2(CDD) ===>> 0
pre measurement save
New frame /Users/labuser/Pychron/data/isotopes/1c/85f199-2e17-4d0a-8520-eda94133b851.h5
flush and close file /Users/labuser/Pychron/data/isotopes/1c/85f199-2e17-4d0a-8520-eda94133b851.h5
testing...
no interpolation path defined
executed snippet estimated_duration=656.08, duration=0.0002601146698
activate_detectors ('H2', 'H1', 'AX', 'L1', 'L2(CDD)') {}
activate detectors
*************** Set Analysis View Ar/Ar
create graphs
clearing graphs
clear isotope group
setting isotope det=H2, iso=Ar40
setting isotope det=H1, iso=Ar39
setting isotope det=AX, iso=Ar38
setting isotope det=L1, iso=Ar37
setting isotope det=L2(CDD), iso=Ar36
load analysis view
position_magnet ('Ar40',) {'detector': 'H2'}
detector Detector(H2)
POSITION Ar40 H2
setting detector H2 to Ar40 (39.962)
setting detector H1 to Ar39 (38.962)
setting detector AX to Ar38 (37.962)
setting detector L1 to Ar37 (36.962)
setting detector L2(CDD) to Ar36 (35.962)
Mapping mass to dac mass func: "parabolic"
H2 map mass coeffs = [  2.53589168e-02  -1.84786063e+00   3.71260343e+01]
H2 map mass to dac 39.962 >> 3.77904002004
GetHighVoltage ===>> 9900
positioning Ar40 (3.77904002004) on H2
setting magnet DAC
current  : 3.779040
requested: 3.779040
Delta Dac: 0.000000
SetMagnetDAC 3.77904002004 ===>> OK
set_dac. change=False
equilibrate () {'inlet': '2', 'outlet': '1', 'eqtime': 45.0}
Equilibration Started
15:39:40 -- ******* Equilibration Started *******
check software interlocks 1
interlocks []
actuate state mode=None-script, software_lock=False
doing actuation None-script close_channel True
Close Valve Ion Pump Set ===>> OK
change switch state (True, True)
15:39:40 -- CLOSE  VALVE-1 (MSIonPump)
waiting 3s before opening inlet value ('2',)
update labels <pychron.experiment.plot_panel.PlotPanel object at 0x12e2b2650>
update labels "<pychron.graph.stacked_regression_graph.StackedRegressionGraph object at 0x12e685830>"
setting label 0 H2 Ar40
setting label 1 H1 Ar39
setting label 2 AX Ar38
setting label 3 L1 Ar37
setting label 4 L2(CDD) Ar36
update labels "<pychron.graph.stacked_graph.StackedGraph object at 0x12e261a70>"
setting label 0 H2 Ar40
setting label 1 H1 Ar39
setting label 2 AX Ar38
setting label 3 L1 Ar37
setting label 4 L2(CDD) Ar36
check software interlocks 2
interlocks []
actuate state mode=None-script, software_lock=False
doing actuation None-script open_channel True
ROUT:OPEN (@102)
change switch state (True, True)
15:39:44 -- OPEN   VALVE-2 (ExtrToMS)
set_time_zero () {}
equilibrating for 45.0sec
sniff (45.0,) {}
py_sniff
build tables- sniff [Detector(H2), Detector(H1), Detector(AX), Detector(L1), Detector(L2(CDD))]
add group /sniff/Ar40 (Group) '' table H2
add group /sniff/Ar39 (Group) '' table H1
add group /sniff/Ar38 (Group) '' table AX
add group /sniff/Ar37 (Group) '' table L1
add group /sniff/Ar36 (Group) '' table L2(CDD)
flush and close file /Users/labuser/Pychron/data/isotopes/1c/85f199-2e17-4d0a-8520-eda94133b851.h5
measuring sniff. ncounts=45.0
"sniff" increment series count="1" fit count="0" regressing="False"
starting measurement
load indicator states
load indicator states
15:40:08 -- collecting point 25
load indicator states
load indicator states
Equilibration Finished
15:40:29 -- ******* Equilibration Finished *******
check software interlocks 2
interlocks []
actuate state mode=None-script, software_lock=False
doing actuation None-script close_channel True
ROUT:CLOSE (@102)
change switch state (True, True)
15:40:29 -- CLOSE  VALVE-2 (ExtrToMS)
Post Equilibration Started helix_pump_prep.py
15:40:29 -- ******* Post Equilibration Started helix_pump_prep.py *******
testing...
no interpolation path defined
executed snippet estimated_duration=28.0, duration=0.000191926956177
close ('6',) {}
close name=6 desc=---
check software interlocks 6
interlocks ['7']
actuate state mode=None-script, software_lock=False
doing actuation None-script close_channel True
ROUT:CLOSE (@106)
change switch state (True, True)
15:40:29 -- CLOSE  VALVE-6 (APOuter)
-------------------------- close 6 () result=[(True, True)]
action=close, ok=True, locked=[False]
open ('4',) {}
open name=4 desc=---
check software interlocks 4
interlocks []
actuate state mode=None-script, software_lock=False
doing actuation None-script open_channel False
ROUT:OPEN (@104)
change switch state (True, True)
15:40:29 -- OPEN   VALVE-4 (FirstToSecondStage)
-------------------------- open 4 () result=[(True, True)]
waiting for write to finish
measurement finished
estimated time: 45.000 actual time: :45.221
flush and close file /Users/labuser/Pychron/data/isotopes/1c/85f199-2e17-4d0a-8520-eda94133b851.h5
set_fits () {}
using default fits file=/Users/labuser/Pychron/scripts/measurement/fits/nominal.yaml
set "Ar40" to "('Parabolic', 'SEM')"
set "Ar36" to "('Parabolic', 'SEM')"
set "Ar37" to "('Linear', 'SEM')"
set "Ar38" to "('Linear', 'SEM')"
set "Ar39" to "('Linear', 'SEM')"
set_baseline_fits () {}
using default fits file=/Users/labuser/Pychron/scripts/measurement/fits/nominal.yaml
set "H2" to "('Average', 'SEM')"
set "L2(CDD)" to "('Average', 'SEM')"
set "L1" to "('Average', 'SEM')"
set "AX" to "('Average', 'SEM')"
set "H1" to "('Average', 'SEM')"
multicollect () {'ncounts': 400}
build tables- signal [Detector(H2), Detector(H1), Detector(AX), Detector(L1), Detector(L2(CDD))]
add group /signal/Ar40 (Group) '' table H2
add group /signal/Ar39 (Group) '' table H1
add group /signal/Ar38 (Group) '' table AX
add group /signal/Ar37 (Group) '' table L1
add group /signal/Ar36 (Group) '' table L2(CDD)
flush and close file /Users/labuser/Pychron/data/isotopes/1c/85f199-2e17-4d0a-8520-eda94133b851.h5
measuring signal. ncounts=400
action=open, ok=True, locked=[False]
sleep (2,) {}
SLEEP 2.0
block started
WaitControl setup for 2.0  
"signal" increment series count="2" fit count="1" regressing="True"
starting measurement
load indicator states
Join finished
block finished. duration 2.02014493942
open ('11',) {}
open name=11 desc=---
check software interlocks 11
interlocks []
actuate state mode=None-script, software_lock=False
doing actuation None-script open_channel False
ROUT:OPEN (@111)
change switch state (True, True)
15:40:31 -- OPEN   VALVE-11 (APSafety)
-------------------------- open 11 () result=[(True, True)]
action=open, ok=True, locked=[False]
open ('5',) {}
open name=5 desc=---
check software interlocks 5
interlocks []
actuate state mode=None-script, software_lock=False
doing actuation None-script open_channel True
ROUT:OPEN (@105)
change switch state (True, True)
15:40:32 -- OPEN   VALVE-5 (FirstToTurbo)
-------------------------- open 5 () result=[(True, True)]
action=open, ok=True, locked=[False]
sleep (10,) {}
SLEEP 10.0
block started
WaitControl setup for 10.0  
load indicator states
Join finished
block finished. duration 10.0503139496
close ('4',) {}
close name=4 desc=---
check software interlocks 4
interlocks []
actuate state mode=None-script, software_lock=False
doing actuation None-script close_channel True
ROUT:CLOSE (@104)
change switch state (True, True)
15:40:42 -- CLOSE  VALVE-4 (FirstToSecondStage)
-------------------------- close 4 () result=[(True, True)]
action=close, ok=True, locked=[False]
sleep (2,) {}
SLEEP 2.0
block started
WaitControl setup for 2.0  
Join finished
block finished. duration 2.01218104362
open ('3',) {}
open name=3 desc=---
check software interlocks 3
interlocks []
actuate state mode=None-script, software_lock=False
doing actuation None-script open_channel True
ROUT:OPEN (@103)
change switch state (True, True)
15:40:44 -- OPEN   VALVE-3 (SecondToIP)
-------------------------- open 3 () result=[(True, True)]
action=open, ok=True, locked=[False]
executed snippet estimated_duration=42.0, duration=15.8800840378
helix_pump_prep.py completed successfully
Post Equilibration Finished
15:40:45 -- ******* Post Equilibration Finished *******
load indicator states
15:40:54 -- collecting point 25
load indicator states
load indicator states
15:41:19 -- collecting point 50
load indicator states
load indicator states
load indicator states
15:41:44 -- collecting point 75
load indicator states
load indicator states
15:42:09 -- collecting point 100
load indicator states
load indicator states
15:42:34 -- collecting point 125
load indicator states
load indicator states
load indicator states
15:42:59 -- collecting point 150
load indicator states
load indicator states
15:43:24 -- collecting point 175
load indicator states
load indicator states
load indicator states
15:43:49 -- collecting point 200
load indicator states
load indicator states
15:44:15 -- collecting point 225
load indicator states
load indicator states
load indicator states
15:44:40 -- collecting point 250
load indicator states
load indicator states
15:45:05 -- collecting point 275
load indicator states
============ Exception ==============
Traceback (most recent call last):
File "/Users/labuser/miniconda2/envs/pychron2/lib/python2.7/site-packages/enable/qt4/base_window.py", line 198, in paintEvent
    self.handler.paintEvent(event)
File "/Users/labuser/miniconda2/envs/pychron2/lib/python2.7/site-packages/enable/qt4/base_window.py", line 50, in paintEvent
    self._enable_window._paint(event)
File "/Users/labuser/miniconda2/envs/pychron2/lib/python2.7/site-packages/enable/abstract_window.py", line 467, in _paint
    self.component.draw(gc, view_bounds=(0, 0, size[0], size[1]))
File "/Users/labuser/miniconda2/envs/pychron2/lib/python2.7/site-packages/enable/component.py", line 421, in draw
    self._draw(gc, view_bounds, mode)
File "/Users/labuser/miniconda2/envs/pychron2/lib/python2.7/site-packages/enable/component.py", line 773, in _draw
    self._dispatch_draw(layer, gc, view_bounds, mode)
File "/Users/labuser/miniconda2/envs/pychron2/lib/python2.7/site-packages/enable/container.py", line 327, in _dispatch_draw
    component._dispatch_draw(layer, gc, new_bounds, mode)
File "/Users/labuser/miniconda2/envs/pychron2/lib/python2.7/site-packages/enable/container.py", line 312, in _dispatch_draw
    my_handler(gc, view_bounds, mode)
File "/Users/labuser/miniconda2/envs/pychron2/lib/python2.7/site-packages/enable/container.py", line 352, in _draw_container_underlay
    self._draw_underlay(gc, view_bounds, mode)
File "/Users/labuser/miniconda2/envs/pychron2/lib/python2.7/site-packages/enable/component.py", line 881, in _draw_underlay
    underlay.overlay(self, gc, view_bounds, mode)
File "/Users/labuser/miniconda2/envs/pychron2/lib/python2.7/site-packages/chaco/grid.py", line 306, in overlay
    self._draw_component(gc, view_bounds, mode)
File "/Users/labuser/miniconda2/envs/pychron2/lib/python2.7/site-packages/chaco/grid.py", line 344, in _draw_component
    ends[:,0] = self._tick_extents[:,1]
IndexError: too many indices for array
============ End Exception ==========
load indicator states
15:45:30 -- collecting point 300
load indicator states
load indicator states
load indicator states
15:45:55 -- collecting point 325
load indicator states
load indicator states
15:46:20 -- collecting point 350
load indicator states
load indicator states
load indicator states
15:46:45 -- collecting point 375
load indicator states
load indicator states
15:47:10 -- collecting point 400
waiting for write to finish
measurement finished
estimated time: 400.000 actual time: :401.221
flush and close file /Users/labuser/Pychron/data/isotopes/1c/85f199-2e17-4d0a-8520-eda94133b851.h5
baselines () {'detector': 'H2', 'mass': 39.59, 'ncounts': 120}
%%%%%%%%%%%%%%%%%%%%%%%%%%%%%%%% Baseline
build tables- baseline [Detector(H2), Detector(H1), Detector(AX), Detector(L1), Detector(L2(CDD))]
add group baseline table H2
add group baseline table H1
add group baseline table AX
add group baseline table L1
add group baseline table L2(CDD)
flush and close file /Users/labuser/Pychron/data/isotopes/1c/85f199-2e17-4d0a-8520-eda94133b851.h5
detector Detector(H2)
POSITION 39.59 H2
Mapping mass to dac mass func: "parabolic"
H2 map mass coeffs = [  2.53589168e-02  -1.84786063e+00   3.71260343e+01]
H2 map mass to dac 39.59 >> 3.71598902714
GetHighVoltage ===>> 9900
positioning 39.59 (3.71598902714) on H2
setting magnet DAC
current  : 3.779040
requested: 3.715989
Delta Dac: 0.063051
SetMagnetDAC 3.71598902714 ===>> OK
Magnet settling time: 0.500
Magnet settling complete
set_dac. change=True
Delaying 4s for detectors to settle
load indicator states
Join finished
measuring baseline. ncounts=120
"baseline" increment series count="2" fit count="1" regressing="True"
starting measurement
load indicator states
load indicator states
15:47:40 -- collecting point 25
load indicator states
load indicator states
load indicator states
15:48:05 -- collecting point 50
load indicator states
load indicator states
15:48:31 -- collecting point 75
load indicator states
load indicator states
15:48:56 -- collecting point 100
load indicator states
load indicator states
waiting for write to finish
measurement finished
estimated time: 120.000 actual time: :120.449
flush and close file /Users/labuser/Pychron/data/isotopes/1c/85f199-2e17-4d0a-8520-eda94133b851.h5
activate_detectors ('L2(CDD)', 'AX') {'peak_center': True}
peak_center () {'detector': 'H2', 'isotope': 'Ar40'}
peak center: mean=3.30546312815 threshold=3
peak center started
setup peak center. detector=['H2', 'L2(CDD)', 'AX'], isotope=Ar40
VersionedUnpickler [<apptools.sweet_pickle.versioned_unpickler.VersionedUnpickler object at 0x12cbb7f50>] using Updater [<apptools.sweet_pickle.updater.Updater object at 0x12e716230>]
VersionedUnpickler [<apptools.sweet_pickle.versioned_unpickler.VersionedUnpickler object at 0x12cbb7f50>] using Updater [<apptools.sweet_pickle.updater.Updater object at 0x12e716230>]
VersionedUnpickler [<apptools.sweet_pickle.versioned_unpickler.VersionedUnpickler object at 0x12e7164d0>] using Updater [<apptools.sweet_pickle.updater.Updater object at 0x12e716230>]
setting integration time = 1.048576
SetIntegrationTime 1.048576 ===>> OK
Mapping mass to dac mass func: "parabolic"
H2 map mass coeffs = [  2.53589168e-02  -1.84786063e+00   3.71260343e+01]
H2 map mass to dac 39.962 >> 3.77904002004
GetHighVoltage ===>> 9900
do peak center. <pychron.spectrometer.jobs.peak_center.PeakCenter object at 0x12e7165f0>
doing pc
starting peak center. center dac= 3.77904002004 step_width=5e-05
width = 5e-05
get scan parameters. half-width=0.0025,window=0.0025, i=0, scalar=1
Scan parameters center=3.77904 width=0.00500 (3.77654 - 3.78154)
Moving to starting dac 3.77654002004
setting magnet DAC
current  : 3.715989
requested: 3.776540
Delta Dac: 0.060551
SetMagnetDAC 3.77654002004 ===>> OK
Magnet settling time: 0.500
Magnet settling complete
set_dac. change=True
Wait until signal near baseline. tol= 0.0068134958815. timeout= 10
load indicator states
Peak center baseline intensity achieved
_do_sweep sm= 3.77654002004, em= 3.78154002004, stm= 5e-05
calculated step values: start=3.77654002004, end=3.78154002004, width=5e-05, nsteps=101.0
setting magnet DAC
current  : 3.776540
requested: 3.776540
Delta Dac: 0.000000
set_dac. change=False
setting magnet DAC
current  : 3.776540
requested: 3.776591
Delta Dac: 0.000051
Magnet settling time: 2.097
Magnet settling complete
set_dac. change=True
setting magnet DAC
current  : 3.776591
requested: 3.776641
Delta Dac: 0.000051
Magnet settling time: 2.097
Magnet settling complete
set_dac. change=True
setting magnet DAC
current  : 3.776641
requested: 3.776692
Delta Dac: 0.000051
Magnet settling time: 2.097
Magnet settling complete
set_dac. change=True
setting magnet DAC
current  : 3.776692
requested: 3.776742
Delta Dac: 0.000051
Magnet settling time: 2.097
Magnet settling complete
set_dac. change=True
setting magnet DAC
current  : 3.776742
requested: 3.776793
Delta Dac: 0.000051
Magnet settling time: 2.097
load indicator states
Magnet settling complete
set_dac. change=True
setting magnet DAC
current  : 3.776793
requested: 3.776843
Delta Dac: 0.000051
Magnet settling time: 2.097
Magnet settling complete
set_dac. change=True
setting magnet DAC
current  : 3.776843
requested: 3.776894
Delta Dac: 0.000051
Magnet settling time: 2.097
Magnet settling complete
set_dac. change=True
setting magnet DAC
current  : 3.776894
requested: 3.776944
Delta Dac: 0.000051
Magnet settling time: 2.097
Magnet settling complete
set_dac. change=True
setting magnet DAC
current  : 3.776944
requested: 3.776995
Delta Dac: 0.000051
Magnet settling time: 2.097
Magnet settling complete
set_dac. change=True
setting magnet DAC
current  : 3.776995
requested: 3.777045
Delta Dac: 0.000051
Magnet settling time: 2.097
load indicator states
Magnet settling complete
set_dac. change=True
setting magnet DAC
current  : 3.777045
requested: 3.777096
Delta Dac: 0.000051
Magnet settling time: 2.097
Magnet settling complete
set_dac. change=True
setting magnet DAC
current  : 3.777096
requested: 3.777146
Delta Dac: 0.000051
Magnet settling time: 2.097
Magnet settling complete
set_dac. change=True
setting magnet DAC
current  : 3.777146
requested: 3.777197
Delta Dac: 0.000051
Magnet settling time: 2.097
Magnet settling complete
set_dac. change=True
setting magnet DAC
current  : 3.777197
requested: 3.777247
Delta Dac: 0.000051
Magnet settling time: 2.097
Magnet settling complete
set_dac. change=True
setting magnet DAC
current  : 3.777247
requested: 3.777298
Delta Dac: 0.000051
Magnet settling time: 2.097
load indicator states
Magnet settling complete
set_dac. change=True
setting magnet DAC
current  : 3.777298
requested: 3.777348
Delta Dac: 0.000051
Magnet settling time: 2.097
Magnet settling complete
set_dac. change=True
setting magnet DAC
current  : 3.777348
requested: 3.777399
Delta Dac: 0.000051
Magnet settling time: 2.097
Magnet settling complete
set_dac. change=True
setting magnet DAC
current  : 3.777399
requested: 3.777449
Delta Dac: 0.000051
Magnet settling time: 2.097
Magnet settling complete
set_dac. change=True
setting magnet DAC
current  : 3.777449
requested: 3.777500
Delta Dac: 0.000051
Magnet settling time: 2.097
load indicator states
Magnet settling complete
set_dac. change=True
setting magnet DAC
current  : 3.777500
requested: 3.777550
Delta Dac: 0.000051
Magnet settling time: 2.097
Magnet settling complete
set_dac. change=True
setting magnet DAC
current  : 3.777550
requested: 3.777601
Delta Dac: 0.000051
Magnet settling time: 2.097
Magnet settling complete
set_dac. change=True
setting magnet DAC
current  : 3.777601
requested: 3.777651
Delta Dac: 0.000051
Magnet settling time: 2.097
Magnet settling complete
set_dac. change=True
setting magnet DAC
current  : 3.777651
requested: 3.777702
Delta Dac: 0.000051
Magnet settling time: 2.097
Magnet settling complete
set_dac. change=True
setting magnet DAC
current  : 3.777702
requested: 3.777752
Delta Dac: 0.000051
Magnet settling time: 2.097
load indicator states
Magnet settling complete
set_dac. change=True
setting magnet DAC
current  : 3.777752
requested: 3.777803
Delta Dac: 0.000051
Magnet settling time: 2.097
Magnet settling complete
set_dac. change=True
setting magnet DAC
current  : 3.777803
requested: 3.777853
Delta Dac: 0.000051
Magnet settling time: 2.097
Magnet settling complete
set_dac. change=True
setting magnet DAC
current  : 3.777853
requested: 3.777904
============ Exception ==============
Delta Dac: 0.000051
Traceback (most recent call last):
File "/Users/labuser/miniconda2/envs/pychron2/lib/python2.7/site-packages/enable/qt4/base_window.py", line 198, in paintEvent
    self.handler.paintEvent(event)
File "/Users/labuser/miniconda2/envs/pychron2/lib/python2.7/site-packages/enable/qt4/base_window.py", line 50, in paintEvent
    self._enable_window._paint(event)
File "/Users/labuser/miniconda2/envs/pychron2/lib/python2.7/site-packages/enable/abstract_window.py", line 467, in _paint
    self.component.draw(gc, view_bounds=(0, 0, size[0], size[1]))
File "/Users/labuser/miniconda2/envs/pychron2/lib/python2.7/site-packages/enable/component.py", line 421, in draw
    self._draw(gc, view_bounds, mode)
File "/Users/labuser/miniconda2/envs/pychron2/lib/python2.7/site-packages/enable/component.py", line 773, in _draw
    self._dispatch_draw(layer, gc, view_bounds, mode)
File "/Users/labuser/miniconda2/envs/pychron2/lib/python2.7/site-packages/enable/container.py", line 327, in _dispatch_draw
    component._dispatch_draw(layer, gc, new_bounds, mode)
File "/Users/labuser/miniconda2/envs/pychron2/lib/python2.7/site-packages/enable/container.py", line 312, in _dispatch_draw
    my_handler(gc, view_bounds, mode)
File "/Users/labuser/miniconda2/envs/pychron2/lib/python2.7/site-packages/enable/container.py", line 352, in _draw_container_underlay
    self._draw_underlay(gc, view_bounds, mode)
File "/Users/labuser/miniconda2/envs/pychron2/lib/python2.7/site-packages/enable/component.py", line 881, in _draw_underlay
    underlay.overlay(self, gc, view_bounds, mode)
File "/Users/labuser/miniconda2/envs/pychron2/lib/python2.7/site-packages/chaco/grid.py", line 306, in overlay
    self._draw_component(gc, view_bounds, mode)
File "/Users/labuser/miniconda2/envs/pychron2/lib/python2.7/site-packages/chaco/grid.py", line 344, in _draw_component
    ends[:,0] = self._tick_extents[:,1]
IndexError: too many indices for array
============ End Exception ==========
Magnet settling time: 2.097
Magnet settling complete
set_dac. change=True
setting magnet DAC
current  : 3.777904
requested: 3.777954
Delta Dac: 0.000051
Magnet settling time: 2.097
Magnet settling complete
set_dac. change=True
setting magnet DAC
current  : 3.777954
requested: 3.778005
============ Exception ==============
Delta Dac: 0.000051
Traceback (most recent call last):
File "/Users/labuser/miniconda2/envs/pychron2/lib/python2.7/site-packages/enable/qt4/base_window.py", line 198, in paintEvent
    self.handler.paintEvent(event)
File "/Users/labuser/miniconda2/envs/pychron2/lib/python2.7/site-packages/enable/qt4/base_window.py", line 50, in paintEvent
    self._enable_window._paint(event)
File "/Users/labuser/miniconda2/envs/pychron2/lib/python2.7/site-packages/enable/abstract_window.py", line 467, in _paint
    self.component.draw(gc, view_bounds=(0, 0, size[0], size[1]))
File "/Users/labuser/miniconda2/envs/pychron2/lib/python2.7/site-packages/enable/component.py", line 421, in draw
    self._draw(gc, view_bounds, mode)
File "/Users/labuser/miniconda2/envs/pychron2/lib/python2.7/site-packages/enable/component.py", line 773, in _draw
    self._dispatch_draw(layer, gc, view_bounds, mode)
File "/Users/labuser/miniconda2/envs/pychron2/lib/python2.7/site-packages/enable/container.py", line 327, in _dispatch_draw
    component._dispatch_draw(layer, gc, new_bounds, mode)
File "/Users/labuser/miniconda2/envs/pychron2/lib/python2.7/site-packages/enable/container.py", line 312, in _dispatch_draw
    my_handler(gc, view_bounds, mode)
File "/Users/labuser/miniconda2/envs/pychron2/lib/python2.7/site-packages/enable/container.py", line 352, in _draw_container_underlay
    self._draw_underlay(gc, view_bounds, mode)
File "/Users/labuser/miniconda2/envs/pychron2/lib/python2.7/site-packages/enable/component.py", line 881, in _draw_underlay
    underlay.overlay(self, gc, view_bounds, mode)
File "/Users/labuser/miniconda2/envs/pychron2/lib/python2.7/site-packages/chaco/grid.py", line 306, in overlay
    self._draw_component(gc, view_bounds, mode)
File "/Users/labuser/miniconda2/envs/pychron2/lib/python2.7/site-packages/chaco/grid.py", line 344, in _draw_component
    ends[:,0] = self._tick_extents[:,1]
IndexError: too many indices for array
============ End Exception ==========
Magnet settling time: 2.097
load indicator states
Magnet settling complete
set_dac. change=True
setting magnet DAC
current  : 3.778005
requested: 3.778055
Delta Dac: 0.000051
Magnet settling time: 2.097
Magnet settling complete
set_dac. change=True
setting magnet DAC
current  : 3.778055
requested: 3.778106
Delta Dac: 0.000051
Magnet settling time: 2.097
Magnet settling complete
set_dac. change=True
setting magnet DAC
current  : 3.778106
requested: 3.778156
Delta Dac: 0.000051
Magnet settling time: 2.097
Magnet settling complete
set_dac. change=True
setting magnet DAC
current  : 3.778156
requested: 3.778207
Delta Dac: 0.000051
Magnet settling time: 2.097
Magnet settling complete
set_dac. change=True
setting magnet DAC
current  : 3.778207
requested: 3.778257
Delta Dac: 0.000051
Magnet settling time: 2.097
load indicator states
Magnet settling complete
set_dac. change=True
setting magnet DAC
current  : 3.778257
requested: 3.778308
Delta Dac: 0.000051
Magnet settling time: 2.097
Magnet settling complete
set_dac. change=True
setting magnet DAC
current  : 3.778308
requested: 3.778358
Delta Dac: 0.000051
Magnet settling time: 2.097
Magnet settling complete
set_dac. change=True
setting magnet DAC
current  : 3.778358
requested: 3.778409
Delta Dac: 0.000051
Magnet settling time: 2.097
Magnet settling complete
set_dac. change=True
setting magnet DAC
current  : 3.778409
requested: 3.778459
Delta Dac: 0.000051
Magnet settling time: 2.097
Magnet settling complete
set_dac. change=True
setting magnet DAC
current  : 3.778459
requested: 3.778510
Delta Dac: 0.000051
Magnet settling time: 2.097
load indicator states
Magnet settling complete
set_dac. change=True
setting magnet DAC
current  : 3.778510
requested: 3.778560
Delta Dac: 0.000051
Magnet settling time: 2.097
Magnet settling complete
set_dac. change=True
setting magnet DAC
current  : 3.778560
requested: 3.778611
Delta Dac: 0.000051
Magnet settling time: 2.097
Magnet settling complete
set_dac. change=True
setting magnet DAC
current  : 3.778611
requested: 3.778661
Delta Dac: 0.000051
Magnet settling time: 2.097
Magnet settling complete
set_dac. change=True
setting magnet DAC
current  : 3.778661
requested: 3.778712
Delta Dac: 0.000051
Magnet settling time: 2.097
load indicator states
Magnet settling complete
set_dac. change=True
setting magnet DAC
current  : 3.778712
requested: 3.778762
Delta Dac: 0.000051
Magnet settling time: 2.097
Magnet settling complete
set_dac. change=True
setting magnet DAC
current  : 3.778762
requested: 3.778813
Delta Dac: 0.000051
Magnet settling time: 2.097
Magnet settling complete
set_dac. change=True
setting magnet DAC
current  : 3.778813
requested: 3.778863
Delta Dac: 0.000051
Magnet settling time: 2.097
Magnet settling complete
set_dac. change=True
setting magnet DAC
current  : 3.778863
requested: 3.778914
Delta Dac: 0.000051
============ Exception ==============
Traceback (most recent call last):
File "/Users/labuser/miniconda2/envs/pychron2/lib/python2.7/site-packages/enable/qt4/base_window.py", line 198, in paintEvent
    self.handler.paintEvent(event)
File "/Users/labuser/miniconda2/envs/pychron2/lib/python2.7/site-packages/enable/qt4/base_window.py", line 50, in paintEvent
    self._enable_window._paint(event)
File "/Users/labuser/miniconda2/envs/pychron2/lib/python2.7/site-packages/enable/abstract_window.py", line 467, in _paint
    self.component.draw(gc, view_bounds=(0, 0, size[0], size[1]))
File "/Users/labuser/miniconda2/envs/pychron2/lib/python2.7/site-packages/enable/component.py", line 421, in draw
    self._draw(gc, view_bounds, mode)
File "/Users/labuser/miniconda2/envs/pychron2/lib/python2.7/site-packages/enable/component.py", line 773, in _draw
    self._dispatch_draw(layer, gc, view_bounds, mode)
File "/Users/labuser/miniconda2/envs/pychron2/lib/python2.7/site-packages/enable/container.py", line 327, in _dispatch_draw
    component._dispatch_draw(layer, gc, new_bounds, mode)
File "/Users/labuser/miniconda2/envs/pychron2/lib/python2.7/site-packages/enable/container.py", line 312, in _dispatch_draw
    my_handler(gc, view_bounds, mode)
File "/Users/labuser/miniconda2/envs/pychron2/lib/python2.7/site-packages/enable/container.py", line 352, in _draw_container_underlay
    self._draw_underlay(gc, view_bounds, mode)
File "/Users/labuser/miniconda2/envs/pychron2/lib/python2.7/site-packages/enable/component.py", line 881, in _draw_underlay
    underlay.overlay(self, gc, view_bounds, mode)
File "/Users/labuser/miniconda2/envs/pychron2/lib/python2.7/site-packages/chaco/grid.py", line 306, in overlay
    self._draw_component(gc, view_bounds, mode)
File "/Users/labuser/miniconda2/envs/pychron2/lib/python2.7/site-packages/chaco/grid.py", line 344, in _draw_component
    ends[:,0] = self._tick_extents[:,1]
IndexError: too many indices for array
============ End Exception ==========
Magnet settling time: 2.097
Magnet settling complete
set_dac. change=True
setting magnet DAC
current  : 3.778914
requested: 3.778964
Delta Dac: 0.000051
Magnet settling time: 2.097
load indicator states
Magnet settling complete
set_dac. change=True
setting magnet DAC
current  : 3.778964
requested: 3.779015
Delta Dac: 0.000051
Magnet settling time: 2.097
Magnet settling complete
set_dac. change=True
setting magnet DAC
current  : 3.779015
requested: 3.779065
Delta Dac: 0.000051
Magnet settling time: 2.097
Magnet settling complete
set_dac. change=True
setting magnet DAC
current  : 3.779065
requested: 3.779116
Delta Dac: 0.000051
Magnet settling time: 2.097
Magnet settling complete
set_dac. change=True
setting magnet DAC
current  : 3.779116
requested: 3.779166
Delta Dac: 0.000051
Magnet settling time: 2.097
Magnet settling complete
set_dac. change=True
setting magnet DAC
current  : 3.779166
requested: 3.779217
Delta Dac: 0.000051
Magnet settling time: 2.097
load indicator states
Magnet settling complete
set_dac. change=True
setting magnet DAC
current  : 3.779217
requested: 3.779267
Delta Dac: 0.000051
Magnet settling time: 2.097
Magnet settling complete
set_dac. change=True
setting magnet DAC
current  : 3.779267
requested: 3.779318
Delta Dac: 0.000051
Magnet settling time: 2.097
Magnet settling complete
set_dac. change=True
setting magnet DAC
current  : 3.779318
requested: 3.779368
Delta Dac: 0.000051
Magnet settling time: 2.097
Magnet settling complete
set_dac. change=True
setting magnet DAC
current  : 3.779368
requested: 3.779419
Delta Dac: 0.000051
Magnet settling time: 2.097
Magnet settling complete
set_dac. change=True
setting magnet DAC
current  : 3.779419
requested: 3.779469
Delta Dac: 0.000051
Magnet settling time: 2.097
load indicator states
Magnet settling complete
set_dac. change=True
setting magnet DAC
current  : 3.779469
requested: 3.779520
Delta Dac: 0.000051
Magnet settling time: 2.097
Magnet settling complete
set_dac. change=True
setting magnet DAC
current  : 3.779520
requested: 3.779570
Delta Dac: 0.000051
Magnet settling time: 2.097
Magnet settling complete
set_dac. change=True
setting magnet DAC
current  : 3.779570
requested: 3.779621
Delta Dac: 0.000051
Magnet settling time: 2.097
Magnet settling complete
set_dac. change=True
setting magnet DAC
current  : 3.779621
requested: 3.779671
Delta Dac: 0.000051
Magnet settling time: 2.097
Magnet settling complete
set_dac. change=True
setting magnet DAC
current  : 3.779671
requested: 3.779722
Delta Dac: 0.000051
Magnet settling time: 2.097
load indicator states
Magnet settling complete
set_dac. change=True
setting magnet DAC
current  : 3.779722
requested: 3.779772
Delta Dac: 0.000051
Magnet settling time: 2.097
Magnet settling complete
set_dac. change=True
setting magnet DAC
current  : 3.779772
requested: 3.779823
Delta Dac: 0.000051
Magnet settling time: 2.097
Magnet settling complete
set_dac. change=True
setting magnet DAC
current  : 3.779823
requested: 3.779873
Delta Dac: 0.000051
Magnet settling time: 2.097
Magnet settling complete
set_dac. change=True
setting magnet DAC
current  : 3.779873
requested: 3.779924
Delta Dac: 0.000051
Magnet settling time: 2.097
load indicator states
Magnet settling complete
set_dac. change=True
setting magnet DAC
current  : 3.779924
requested: 3.779974
Delta Dac: 0.000051
Magnet settling time: 2.097
Magnet settling complete
set_dac. change=True
setting magnet DAC
current  : 3.779974
requested: 3.780025
Delta Dac: 0.000051
Magnet settling time: 2.097
Magnet settling complete
set_dac. change=True
setting magnet DAC
current  : 3.780025
requested: 3.780075
Delta Dac: 0.000051
Magnet settling time: 2.097
Magnet settling complete
set_dac. change=True
setting magnet DAC
current  : 3.780075
requested: 3.780126
Delta Dac: 0.000051
Magnet settling time: 2.097
Magnet settling complete
set_dac. change=True
setting magnet DAC
current  : 3.780126
requested: 3.780176
Delta Dac: 0.000051
Magnet settling time: 2.097
load indicator states
Magnet settling complete
set_dac. change=True
setting magnet DAC
current  : 3.780176
requested: 3.780227
Delta Dac: 0.000051
Magnet settling time: 2.097
Magnet settling complete
set_dac. change=True
setting magnet DAC
current  : 3.780227
requested: 3.780277
Delta Dac: 0.000051
Magnet settling time: 2.097
Magnet settling complete
set_dac. change=True
setting magnet DAC
current  : 3.780277
requested: 3.780328
Delta Dac: 0.000051
Magnet settling time: 2.097
Magnet settling complete
set_dac. change=True
setting magnet DAC
current  : 3.780328
requested: 3.780378
Delta Dac: 0.000051
Magnet settling time: 2.097
Magnet settling complete
set_dac. change=True
setting magnet DAC
current  : 3.780378
requested: 3.780429
Delta Dac: 0.000051
Magnet settling time: 2.097
load indicator states
Magnet settling complete
set_dac. change=True
setting magnet DAC
current  : 3.780429
requested: 3.780479
Delta Dac: 0.000051
Magnet settling time: 2.097
Magnet settling complete
set_dac. change=True
setting magnet DAC
current  : 3.780479
requested: 3.780530
Delta Dac: 0.000051
Magnet settling time: 2.097
Magnet settling complete
set_dac. change=True
setting magnet DAC
current  : 3.780530
requested: 3.780580
Delta Dac: 0.000051
Magnet settling time: 2.097
Magnet settling complete
set_dac. change=True
setting magnet DAC
current  : 3.780580
requested: 3.780631
Delta Dac: 0.000051
Magnet settling time: 2.097
Magnet settling complete
set_dac. change=True
setting magnet DAC
current  : 3.780631
requested: 3.780681
Delta Dac: 0.000051
Magnet settling time: 2.097
load indicator states
Magnet settling complete
set_dac. change=True
setting magnet DAC
current  : 3.780681
requested: 3.780732
Delta Dac: 0.000051
Magnet settling time: 2.097
Magnet settling complete
set_dac. change=True
setting magnet DAC
current  : 3.780732
requested: 3.780782
Delta Dac: 0.000051
Magnet settling time: 2.097
Magnet settling complete
set_dac. change=True
setting magnet DAC
current  : 3.780782
requested: 3.780833
Delta Dac: 0.000051
Magnet settling time: 2.097
Magnet settling complete
set_dac. change=True
setting magnet DAC
current  : 3.780833
requested: 3.780883
Delta Dac: 0.000051
Magnet settling time: 2.097
Magnet settling complete
set_dac. change=True
setting magnet DAC
current  : 3.780883
requested: 3.780934
Delta Dac: 0.000051
Magnet settling time: 2.097
load indicator states
Magnet settling complete
set_dac. change=True
setting magnet DAC
current  : 3.780934
requested: 3.780984
Delta Dac: 0.000051
Magnet settling time: 2.097
Magnet settling complete
set_dac. change=True
setting magnet DAC
current  : 3.780984
requested: 3.781035
Delta Dac: 0.000051
Magnet settling time: 2.097
Magnet settling complete
set_dac. change=True
setting magnet DAC
current  : 3.781035
requested: 3.781085
Delta Dac: 0.000051
Magnet settling time: 2.097
Magnet settling complete
set_dac. change=True
setting magnet DAC
current  : 3.781085
requested: 3.781136
Delta Dac: 0.000051
Magnet settling time: 2.097
load indicator states
Magnet settling complete
set_dac. change=True
setting magnet DAC
current  : 3.781136
requested: 3.781186
Delta Dac: 0.000051
Magnet settling time: 2.097
Magnet settling complete
set_dac. change=True
setting magnet DAC
current  : 3.781186
requested: 3.781237
Delta Dac: 0.000051
Magnet settling time: 2.097
Magnet settling complete
set_dac. change=True
setting magnet DAC
current  : 3.781237
requested: 3.781287
Delta Dac: 0.000051
Magnet settling time: 2.097
Magnet settling complete
set_dac. change=True
setting magnet DAC
current  : 3.781287
requested: 3.781338
Delta Dac: 0.000051
Magnet settling time: 2.097
Magnet settling complete
set_dac. change=True
setting magnet DAC
current  : 3.781338
requested: 3.781389
Delta Dac: 0.000051
Magnet settling time: 2.097
load indicator states
Magnet settling complete
set_dac. change=True
setting magnet DAC
current  : 3.781389
requested: 3.781439
Delta Dac: 0.000051
Magnet settling time: 2.097
Magnet settling complete
set_dac. change=True
setting magnet DAC
current  : 3.781439
requested: 3.781490
Delta Dac: 0.000051
Magnet settling time: 2.097
Magnet settling complete
set_dac. change=True
setting magnet DAC
current  : 3.781490
requested: 3.781540
Delta Dac: 0.000051
Magnet settling time: 2.097
Magnet settling complete
set_dac. change=True
result of _do_sweep=True
result of _calculate_peak_center=([3.7775770941883748, 3.7790450300601179, 3.7805129659318615], [0.9588133037033123, 4.9987455618818251, 0.94966342590351394], 3.7788847094188358, 4.9987455618818251)
Failed to find a valid peak. No peak greater than 1.0. max = 0.0966478002847
Failed to find a valid peak. No peak greater than 1.0. max = 0.307862648972
new center pos Detector(H2) (Ar40) @ 3.77904503006
GetHighVoltage ===>> 9900
dac uncorrected for HV and deflection 3.77904503006
update mftable H2 Ar40 3.77904503006 message=automated run peakcenter
get initial guess parabolic
get initial guess parabolic
get initial guess parabolic
get initial guess parabolic
get initial guess parabolic
dump mftable to /Users/labuser/Pychron/setupfiles/spectrometer/mftables/mftable.csv
setting magnet DAC
current  : 3.781540
requested: 3.779045
Delta Dac: 0.002495
SetMagnetDAC 3.77904503006 ===>> OK
Magnet settling time: 0.500
sweep finished
Magnet settling complete
set_dac. change=True
setting integration time = 0.524288
SetIntegrationTime 0.524288 ===>> OK
Failed to find a valid peak. No peak greater than 1.0. max = 0.0966478002847
Failed to find a valid peak. No peak greater than 1.0. max = 0.307862648972
flush and close file /Users/labuser/Pychron/data/isotopes/1c/85f199-2e17-4d0a-8520-eda94133b851.h5
executed snippet estimated_duration=656.08, duration=792.437111855
helix_air.py completed successfully
Measurement Finished
15:52:52 -- ******* Measurement Finished *******
Post Measurement Started helix_pump_ms.py
15:52:52 -- ******* Post Measurement Started helix_pump_ms.py *******
testing...
no interpolation path defined
executed snippet estimated_duration=0, duration=3.00407409668e-05
open ('1',) {}
open name=1 desc=---
check software interlocks 1
interlocks []
actuate state mode=None-script, software_lock=False
doing actuation None-script open_channel True
Open Valve Ion Pump Set ===>> OK
change switch state (True, True)
15:52:52 -- OPEN   VALVE-1 (MSIonPump)
-------------------------- open 1 () result=[(True, True)]
action=open, ok=True, locked=[False]
executed snippet estimated_duration=0, duration=0.263166904449
helix_pump_ms.py completed successfully
setting _ms_pumptime
Post Measurement Finished
15:52:52 -- ******* Post Measurement Finished *******
$$$$$$$$$$$$$$$$$$$$ state at run end measurement
state changed from measurement to success
post measurement save measured=True aborted=False
Set filtering
setting fod for Ar40= {'filter_outliers': True, 'std_devs': 2, 'iterations': 1}
setting fod for H2= {'filter_outliers': True, 'std_devs': 2, 'iterations': 1}
setting fod for Ar36= {'filter_outliers': True, 'std_devs': 2, 'iterations': 1}
setting fod for L2(CDD)= {'filter_outliers': True, 'std_devs': 2, 'iterations': 1}
setting fod for Ar37= {'filter_outliers': True, 'std_devs': 2, 'iterations': 1}
setting fod for L1= {'filter_outliers': True, 'std_devs': 2, 'iterations': 1}
setting fod for Ar38= {'filter_outliers': True, 'std_devs': 2, 'iterations': 1}
setting fod for AX= {'filter_outliers': True, 'std_devs': 2, 'iterations': 1}
setting fod for Ar39= {'filter_outliers': True, 'std_devs': 2, 'iterations': 1}
setting fod for H1= {'filter_outliers': True, 'std_devs': 2, 'iterations': 1}
persistence save...
persistence save - db
post measurement save
5118429616 connecting to database sqlite:////Users/labuser/Pychron/.appdata/local_lab.db
connected to db sqlite:////Users/labuser/Pychron/.appdata/local_lab.db
create new session 5118429616
close session 5118429616
No database instance. Not saving post measurement to isotopedb database
$$$$$$$$$$$$$$$ auto_save_detector_ic=False
persistence save - dvc
================= post measurement started
create new session 4996437008
close session 4996437008
---------------- Experiment Queue saving disabled
DVC saving peakcenter
Failed to find a valid peak. No peak greater than 1.0. max = 0.0966478002847
Failed to find a valid peak. No peak greater than 1.0. max = 0.307862648972
Popen(['git', 'fetch', 'origin'], cwd=/Users/labuser/Pychron/data/.dvc/repositories/Helix_air180, universal_newlines=False, shell=None)
Popen(['git', 'status', '-sb'], cwd=/Users/labuser/Pychron/data/.dvc/repositories/Helix_air180, universal_newlines=False, shell=None)
Smart pull ahead: 0 behind: 0
Up-to-date with origin
add to repo msg=modified - 1c6e5fb378bc6dbb9454a3742cfd71c48f11ca0a.json
add to repo msg=modified - -H-44.json
add to repo msg=modified - -H-44.dat.json
add to repo msg=modified - -H-44.blan.json
add to repo msg=modified - -H-44.inte.json
add to repo msg=modified - -H-44.icfa.json
add to repo msg=modified - -H-44.base.json
not at valid file /Users/labuser/Pychron/data/.dvc/repositories/Helix_air180/ba-01/tags/-H-44.tags.json
add to repo msg=modified - -H-44.peak.json
add to repo msg=modified - -H-44.extr.json
not at valid file /Users/labuser/Pychron/data/.dvc/repositories/Helix_air180/ba-01/monitor/-H-44.moni.json
commit message=<COLLECTION>
Popen(['git', 'cat-file', '--batch-check'], cwd=/Users/labuser/Pychron/data/.dvc/repositories/Helix_air180, universal_newlines=False, shell=None)
Popen(['git', 'cat-file', '--batch'], cwd=/Users/labuser/Pychron/data/.dvc/repositories/Helix_air180, universal_newlines=False, shell=None)
add to repo msg=modified - -H-44.inte.json
add to repo msg=modified - -H-44.base.json
commit message=<ISOEVO> default collection fits
add to repo msg=modified - -H-44.blan.json
commit message=<BLANKS> preceding ba-01-H-43
add to repo msg=modified - -H-44.icfa.json
commit message=<ICFactor> default
load indicator states
push repository <pychron.git_archive.repo_manager.GitRepoManager object at 0x12ceeaef0>
pushing to remote=origin, url=https://github.com
Popen(['git', 'push', 'origin', 'master'], cwd=/Users/labuser/Pychron/data/.dvc/repositories/Helix_air180, universal_newlines=False, shell=None)
Popen(['git', 'fetch', 'origin'], cwd=/Users/labuser/Pychron/data/.dvc/MetaData, universal_newlines=False, shell=None)
Popen(['git', 'status', '-sb'], cwd=/Users/labuser/Pychron/data/.dvc/MetaData, universal_newlines=False, shell=None)
Popen(['git', 'diff', 'HEAD', '--name-only'], cwd=/Users/labuser/Pychron/data/.dvc/MetaData, universal_newlines=False, shell=None)
no changes to meta repo
Popen(['git', 'push', 'origin', 'master'], cwd=/Users/labuser/Pychron/data/.dvc/MetaData, universal_newlines=False, shell=None)
create new session 4996437008
add association Helix_air180
get identifier "ba-01-H"
setting analysis irradiation position=<pychron.dvc.dvc_orm.IrradiationPositionTbl object at 0x12e2d9c10>
close session 4996437008
================= post measurement finished
15:52:59 -- ******* Post Run Check *******
loading queue conditionals post_run_actions
loading system conditionals post_run_actions
loading conditionals from /Users/labuser/Pychron/setupfiles/spectrometer/default_conditionals.yaml
loading queue conditionals post_run_terminations
loading system conditionals post_run_terminations
loading conditionals from /Users/labuser/Pychron/setupfiles/spectrometer/default_conditionals.yaml
15:52:59 -- ******* Post Run Check Passed *******
15:52:59 -- Automated run ba-01-H-44 success duration: 915.649 s
----------------- finish -----------------
----------------- stop -----------------
retroactive repository identifiers disabled
finish run. runs completed=3
update duration runid=ba-01-H-44, duration=915.648869038, md5=060fae79
loading script "helix_air.py"
loading script "helix_pump_ms.py"
loading script "helix_air.py"
loading script "helix_pump_prep.py"
testing...
no interpolation path defined
executed snippet estimated_duration=656.08, duration=0.000342845916748
script duration name:air seconds:656.0
loading script "helix_air.py"
loading script "helix_pump_ms.py"
loading script "helix_air.py"
loading script "helix_pump_prep.py"
testing...
no interpolation path defined
executed snippet estimated_duration=0, duration=4.50611114502e-05
air in script context. using previous estimated duration
script duration name:air seconds:656.0
loading script "helix_air.py"
loading script "helix_pump_ms.py"
loading script "helix_air.py"
loading script "helix_pump_prep.py"
testing...
no interpolation path defined
executed snippet estimated_duration=28.0, duration=0.000211000442505
Script duration 1312.0
Run total estimated duration= 1313.000
script duration name:air seconds:656.0
pump_ms in script context. using previous estimated duration
script duration name:air seconds:656.0
pump_prep in script context. using previous estimated duration
Script duration 1312.0
Run total estimated duration= 1313.000
script duration name:air seconds:656.0
script duration name:air seconds:656.0
Script duration 1312.0
Run total estimated duration= 1313.000
script duration name:air seconds:656.0
script duration name:air seconds:656.0
Script duration 1312.0
Run total estimated duration= 1313.000
script duration name:air seconds:656.0
script duration name:air seconds:656.0
Script duration 1312.0
Run total estimated duration= 1313.000
script duration name:air seconds:656.0
script duration name:air seconds:656.0
Script duration 1312.0
Run total estimated duration= 1313.000
script duration name:air seconds:656.0
script duration name:air seconds:656.0
Script duration 1312.0
Run total estimated duration= 1313.000
script duration name:air seconds:656.0
script duration name:air seconds:656.0
Script duration 1312.0
Run total estimated duration= 1313.000
script duration name:air seconds:656.0
script duration name:air seconds:656.0
Script duration 1312.0
Run total estimated duration= 1313.000
script duration name:air seconds:656.0
script duration name:air seconds:656.0
Script duration 1312.0
Run total estimated duration= 1313.000
script duration name:air seconds:656.0
script duration name:air seconds:656.0
Script duration 1312.0
Run total estimated duration= 1313.000
script duration name:air seconds:656.0
script duration name:air seconds:656.0
Script duration 1312.0
Run total estimated duration= 1313.000
script duration name:air seconds:656.0
script duration name:air seconds:656.0
Script duration 1312.0
Run total estimated duration= 1313.000
script duration name:air seconds:656.0
script duration name:air seconds:656.0
Script duration 1312.0
Run total estimated duration= 1313.000
script duration name:air seconds:656.0
script duration name:air seconds:656.0
Script duration 1312.0
Run total estimated duration= 1313.000
script duration name:air seconds:656.0
script duration name:air seconds:656.0
Script duration 1312.0
Run total estimated duration= 1313.000
script duration name:air seconds:656.0
script duration name:air seconds:656.0
Script duration 1312.0
Run total estimated duration= 1313.000
script duration name:air seconds:656.0
script duration name:air seconds:656.0
Script duration 1312.0
Run total estimated duration= 1313.000
script duration name:air seconds:656.0
script duration name:air seconds:656.0
Script duration 1312.0
Run total estimated duration= 1313.000
script duration name:air seconds:656.0
script duration name:air seconds:656.0
Script duration 1312.0
Run total estimated duration= 1313.000
script duration name:air seconds:656.0
script duration name:air seconds:656.0
Script duration 1312.0
Run total estimated duration= 1313.000
script duration name:air seconds:656.0
script duration name:air seconds:656.0
Script duration 1312.0
Run total estimated duration= 1313.000
script duration name:air seconds:656.0
script duration name:air seconds:656.0
Script duration 1312.0
Run total estimated duration= 1313.000
script duration name:air seconds:656.0
script duration name:air seconds:656.0
Script duration 1312.0
Run total estimated duration= 1313.000
nruns=24 before=5.0, run_dur=31512.0, btw=690.0
write rem/ex queues
/Users/labuser/Pychron/experiments/rem/Air.rem.txt
/Users/labuser/Pychron/experiments/rem/Air.ex.txt
doing event level: 3
