do run
loading script "helix_air.py"
loading script "helix_pump_ms.py"
loading script "helix_air.py"
loading script "helix_pump_prep.py"
testing...
no interpolation path defined
executed snippet estimated_duration=656.08, duration=0.000237226486206
script duration name:air seconds:656.0
loading script "helix_air.py"
loading script "helix_pump_ms.py"
loading script "helix_air.py"
loading script "helix_pump_prep.py"
testing...
no interpolation path defined
executed snippet estimated_duration=0, duration=2.59876251221e-05
air in script context. using previous estimated duration
script duration name:air seconds:656.0
loading script "helix_air.py"
loading script "helix_pump_ms.py"
loading script "helix_air.py"
loading script "helix_pump_prep.py"
testing...
no interpolation path defined
executed snippet estimated_duration=28.0, duration=0.000170946121216
Script duration 1312.0
Run total estimated duration= 1313.000
run duration: 0:21:53
doing event level: 2
----------------- start -----------------
**************** Experiment Type: Ar/Ar, Ar/Ar
create new session 4994218320
close session 4994218320
$$$$$ Clearing conditionals
adding conditionals 
Add queue conditionals
add default conditionals
adding default conditionals from /Users/labuser/Pychron/setupfiles/spectrometer/default_conditionals.yaml
Start automated run ba-01-H-71
loading script "helix_air.py"
loading script "helix_pump_ms.py"
loading script "helix_air.py"
loading script "helix_pump_prep.py"
%%%%%%%%%%%%%%%%%% setting automated run ba-01-H-71
No value "sensitivity_multiplier" in metadata
$$$$$$$$$$$$$$$ auto_save_detector_ic=False
============================= Pre Extraction Check =============================
loading queue conditionals pre_run_terminations
loading system conditionals pre_run_terminations
loading conditionals from /Users/labuser/Pychron/setupfiles/spectrometer/default_conditionals.yaml
17:25:19 -- ******* Pre Extraction Check *******
Get a measurement from the spectrometer
Pre Extraction Termination data. keys=L2(CDD),H2,H1,AX,L1, signals=0.04064,5.79468,0.04254,0.03231,-0.04279
17:25:19 -- testing system defined conditionals
Checking default pre extraction terminations n=1
testing L2_CDD_
evaluate ot="L2(CDD).inactive" t="L2_CDD_", ctx="{'L2_CDD_': False}"
17:25:19 -- ******* Pre Extraction Check Passed *******
=================================================================================
start extraction
do extraction
Analysis started at 17:25:19.711047
Extraction Started helix_air.py
17:25:19 -- ******* Extraction Started helix_air.py *******
state changed from not run to extraction
DO EXTRACTION <pychron.extraction_line.pyscript_runner.PyScriptRunner object at 0x12abd4830>
testing...
no interpolation path defined
executed snippet estimated_duration=222.0, duration=0.000504016876221
Air pipette
open ('3',) {}
open name=3 desc=---
check software interlocks 3
interlocks []
actuate state mode=None-script, software_lock=False
doing actuation None-script open_channel False
ROUT:OPEN (@103)
change switch state (True, True)
17:25:19 -- OPEN   VALVE-3 (SecondToIP)
-------------------------- open 3 () result=[(True, True)]
action=open, ok=True, locked=[False]
close ('2',) {}
close name=2 desc=---
check software interlocks 2
interlocks []
actuate state mode=None-script, software_lock=False
doing actuation None-script close_channel False
ROUT:CLOSE (@102)
change switch state (True, True)
17:25:20 -- CLOSE  VALVE-2 (ExtrToMS)
-------------------------- close 2 () result=[(True, True)]
action=close, ok=True, locked=[False]
open ('1',) {}
open name=1 desc=---
check software interlocks 1
interlocks []
actuate state mode=None-script, software_lock=False
doing actuation None-script open_channel False
Open Valve Ion Pump Set ===>> OK
change switch state (True, True)
17:25:20 -- OPEN   VALVE-1 (MSIonPump)
-------------------------- open 1 () result=[(True, True)]
action=open, ok=True, locked=[False]
close ('8',) {}
close name=8 desc=---
check software interlocks 8
interlocks []
actuate state mode=None-script, software_lock=False
doing actuation None-script close_channel False
ROUT:CLOSE (@108)
change switch state (True, True)
17:25:20 -- CLOSE  VALVE-8 (Sample1toFirst)
-------------------------- close 8 () result=[(True, True)]
action=close, ok=True, locked=[False]
close ('9',) {}
close name=9 desc=---
check software interlocks 9
interlocks []
actuate state mode=None-script, software_lock=False
doing actuation None-script close_channel False
ROUT:CLOSE (@109)
change switch state (True, True)
17:25:20 -- CLOSE  VALVE-9 (Sample2toFirst)
-------------------------- close 9 () result=[(True, True)]
action=close, ok=True, locked=[False]
close ('7',) {}
close name=7 desc=---
check software interlocks 7
interlocks ['6']
actuate state mode=None-script, software_lock=False
doing actuation None-script close_channel False
ROUT:CLOSE (@107)
change switch state (True, True)
17:25:21 -- CLOSE  VALVE-7 (APInner)
-------------------------- close 7 () result=[(True, True)]
load indicator states
action=close, ok=True, locked=[False]
open ('5',) {}
open name=5 desc=---
check software interlocks 5
interlocks []
actuate state mode=None-script, software_lock=False
doing actuation None-script open_channel False
ROUT:OPEN (@105)
change switch state (True, True)
17:25:21 -- OPEN   VALVE-5 (FirstToTurbo)
-------------------------- open 5 () result=[(True, True)]
action=open, ok=True, locked=[False]
open ('11',) {}
open name=11 desc=---
check software interlocks 11
interlocks []
actuate state mode=None-script, software_lock=False
doing actuation None-script open_channel False
ROUT:OPEN (@111)
change switch state (True, True)
17:25:21 -- OPEN   VALVE-11 (APSafety)
-------------------------- open 11 () result=[(True, True)]
action=open, ok=True, locked=[False]
open ('6',) {}
open name=6 desc=---
check software interlocks 6
interlocks ['7']
actuate state mode=None-script, software_lock=False
doing actuation None-script open_channel True
ROUT:OPEN (@106)
change switch state (True, True)
17:25:22 -- OPEN   VALVE-6 (APOuter)
-------------------------- open 6 () result=[(True, True)]
action=open, ok=True, locked=[False]
sleep (15,) {}
SLEEP 15.0
block started
WaitControl setup for 15.0  
load indicator states
Join finished
block finished. duration 15.048470974
close ('6',) {}
close name=6 desc=---
check software interlocks 6
interlocks ['7']
actuate state mode=None-script, software_lock=False
doing actuation None-script close_channel True
ROUT:CLOSE (@106)
change switch state (True, True)
17:25:37 -- CLOSE  VALVE-6 (APOuter)
-------------------------- close 6 () result=[(True, True)]
action=close, ok=True, locked=[False]
sleep (2,) {}
SLEEP 2.0
block started
WaitControl setup for 2.0  
Join finished
block finished. duration 2.01477408409
Blank. Not filling pipette
sleep (30,) {}
SLEEP 30.0
block started
WaitControl setup for 30.0  
load indicator states
load indicator states
load indicator states
Join finished
block finished. duration 30.1187908649
close ('7',) {}
close name=7 desc=---
check software interlocks 7
interlocks ['6']
actuate state mode=None-script, software_lock=False
doing actuation None-script close_channel False
ROUT:CLOSE (@107)
change switch state (True, True)
17:26:09 -- CLOSE  VALVE-7 (APInner)
-------------------------- close 7 () result=[(True, True)]
action=close, ok=True, locked=[False]
close ('5',) {}
close name=5 desc=---
check software interlocks 5
interlocks []
actuate state mode=None-script, software_lock=False
doing actuation None-script close_channel True
ROUT:CLOSE (@105)
change switch state (True, True)
17:26:10 -- CLOSE  VALVE-5 (FirstToTurbo)
-------------------------- close 5 () result=[(True, True)]
action=close, ok=True, locked=[False]
close ('4',) {}
close name=4 desc=---
check software interlocks 4
interlocks []
actuate state mode=None-script, software_lock=False
doing actuation None-script close_channel False
ROUT:CLOSE (@104)
change switch state (True, True)
17:26:10 -- CLOSE  VALVE-4 (FirstToSecondStage)
-------------------------- close 4 () result=[(True, True)]
action=close, ok=True, locked=[False]
sleep (2,) {}
SLEEP 2.0
block started
WaitControl setup for 2.0  
Join finished
block finished. duration 2.03116488457
open ('6',) {}
open name=6 desc=---
check software interlocks 6
interlocks ['7']
actuate state mode=None-script, software_lock=False
doing actuation None-script open_channel True
ROUT:OPEN (@106)
change switch state (True, True)
17:26:12 -- OPEN   VALVE-6 (APOuter)
-------------------------- open 6 () result=[(True, True)]
action=open, ok=True, locked=[False]
first stage cleanup
sleep (30,) {}
SLEEP 30.0
block started
WaitControl setup for 30.0  
load indicator states
load indicator states
load indicator states
Join finished
block finished. duration 30.1672129631
close ('3',) {}
close name=3 desc=---
check software interlocks 3
interlocks []
actuate state mode=None-script, software_lock=False
doing actuation None-script close_channel True
ROUT:CLOSE (@103)
change switch state (True, True)
17:26:43 -- CLOSE  VALVE-3 (SecondToIP)
-------------------------- close 3 () result=[(True, True)]
action=close, ok=True, locked=[False]
sleep (2,) {}
SLEEP 2.0
block started
WaitControl setup for 2.0  
load indicator states
Join finished
block finished. duration 2.01362490654
open ('4',) {}
open name=4 desc=---
check software interlocks 4
interlocks []
actuate state mode=None-script, software_lock=False
doing actuation None-script open_channel True
ROUT:OPEN (@104)
change switch state (True, True)
17:26:45 -- OPEN   VALVE-4 (FirstToSecondStage)
-------------------------- open 4 () result=[(True, True)]
action=open, ok=True, locked=[False]
second stage cleanup
sleep (30,) {}
SLEEP 30.0
block started
WaitControl setup for 30.0  
load indicator states
load indicator states
load indicator states
Join finished
block finished. duration 30.129887104
executed snippet estimated_duration=333.0, duration=116.281471014
helix_air.py completed successfully
no extraction action
Requested Output= 0.000
Achieved Output=  0.000
no extraction action
no extraction action
no extraction action
no extraction action
persistence save...
persistence save - db
AutomatedRunPersister post_extraction_save deprecated
persistence save - dvc
no extraction position for 
Popen(['git', 'cat-file', '--batch-check'], cwd=/Users/labuser/Pychron/data/.dvc/MetaData, universal_newlines=False, shell=None)
Extraction Finished
17:27:16 -- ******* Extraction Finished *******
no overlap. not waiting for min ms pumptime
start measurement
do measurement
L#=ba-01-H analysis type=blank_air
Measurement Started helix_air.py
17:27:16 -- ******* Measurement Started helix_air.py *******
state changed from extraction to measurement
setting spec, defl, and gains
GetExtractionLens ===>> 18.29
GetYSymmetry ===>> 19.07
GetZSymmetry ===>> 19.51
GetZFocus ===>> 9.74
GetDeflection L2(CDD) ===>> Error: Invalid Command
Failed reading L2(CDD) deflection. Error=could not convert string to float: Error: Invalid Command. Using previous value 0
GetGain H2 ===>> 0.986484670899424
GetGain H1 ===>> 1.01080515922087
GetGain AX ===>> 1.0071313708941
GetGain L1 ===>> 1.00793592600847
GetGain L2(CDD) ===>> 0
pre measurement save
New frame /Users/labuser/Pychron/data/isotopes/58/940203-0ece-4211-a548-40088097b47b.h5
flush and close file /Users/labuser/Pychron/data/isotopes/58/940203-0ece-4211-a548-40088097b47b.h5
testing...
no interpolation path defined
executed snippet estimated_duration=656.08, duration=0.000227928161621
activate_detectors ('H2', 'H1', 'AX', 'L1', 'L2(CDD)') {}
activate detectors
*************** Set Analysis View Ar/Ar
create graphs
clearing graphs
clear isotope group
setting isotope det=H2, iso=Ar40
setting isotope det=H1, iso=Ar39
setting isotope det=AX, iso=Ar38
setting isotope det=L1, iso=Ar37
setting isotope det=L2(CDD), iso=Ar36
load analysis view
position_magnet ('Ar40',) {'detector': 'H2'}
detector Detector(H2)
POSITION Ar40 H2
setting detector H2 to Ar40 (39.962)
setting detector H1 to Ar39 (38.962)
setting detector AX to Ar38 (37.962)
setting detector L1 to Ar37 (36.962)
setting detector L2(CDD) to Ar36 (35.962)
Mapping mass to dac mass func: "parabolic"
H2 map mass coeffs = [  2.53589168e-02  -1.84786063e+00   3.71261493e+01]
H2 map mass to dac 39.962 >> 3.7791550501
GetHighVoltage ===>> 9900
positioning Ar40 (3.7791550501) on H2
setting magnet DAC
current  : 3.779155
requested: 3.779155
Delta Dac: 0.000000
SetMagnetDAC 3.7791550501 ===>> OK
set_dac. change=False
equilibrate () {'inlet': '2', 'outlet': '1', 'eqtime': 45.0}
Equilibration Started
17:27:16 -- ******* Equilibration Started *******
check software interlocks 1
interlocks []
actuate state mode=None-script, software_lock=False
doing actuation None-script close_channel True
Close Valve Ion Pump Set ===>> OK
change switch state (True, True)
17:27:16 -- CLOSE  VALVE-1 (MSIonPump)
waiting 3s before opening inlet value ('2',)
update labels <pychron.experiment.plot_panel.PlotPanel object at 0x1423a4d70>
update labels "<pychron.graph.stacked_regression_graph.StackedRegressionGraph object at 0x139b11e30>"
setting label 0 H2 Ar40
setting label 1 H1 Ar39
setting label 2 AX Ar38
setting label 3 L1 Ar37
setting label 4 L2(CDD) Ar36
update labels "<pychron.graph.stacked_graph.StackedGraph object at 0x12bd7ae90>"
setting label 0 H2 Ar40
setting label 1 H1 Ar39
setting label 2 AX Ar38
setting label 3 L1 Ar37
setting label 4 L2(CDD) Ar36
check software interlocks 2
interlocks []
actuate state mode=None-script, software_lock=False
doing actuation None-script open_channel True
ROUT:OPEN (@102)
change switch state (True, True)
17:27:19 -- OPEN   VALVE-2 (ExtrToMS)
set_time_zero () {}
equilibrating for 45.0sec
sniff (45.0,) {}
py_sniff
build tables- sniff [Detector(H2), Detector(H1), Detector(AX), Detector(L1), Detector(L2(CDD))]
add group /sniff/Ar40 (Group) '' table H2
add group /sniff/Ar39 (Group) '' table H1
add group /sniff/Ar38 (Group) '' table AX
add group /sniff/Ar37 (Group) '' table L1
add group /sniff/Ar36 (Group) '' table L2(CDD)
flush and close file /Users/labuser/Pychron/data/isotopes/58/940203-0ece-4211-a548-40088097b47b.h5
measuring sniff. ncounts=45.0
"sniff" increment series count="1" fit count="0" regressing="False"
starting measurement
load indicator states
load indicator states
17:27:44 -- collecting point 25
load indicator states
load indicator states
Equilibration Finished
17:28:05 -- ******* Equilibration Finished *******
check software interlocks 2
interlocks []
actuate state mode=None-script, software_lock=False
doing actuation None-script close_channel True
ROUT:CLOSE (@102)
change switch state (True, True)
17:28:05 -- CLOSE  VALVE-2 (ExtrToMS)
Post Equilibration Started helix_pump_prep.py
17:28:05 -- ******* Post Equilibration Started helix_pump_prep.py *******
testing...
no interpolation path defined
executed snippet estimated_duration=28.0, duration=0.000267028808594
close ('6',) {}
close name=6 desc=---
check software interlocks 6
interlocks ['7']
actuate state mode=None-script, software_lock=False
doing actuation None-script close_channel True
ROUT:CLOSE (@106)
change switch state (True, True)
17:28:05 -- CLOSE  VALVE-6 (APOuter)
-------------------------- close 6 () result=[(True, True)]
action=close, ok=True, locked=[False]
open ('4',) {}
open name=4 desc=---
check software interlocks 4
interlocks []
actuate state mode=None-script, software_lock=False
doing actuation None-script open_channel False
ROUT:OPEN (@104)
change switch state (True, True)
17:28:05 -- OPEN   VALVE-4 (FirstToSecondStage)
-------------------------- open 4 () result=[(True, True)]
waiting for write to finish
measurement finished
estimated time: 45.000 actual time: :45.245
flush and close file /Users/labuser/Pychron/data/isotopes/58/940203-0ece-4211-a548-40088097b47b.h5
set_fits () {}
using default fits file=/Users/labuser/Pychron/scripts/measurement/fits/nominal.yaml
set "Ar40" to "('Parabolic', 'SEM')"
set "Ar36" to "('Parabolic', 'SEM')"
set "Ar37" to "('Linear', 'SEM')"
set "Ar38" to "('Linear', 'SEM')"
set "Ar39" to "('Linear', 'SEM')"
set_baseline_fits () {}
using default fits file=/Users/labuser/Pychron/scripts/measurement/fits/nominal.yaml
set "H2" to "('Average', 'SEM')"
set "L2(CDD)" to "('Average', 'SEM')"
set "L1" to "('Average', 'SEM')"
set "AX" to "('Average', 'SEM')"
set "H1" to "('Average', 'SEM')"
multicollect () {'ncounts': 400}
build tables- signal [Detector(H2), Detector(H1), Detector(AX), Detector(L1), Detector(L2(CDD))]
add group /signal/Ar40 (Group) '' table H2
add group /signal/Ar39 (Group) '' table H1
add group /signal/Ar38 (Group) '' table AX
add group /signal/Ar37 (Group) '' table L1
add group /signal/Ar36 (Group) '' table L2(CDD)
flush and close file /Users/labuser/Pychron/data/isotopes/58/940203-0ece-4211-a548-40088097b47b.h5
measuring signal. ncounts=400
action=open, ok=True, locked=[False]
sleep (2,) {}
SLEEP 2.0
block started
WaitControl setup for 2.0  
"signal" increment series count="2" fit count="1" regressing="True"
starting measurement
load indicator states
Join finished
block finished. duration 2.02013707161
open ('11',) {}
open name=11 desc=---
check software interlocks 11
interlocks []
actuate state mode=None-script, software_lock=False
doing actuation None-script open_channel False
ROUT:OPEN (@111)
change switch state (True, True)
17:28:07 -- OPEN   VALVE-11 (APSafety)
-------------------------- open 11 () result=[(True, True)]
action=open, ok=True, locked=[False]
open ('5',) {}
open name=5 desc=---
check software interlocks 5
interlocks []
actuate state mode=None-script, software_lock=False
doing actuation None-script open_channel True
ROUT:OPEN (@105)
change switch state (True, True)
17:28:08 -- OPEN   VALVE-5 (FirstToTurbo)
-------------------------- open 5 () result=[(True, True)]
action=open, ok=True, locked=[False]
sleep (10,) {}
SLEEP 10.0
block started
WaitControl setup for 10.0  
load indicator states
Join finished
block finished. duration 10.0825798512
close ('4',) {}
close name=4 desc=---
check software interlocks 4
interlocks []
actuate state mode=None-script, software_lock=False
doing actuation None-script close_channel True
ROUT:CLOSE (@104)
change switch state (True, True)
17:28:18 -- CLOSE  VALVE-4 (FirstToSecondStage)
-------------------------- close 4 () result=[(True, True)]
action=close, ok=True, locked=[False]
sleep (2,) {}
SLEEP 2.0
block started
WaitControl setup for 2.0  
Join finished
block finished. duration 2.01068091393
open ('3',) {}
open name=3 desc=---
check software interlocks 3
interlocks []
actuate state mode=None-script, software_lock=False
doing actuation None-script open_channel True
ROUT:OPEN (@103)
change switch state (True, True)
17:28:20 -- OPEN   VALVE-3 (SecondToIP)
-------------------------- open 3 () result=[(True, True)]
action=open, ok=True, locked=[False]
executed snippet estimated_duration=42.0, duration=16.0077669621
helix_pump_prep.py completed successfully
Post Equilibration Finished
17:28:21 -- ******* Post Equilibration Finished *******
load indicator states
17:28:30 -- collecting point 25
load indicator states
load indicator states
17:28:55 -- collecting point 50
load indicator states
load indicator states
load indicator states
17:29:20 -- collecting point 75
load indicator states
load indicator states
17:29:45 -- collecting point 100
load indicator states
load indicator states
17:30:10 -- collecting point 125
load indicator states
load indicator states
load indicator states
17:30:35 -- collecting point 150
load indicator states
load indicator states
17:31:01 -- collecting point 175
load indicator states
load indicator states
load indicator states
17:31:26 -- collecting point 200
load indicator states
load indicator states
17:31:51 -- collecting point 225
load indicator states
load indicator states
load indicator states
17:32:16 -- collecting point 250
load indicator states
load indicator states
17:32:41 -- collecting point 275
load indicator states
load indicator states
17:33:06 -- collecting point 300
load indicator states
load indicator states
load indicator states
17:33:31 -- collecting point 325
load indicator states
load indicator states
17:33:56 -- collecting point 350
load indicator states
load indicator states
load indicator states
17:34:21 -- collecting point 375
load indicator states
load indicator states
17:34:47 -- collecting point 400
waiting for write to finish
measurement finished
estimated time: 400.000 actual time: :401.695
flush and close file /Users/labuser/Pychron/data/isotopes/58/940203-0ece-4211-a548-40088097b47b.h5
baselines () {'detector': 'H2', 'mass': 39.59, 'ncounts': 120}
%%%%%%%%%%%%%%%%%%%%%%%%%%%%%%%% Baseline
build tables- baseline [Detector(H2), Detector(H1), Detector(AX), Detector(L1), Detector(L2(CDD))]
add group baseline table H2
add group baseline table H1
add group baseline table AX
add group baseline table L1
add group baseline table L2(CDD)
flush and close file /Users/labuser/Pychron/data/isotopes/58/940203-0ece-4211-a548-40088097b47b.h5
detector Detector(H2)
POSITION 39.59 H2
Mapping mass to dac mass func: "parabolic"
H2 map mass coeffs = [  2.53589168e-02  -1.84786063e+00   3.71261493e+01]
H2 map mass to dac 39.59 >> 3.7161040572
GetHighVoltage ===>> 9900
positioning 39.59 (3.7161040572) on H2
setting magnet DAC
current  : 3.779155
requested: 3.716104
Delta Dac: 0.063051
SetMagnetDAC 3.7161040572 ===>> OK
Magnet settling time: 0.500
Magnet settling complete
set_dac. change=True
Delaying 4s for detectors to settle
load indicator states
Join finished
measuring baseline. ncounts=120
"baseline" increment series count="2" fit count="1" regressing="True"
starting measurement
load indicator states
load indicator states
17:35:17 -- collecting point 25
load indicator states
load indicator states
load indicator states
17:35:42 -- collecting point 50
load indicator states
load indicator states
17:36:07 -- collecting point 75
load indicator states
load indicator states
17:36:32 -- collecting point 100
load indicator states
load indicator states
waiting for write to finish
measurement finished
estimated time: 120.000 actual time: :120.523
flush and close file /Users/labuser/Pychron/data/isotopes/58/940203-0ece-4211-a548-40088097b47b.h5
activate_detectors ('L2(CDD)', 'AX') {'peak_center': True}
peak_center () {'detector': 'H2', 'isotope': 'Ar40'}
peak center: mean=3.85894855669 threshold=3
peak center started
setup peak center. detector=['H2', 'L2(CDD)', 'AX'], isotope=Ar40
VersionedUnpickler [<apptools.sweet_pickle.versioned_unpickler.VersionedUnpickler object at 0x140ccaef0>] using Updater [<apptools.sweet_pickle.updater.Updater object at 0x12bbde410>]
VersionedUnpickler [<apptools.sweet_pickle.versioned_unpickler.VersionedUnpickler object at 0x140ccaef0>] using Updater [<apptools.sweet_pickle.updater.Updater object at 0x12bbde410>]
VersionedUnpickler [<apptools.sweet_pickle.versioned_unpickler.VersionedUnpickler object at 0x140ccaef0>] using Updater [<apptools.sweet_pickle.updater.Updater object at 0x12bbde410>]
Mapping mass to dac mass func: "parabolic"
H2 map mass coeffs = [  2.53589168e-02  -1.84786063e+00   3.71261493e+01]
H2 map mass to dac 39.962 >> 3.7791550501
GetHighVoltage ===>> 9900
do peak center. <pychron.spectrometer.jobs.peak_center.PeakCenter object at 0x12d4ae6b0>
doing pc
starting peak center. center dac= 3.7791550501 step_width=5e-05
width = 5e-05
get scan parameters. half-width=0.0025,window=0.0025, i=0, scalar=1
Scan parameters center=3.77916 width=0.00500 (3.77666 - 3.78166)
Moving to starting dac 3.7766550501
setting magnet DAC
current  : 3.716104
requested: 3.776655
Delta Dac: 0.060551
SetMagnetDAC 3.7766550501 ===>> OK
Magnet settling time: 0.500
load indicator states
Magnet settling complete
set_dac. change=True
Wait until signal near baseline. tol= -0.0141216720151. timeout= 10
Peak center baseline intensity achieved
_do_sweep sm= 3.7766550501, em= 3.7816550501, stm= 5e-05
calculated step values: start=3.7766550501, end=3.7816550501, width=5e-05, nsteps=101.0
setting magnet DAC
current  : 3.776655
requested: 3.776655
Delta Dac: 0.000000
set_dac. change=False
setting magnet DAC
current  : 3.776655
requested: 3.776706
Delta Dac: 0.000051
Magnet settling time: 2.097
Magnet settling complete
set_dac. change=True
setting magnet DAC
current  : 3.776706
requested: 3.776756
Delta Dac: 0.000051
Magnet settling time: 2.097
Magnet settling complete
set_dac. change=True
setting magnet DAC
current  : 3.776756
requested: 3.776807
Delta Dac: 0.000051
Magnet settling time: 2.097
Magnet settling complete
set_dac. change=True
setting magnet DAC
current  : 3.776807
requested: 3.776857
Delta Dac: 0.000051
Magnet settling time: 2.097
Magnet settling complete
set_dac. change=True
setting magnet DAC
current  : 3.776857
requested: 3.776908
Delta Dac: 0.000051
Magnet settling time: 2.097
load indicator states
Magnet settling complete
set_dac. change=True
setting magnet DAC
current  : 3.776908
requested: 3.776958
Delta Dac: 0.000051
Magnet settling time: 2.097
Magnet settling complete
set_dac. change=True
setting magnet DAC
current  : 3.776958
requested: 3.777009
Delta Dac: 0.000051
Magnet settling time: 2.097
Magnet settling complete
set_dac. change=True
setting magnet DAC
current  : 3.777009
requested: 3.777059
Delta Dac: 0.000051
Magnet settling time: 2.097
Magnet settling complete
set_dac. change=True
setting magnet DAC
current  : 3.777059
requested: 3.777110
Delta Dac: 0.000051
Magnet settling time: 2.097
Magnet settling complete
set_dac. change=True
setting magnet DAC
current  : 3.777110
requested: 3.777160
Delta Dac: 0.000051
Magnet settling time: 2.097
load indicator states
Magnet settling complete
set_dac. change=True
setting magnet DAC
current  : 3.777160
requested: 3.777211
Delta Dac: 0.000051
Magnet settling time: 2.097
Magnet settling complete
set_dac. change=True
setting magnet DAC
current  : 3.777211
requested: 3.777261
Delta Dac: 0.000051
Magnet settling time: 2.097
Magnet settling complete
set_dac. change=True
setting magnet DAC
current  : 3.777261
requested: 3.777312
Delta Dac: 0.000051
Magnet settling time: 2.097
Magnet settling complete
set_dac. change=True
setting magnet DAC
current  : 3.777312
requested: 3.777362
Delta Dac: 0.000051
Magnet settling time: 2.097
Magnet settling complete
set_dac. change=True
setting magnet DAC
current  : 3.777362
requested: 3.777413
Delta Dac: 0.000051
Magnet settling time: 2.097
load indicator states
Magnet settling complete
set_dac. change=True
setting magnet DAC
current  : 3.777413
requested: 3.777463
Delta Dac: 0.000051
Magnet settling time: 2.097
Magnet settling complete
set_dac. change=True
setting magnet DAC
current  : 3.777463
requested: 3.777514
Delta Dac: 0.000051
Magnet settling time: 2.097
Magnet settling complete
set_dac. change=True
setting magnet DAC
current  : 3.777514
requested: 3.777564
Delta Dac: 0.000051
Magnet settling time: 2.097
Magnet settling complete
set_dac. change=True
setting magnet DAC
current  : 3.777564
requested: 3.777615
Delta Dac: 0.000051
Magnet settling time: 2.097
Magnet settling complete
set_dac. change=True
setting magnet DAC
current  : 3.777615
requested: 3.777665
Delta Dac: 0.000051
Magnet settling time: 2.097
load indicator states
Magnet settling complete
set_dac. change=True
setting magnet DAC
current  : 3.777665
requested: 3.777716
Delta Dac: 0.000051
Magnet settling time: 2.097
Magnet settling complete
set_dac. change=True
setting magnet DAC
current  : 3.777716
requested: 3.777766
Delta Dac: 0.000051
Magnet settling time: 2.097
Magnet settling complete
set_dac. change=True
setting magnet DAC
current  : 3.777766
requested: 3.777817
Delta Dac: 0.000051
============ Exception ==============
Traceback (most recent call last):
File "/Users/labuser/miniconda2/envs/pychron2/lib/python2.7/site-packages/enable/qt4/base_window.py", line 198, in paintEvent
    self.handler.paintEvent(event)
File "/Users/labuser/miniconda2/envs/pychron2/lib/python2.7/site-packages/enable/qt4/base_window.py", line 50, in paintEvent
    self._enable_window._paint(event)
File "/Users/labuser/miniconda2/envs/pychron2/lib/python2.7/site-packages/enable/abstract_window.py", line 467, in _paint
    self.component.draw(gc, view_bounds=(0, 0, size[0], size[1]))
File "/Users/labuser/miniconda2/envs/pychron2/lib/python2.7/site-packages/enable/component.py", line 421, in draw
    self._draw(gc, view_bounds, mode)
File "/Users/labuser/miniconda2/envs/pychron2/lib/python2.7/site-packages/enable/component.py", line 773, in _draw
    self._dispatch_draw(layer, gc, view_bounds, mode)
File "/Users/labuser/miniconda2/envs/pychron2/lib/python2.7/site-packages/enable/container.py", line 327, in _dispatch_draw
    component._dispatch_draw(layer, gc, new_bounds, mode)
File "/Users/labuser/miniconda2/envs/pychron2/lib/python2.7/site-packages/enable/container.py", line 312, in _dispatch_draw
    my_handler(gc, view_bounds, mode)
File "/Users/labuser/miniconda2/envs/pychron2/lib/python2.7/site-packages/enable/container.py", line 352, in _draw_container_underlay
    self._draw_underlay(gc, view_bounds, mode)
File "/Users/labuser/miniconda2/envs/pychron2/lib/python2.7/site-packages/enable/component.py", line 881, in _draw_underlay
    underlay.overlay(self, gc, view_bounds, mode)
File "/Users/labuser/miniconda2/envs/pychron2/lib/python2.7/site-packages/chaco/grid.py", line 306, in overlay
    self._draw_component(gc, view_bounds, mode)
File "/Users/labuser/miniconda2/envs/pychron2/lib/python2.7/site-packages/chaco/grid.py", line 344, in _draw_component
    ends[:,0] = self._tick_extents[:,1]
IndexError: too many indices for array
============ End Exception ==========
Magnet settling time: 2.097
Magnet settling complete
set_dac. change=True
setting magnet DAC
current  : 3.777817
requested: 3.777867
Delta Dac: 0.000051
Magnet settling time: 2.097
load indicator states
Magnet settling complete
set_dac. change=True
setting magnet DAC
current  : 3.777867
requested: 3.777918
Delta Dac: 0.000051
Magnet settling time: 2.097
Magnet settling complete
set_dac. change=True
setting magnet DAC
current  : 3.777918
requested: 3.777968
Delta Dac: 0.000051
============ Exception ==============
Traceback (most recent call last):
File "/Users/labuser/miniconda2/envs/pychron2/lib/python2.7/site-packages/enable/qt4/base_window.py", line 198, in paintEvent
    self.handler.paintEvent(event)
File "/Users/labuser/miniconda2/envs/pychron2/lib/python2.7/site-packages/enable/qt4/base_window.py", line 50, in paintEvent
    self._enable_window._paint(event)
File "/Users/labuser/miniconda2/envs/pychron2/lib/python2.7/site-packages/enable/abstract_window.py", line 467, in _paint
    self.component.draw(gc, view_bounds=(0, 0, size[0], size[1]))
File "/Users/labuser/miniconda2/envs/pychron2/lib/python2.7/site-packages/enable/component.py", line 421, in draw
    self._draw(gc, view_bounds, mode)
File "/Users/labuser/miniconda2/envs/pychron2/lib/python2.7/site-packages/enable/component.py", line 773, in _draw
    self._dispatch_draw(layer, gc, view_bounds, mode)
File "/Users/labuser/miniconda2/envs/pychron2/lib/python2.7/site-packages/enable/container.py", line 327, in _dispatch_draw
    component._dispatch_draw(layer, gc, new_bounds, mode)
File "/Users/labuser/miniconda2/envs/pychron2/lib/python2.7/site-packages/enable/container.py", line 312, in _dispatch_draw
    my_handler(gc, view_bounds, mode)
File "/Users/labuser/miniconda2/envs/pychron2/lib/python2.7/site-packages/enable/container.py", line 352, in _draw_container_underlay
    self._draw_underlay(gc, view_bounds, mode)
File "/Users/labuser/miniconda2/envs/pychron2/lib/python2.7/site-packages/enable/component.py", line 881, in _draw_underlay
    underlay.overlay(self, gc, view_bounds, mode)
File "/Users/labuser/miniconda2/envs/pychron2/lib/python2.7/site-packages/chaco/grid.py", line 306, in overlay
    self._draw_component(gc, view_bounds, mode)
File "/Users/labuser/miniconda2/envs/pychron2/lib/python2.7/site-packages/chaco/grid.py", line 344, in _draw_component
    ends[:,0] = self._tick_extents[:,1]
IndexError: too many indices for array
============ End Exception ==========
Magnet settling time: 2.097
Magnet settling complete
set_dac. change=True
setting magnet DAC
current  : 3.777968
requested: 3.778019
Delta Dac: 0.000051
Magnet settling time: 2.097
Magnet settling complete
set_dac. change=True
setting magnet DAC
current  : 3.778019
requested: 3.778069
Delta Dac: 0.000051
Magnet settling time: 2.097
Magnet settling complete
set_dac. change=True
setting magnet DAC
current  : 3.778069
requested: 3.778120
Delta Dac: 0.000051
Magnet settling time: 2.097
load indicator states
Magnet settling complete
set_dac. change=True
setting magnet DAC
current  : 3.778120
requested: 3.778170
Delta Dac: 0.000051
Magnet settling time: 2.097
Magnet settling complete
set_dac. change=True
setting magnet DAC
current  : 3.778170
requested: 3.778221
Delta Dac: 0.000051
Magnet settling time: 2.097
Magnet settling complete
set_dac. change=True
setting magnet DAC
current  : 3.778221
requested: 3.778271
Delta Dac: 0.000051
Magnet settling time: 2.097
Magnet settling complete
set_dac. change=True
setting magnet DAC
current  : 3.778271
requested: 3.778322
Delta Dac: 0.000051
Magnet settling time: 2.097
Magnet settling complete
set_dac. change=True
setting magnet DAC
current  : 3.778322
requested: 3.778372
Delta Dac: 0.000051
Magnet settling time: 2.097
load indicator states
Magnet settling complete
set_dac. change=True
setting magnet DAC
current  : 3.778372
requested: 3.778423
Delta Dac: 0.000051
Magnet settling time: 2.097
Magnet settling complete
set_dac. change=True
setting magnet DAC
current  : 3.778423
requested: 3.778473
Delta Dac: 0.000051
Magnet settling time: 2.097
Magnet settling complete
set_dac. change=True
setting magnet DAC
current  : 3.778473
requested: 3.778524
Delta Dac: 0.000051
Magnet settling time: 2.097
Magnet settling complete
set_dac. change=True
setting magnet DAC
current  : 3.778524
requested: 3.778574
Delta Dac: 0.000051
Magnet settling time: 2.097
Magnet settling complete
set_dac. change=True
setting magnet DAC
current  : 3.778574
requested: 3.778625
Delta Dac: 0.000051
Magnet settling time: 2.097
load indicator states
Magnet settling complete
set_dac. change=True
setting magnet DAC
current  : 3.778625
requested: 3.778675
Delta Dac: 0.000051
Magnet settling time: 2.097
Magnet settling complete
set_dac. change=True
setting magnet DAC
current  : 3.778675
requested: 3.778726
Delta Dac: 0.000051
Magnet settling time: 2.097
Magnet settling complete
set_dac. change=True
setting magnet DAC
current  : 3.778726
requested: 3.778776
Delta Dac: 0.000051
Magnet settling time: 2.097
Magnet settling complete
set_dac. change=True
setting magnet DAC
current  : 3.778776
requested: 3.778827
Delta Dac: 0.000051
Magnet settling time: 2.097
Magnet settling complete
set_dac. change=True
setting magnet DAC
current  : 3.778827
requested: 3.778877
Delta Dac: 0.000051
Magnet settling time: 2.097
load indicator states
Magnet settling complete
set_dac. change=True
setting magnet DAC
current  : 3.778877
requested: 3.778928
Delta Dac: 0.000051
Magnet settling time: 2.097
Magnet settling complete
set_dac. change=True
setting magnet DAC
current  : 3.778928
requested: 3.778978
Delta Dac: 0.000051
Magnet settling time: 2.097
Magnet settling complete
set_dac. change=True
setting magnet DAC
current  : 3.778978
requested: 3.779029
Delta Dac: 0.000051
Magnet settling time: 2.097
Magnet settling complete
set_dac. change=True
setting magnet DAC
current  : 3.779029
requested: 3.779079
Delta Dac: 0.000051
Magnet settling time: 2.097
load indicator states
Magnet settling complete
set_dac. change=True
setting magnet DAC
current  : 3.779079
requested: 3.779130
Delta Dac: 0.000051
Magnet settling time: 2.097
Magnet settling complete
set_dac. change=True
setting magnet DAC
current  : 3.779130
requested: 3.779180
Delta Dac: 0.000051
Magnet settling time: 2.097
Magnet settling complete
set_dac. change=True
setting magnet DAC
current  : 3.779180
requested: 3.779231
Delta Dac: 0.000051
Magnet settling time: 2.097
Magnet settling complete
set_dac. change=True
setting magnet DAC
current  : 3.779231
requested: 3.779281
Delta Dac: 0.000051
Magnet settling time: 2.097
Magnet settling complete
set_dac. change=True
setting magnet DAC
current  : 3.779281
requested: 3.779332
Delta Dac: 0.000051
Magnet settling time: 2.097
load indicator states
Magnet settling complete
set_dac. change=True
setting magnet DAC
current  : 3.779332
requested: 3.779382
Delta Dac: 0.000051
Magnet settling time: 2.097
Magnet settling complete
set_dac. change=True
setting magnet DAC
current  : 3.779382
requested: 3.779433
Delta Dac: 0.000051
Magnet settling time: 2.097
Magnet settling complete
set_dac. change=True
setting magnet DAC
current  : 3.779433
requested: 3.779483
Delta Dac: 0.000051
Magnet settling time: 2.097
Magnet settling complete
set_dac. change=True
setting magnet DAC
current  : 3.779483
requested: 3.779534
Delta Dac: 0.000051
Magnet settling time: 2.097
Magnet settling complete
set_dac. change=True
setting magnet DAC
current  : 3.779534
requested: 3.779584
Delta Dac: 0.000051
Magnet settling time: 2.097
load indicator states
Magnet settling complete
set_dac. change=True
setting magnet DAC
current  : 3.779584
requested: 3.779635
Delta Dac: 0.000051
Magnet settling time: 2.097
Magnet settling complete
set_dac. change=True
setting magnet DAC
current  : 3.779635
requested: 3.779685
Delta Dac: 0.000051
Magnet settling time: 2.097
Magnet settling complete
set_dac. change=True
setting magnet DAC
current  : 3.779685
requested: 3.779736
Delta Dac: 0.000051
Magnet settling time: 2.097
Magnet settling complete
set_dac. change=True
setting magnet DAC
current  : 3.779736
requested: 3.779786
Delta Dac: 0.000051
Magnet settling time: 2.097
Magnet settling complete
set_dac. change=True
setting magnet DAC
current  : 3.779786
requested: 3.779837
Delta Dac: 0.000051
Magnet settling time: 2.097
load indicator states
Magnet settling complete
set_dac. change=True
setting magnet DAC
current  : 3.779837
requested: 3.779887
Delta Dac: 0.000051
Magnet settling time: 2.097
Magnet settling complete
set_dac. change=True
setting magnet DAC
current  : 3.779887
requested: 3.779938
Delta Dac: 0.000051
Magnet settling time: 2.097
Magnet settling complete
set_dac. change=True
setting magnet DAC
current  : 3.779938
requested: 3.779988
Delta Dac: 0.000051
Magnet settling time: 2.097
Magnet settling complete
set_dac. change=True
setting magnet DAC
current  : 3.779988
requested: 3.780039
Delta Dac: 0.000051
Magnet settling time: 2.097
Magnet settling complete
set_dac. change=True
setting magnet DAC
current  : 3.780039
requested: 3.780089
Delta Dac: 0.000051
Magnet settling time: 2.097
load indicator states
Magnet settling complete
set_dac. change=True
setting magnet DAC
current  : 3.780089
requested: 3.780140
Delta Dac: 0.000051
Magnet settling time: 2.097
Magnet settling complete
set_dac. change=True
setting magnet DAC
current  : 3.780140
requested: 3.780190
Delta Dac: 0.000051
Magnet settling time: 2.097
Magnet settling complete
set_dac. change=True
setting magnet DAC
current  : 3.780190
requested: 3.780241
Delta Dac: 0.000051
Magnet settling time: 2.097
Magnet settling complete
set_dac. change=True
setting magnet DAC
current  : 3.780241
requested: 3.780291
Delta Dac: 0.000051
Magnet settling time: 2.097
load indicator states
Magnet settling complete
set_dac. change=True
setting magnet DAC
current  : 3.780291
requested: 3.780342
Delta Dac: 0.000051
Magnet settling time: 2.097
Magnet settling complete
set_dac. change=True
setting magnet DAC
current  : 3.780342
requested: 3.780392
Delta Dac: 0.000051
Magnet settling time: 2.097
Magnet settling complete
set_dac. change=True
setting magnet DAC
current  : 3.780392
requested: 3.780443
Delta Dac: 0.000051
Magnet settling time: 2.097
Magnet settling complete
set_dac. change=True
setting magnet DAC
current  : 3.780443
requested: 3.780493
Delta Dac: 0.000051
Magnet settling time: 2.097
Magnet settling complete
set_dac. change=True
setting magnet DAC
current  : 3.780493
requested: 3.780544
Delta Dac: 0.000051
Magnet settling time: 2.097
load indicator states
Magnet settling complete
set_dac. change=True
setting magnet DAC
current  : 3.780544
requested: 3.780594
Delta Dac: 0.000051
Magnet settling time: 2.097
Magnet settling complete
set_dac. change=True
setting magnet DAC
current  : 3.780594
requested: 3.780645
Delta Dac: 0.000051
Magnet settling time: 2.097
Magnet settling complete
set_dac. change=True
setting magnet DAC
current  : 3.780645
requested: 3.780695
Delta Dac: 0.000051
Magnet settling time: 2.097
Magnet settling complete
set_dac. change=True
setting magnet DAC
current  : 3.780695
requested: 3.780746
Delta Dac: 0.000051
Magnet settling time: 2.097
Magnet settling complete
set_dac. change=True
setting magnet DAC
current  : 3.780746
requested: 3.780796
Delta Dac: 0.000051
Magnet settling time: 2.097
load indicator states
Magnet settling complete
set_dac. change=True
setting magnet DAC
current  : 3.780796
requested: 3.780847
Delta Dac: 0.000051
Magnet settling time: 2.097
Magnet settling complete
set_dac. change=True
setting magnet DAC
current  : 3.780847
requested: 3.780897
Delta Dac: 0.000051
Magnet settling time: 2.097
Magnet settling complete
set_dac. change=True
setting magnet DAC
current  : 3.780897
requested: 3.780948
Delta Dac: 0.000051
Magnet settling time: 2.097
Magnet settling complete
set_dac. change=True
setting magnet DAC
current  : 3.780948
requested: 3.780998
Delta Dac: 0.000051
Magnet settling time: 2.097
Magnet settling complete
set_dac. change=True
setting magnet DAC
current  : 3.780998
requested: 3.781049
Delta Dac: 0.000051
Magnet settling time: 2.097
load indicator states
Magnet settling complete
set_dac. change=True
setting magnet DAC
current  : 3.781049
requested: 3.781099
Delta Dac: 0.000051
Magnet settling time: 2.097
Magnet settling complete
set_dac. change=True
setting magnet DAC
current  : 3.781099
requested: 3.781150
Delta Dac: 0.000051
Magnet settling time: 2.097
Magnet settling complete
set_dac. change=True
setting magnet DAC
current  : 3.781150
requested: 3.781201
Delta Dac: 0.000051
Magnet settling time: 2.097
Magnet settling complete
set_dac. change=True
setting magnet DAC
current  : 3.781201
requested: 3.781251
Delta Dac: 0.000051
Magnet settling time: 2.097
Magnet settling complete
set_dac. change=True
setting magnet DAC
current  : 3.781251
requested: 3.781302
Delta Dac: 0.000051
Magnet settling time: 2.097
load indicator states
Magnet settling complete
set_dac. change=True
setting magnet DAC
current  : 3.781302
requested: 3.781352
Delta Dac: 0.000051
Magnet settling time: 2.097
Magnet settling complete
set_dac. change=True
setting magnet DAC
current  : 3.781352
requested: 3.781403
Delta Dac: 0.000051
Magnet settling time: 2.097
Magnet settling complete
set_dac. change=True
setting magnet DAC
current  : 3.781403
requested: 3.781453
Delta Dac: 0.000051
Magnet settling time: 2.097
Magnet settling complete
set_dac. change=True
setting magnet DAC
current  : 3.781453
requested: 3.781504
Delta Dac: 0.000051
Magnet settling time: 2.097
load indicator states
Magnet settling complete
set_dac. change=True
setting magnet DAC
current  : 3.781504
requested: 3.781554
Delta Dac: 0.000051
Magnet settling time: 2.097
Magnet settling complete
set_dac. change=True
setting magnet DAC
current  : 3.781554
requested: 3.781605
Delta Dac: 0.000051
Magnet settling time: 2.097
Magnet settling complete
set_dac. change=True
setting magnet DAC
current  : 3.781605
requested: 3.781655
Delta Dac: 0.000051
Magnet settling time: 2.097
Magnet settling complete
set_dac. change=True
result of _do_sweep=True
result of _calculate_peak_center=([3.7776720841683371, 3.7791350100200405, 3.7805979358717439], [1.0202043920437522, 5.7586457858819262, 1.0633035272912998], 3.7796209819639279, 5.7586457858819262)
Failed to find a valid peak. No peak greater than 1.0. max = 0.0869690425068
Failed to find a valid peak. No peak greater than 1.0. max = 0.229896860792
new center pos Detector(H2) (Ar40) @ 3.77913501002
GetHighVoltage ===>> 9900
dac uncorrected for HV and deflection 3.77913501002
update mftable H2 Ar40 3.77913501002 message=automated run peakcenter
get initial guess parabolic
get initial guess parabolic
get initial guess parabolic
get initial guess parabolic
get initial guess parabolic
dump mftable to /Users/labuser/Pychron/setupfiles/spectrometer/mftables/mftable.csv
setting magnet DAC
current  : 3.781655
requested: 3.779135
Delta Dac: 0.002520
SetMagnetDAC 3.77913501002 ===>> OK
Magnet settling time: 0.500
sweep finished
Magnet settling complete
set_dac. change=True
Failed to find a valid peak. No peak greater than 1.0. max = 0.0869690425068
Failed to find a valid peak. No peak greater than 1.0. max = 0.229896860792
flush and close file /Users/labuser/Pychron/data/isotopes/58/940203-0ece-4211-a548-40088097b47b.h5
executed snippet estimated_duration=656.08, duration=792.353843927
helix_air.py completed successfully
Measurement Finished
17:40:28 -- ******* Measurement Finished *******
Post Measurement Started helix_pump_ms.py
17:40:28 -- ******* Post Measurement Started helix_pump_ms.py *******
testing...
no interpolation path defined
executed snippet estimated_duration=0, duration=3.00407409668e-05
open ('1',) {}
open name=1 desc=---
check software interlocks 1
interlocks []
actuate state mode=None-script, software_lock=False
doing actuation None-script open_channel True
Open Valve Ion Pump Set ===>> OK
change switch state (True, True)
17:40:28 -- OPEN   VALVE-1 (MSIonPump)
-------------------------- open 1 () result=[(True, True)]
action=open, ok=True, locked=[False]
executed snippet estimated_duration=0, duration=0.263028144836
helix_pump_ms.py completed successfully
setting _ms_pumptime
Post Measurement Finished
17:40:28 -- ******* Post Measurement Finished *******
$$$$$$$$$$$$$$$$$$$$ state at run end measurement
state changed from measurement to success
post measurement save measured=True aborted=False
Set filtering
setting fod for Ar40= {'filter_outliers': True, 'std_devs': 2, 'iterations': 1}
setting fod for H2= {'filter_outliers': True, 'std_devs': 2, 'iterations': 1}
setting fod for Ar36= {'filter_outliers': True, 'std_devs': 2, 'iterations': 1}
setting fod for L2(CDD)= {'filter_outliers': True, 'std_devs': 2, 'iterations': 1}
setting fod for Ar37= {'filter_outliers': True, 'std_devs': 2, 'iterations': 1}
setting fod for L1= {'filter_outliers': True, 'std_devs': 2, 'iterations': 1}
setting fod for Ar38= {'filter_outliers': True, 'std_devs': 2, 'iterations': 1}
setting fod for AX= {'filter_outliers': True, 'std_devs': 2, 'iterations': 1}
setting fod for Ar39= {'filter_outliers': True, 'std_devs': 2, 'iterations': 1}
setting fod for H1= {'filter_outliers': True, 'std_devs': 2, 'iterations': 1}
persistence save...
persistence save - db
post measurement save
5133484880 connecting to database sqlite:////Users/labuser/Pychron/.appdata/local_lab.db
connected to db sqlite:////Users/labuser/Pychron/.appdata/local_lab.db
create new session 5133484880
close session 5133484880
No database instance. Not saving post measurement to isotopedb database
$$$$$$$$$$$$$$$ auto_save_detector_ic=False
persistence save - dvc
================= post measurement started
create new session 4979397648
close session 4979397648
---------------- Experiment Queue saving disabled
DVC saving peakcenter
Failed to find a valid peak. No peak greater than 1.0. max = 0.0869690425068
Failed to find a valid peak. No peak greater than 1.0. max = 0.229896860792
Popen(['git', 'fetch', 'origin'], cwd=/Users/labuser/Pychron/data/.dvc/repositories/Helix_air180, universal_newlines=False, shell=None)
Popen(['git', 'status', '-sb'], cwd=/Users/labuser/Pychron/data/.dvc/repositories/Helix_air180, universal_newlines=False, shell=None)
Smart pull ahead: 0 behind: 0
Up-to-date with origin
add to repo msg=modified - 1c6e5fb378bc6dbb9454a3742cfd71c48f11ca0a.json
add to repo msg=modified - -H-71.json
add to repo msg=modified - -H-71.dat.json
add to repo msg=modified - -H-71.blan.json
add to repo msg=modified - -H-71.inte.json
add to repo msg=modified - -H-71.icfa.json
add to repo msg=modified - -H-71.base.json
not at valid file /Users/labuser/Pychron/data/.dvc/repositories/Helix_air180/ba-01/tags/-H-71.tags.json
add to repo msg=modified - -H-71.peak.json
add to repo msg=modified - -H-71.extr.json
not at valid file /Users/labuser/Pychron/data/.dvc/repositories/Helix_air180/ba-01/monitor/-H-71.moni.json
commit message=<COLLECTION>
Popen(['git', 'cat-file', '--batch-check'], cwd=/Users/labuser/Pychron/data/.dvc/repositories/Helix_air180, universal_newlines=False, shell=None)
Popen(['git', 'cat-file', '--batch'], cwd=/Users/labuser/Pychron/data/.dvc/repositories/Helix_air180, universal_newlines=False, shell=None)
add to repo msg=modified - -H-71.inte.json
add to repo msg=modified - -H-71.base.json
commit message=<ISOEVO> default collection fits
add to repo msg=modified - -H-71.blan.json
commit message=<BLANKS> preceding ba-01-H-70
add to repo msg=modified - -H-71.icfa.json
commit message=<ICFactor> default
push repository <pychron.git_archive.repo_manager.GitRepoManager object at 0x139e19d10>
pushing to remote=origin, url=https://github.com
Popen(['git', 'push', 'origin', 'master'], cwd=/Users/labuser/Pychron/data/.dvc/repositories/Helix_air180, universal_newlines=False, shell=None)
load indicator states
Popen(['git', 'fetch', 'origin'], cwd=/Users/labuser/Pychron/data/.dvc/MetaData, universal_newlines=False, shell=None)
Popen(['git', 'status', '-sb'], cwd=/Users/labuser/Pychron/data/.dvc/MetaData, universal_newlines=False, shell=None)
Popen(['git', 'diff', 'HEAD', '--name-only'], cwd=/Users/labuser/Pychron/data/.dvc/MetaData, universal_newlines=False, shell=None)
no changes to meta repo
Popen(['git', 'push', 'origin', 'master'], cwd=/Users/labuser/Pychron/data/.dvc/MetaData, universal_newlines=False, shell=None)
create new session 4979397648
add association Helix_air180
get identifier "ba-01-H"
setting analysis irradiation position=<pychron.dvc.dvc_orm.IrradiationPositionTbl object at 0x12fe2ee90>
close session 4979397648
================= post measurement finished
17:40:35 -- ******* Post Run Check *******
loading queue conditionals post_run_actions
loading system conditionals post_run_actions
loading conditionals from /Users/labuser/Pychron/setupfiles/spectrometer/default_conditionals.yaml
loading queue conditionals post_run_terminations
loading system conditionals post_run_terminations
loading conditionals from /Users/labuser/Pychron/setupfiles/spectrometer/default_conditionals.yaml
17:40:35 -- ******* Post Run Check Passed *******
17:40:35 -- Automated run ba-01-H-71 success duration: 915.536 s
----------------- finish -----------------
----------------- stop -----------------
retroactive repository identifiers disabled
finish run. runs completed=13
update duration runid=ba-01-H-71, duration=915.536327839, md5=060fae79
loading script "helix_air.py"
loading script "helix_pump_ms.py"
loading script "helix_air.py"
loading script "helix_pump_prep.py"
testing...
no interpolation path defined
executed snippet estimated_duration=656.08, duration=0.000868797302246
script duration name:air seconds:656.0
loading script "helix_air.py"
loading script "helix_pump_ms.py"
loading script "helix_air.py"
loading script "helix_pump_prep.py"
testing...
no interpolation path defined
executed snippet estimated_duration=0, duration=3.50475311279e-05
air in script context. using previous estimated duration
script duration name:air seconds:656.0
loading script "helix_air.py"
loading script "helix_pump_ms.py"
loading script "helix_air.py"
loading script "helix_pump_prep.py"
testing...
no interpolation path defined
executed snippet estimated_duration=28.0, duration=0.000250101089478
Script duration 1312.0
Run total estimated duration= 1313.000
script duration name:air seconds:656.0
pump_ms in script context. using previous estimated duration
script duration name:air seconds:656.0
pump_prep in script context. using previous estimated duration
Script duration 1312.0
Run total estimated duration= 1313.000
script duration name:air seconds:656.0
script duration name:air seconds:656.0
Script duration 1312.0
Run total estimated duration= 1313.000
script duration name:air seconds:656.0
script duration name:air seconds:656.0
Script duration 1312.0
Run total estimated duration= 1313.000
script duration name:air seconds:656.0
script duration name:air seconds:656.0
Script duration 1312.0
Run total estimated duration= 1313.000
script duration name:air seconds:656.0
script duration name:air seconds:656.0
Script duration 1312.0
Run total estimated duration= 1313.000
script duration name:air seconds:656.0
script duration name:air seconds:656.0
Script duration 1312.0
Run total estimated duration= 1313.000
script duration name:air seconds:656.0
script duration name:air seconds:656.0
Script duration 1312.0
Run total estimated duration= 1313.000
script duration name:air seconds:656.0
script duration name:air seconds:656.0
Script duration 1312.0
Run total estimated duration= 1313.000
script duration name:air seconds:656.0
script duration name:air seconds:656.0
Script duration 1312.0
Run total estimated duration= 1313.000
script duration name:air seconds:656.0
script duration name:air seconds:656.0
Script duration 1312.0
Run total estimated duration= 1313.000
script duration name:air seconds:656.0
script duration name:air seconds:656.0
Script duration 1312.0
Run total estimated duration= 1313.000
script duration name:air seconds:656.0
script duration name:air seconds:656.0
Script duration 1312.0
Run total estimated duration= 1313.000
script duration name:air seconds:656.0
script duration name:air seconds:656.0
Script duration 1312.0
Run total estimated duration= 1313.000
script duration name:air seconds:656.0
script duration name:air seconds:656.0
Script duration 1312.0
Run total estimated duration= 1313.000
script duration name:air seconds:656.0
script duration name:air seconds:656.0
Script duration 1312.0
Run total estimated duration= 1313.000
script duration name:air seconds:656.0
script duration name:air seconds:656.0
Script duration 1312.0
Run total estimated duration= 1313.000
script duration name:air seconds:656.0
script duration name:air seconds:656.0
Script duration 1312.0
Run total estimated duration= 1313.000
script duration name:air seconds:656.0
script duration name:air seconds:656.0
Script duration 1312.0
Run total estimated duration= 1313.000
script duration name:air seconds:656.0
script duration name:air seconds:656.0
Script duration 1312.0
Run total estimated duration= 1313.000
script duration name:air seconds:656.0
script duration name:air seconds:656.0
Script duration 1312.0
Run total estimated duration= 1313.000
script duration name:air seconds:656.0
script duration name:air seconds:656.0
Script duration 1312.0
Run total estimated duration= 1313.000
script duration name:air seconds:656.0
script duration name:air seconds:656.0
Script duration 1312.0
Run total estimated duration= 1313.000
script duration name:air seconds:656.0
script duration name:air seconds:656.0
Script duration 1312.0
Run total estimated duration= 1313.000
script duration name:air seconds:656.0
script duration name:air seconds:656.0
Script duration 1312.0
Run total estimated duration= 1313.000
script duration name:air seconds:656.0
script duration name:air seconds:656.0
Script duration 1312.0
Run total estimated duration= 1313.000
script duration name:air seconds:656.0
script duration name:air seconds:656.0
Script duration 1312.0
Run total estimated duration= 1313.000
script duration name:air seconds:656.0
script duration name:air seconds:656.0
Script duration 1312.0
Run total estimated duration= 1313.000
nruns=28 before=5.0, run_dur=36764.0, btw=810.0
write rem/ex queues
/Users/labuser/Pychron/experiments/rem/BABA.rem.txt
/Users/labuser/Pychron/experiments/rem/BABA.ex.txt
doing event level: 3
