do run
loading script "helix_air.py"
loading script "helix_pump_ms.py"
loading script "helix_air.py"
loading script "helix_pump_prep.py"
testing...
no interpolation path defined
executed snippet estimated_duration=656.08, duration=0.000241041183472
script duration name:air seconds:656.0
loading script "helix_air.py"
loading script "helix_pump_ms.py"
loading script "helix_air.py"
loading script "helix_pump_prep.py"
testing...
no interpolation path defined
executed snippet estimated_duration=0, duration=2.31266021729e-05
air in script context. using previous estimated duration
script duration name:air seconds:656.0
loading script "helix_air.py"
loading script "helix_pump_ms.py"
loading script "helix_air.py"
loading script "helix_pump_prep.py"
testing...
no interpolation path defined
executed snippet estimated_duration=28.0, duration=0.000169038772583
Script duration 1312.0
Run total estimated duration= 1313.000
run duration: 0:21:53
doing event level: 2
----------------- start -----------------
**************** Experiment Type: Ar/Ar, Ar/Ar
$$$$$ Clearing conditionals
adding conditionals 
Add queue conditionals
add default conditionals
adding default conditionals from /Users/labuser/Pychron/setupfiles/spectrometer/default_conditionals.yaml
Start automated run ba-01-H-87
loading script "helix_air.py"
loading script "helix_pump_ms.py"
loading script "helix_air.py"
loading script "helix_pump_prep.py"
%%%%%%%%%%%%%%%%%% setting automated run ba-01-H-87
No value "sensitivity_multiplier" in metadata
$$$$$$$$$$$$$$$ auto_save_detector_ic=False
============================= Pre Extraction Check =============================
loading queue conditionals pre_run_terminations
loading system conditionals pre_run_terminations
loading conditionals from /Users/labuser/Pychron/setupfiles/spectrometer/default_conditionals.yaml
14:50:58 -- ******* Pre Extraction Check *******
Get a measurement from the spectrometer
Pre Extraction Termination data. keys=L2(CDD),H2,H1,AX,L1, signals=0.02597,1.84224,0.15921,-0.26181,0.31891
14:50:58 -- testing system defined conditionals
Checking default pre extraction terminations n=1
testing L2_CDD_
evaluate ot="L2(CDD).inactive" t="L2_CDD_", ctx="{'L2_CDD_': False}"
14:50:58 -- ******* Pre Extraction Check Passed *******
=================================================================================
start extraction
do extraction
Analysis started at 14:50:58.781741
Extraction Started helix_air.py
14:50:58 -- ******* Extraction Started helix_air.py *******
state changed from not run to extraction
DO EXTRACTION <pychron.extraction_line.pyscript_runner.PyScriptRunner object at 0x12b516770>
testing...
no interpolation path defined
executed snippet estimated_duration=222.0, duration=0.000485897064209
Air pipette
open ('3',) {}
open name=3 desc=---
check software interlocks 3
interlocks []
actuate state mode=None-script, software_lock=False
doing actuation None-script open_channel False
ROUT:OPEN (@103)
change switch state (True, True)
14:50:58 -- OPEN   VALVE-3 (SecondToIP)
-------------------------- open 3 () result=[(True, True)]
action=open, ok=True, locked=[False]
close ('2',) {}
close name=2 desc=---
check software interlocks 2
interlocks []
actuate state mode=None-script, software_lock=False
doing actuation None-script close_channel False
ROUT:CLOSE (@102)
change switch state (True, True)
14:50:59 -- CLOSE  VALVE-2 (ExtrToMS)
-------------------------- close 2 () result=[(True, True)]
action=close, ok=True, locked=[False]
open ('1',) {}
open name=1 desc=---
check software interlocks 1
interlocks []
actuate state mode=None-script, software_lock=False
doing actuation None-script open_channel False
Open Valve Ion Pump Set ===>> OK
change switch state (True, True)
14:50:59 -- OPEN   VALVE-1 (MSIonPump)
-------------------------- open 1 () result=[(True, True)]
action=open, ok=True, locked=[False]
close ('8',) {}
close name=8 desc=---
check software interlocks 8
interlocks []
actuate state mode=None-script, software_lock=False
doing actuation None-script close_channel False
ROUT:CLOSE (@108)
change switch state (True, True)
14:50:59 -- CLOSE  VALVE-8 (Sample1toFirst)
-------------------------- close 8 () result=[(True, True)]
action=close, ok=True, locked=[False]
close ('9',) {}
close name=9 desc=---
check software interlocks 9
interlocks []
actuate state mode=None-script, software_lock=False
doing actuation None-script close_channel False
ROUT:CLOSE (@109)
change switch state (True, True)
14:50:59 -- CLOSE  VALVE-9 (Sample2toFirst)
-------------------------- close 9 () result=[(True, True)]
action=close, ok=True, locked=[False]
close ('7',) {}
close name=7 desc=---
check software interlocks 7
interlocks ['6']
actuate state mode=None-script, software_lock=False
doing actuation None-script close_channel False
ROUT:CLOSE (@107)
change switch state (True, True)
14:51:00 -- CLOSE  VALVE-7 (APInner)
-------------------------- close 7 () result=[(True, True)]
action=close, ok=True, locked=[False]
open ('5',) {}
open name=5 desc=---
check software interlocks 5
interlocks []
actuate state mode=None-script, software_lock=False
doing actuation None-script open_channel False
ROUT:OPEN (@105)
change switch state (True, True)
14:51:00 -- OPEN   VALVE-5 (FirstToTurbo)
-------------------------- open 5 () result=[(True, True)]
action=open, ok=True, locked=[False]
open ('11',) {}
open name=11 desc=---
check software interlocks 11
interlocks []
actuate state mode=None-script, software_lock=False
doing actuation None-script open_channel False
ROUT:OPEN (@111)
change switch state (True, True)
14:51:00 -- OPEN   VALVE-11 (APSafety)
-------------------------- open 11 () result=[(True, True)]
action=open, ok=True, locked=[False]
open ('6',) {}
open name=6 desc=---
check software interlocks 6
interlocks ['7']
actuate state mode=None-script, software_lock=False
doing actuation None-script open_channel True
ROUT:OPEN (@106)
change switch state (True, True)
14:51:01 -- OPEN   VALVE-6 (APOuter)
-------------------------- open 6 () result=[(True, True)]
action=open, ok=True, locked=[False]
sleep (15,) {}
SLEEP 15.0
block started
WaitControl setup for 15.0  
load indicator states
load indicator states
Join finished
block finished. duration 15.0586519241
close ('6',) {}
close name=6 desc=---
check software interlocks 6
interlocks ['7']
actuate state mode=None-script, software_lock=False
doing actuation None-script close_channel True
ROUT:CLOSE (@106)
change switch state (True, True)
14:51:16 -- CLOSE  VALVE-6 (APOuter)
-------------------------- close 6 () result=[(True, True)]
action=close, ok=True, locked=[False]
sleep (2,) {}
SLEEP 2.0
block started
WaitControl setup for 2.0  
Join finished
block finished. duration 2.03749990463
Blank. Not filling pipette
sleep (30,) {}
SLEEP 30.0
block started
WaitControl setup for 30.0  
load indicator states
load indicator states
load indicator states
Join finished
block finished. duration 30.1299581528
close ('7',) {}
close name=7 desc=---
check software interlocks 7
interlocks ['6']
actuate state mode=None-script, software_lock=False
doing actuation None-script close_channel False
ROUT:CLOSE (@107)
change switch state (True, True)
14:51:49 -- CLOSE  VALVE-7 (APInner)
-------------------------- close 7 () result=[(True, True)]
action=close, ok=True, locked=[False]
close ('5',) {}
close name=5 desc=---
check software interlocks 5
interlocks []
actuate state mode=None-script, software_lock=False
doing actuation None-script close_channel True
ROUT:CLOSE (@105)
change switch state (True, True)
14:51:49 -- CLOSE  VALVE-5 (FirstToTurbo)
-------------------------- close 5 () result=[(True, True)]
action=close, ok=True, locked=[False]
close ('4',) {}
close name=4 desc=---
check software interlocks 4
interlocks []
actuate state mode=None-script, software_lock=False
doing actuation None-script close_channel False
ROUT:CLOSE (@104)
change switch state (True, True)
14:51:49 -- CLOSE  VALVE-4 (FirstToSecondStage)
-------------------------- close 4 () result=[(True, True)]
action=close, ok=True, locked=[False]
sleep (2,) {}
SLEEP 2.0
block started
WaitControl setup for 2.0  
Join finished
block finished. duration 2.02201986313
open ('6',) {}
open name=6 desc=---
check software interlocks 6
interlocks ['7']
actuate state mode=None-script, software_lock=False
doing actuation None-script open_channel True
ROUT:OPEN (@106)
change switch state (True, True)
14:51:51 -- OPEN   VALVE-6 (APOuter)
-------------------------- open 6 () result=[(True, True)]
action=open, ok=True, locked=[False]
first stage cleanup
sleep (30,) {}
SLEEP 30.0
block started
WaitControl setup for 30.0  
load indicator states
load indicator states
load indicator states
Join finished
block finished. duration 30.135874033
close ('3',) {}
close name=3 desc=---
check software interlocks 3
interlocks []
actuate state mode=None-script, software_lock=False
doing actuation None-script close_channel True
ROUT:CLOSE (@103)
change switch state (True, True)
14:52:22 -- CLOSE  VALVE-3 (SecondToIP)
-------------------------- close 3 () result=[(True, True)]
action=close, ok=True, locked=[False]
sleep (2,) {}
SLEEP 2.0
block started
WaitControl setup for 2.0  
Join finished
block finished. duration 2.02734994888
open ('4',) {}
open name=4 desc=---
check software interlocks 4
interlocks []
actuate state mode=None-script, software_lock=False
doing actuation None-script open_channel True
ROUT:OPEN (@104)
change switch state (True, True)
14:52:24 -- OPEN   VALVE-4 (FirstToSecondStage)
-------------------------- open 4 () result=[(True, True)]
action=open, ok=True, locked=[False]
second stage cleanup
sleep (30,) {}
SLEEP 30.0
block started
WaitControl setup for 30.0  
load indicator states
load indicator states
load indicator states
Join finished
block finished. duration 30.1510140896
executed snippet estimated_duration=333.0, duration=116.349142075
helix_air.py completed successfully
no extraction action
Requested Output= 0.000
Achieved Output=  0.000
no extraction action
no extraction action
no extraction action
no extraction action
persistence save...
persistence save - db
AutomatedRunPersister post_extraction_save deprecated
persistence save - dvc
no extraction position for 
Popen(['git', 'cat-file', '--batch-check'], cwd=/Users/labuser/Pychron/data/.dvc/MetaData, universal_newlines=False, shell=None)
Extraction Finished
14:52:55 -- ******* Extraction Finished *******
no overlap. not waiting for min ms pumptime
start measurement
do measurement
L#=ba-01-H analysis type=blank_air
Measurement Started helix_air.py
14:52:55 -- ******* Measurement Started helix_air.py *******
state changed from extraction to measurement
setting spec, defl, and gains
GetExtractionLens ===>> 18.3150183150183
GetYSymmetry ===>> 19.0720390720391
GetZSymmetry ===>> 19.5115995115995
GetZFocus ===>> 9.74358974358974
GetDeflection L2(CDD) ===>> Error: Invalid Command
Failed reading L2(CDD) deflection. Error=could not convert string to float: Error: Invalid Command. Using previous value 0
GetGain H2 ===>> 0.986484670899424
GetGain H1 ===>> 1.01080515922087
GetGain AX ===>> 1.0071313708941
GetGain L1 ===>> 1.00793592600847
GetGain L2(CDD) ===>> 0
pre measurement save
New frame /Users/labuser/Pychron/data/isotopes/2a/352069-171c-4adc-b9ee-0c88417509d5.h5
flush and close file /Users/labuser/Pychron/data/isotopes/2a/352069-171c-4adc-b9ee-0c88417509d5.h5
testing...
no interpolation path defined
executed snippet estimated_duration=656.08, duration=0.000352144241333
activate_detectors ('H2', 'H1', 'AX', 'L1', 'L2(CDD)') {}
activate detectors
*************** Set Analysis View Ar/Ar
create graphs
clearing graphs
clear isotope group
setting isotope det=H2, iso=Ar40
setting isotope det=H1, iso=Ar39
setting isotope det=AX, iso=Ar38
setting isotope det=L1, iso=Ar37
setting isotope det=L2(CDD), iso=Ar36
load analysis view
position_magnet ('Ar40',) {'detector': 'H2'}
detector Detector(H2)
POSITION Ar40 H2
setting detector H2 to Ar40 (39.962)
setting detector H1 to Ar39 (38.962)
setting detector AX to Ar38 (37.962)
setting detector L1 to Ar37 (36.962)
setting detector L2(CDD) to Ar36 (35.962)
Mapping mass to dac mass func: "parabolic"
H2 map mass coeffs = [  2.53589168e-02  -1.84786063e+00   3.71255743e+01]
H2 map mass to dac 39.962 >> 3.77858006004
GetHighVoltage ===>> 9900.05340657664
positioning Ar40 (3.77859017441) on H2
setting magnet DAC
current  : 3.778590
requested: 3.778590
Delta Dac: 0.000000
SetMagnetDAC 3.77859017441 ===>> OK
set_dac. change=False
equilibrate () {'inlet': '2', 'outlet': '1', 'eqtime': 45.0}
Equilibration Started
14:52:56 -- ******* Equilibration Started *******
check software interlocks 1
interlocks []
actuate state mode=None-script, software_lock=False
doing actuation None-script close_channel True
Close Valve Ion Pump Set ===>> OK
change switch state (True, True)
14:52:56 -- CLOSE  VALVE-1 (MSIonPump)
waiting 3s before opening inlet value ('2',)
update labels <pychron.experiment.plot_panel.PlotPanel object at 0x13318a410>
update labels "<pychron.graph.stacked_regression_graph.StackedRegressionGraph object at 0x12f79fd70>"
setting label 0 H2 Ar40
setting label 1 H1 Ar39
setting label 2 AX Ar38
setting label 3 L1 Ar37
setting label 4 L2(CDD) Ar36
update labels "<pychron.graph.stacked_graph.StackedGraph object at 0x12fd791d0>"
setting label 0 H2 Ar40
setting label 1 H1 Ar39
setting label 2 AX Ar38
setting label 3 L1 Ar37
setting label 4 L2(CDD) Ar36
load indicator states
check software interlocks 2
interlocks []
actuate state mode=None-script, software_lock=False
doing actuation None-script open_channel True
ROUT:OPEN (@102)
change switch state (True, True)
14:52:59 -- OPEN   VALVE-2 (ExtrToMS)
set_time_zero () {}
equilibrating for 45.0sec
sniff (45.0,) {}
py_sniff
build tables- sniff [Detector(H2), Detector(H1), Detector(AX), Detector(L1), Detector(L2(CDD))]
add group /sniff/Ar40 (Group) '' table H2
add group /sniff/Ar39 (Group) '' table H1
add group /sniff/Ar38 (Group) '' table AX
add group /sniff/Ar37 (Group) '' table L1
add group /sniff/Ar36 (Group) '' table L2(CDD)
flush and close file /Users/labuser/Pychron/data/isotopes/2a/352069-171c-4adc-b9ee-0c88417509d5.h5
measuring sniff. ncounts=45.0
"sniff" increment series count="1" fit count="0" regressing="False"
starting measurement
load indicator states
load indicator states
14:53:23 -- collecting point 25
load indicator states
load indicator states
Equilibration Finished
14:53:44 -- ******* Equilibration Finished *******
check software interlocks 2
interlocks []
actuate state mode=None-script, software_lock=False
doing actuation None-script close_channel True
ROUT:CLOSE (@102)
change switch state (True, True)
14:53:44 -- CLOSE  VALVE-2 (ExtrToMS)
Post Equilibration Started helix_pump_prep.py
14:53:44 -- ******* Post Equilibration Started helix_pump_prep.py *******
testing...
no interpolation path defined
executed snippet estimated_duration=28.0, duration=0.000186204910278
close ('6',) {}
close name=6 desc=---
check software interlocks 6
interlocks ['7']
actuate state mode=None-script, software_lock=False
doing actuation None-script close_channel True
ROUT:CLOSE (@106)
change switch state (True, True)
14:53:44 -- CLOSE  VALVE-6 (APOuter)
-------------------------- close 6 () result=[(True, True)]
action=close, ok=True, locked=[False]
open ('4',) {}
open name=4 desc=---
check software interlocks 4
interlocks []
actuate state mode=None-script, software_lock=False
doing actuation None-script open_channel False
ROUT:OPEN (@104)
change switch state (True, True)
14:53:44 -- OPEN   VALVE-4 (FirstToSecondStage)
-------------------------- open 4 () result=[(True, True)]
waiting for write to finish
measurement finished
estimated time: 45.000 actual time: :45.289
flush and close file /Users/labuser/Pychron/data/isotopes/2a/352069-171c-4adc-b9ee-0c88417509d5.h5
set_fits () {}
using default fits file=/Users/labuser/Pychron/scripts/measurement/fits/nominal.yaml
set "Ar40" to "('Parabolic', 'SEM')"
action=open, ok=True, locked=[False]
set "Ar36" to "('Parabolic', 'SEM')"
sleep (2,) {}
set "Ar37" to "('Linear', 'SEM')"
SLEEP 2.0
set "Ar38" to "('Linear', 'SEM')"
set "Ar39" to "('Linear', 'SEM')"
block started
set_baseline_fits () {}
WaitControl setup for 2.0  
using default fits file=/Users/labuser/Pychron/scripts/measurement/fits/nominal.yaml
set "H2" to "('Average', 'SEM')"
set "L2(CDD)" to "('Average', 'SEM')"
set "L1" to "('Average', 'SEM')"
set "AX" to "('Average', 'SEM')"
set "H1" to "('Average', 'SEM')"
multicollect () {'ncounts': 400}
build tables- signal [Detector(H2), Detector(H1), Detector(AX), Detector(L1), Detector(L2(CDD))]
add group /signal/Ar40 (Group) '' table H2
add group /signal/Ar39 (Group) '' table H1
add group /signal/Ar38 (Group) '' table AX
add group /signal/Ar37 (Group) '' table L1
add group /signal/Ar36 (Group) '' table L2(CDD)
flush and close file /Users/labuser/Pychron/data/isotopes/2a/352069-171c-4adc-b9ee-0c88417509d5.h5
measuring signal. ncounts=400
"signal" increment series count="2" fit count="1" regressing="True"
starting measurement
Join finished
block finished. duration 2.0596871376
open ('11',) {}
open name=11 desc=---
check software interlocks 11
interlocks []
actuate state mode=None-script, software_lock=False
doing actuation None-script open_channel False
ROUT:OPEN (@111)
change switch state (True, True)
14:53:47 -- OPEN   VALVE-11 (APSafety)
-------------------------- open 11 () result=[(True, True)]
action=open, ok=True, locked=[False]
open ('5',) {}
open name=5 desc=---
check software interlocks 5
interlocks []
actuate state mode=None-script, software_lock=False
doing actuation None-script open_channel True
ROUT:OPEN (@105)
change switch state (True, True)
14:53:47 -- OPEN   VALVE-5 (FirstToTurbo)
-------------------------- open 5 () result=[(True, True)]
action=open, ok=True, locked=[False]
sleep (10,) {}
SLEEP 10.0
block started
WaitControl setup for 10.0  
load indicator states
Join finished
block finished. duration 10.0642249584
close ('4',) {}
close name=4 desc=---
check software interlocks 4
interlocks []
actuate state mode=None-script, software_lock=False
doing actuation None-script close_channel True
ROUT:CLOSE (@104)
change switch state (True, True)
14:53:57 -- CLOSE  VALVE-4 (FirstToSecondStage)
-------------------------- close 4 () result=[(True, True)]
action=close, ok=True, locked=[False]
sleep (2,) {}
SLEEP 2.0
block started
WaitControl setup for 2.0  
load indicator states
Join finished
block finished. duration 2.04436206818
open ('3',) {}
open name=3 desc=---
check software interlocks 3
interlocks []
actuate state mode=None-script, software_lock=False
doing actuation None-script open_channel True
ROUT:OPEN (@103)
change switch state (True, True)
14:54:00 -- OPEN   VALVE-3 (SecondToIP)
-------------------------- open 3 () result=[(True, True)]
refresh_canvas_needed fired
action=open, ok=True, locked=[False]
executed snippet estimated_duration=42.0, duration=16.0118660927
helix_pump_prep.py completed successfully
Post Equilibration Finished
14:54:00 -- ******* Post Equilibration Finished *******
14:54:09 -- collecting point 25
load indicator states
load indicator states
load indicator states
14:54:34 -- collecting point 50
load indicator states
load indicator states
14:54:59 -- collecting point 75
load indicator states
load indicator states
load indicator states
14:55:25 -- collecting point 100
load indicator states
load indicator states
14:55:50 -- collecting point 125
load indicator states
load indicator states
load indicator states
14:56:15 -- collecting point 150
load indicator states
load indicator states
14:56:40 -- collecting point 175
load indicator states
load indicator states
14:57:05 -- collecting point 200
load indicator states
load indicator states
load indicator states
14:57:30 -- collecting point 225
load indicator states
load indicator states
14:57:55 -- collecting point 250
load indicator states
load indicator states
load indicator states
14:58:20 -- collecting point 275
load indicator states
load indicator states
14:58:45 -- collecting point 300
load indicator states
load indicator states
load indicator states
14:59:10 -- collecting point 325
load indicator states
load indicator states
14:59:35 -- collecting point 350
load indicator states
load indicator states
15:00:01 -- collecting point 375
load indicator states
load indicator states
load indicator states
15:00:26 -- collecting point 400
waiting for write to finish
measurement finished
estimated time: 400.000 actual time: :401.612
flush and close file /Users/labuser/Pychron/data/isotopes/2a/352069-171c-4adc-b9ee-0c88417509d5.h5
baselines () {'detector': 'H2', 'mass': 39.59, 'ncounts': 120}
%%%%%%%%%%%%%%%%%%%%%%%%%%%%%%%% Baseline
build tables- baseline [Detector(H2), Detector(H1), Detector(AX), Detector(L1), Detector(L2(CDD))]
add group baseline table H2
add group baseline table H1
add group baseline table AX
add group baseline table L1
add group baseline table L2(CDD)
flush and close file /Users/labuser/Pychron/data/isotopes/2a/352069-171c-4adc-b9ee-0c88417509d5.h5
detector Detector(H2)
POSITION 39.59 H2
Mapping mass to dac mass func: "parabolic"
H2 map mass coeffs = [  2.53589168e-02  -1.84786063e+00   3.71255743e+01]
H2 map mass to dac 39.59 >> 3.71552906714
GetHighVoltage ===>> 9900.05340657664
positioning 39.59 (3.71553901273) on H2
setting magnet DAC
current  : 3.778590
requested: 3.715539
Delta Dac: 0.063051
SetMagnetDAC 3.71553901273 ===>> OK
Magnet settling time: 0.500
Magnet settling complete
set_dac. change=True
Delaying 4s for detectors to settle
Join finished
measuring baseline. ncounts=120
"baseline" increment series count="2" fit count="1" regressing="True"
starting measurement
load indicator states
load indicator states
load indicator states
15:00:56 -- collecting point 25
load indicator states
load indicator states
15:01:21 -- collecting point 50
load indicator states
load indicator states
load indicator states
15:01:46 -- collecting point 75
load indicator states
load indicator states
15:02:11 -- collecting point 100
load indicator states
load indicator states
waiting for write to finish
measurement finished
estimated time: 120.000 actual time: :120.511
flush and close file /Users/labuser/Pychron/data/isotopes/2a/352069-171c-4adc-b9ee-0c88417509d5.h5
activate_detectors ('L2(CDD)', 'AX') {'peak_center': True}
peak_center () {'detector': 'H2', 'isotope': 'Ar40'}
peak center: mean=3.43480308681 threshold=3
peak center started
setup peak center. detector=['H2', 'L2(CDD)', 'AX'], isotope=Ar40
VersionedUnpickler [<apptools.sweet_pickle.versioned_unpickler.VersionedUnpickler object at 0x13df4e0b0>] using Updater [<apptools.sweet_pickle.updater.Updater object at 0x12edac350>]
VersionedUnpickler [<apptools.sweet_pickle.versioned_unpickler.VersionedUnpickler object at 0x13df4e0b0>] using Updater [<apptools.sweet_pickle.updater.Updater object at 0x12edac350>]
VersionedUnpickler [<apptools.sweet_pickle.versioned_unpickler.VersionedUnpickler object at 0x13df4e0b0>] using Updater [<apptools.sweet_pickle.updater.Updater object at 0x12edac350>]
Mapping mass to dac mass func: "parabolic"
H2 map mass coeffs = [  2.53589168e-02  -1.84786063e+00   3.71255743e+01]
H2 map mass to dac 39.962 >> 3.77858006004
GetHighVoltage ===>> 9900.05340657664
do peak center. <pychron.spectrometer.jobs.peak_center.PeakCenter object at 0x12ac67fb0>
doing pc
starting peak center. center dac= 3.77859017441 step_width=5e-05
width = 5e-05
get scan parameters. half-width=0.0025,window=0.0025, i=0, scalar=1
Scan parameters center=3.77859 width=0.00500 (3.77609 - 3.78109)
Moving to starting dac 3.77609017441
setting magnet DAC
current  : 3.715539
requested: 3.776090
Delta Dac: 0.060551
SetMagnetDAC 3.77609017441 ===>> OK
Magnet settling time: 0.500
Magnet settling complete
set_dac. change=True
Wait until signal near baseline. tol= -0.00434750441864. timeout= 10
Peak center baseline intensity achieved
_do_sweep sm= 3.77609017441, em= 3.78109017441, stm= 5e-05
calculated step values: start=3.77609017441, end=3.78109017441, width=5e-05, nsteps=101.0
setting magnet DAC
current  : 3.776090
requested: 3.776090
Delta Dac: 0.000000
set_dac. change=False
setting magnet DAC
current  : 3.776090
requested: 3.776141
Delta Dac: 0.000051
Magnet settling time: 2.097
Magnet settling complete
set_dac. change=True
setting magnet DAC
current  : 3.776141
requested: 3.776191
Delta Dac: 0.000051
Magnet settling time: 2.097
load indicator states
Magnet settling complete
set_dac. change=True
setting magnet DAC
current  : 3.776191
requested: 3.776242
Delta Dac: 0.000051
Magnet settling time: 2.097
Magnet settling complete
set_dac. change=True
setting magnet DAC
current  : 3.776242
requested: 3.776292
Delta Dac: 0.000051
Magnet settling time: 2.097
Magnet settling complete
set_dac. change=True
setting magnet DAC
current  : 3.776292
requested: 3.776343
Delta Dac: 0.000051
Magnet settling time: 2.097
Magnet settling complete
set_dac. change=True
setting magnet DAC
current  : 3.776343
requested: 3.776393
Delta Dac: 0.000051
Magnet settling time: 2.097
Magnet settling complete
set_dac. change=True
setting magnet DAC
current  : 3.776393
requested: 3.776444
Delta Dac: 0.000051
Magnet settling time: 2.097
load indicator states
Magnet settling complete
set_dac. change=True
setting magnet DAC
current  : 3.776444
requested: 3.776494
Delta Dac: 0.000051
Magnet settling time: 2.097
Magnet settling complete
set_dac. change=True
setting magnet DAC
current  : 3.776494
requested: 3.776545
Delta Dac: 0.000051
Magnet settling time: 2.097
Magnet settling complete
set_dac. change=True
setting magnet DAC
current  : 3.776545
requested: 3.776595
Delta Dac: 0.000051
Magnet settling time: 2.097
Magnet settling complete
set_dac. change=True
setting magnet DAC
current  : 3.776595
requested: 3.776646
Delta Dac: 0.000051
Magnet settling time: 2.097
Magnet settling complete
set_dac. change=True
setting magnet DAC
current  : 3.776646
requested: 3.776696
Delta Dac: 0.000051
Magnet settling time: 2.097
load indicator states
Magnet settling complete
set_dac. change=True
setting magnet DAC
current  : 3.776696
requested: 3.776747
Delta Dac: 0.000051
Magnet settling time: 2.097
Magnet settling complete
set_dac. change=True
setting magnet DAC
current  : 3.776747
requested: 3.776797
Delta Dac: 0.000051
Magnet settling time: 2.097
Magnet settling complete
set_dac. change=True
setting magnet DAC
current  : 3.776797
requested: 3.776848
Delta Dac: 0.000051
Magnet settling time: 2.097
Magnet settling complete
set_dac. change=True
setting magnet DAC
current  : 3.776848
requested: 3.776898
Delta Dac: 0.000051
Magnet settling time: 2.097
Magnet settling complete
set_dac. change=True
setting magnet DAC
current  : 3.776898
requested: 3.776949
Delta Dac: 0.000051
Magnet settling time: 2.097
load indicator states
Magnet settling complete
set_dac. change=True
setting magnet DAC
current  : 3.776949
requested: 3.776999
Delta Dac: 0.000051
Magnet settling time: 2.097
Magnet settling complete
set_dac. change=True
setting magnet DAC
current  : 3.776999
requested: 3.777050
Delta Dac: 0.000051
Magnet settling time: 2.097
Magnet settling complete
set_dac. change=True
setting magnet DAC
current  : 3.777050
requested: 3.777100
Delta Dac: 0.000051
Magnet settling time: 2.097
Magnet settling complete
set_dac. change=True
setting magnet DAC
current  : 3.777100
requested: 3.777151
Delta Dac: 0.000051
Magnet settling time: 2.097
load indicator states
Magnet settling complete
set_dac. change=True
setting magnet DAC
current  : 3.777151
requested: 3.777201
Delta Dac: 0.000051
Magnet settling time: 2.097
Magnet settling complete
set_dac. change=True
setting magnet DAC
current  : 3.777201
requested: 3.777252
Delta Dac: 0.000051
Magnet settling time: 2.097
Magnet settling complete
set_dac. change=True
setting magnet DAC
current  : 3.777252
requested: 3.777302
Delta Dac: 0.000051
============ Exception ==============
Traceback (most recent call last):
File "/Users/labuser/miniconda2/envs/pychron2/lib/python2.7/site-packages/enable/qt4/base_window.py", line 198, in paintEvent
    self.handler.paintEvent(event)
File "/Users/labuser/miniconda2/envs/pychron2/lib/python2.7/site-packages/enable/qt4/base_window.py", line 50, in paintEvent
    self._enable_window._paint(event)
File "/Users/labuser/miniconda2/envs/pychron2/lib/python2.7/site-packages/enable/abstract_window.py", line 467, in _paint
    self.component.draw(gc, view_bounds=(0, 0, size[0], size[1]))
File "/Users/labuser/miniconda2/envs/pychron2/lib/python2.7/site-packages/enable/component.py", line 421, in draw
    self._draw(gc, view_bounds, mode)
File "/Users/labuser/miniconda2/envs/pychron2/lib/python2.7/site-packages/enable/component.py", line 773, in _draw
    self._dispatch_draw(layer, gc, view_bounds, mode)
File "/Users/labuser/miniconda2/envs/pychron2/lib/python2.7/site-packages/enable/container.py", line 327, in _dispatch_draw
    component._dispatch_draw(layer, gc, new_bounds, mode)
File "/Users/labuser/miniconda2/envs/pychron2/lib/python2.7/site-packages/enable/container.py", line 312, in _dispatch_draw
    my_handler(gc, view_bounds, mode)
File "/Users/labuser/miniconda2/envs/pychron2/lib/python2.7/site-packages/enable/container.py", line 352, in _draw_container_underlay
    self._draw_underlay(gc, view_bounds, mode)
File "/Users/labuser/miniconda2/envs/pychron2/lib/python2.7/site-packages/enable/component.py", line 881, in _draw_underlay
    underlay.overlay(self, gc, view_bounds, mode)
File "/Users/labuser/miniconda2/envs/pychron2/lib/python2.7/site-packages/chaco/grid.py", line 306, in overlay
    self._draw_component(gc, view_bounds, mode)
File "/Users/labuser/miniconda2/envs/pychron2/lib/python2.7/site-packages/chaco/grid.py", line 344, in _draw_component
    ends[:,0] = self._tick_extents[:,1]
IndexError: too many indices for array
============ End Exception ==========
Magnet settling time: 2.097
Magnet settling complete
set_dac. change=True
setting magnet DAC
current  : 3.777302
requested: 3.777353
Delta Dac: 0.000051
Magnet settling time: 2.097
Magnet settling complete
set_dac. change=True
setting magnet DAC
current  : 3.777353
requested: 3.777403
Delta Dac: 0.000051
Magnet settling time: 2.097
load indicator states
Magnet settling complete
set_dac. change=True
setting magnet DAC
current  : 3.777403
requested: 3.777454
Delta Dac: 0.000051
Magnet settling time: 2.097
Magnet settling complete
set_dac. change=True
setting magnet DAC
current  : 3.777454
requested: 3.777504
Delta Dac: 0.000051
Magnet settling time: 2.097
Magnet settling complete
set_dac. change=True
setting magnet DAC
current  : 3.777504
requested: 3.777555
Delta Dac: 0.000051
Magnet settling time: 2.097
Magnet settling complete
set_dac. change=True
setting magnet DAC
current  : 3.777555
requested: 3.777605
Delta Dac: 0.000051
Magnet settling time: 2.097
Magnet settling complete
set_dac. change=True
setting magnet DAC
current  : 3.777605
requested: 3.777656
Delta Dac: 0.000051
Magnet settling time: 2.097
load indicator states
Magnet settling complete
set_dac. change=True
setting magnet DAC
current  : 3.777656
requested: 3.777706
Delta Dac: 0.000051
============ Exception ==============
Traceback (most recent call last):
File "/Users/labuser/miniconda2/envs/pychron2/lib/python2.7/site-packages/enable/qt4/base_window.py", line 198, in paintEvent
    self.handler.paintEvent(event)
File "/Users/labuser/miniconda2/envs/pychron2/lib/python2.7/site-packages/enable/qt4/base_window.py", line 50, in paintEvent
    self._enable_window._paint(event)
File "/Users/labuser/miniconda2/envs/pychron2/lib/python2.7/site-packages/enable/abstract_window.py", line 467, in _paint
    self.component.draw(gc, view_bounds=(0, 0, size[0], size[1]))
File "/Users/labuser/miniconda2/envs/pychron2/lib/python2.7/site-packages/enable/component.py", line 421, in draw
    self._draw(gc, view_bounds, mode)
File "/Users/labuser/miniconda2/envs/pychron2/lib/python2.7/site-packages/enable/component.py", line 773, in _draw
    self._dispatch_draw(layer, gc, view_bounds, mode)
File "/Users/labuser/miniconda2/envs/pychron2/lib/python2.7/site-packages/enable/container.py", line 327, in _dispatch_draw
    component._dispatch_draw(layer, gc, new_bounds, mode)
File "/Users/labuser/miniconda2/envs/pychron2/lib/python2.7/site-packages/enable/container.py", line 312, in _dispatch_draw
    my_handler(gc, view_bounds, mode)
File "/Users/labuser/miniconda2/envs/pychron2/lib/python2.7/site-packages/enable/container.py", line 352, in _draw_container_underlay
    self._draw_underlay(gc, view_bounds, mode)
File "/Users/labuser/miniconda2/envs/pychron2/lib/python2.7/site-packages/enable/component.py", line 881, in _draw_underlay
    underlay.overlay(self, gc, view_bounds, mode)
File "/Users/labuser/miniconda2/envs/pychron2/lib/python2.7/site-packages/chaco/grid.py", line 306, in overlay
    self._draw_component(gc, view_bounds, mode)
File "/Users/labuser/miniconda2/envs/pychron2/lib/python2.7/site-packages/chaco/grid.py", line 344, in _draw_component
    ends[:,0] = self._tick_extents[:,1]
IndexError: too many indices for array
============ End Exception ==========
Magnet settling time: 2.097
Magnet settling complete
set_dac. change=True
setting magnet DAC
current  : 3.777706
requested: 3.777757
Delta Dac: 0.000051
Magnet settling time: 2.097
Magnet settling complete
set_dac. change=True
setting magnet DAC
current  : 3.777757
requested: 3.777807
Delta Dac: 0.000051
Magnet settling time: 2.097
Magnet settling complete
set_dac. change=True
setting magnet DAC
current  : 3.777807
requested: 3.777858
Delta Dac: 0.000051
Magnet settling time: 2.097
Magnet settling complete
set_dac. change=True
setting magnet DAC
current  : 3.777858
requested: 3.777908
Delta Dac: 0.000051
Magnet settling time: 2.097
load indicator states
Magnet settling complete
set_dac. change=True
setting magnet DAC
current  : 3.777908
requested: 3.777959
Delta Dac: 0.000051
Magnet settling time: 2.097
Magnet settling complete
set_dac. change=True
setting magnet DAC
current  : 3.777959
requested: 3.778009
Delta Dac: 0.000051
Magnet settling time: 2.097
Magnet settling complete
set_dac. change=True
setting magnet DAC
current  : 3.778009
requested: 3.778060
Delta Dac: 0.000051
Magnet settling time: 2.097
Magnet settling complete
set_dac. change=True
setting magnet DAC
current  : 3.778060
requested: 3.778110
Delta Dac: 0.000051
Magnet settling time: 2.097
Magnet settling complete
set_dac. change=True
setting magnet DAC
current  : 3.778110
requested: 3.778161
Delta Dac: 0.000051
Magnet settling time: 2.097
load indicator states
Magnet settling complete
set_dac. change=True
setting magnet DAC
current  : 3.778161
requested: 3.778211
Delta Dac: 0.000051
Magnet settling time: 2.097
Magnet settling complete
set_dac. change=True
setting magnet DAC
current  : 3.778211
requested: 3.778262
Delta Dac: 0.000051
Magnet settling time: 2.097
Magnet settling complete
set_dac. change=True
setting magnet DAC
current  : 3.778262
requested: 3.778312
Delta Dac: 0.000051
Magnet settling time: 2.097
Magnet settling complete
set_dac. change=True
setting magnet DAC
current  : 3.778312
requested: 3.778363
Delta Dac: 0.000051
Magnet settling time: 2.097
load indicator states
Magnet settling complete
set_dac. change=True
setting magnet DAC
current  : 3.778363
requested: 3.778413
Delta Dac: 0.000051
Magnet settling time: 2.097
Magnet settling complete
set_dac. change=True
setting magnet DAC
current  : 3.778413
requested: 3.778464
Delta Dac: 0.000051
Magnet settling time: 2.097
Magnet settling complete
set_dac. change=True
setting magnet DAC
current  : 3.778464
requested: 3.778514
Delta Dac: 0.000051
Magnet settling time: 2.097
Magnet settling complete
set_dac. change=True
setting magnet DAC
current  : 3.778514
requested: 3.778565
Delta Dac: 0.000051
Magnet settling time: 2.097
Magnet settling complete
set_dac. change=True
setting magnet DAC
current  : 3.778565
requested: 3.778615
Delta Dac: 0.000051
Magnet settling time: 2.097
load indicator states
Magnet settling complete
set_dac. change=True
setting magnet DAC
current  : 3.778615
requested: 3.778666
Delta Dac: 0.000051
Magnet settling time: 2.097
Magnet settling complete
set_dac. change=True
setting magnet DAC
current  : 3.778666
requested: 3.778716
Delta Dac: 0.000051
Magnet settling time: 2.097
Magnet settling complete
set_dac. change=True
setting magnet DAC
current  : 3.778716
requested: 3.778767
Delta Dac: 0.000051
Magnet settling time: 2.097
Magnet settling complete
set_dac. change=True
setting magnet DAC
current  : 3.778767
requested: 3.778817
Delta Dac: 0.000051
Magnet settling time: 2.097
Magnet settling complete
set_dac. change=True
setting magnet DAC
current  : 3.778817
requested: 3.778868
Delta Dac: 0.000051
Magnet settling time: 2.097
load indicator states
Magnet settling complete
set_dac. change=True
setting magnet DAC
current  : 3.778868
requested: 3.778918
Delta Dac: 0.000051
Magnet settling time: 2.097
Magnet settling complete
set_dac. change=True
setting magnet DAC
current  : 3.778918
requested: 3.778969
Delta Dac: 0.000051
Magnet settling time: 2.097
Magnet settling complete
set_dac. change=True
setting magnet DAC
current  : 3.778969
requested: 3.779019
Delta Dac: 0.000051
Magnet settling time: 2.097
Magnet settling complete
set_dac. change=True
setting magnet DAC
current  : 3.779019
requested: 3.779070
Delta Dac: 0.000051
Magnet settling time: 2.097
Magnet settling complete
set_dac. change=True
setting magnet DAC
current  : 3.779070
requested: 3.779120
Delta Dac: 0.000051
Magnet settling time: 2.097
load indicator states
Magnet settling complete
set_dac. change=True
setting magnet DAC
current  : 3.779120
requested: 3.779171
Delta Dac: 0.000051
Magnet settling time: 2.097
Magnet settling complete
set_dac. change=True
setting magnet DAC
current  : 3.779171
requested: 3.779221
Delta Dac: 0.000051
Magnet settling time: 2.097
Magnet settling complete
set_dac. change=True
setting magnet DAC
current  : 3.779221
requested: 3.779272
Delta Dac: 0.000051
Magnet settling time: 2.097
Magnet settling complete
set_dac. change=True
setting magnet DAC
current  : 3.779272
requested: 3.779322
Delta Dac: 0.000051
Magnet settling time: 2.097
Magnet settling complete
set_dac. change=True
setting magnet DAC
current  : 3.779322
requested: 3.779373
Delta Dac: 0.000051
Magnet settling time: 2.097
load indicator states
Magnet settling complete
set_dac. change=True
setting magnet DAC
current  : 3.779373
requested: 3.779424
Delta Dac: 0.000051
Magnet settling time: 2.097
Magnet settling complete
set_dac. change=True
setting magnet DAC
current  : 3.779424
requested: 3.779474
Delta Dac: 0.000051
Magnet settling time: 2.097
Magnet settling complete
set_dac. change=True
setting magnet DAC
current  : 3.779474
requested: 3.779525
Delta Dac: 0.000051
Magnet settling time: 2.097
Magnet settling complete
set_dac. change=True
setting magnet DAC
current  : 3.779525
requested: 3.779575
Delta Dac: 0.000051
Magnet settling time: 2.097
load indicator states
Magnet settling complete
set_dac. change=True
setting magnet DAC
current  : 3.779575
requested: 3.779626
Delta Dac: 0.000051
Magnet settling time: 2.097
Magnet settling complete
set_dac. change=True
setting magnet DAC
current  : 3.779626
requested: 3.779676
Delta Dac: 0.000051
Magnet settling time: 2.097
Magnet settling complete
set_dac. change=True
setting magnet DAC
current  : 3.779676
requested: 3.779727
Delta Dac: 0.000051
Magnet settling time: 2.097
Magnet settling complete
set_dac. change=True
setting magnet DAC
current  : 3.779727
requested: 3.779777
Delta Dac: 0.000051
Magnet settling time: 2.097
Magnet settling complete
set_dac. change=True
setting magnet DAC
current  : 3.779777
requested: 3.779828
Delta Dac: 0.000051
Magnet settling time: 2.097
load indicator states
Magnet settling complete
set_dac. change=True
setting magnet DAC
current  : 3.779828
requested: 3.779878
Delta Dac: 0.000051
Magnet settling time: 2.097
Magnet settling complete
set_dac. change=True
setting magnet DAC
current  : 3.779878
requested: 3.779929
Delta Dac: 0.000051
Magnet settling time: 2.097
Magnet settling complete
set_dac. change=True
setting magnet DAC
current  : 3.779929
requested: 3.779979
Delta Dac: 0.000051
Magnet settling time: 2.097
Magnet settling complete
set_dac. change=True
setting magnet DAC
current  : 3.779979
requested: 3.780030
Delta Dac: 0.000051
Magnet settling time: 2.097
Magnet settling complete
set_dac. change=True
setting magnet DAC
current  : 3.780030
requested: 3.780080
Delta Dac: 0.000051
Magnet settling time: 2.097
load indicator states
Magnet settling complete
set_dac. change=True
setting magnet DAC
current  : 3.780080
requested: 3.780131
Delta Dac: 0.000051
Magnet settling time: 2.097
Magnet settling complete
set_dac. change=True
setting magnet DAC
current  : 3.780131
requested: 3.780181
Delta Dac: 0.000051
Magnet settling time: 2.097
Magnet settling complete
set_dac. change=True
setting magnet DAC
current  : 3.780181
requested: 3.780232
Delta Dac: 0.000051
Magnet settling time: 2.097
Magnet settling complete
set_dac. change=True
setting magnet DAC
current  : 3.780232
requested: 3.780282
Delta Dac: 0.000051
Magnet settling time: 2.097
Magnet settling complete
set_dac. change=True
setting magnet DAC
current  : 3.780282
requested: 3.780333
Delta Dac: 0.000051
Magnet settling time: 2.097
load indicator states
Magnet settling complete
set_dac. change=True
setting magnet DAC
current  : 3.780333
requested: 3.780383
Delta Dac: 0.000051
Magnet settling time: 2.097
Magnet settling complete
set_dac. change=True
setting magnet DAC
current  : 3.780383
requested: 3.780434
Delta Dac: 0.000051
Magnet settling time: 2.097
Magnet settling complete
set_dac. change=True
setting magnet DAC
current  : 3.780434
requested: 3.780484
Delta Dac: 0.000051
Magnet settling time: 2.097
Magnet settling complete
set_dac. change=True
setting magnet DAC
current  : 3.780484
requested: 3.780535
Delta Dac: 0.000051
Magnet settling time: 2.097
Magnet settling complete
set_dac. change=True
setting magnet DAC
current  : 3.780535
requested: 3.780585
Delta Dac: 0.000051
Magnet settling time: 2.097
load indicator states
Magnet settling complete
set_dac. change=True
setting magnet DAC
current  : 3.780585
requested: 3.780636
Delta Dac: 0.000051
Magnet settling time: 2.097
Magnet settling complete
set_dac. change=True
setting magnet DAC
current  : 3.780636
requested: 3.780686
Delta Dac: 0.000051
Magnet settling time: 2.097
Magnet settling complete
set_dac. change=True
setting magnet DAC
current  : 3.780686
requested: 3.780737
Delta Dac: 0.000051
Magnet settling time: 2.097
Magnet settling complete
set_dac. change=True
setting magnet DAC
current  : 3.780737
requested: 3.780787
Delta Dac: 0.000051
Magnet settling time: 2.097
load indicator states
Magnet settling complete
set_dac. change=True
setting magnet DAC
current  : 3.780787
requested: 3.780838
Delta Dac: 0.000051
Magnet settling time: 2.097
Magnet settling complete
set_dac. change=True
setting magnet DAC
current  : 3.780838
requested: 3.780888
Delta Dac: 0.000051
Magnet settling time: 2.097
Magnet settling complete
set_dac. change=True
setting magnet DAC
current  : 3.780888
requested: 3.780939
Delta Dac: 0.000051
Magnet settling time: 2.097
Magnet settling complete
set_dac. change=True
setting magnet DAC
current  : 3.780939
requested: 3.780989
Delta Dac: 0.000051
Magnet settling time: 2.097
Magnet settling complete
set_dac. change=True
setting magnet DAC
current  : 3.780989
requested: 3.781040
Delta Dac: 0.000051
Magnet settling time: 2.097
load indicator states
Magnet settling complete
set_dac. change=True
setting magnet DAC
current  : 3.781040
requested: 3.781090
Delta Dac: 0.000051
Magnet settling time: 2.097
Magnet settling complete
set_dac. change=True
result of _do_sweep=True
result of _calculate_peak_center=([3.7771472886356676, 3.7785951844272505, 3.7800430802188338], [0.92219852382626377, 5.1049120329348634, 0.85954791195358127], 3.7786653247078119, 5.1049120329348634)
Failed to find a valid peak. No peak greater than 1.0. max = 0.0803948918413
Failed to find a valid peak. No peak greater than 1.0. max = 0.322125125285
new center pos Detector(H2) (Ar40) @ 3.77859518443
GetHighVoltage ===>> 9900.05340657664
dac uncorrected for HV and deflection 3.77858507005
update mftable H2 Ar40 3.77858507005 message=automated run peakcenter
get initial guess parabolic
get initial guess parabolic
get initial guess parabolic
get initial guess parabolic
get initial guess parabolic
dump mftable to /Users/labuser/Pychron/setupfiles/spectrometer/mftables/mftable.csv
setting magnet DAC
current  : 3.781090
requested: 3.778595
Delta Dac: 0.002495
SetMagnetDAC 3.77859518443 ===>> OK
Magnet settling time: 0.500
sweep finished
Magnet settling complete
set_dac. change=True
Failed to find a valid peak. No peak greater than 1.0. max = 0.0803948918413
Failed to find a valid peak. No peak greater than 1.0. max = 0.322125125285
flush and close file /Users/labuser/Pychron/data/isotopes/2a/352069-171c-4adc-b9ee-0c88417509d5.h5
executed snippet estimated_duration=656.08, duration=791.593390942
helix_air.py completed successfully
Measurement Finished
15:06:06 -- ******* Measurement Finished *******
Post Measurement Started helix_pump_ms.py
15:06:06 -- ******* Post Measurement Started helix_pump_ms.py *******
testing...
no interpolation path defined
executed snippet estimated_duration=0, duration=3.38554382324e-05
open ('1',) {}
open name=1 desc=---
check software interlocks 1
interlocks []
actuate state mode=None-script, software_lock=False
doing actuation None-script open_channel True
Open Valve Ion Pump Set ===>> OK
change switch state (True, True)
15:06:06 -- OPEN   VALVE-1 (MSIonPump)
-------------------------- open 1 () result=[(True, True)]
action=open, ok=True, locked=[False]
executed snippet estimated_duration=0, duration=0.276566028595
helix_pump_ms.py completed successfully
setting _ms_pumptime
Post Measurement Finished
15:06:07 -- ******* Post Measurement Finished *******
$$$$$$$$$$$$$$$$$$$$ state at run end measurement
state changed from measurement to success
post measurement save measured=True aborted=False
Set filtering
setting fod for Ar40= {'filter_outliers': True, 'std_devs': 2, 'iterations': 1}
setting fod for H2= {'filter_outliers': True, 'std_devs': 2, 'iterations': 1}
setting fod for Ar36= {'filter_outliers': True, 'std_devs': 2, 'iterations': 1}
setting fod for L2(CDD)= {'filter_outliers': True, 'std_devs': 2, 'iterations': 1}
setting fod for Ar37= {'filter_outliers': True, 'std_devs': 2, 'iterations': 1}
setting fod for L1= {'filter_outliers': True, 'std_devs': 2, 'iterations': 1}
setting fod for Ar38= {'filter_outliers': True, 'std_devs': 2, 'iterations': 1}
setting fod for AX= {'filter_outliers': True, 'std_devs': 2, 'iterations': 1}
setting fod for Ar39= {'filter_outliers': True, 'std_devs': 2, 'iterations': 1}
setting fod for H1= {'filter_outliers': True, 'std_devs': 2, 'iterations': 1}
persistence save...
persistence save - db
post measurement save
5152486032 connecting to database sqlite:////Users/labuser/Pychron/.appdata/local_lab.db
connected to db sqlite:////Users/labuser/Pychron/.appdata/local_lab.db
create new session 5152486032
close session 5152486032
No database instance. Not saving post measurement to isotopedb database
$$$$$$$$$$$$$$$ auto_save_detector_ic=False
persistence save - dvc
================= post measurement started
create new session 4987909136
close session 4987909136
---------------- Experiment Queue saving disabled
DVC saving peakcenter
Failed to find a valid peak. No peak greater than 1.0. max = 0.0803948918413
Failed to find a valid peak. No peak greater than 1.0. max = 0.322125125285
Popen(['git', 'fetch', 'origin'], cwd=/Users/labuser/Pychron/data/.dvc/repositories/Helix_air180, universal_newlines=False, shell=None)
Popen(['git', 'status', '-sb'], cwd=/Users/labuser/Pychron/data/.dvc/repositories/Helix_air180, universal_newlines=False, shell=None)
Smart pull ahead: 0 behind: 0
Up-to-date with origin
add to repo msg=modified - 4129894b2fe4f803c62ab55dc36083dc4c4db8da.json
add to repo msg=modified - -H-87.json
add to repo msg=modified - -H-87.dat.json
add to repo msg=modified - -H-87.blan.json
add to repo msg=modified - -H-87.inte.json
add to repo msg=modified - -H-87.icfa.json
add to repo msg=modified - -H-87.base.json
not at valid file /Users/labuser/Pychron/data/.dvc/repositories/Helix_air180/ba-01/tags/-H-87.tags.json
add to repo msg=modified - -H-87.peak.json
add to repo msg=modified - -H-87.extr.json
not at valid file /Users/labuser/Pychron/data/.dvc/repositories/Helix_air180/ba-01/monitor/-H-87.moni.json
commit message=<COLLECTION>
Popen(['git', 'cat-file', '--batch-check'], cwd=/Users/labuser/Pychron/data/.dvc/repositories/Helix_air180, universal_newlines=False, shell=None)
Popen(['git', 'cat-file', '--batch'], cwd=/Users/labuser/Pychron/data/.dvc/repositories/Helix_air180, universal_newlines=False, shell=None)
add to repo msg=modified - -H-87.inte.json
add to repo msg=modified - -H-87.base.json
commit message=<ISOEVO> default collection fits
add to repo msg=modified - -H-87.blan.json
commit message=<BLANKS> preceding ba-01-H-87
add to repo msg=modified - -H-87.icfa.json
commit message=<ICFactor> default
push repository <pychron.git_archive.repo_manager.GitRepoManager object at 0x13be0f890>
pushing to remote=origin, url=https://github.com
Popen(['git', 'push', 'origin', 'master'], cwd=/Users/labuser/Pychron/data/.dvc/repositories/Helix_air180, universal_newlines=False, shell=None)
load indicator states
Popen(['git', 'fetch', 'origin'], cwd=/Users/labuser/Pychron/data/.dvc/MetaData, universal_newlines=False, shell=None)
Popen(['git', 'status', '-sb'], cwd=/Users/labuser/Pychron/data/.dvc/MetaData, universal_newlines=False, shell=None)
Popen(['git', 'diff', 'HEAD', '--name-only'], cwd=/Users/labuser/Pychron/data/.dvc/MetaData, universal_newlines=False, shell=None)
no changes to meta repo
Popen(['git', 'push', 'origin', 'master'], cwd=/Users/labuser/Pychron/data/.dvc/MetaData, universal_newlines=False, shell=None)
create new session 4987909136
add association Helix_air180
get identifier "ba-01-H"
setting analysis irradiation position=<pychron.dvc.dvc_orm.IrradiationPositionTbl object at 0x12fe5aad0>
close session 4987909136
================= post measurement finished
15:06:18 -- ******* Post Run Check *******
loading queue conditionals post_run_actions
loading system conditionals post_run_actions
loading conditionals from /Users/labuser/Pychron/setupfiles/spectrometer/default_conditionals.yaml
loading queue conditionals post_run_terminations
loading system conditionals post_run_terminations
loading conditionals from /Users/labuser/Pychron/setupfiles/spectrometer/default_conditionals.yaml
15:06:18 -- ******* Post Run Check Passed *******
15:06:18 -- Automated run ba-01-H-87 success duration: 919.610 s
----------------- finish -----------------
----------------- stop -----------------
retroactive repository identifiers disabled
finish run. runs completed=9
update duration runid=ba-01-H-87, duration=919.609617949, md5=060fae79
loading script "helix_air.py"
loading script "helix_pump_ms.py"
loading script "helix_air.py"
loading script "helix_pump_prep.py"
testing...
no interpolation path defined
executed snippet estimated_duration=656.08, duration=0.000351190567017
script duration name:air seconds:656.0
loading script "helix_air.py"
loading script "helix_pump_ms.py"
loading script "helix_air.py"
loading script "helix_pump_prep.py"
testing...
no interpolation path defined
executed snippet estimated_duration=0, duration=3.48091125488e-05
air in script context. using previous estimated duration
script duration name:air seconds:656.0
loading script "helix_air.py"
loading script "helix_pump_ms.py"
loading script "helix_air.py"
loading script "helix_pump_prep.py"
testing...
no interpolation path defined
executed snippet estimated_duration=28.0, duration=0.000243902206421
Script duration 1312.0
Run total estimated duration= 1313.000
script duration name:air seconds:656.0
pump_ms in script context. using previous estimated duration
script duration name:air seconds:656.0
pump_prep in script context. using previous estimated duration
Script duration 1312.0
Run total estimated duration= 1313.000
script duration name:air seconds:656.0
script duration name:air seconds:656.0
Script duration 1312.0
Run total estimated duration= 1313.000
script duration name:air seconds:656.0
script duration name:air seconds:656.0
Script duration 1312.0
Run total estimated duration= 1313.000
script duration name:air seconds:656.0
script duration name:air seconds:656.0
Script duration 1312.0
Run total estimated duration= 1313.000
script duration name:air seconds:656.0
script duration name:air seconds:656.0
Script duration 1312.0
Run total estimated duration= 1313.000
script duration name:air seconds:656.0
script duration name:air seconds:656.0
Script duration 1312.0
Run total estimated duration= 1313.000
script duration name:air seconds:656.0
script duration name:air seconds:656.0
Script duration 1312.0
Run total estimated duration= 1313.000
script duration name:air seconds:656.0
script duration name:air seconds:656.0
Script duration 1312.0
Run total estimated duration= 1313.000
script duration name:air seconds:656.0
script duration name:air seconds:656.0
Script duration 1312.0
Run total estimated duration= 1313.000
script duration name:air seconds:656.0
script duration name:air seconds:656.0
Script duration 1312.0
Run total estimated duration= 1313.000
script duration name:air seconds:656.0
script duration name:air seconds:656.0
Script duration 1312.0
Run total estimated duration= 1313.000
script duration name:air seconds:656.0
script duration name:air seconds:656.0
Script duration 1312.0
Run total estimated duration= 1313.000
script duration name:air seconds:656.0
script duration name:air seconds:656.0
Script duration 1312.0
Run total estimated duration= 1313.000
script duration name:air seconds:656.0
script duration name:air seconds:656.0
Script duration 1312.0
Run total estimated duration= 1313.000
script duration name:air seconds:656.0
script duration name:air seconds:656.0
Script duration 1312.0
Run total estimated duration= 1313.000
script duration name:air seconds:656.0
script duration name:air seconds:656.0
Script duration 1312.0
Run total estimated duration= 1313.000
script duration name:air seconds:656.0
script duration name:air seconds:656.0
Script duration 1312.0
Run total estimated duration= 1313.000
script duration name:air seconds:656.0
script duration name:air seconds:656.0
Script duration 1312.0
Run total estimated duration= 1313.000
script duration name:air seconds:656.0
script duration name:air seconds:656.0
Script duration 1312.0
Run total estimated duration= 1313.000
script duration name:air seconds:656.0
script duration name:air seconds:656.0
Script duration 1312.0
Run total estimated duration= 1313.000
script duration name:air seconds:656.0
script duration name:air seconds:656.0
Script duration 1312.0
Run total estimated duration= 1313.000
script duration name:air seconds:656.0
script duration name:air seconds:656.0
Script duration 1312.0
Run total estimated duration= 1313.000
script duration name:air seconds:656.0
script duration name:air seconds:656.0
Script duration 1312.0
Run total estimated duration= 1313.000
script duration name:air seconds:656.0
script duration name:air seconds:656.0
Script duration 1312.0
Run total estimated duration= 1313.000
script duration name:air seconds:656.0
script duration name:air seconds:656.0
Script duration 1312.0
Run total estimated duration= 1313.000
script duration name:air seconds:656.0
script duration name:air seconds:656.0
Script duration 1312.0
Run total estimated duration= 1313.000
script duration name:air seconds:656.0
script duration name:air seconds:656.0
Script duration 1312.0
Run total estimated duration= 1313.000
nruns=28 before=5.0, run_dur=36764.0, btw=810.0
write rem/ex queues
/Users/labuser/Pychron/experiments/rem/BABA.rem.txt
/Users/labuser/Pychron/experiments/rem/BABA.ex.txt
doing event level: 3
