do run
loading script "helix_air.py"
loading script "helix_pump_ms.py"
loading script "helix_air.py"
loading script "helix_pump_prep.py"
testing...
no interpolation path defined
executed snippet estimated_duration=656.08, duration=0.000241994857788
script duration name:air seconds:656.0
loading script "helix_air.py"
loading script "helix_pump_ms.py"
loading script "helix_air.py"
loading script "helix_pump_prep.py"
testing...
no interpolation path defined
executed snippet estimated_duration=0, duration=2.21729278564e-05
air in script context. using previous estimated duration
script duration name:air seconds:656.0
loading script "helix_air.py"
loading script "helix_pump_ms.py"
loading script "helix_air.py"
loading script "helix_pump_prep.py"
testing...
no interpolation path defined
executed snippet estimated_duration=28.0, duration=0.000170946121216
Script duration 1312.0
Run total estimated duration= 1313.000
run duration: 0:21:53
doing event level: 2
----------------- start -----------------
**************** Experiment Type: Ar/Ar, Ar/Ar
$$$$$ Clearing conditionals
adding conditionals 
Add queue conditionals
add default conditionals
adding default conditionals from /Users/labuser/Pychron/setupfiles/spectrometer/default_conditionals.yaml
Start automated run ba-01-H-86
loading script "helix_air.py"
loading script "helix_pump_ms.py"
loading script "helix_air.py"
loading script "helix_pump_prep.py"
%%%%%%%%%%%%%%%%%% setting automated run ba-01-H-86
No value "sensitivity_multiplier" in metadata
$$$$$$$$$$$$$$$ auto_save_detector_ic=False
============================= Pre Extraction Check =============================
loading queue conditionals pre_run_terminations
loading system conditionals pre_run_terminations
loading conditionals from /Users/labuser/Pychron/setupfiles/spectrometer/default_conditionals.yaml
18:02:55 -- ******* Pre Extraction Check *******
Get a measurement from the spectrometer
Pre Extraction Termination data. keys=L2(CDD),H2,H1,AX,L1, signals=0.03591,5.39977,0.27061,-0.52470,-0.07740
18:02:55 -- testing system defined conditionals
Checking default pre extraction terminations n=1
testing L2_CDD_
evaluate ot="L2(CDD).inactive" t="L2_CDD_", ctx="{'L2_CDD_': False}"
18:02:55 -- ******* Pre Extraction Check Passed *******
=================================================================================
start extraction
do extraction
Analysis started at 18:02:55.628356
Extraction Started helix_air.py
18:02:55 -- ******* Extraction Started helix_air.py *******
state changed from not run to extraction
DO EXTRACTION <pychron.extraction_line.pyscript_runner.PyScriptRunner object at 0x12b513710>
testing...
no interpolation path defined
executed snippet estimated_duration=222.0, duration=0.000509977340698
Air pipette
open ('3',) {}
open name=3 desc=---
check software interlocks 3
interlocks []
actuate state mode=None-script, software_lock=False
doing actuation None-script open_channel False
ROUT:OPEN (@103)
change switch state (True, True)
18:02:55 -- OPEN   VALVE-3 (SecondToIP)
-------------------------- open 3 () result=[(True, True)]
action=open, ok=True, locked=[False]
close ('2',) {}
close name=2 desc=---
check software interlocks 2
interlocks []
actuate state mode=None-script, software_lock=False
doing actuation None-script close_channel False
ROUT:CLOSE (@102)
load indicator states
change switch state (True, True)
18:02:55 -- CLOSE  VALVE-2 (ExtrToMS)
-------------------------- close 2 () result=[(True, True)]
action=close, ok=True, locked=[False]
open ('1',) {}
open name=1 desc=---
check software interlocks 1
interlocks []
actuate state mode=None-script, software_lock=False
doing actuation None-script open_channel False
Open Valve Ion Pump Set ===>> OK
change switch state (True, True)
18:02:56 -- OPEN   VALVE-1 (MSIonPump)
-------------------------- open 1 () result=[(True, True)]
action=open, ok=True, locked=[False]
close ('8',) {}
close name=8 desc=---
check software interlocks 8
interlocks []
actuate state mode=None-script, software_lock=False
doing actuation None-script close_channel False
ROUT:CLOSE (@108)
change switch state (True, True)
18:02:56 -- CLOSE  VALVE-8 (Sample1toFirst)
-------------------------- close 8 () result=[(True, True)]
action=close, ok=True, locked=[False]
close ('9',) {}
close name=9 desc=---
check software interlocks 9
interlocks []
actuate state mode=None-script, software_lock=False
doing actuation None-script close_channel False
ROUT:CLOSE (@109)
change switch state (True, True)
18:02:56 -- CLOSE  VALVE-9 (Sample2toFirst)
-------------------------- close 9 () result=[(True, True)]
action=close, ok=True, locked=[False]
close ('7',) {}
close name=7 desc=---
check software interlocks 7
interlocks ['6']
actuate state mode=None-script, software_lock=False
doing actuation None-script close_channel False
ROUT:CLOSE (@107)
change switch state (True, True)
18:02:57 -- CLOSE  VALVE-7 (APInner)
-------------------------- close 7 () result=[(True, True)]
action=close, ok=True, locked=[False]
open ('5',) {}
open name=5 desc=---
check software interlocks 5
interlocks []
actuate state mode=None-script, software_lock=False
doing actuation None-script open_channel False
ROUT:OPEN (@105)
change switch state (True, True)
18:02:57 -- OPEN   VALVE-5 (FirstToTurbo)
-------------------------- open 5 () result=[(True, True)]
action=open, ok=True, locked=[False]
open ('11',) {}
open name=11 desc=---
check software interlocks 11
interlocks []
actuate state mode=None-script, software_lock=False
doing actuation None-script open_channel False
ROUT:OPEN (@111)
change switch state (True, True)
18:02:57 -- OPEN   VALVE-11 (APSafety)
-------------------------- open 11 () result=[(True, True)]
action=open, ok=True, locked=[False]
open ('6',) {}
open name=6 desc=---
check software interlocks 6
interlocks ['7']
actuate state mode=None-script, software_lock=False
doing actuation None-script open_channel True
ROUT:OPEN (@106)
change switch state (True, True)
18:02:58 -- OPEN   VALVE-6 (APOuter)
-------------------------- open 6 () result=[(True, True)]
action=open, ok=True, locked=[False]
sleep (15,) {}
SLEEP 15.0
block started
WaitControl setup for 15.0  
load indicator states
Join finished
block finished. duration 15.0732028484
close ('6',) {}
close name=6 desc=---
check software interlocks 6
interlocks ['7']
actuate state mode=None-script, software_lock=False
doing actuation None-script close_channel True
ROUT:CLOSE (@106)
change switch state (True, True)
18:03:13 -- CLOSE  VALVE-6 (APOuter)
-------------------------- close 6 () result=[(True, True)]
action=close, ok=True, locked=[False]
sleep (2,) {}
SLEEP 2.0
block started
WaitControl setup for 2.0  
Join finished
block finished. duration 2.01204204559
Blank. Not filling pipette
sleep (30,) {}
SLEEP 30.0
block started
WaitControl setup for 30.0  
load indicator states
load indicator states
load indicator states
Join finished
block finished. duration 30.1516959667
close ('7',) {}
close name=7 desc=---
check software interlocks 7
interlocks ['6']
actuate state mode=None-script, software_lock=False
doing actuation None-script close_channel False
ROUT:CLOSE (@107)
change switch state (True, True)
18:03:45 -- CLOSE  VALVE-7 (APInner)
-------------------------- close 7 () result=[(True, True)]
action=close, ok=True, locked=[False]
close ('5',) {}
close name=5 desc=---
check software interlocks 5
interlocks []
actuate state mode=None-script, software_lock=False
doing actuation None-script close_channel True
ROUT:CLOSE (@105)
change switch state (True, True)
18:03:46 -- CLOSE  VALVE-5 (FirstToTurbo)
-------------------------- close 5 () result=[(True, True)]
action=close, ok=True, locked=[False]
close ('4',) {}
close name=4 desc=---
check software interlocks 4
interlocks []
actuate state mode=None-script, software_lock=False
doing actuation None-script close_channel False
ROUT:CLOSE (@104)
change switch state (True, True)
18:03:46 -- CLOSE  VALVE-4 (FirstToSecondStage)
-------------------------- close 4 () result=[(True, True)]
action=close, ok=True, locked=[False]
sleep (2,) {}
SLEEP 2.0
block started
WaitControl setup for 2.0  
load indicator states
Join finished
block finished. duration 2.03196501732
open ('6',) {}
open name=6 desc=---
check software interlocks 6
interlocks ['7']
actuate state mode=None-script, software_lock=False
doing actuation None-script open_channel True
ROUT:OPEN (@106)
change switch state (True, True)
18:03:48 -- OPEN   VALVE-6 (APOuter)
-------------------------- open 6 () result=[(True, True)]
action=open, ok=True, locked=[False]
first stage cleanup
sleep (30,) {}
SLEEP 30.0
block started
WaitControl setup for 30.0  
load indicator states
load indicator states
load indicator states
Join finished
block finished. duration 30.1276679039
close ('3',) {}
close name=3 desc=---
check software interlocks 3
interlocks []
actuate state mode=None-script, software_lock=False
doing actuation None-script close_channel True
ROUT:CLOSE (@103)
change switch state (True, True)
18:04:19 -- CLOSE  VALVE-3 (SecondToIP)
-------------------------- close 3 () result=[(True, True)]
action=close, ok=True, locked=[False]
sleep (2,) {}
SLEEP 2.0
block started
WaitControl setup for 2.0  
Join finished
block finished. duration 2.01876378059
open ('4',) {}
open name=4 desc=---
check software interlocks 4
interlocks []
actuate state mode=None-script, software_lock=False
doing actuation None-script open_channel True
ROUT:OPEN (@104)
change switch state (True, True)
18:04:21 -- OPEN   VALVE-4 (FirstToSecondStage)
-------------------------- open 4 () result=[(True, True)]
action=open, ok=True, locked=[False]
second stage cleanup
sleep (30,) {}
SLEEP 30.0
block started
WaitControl setup for 30.0  
load indicator states
load indicator states
load indicator states
Join finished
block finished. duration 30.1134390831
executed snippet estimated_duration=333.0, duration=116.274034023
helix_air.py completed successfully
no extraction action
Requested Output= 0.000
Achieved Output=  0.000
no extraction action
no extraction action
no extraction action
no extraction action
persistence save...
persistence save - db
AutomatedRunPersister post_extraction_save deprecated
persistence save - dvc
no extraction position for 
Popen(['git', 'cat-file', '--batch-check'], cwd=/Users/labuser/Pychron/data/.dvc/MetaData, universal_newlines=False, shell=None)
Extraction Finished
18:04:51 -- ******* Extraction Finished *******
no overlap. not waiting for min ms pumptime
start measurement
do measurement
L#=ba-01-H analysis type=blank_air
Measurement Started helix_air.py
18:04:51 -- ******* Measurement Started helix_air.py *******
state changed from extraction to measurement
setting spec, defl, and gains
GetExtractionLens ===>> 18.29
GetYSymmetry ===>> 19.07
GetZSymmetry ===>> 19.51
GetZFocus ===>> 9.74
GetDeflection L2(CDD) ===>> Error: Invalid Command
Failed reading L2(CDD) deflection. Error=could not convert string to float: Error: Invalid Command. Using previous value 0
GetGain H2 ===>> 0.986484670899424
GetGain H1 ===>> 1.01080515922087
GetGain AX ===>> 1.0071313708941
GetGain L1 ===>> 1.00793592600847
GetGain L2(CDD) ===>> 0
pre measurement save
New frame /Users/labuser/Pychron/data/isotopes/41/8fb443-99e9-43d3-976a-8159af32e55e.h5
flush and close file /Users/labuser/Pychron/data/isotopes/41/8fb443-99e9-43d3-976a-8159af32e55e.h5
testing...
no interpolation path defined
executed snippet estimated_duration=656.08, duration=0.00025486946106
activate_detectors ('H2', 'H1', 'AX', 'L1', 'L2(CDD)') {}
activate detectors
*************** Set Analysis View Ar/Ar
create graphs
clearing graphs
clear isotope group
setting isotope det=H2, iso=Ar40
setting isotope det=H1, iso=Ar39
setting isotope det=AX, iso=Ar38
setting isotope det=L1, iso=Ar37
setting isotope det=L2(CDD), iso=Ar36
load analysis view
position_magnet ('Ar40',) {'detector': 'H2'}
detector Detector(H2)
POSITION Ar40 H2
setting detector H2 to Ar40 (39.962)
setting detector H1 to Ar39 (38.962)
setting detector AX to Ar38 (37.962)
setting detector L1 to Ar37 (36.962)
setting detector L2(CDD) to Ar36 (35.962)
Mapping mass to dac mass func: "parabolic"
H2 map mass coeffs = [  2.53589168e-02  -1.84786063e+00   3.71254678e+01]
H2 map mass to dac 39.962 >> 3.77847356713
GetHighVoltage ===>> 9900
positioning Ar40 (3.77847356713) on H2
setting magnet DAC
current  : 3.778474
requested: 3.778474
Delta Dac: 0.000000
SetMagnetDAC 3.77847356713 ===>> OK
set_dac. change=False
equilibrate () {'inlet': '2', 'outlet': '1', 'eqtime': 45.0}
Equilibration Started
18:04:52 -- ******* Equilibration Started *******
check software interlocks 1
interlocks []
actuate state mode=None-script, software_lock=False
doing actuation None-script close_channel True
Close Valve Ion Pump Set ===>> OK
change switch state (True, True)
18:04:52 -- CLOSE  VALVE-1 (MSIonPump)
waiting 3s before opening inlet value ('2',)
update labels <pychron.experiment.plot_panel.PlotPanel object at 0x1286c8650>
update labels "<pychron.graph.stacked_regression_graph.StackedRegressionGraph object at 0x13d543710>"
setting label 0 H2 Ar40
setting label 1 H1 Ar39
setting label 2 AX Ar38
setting label 3 L1 Ar37
setting label 4 L2(CDD) Ar36
update labels "<pychron.graph.stacked_graph.StackedGraph object at 0x13d664890>"
setting label 0 H2 Ar40
setting label 1 H1 Ar39
setting label 2 AX Ar38
setting label 3 L1 Ar37
setting label 4 L2(CDD) Ar36
check software interlocks 2
interlocks []
actuate state mode=None-script, software_lock=False
doing actuation None-script open_channel True
ROUT:OPEN (@102)
change switch state (True, True)
18:04:55 -- OPEN   VALVE-2 (ExtrToMS)
set_time_zero () {}
equilibrating for 45.0sec
sniff (45.0,) {}
py_sniff
build tables- sniff [Detector(H2), Detector(H1), Detector(AX), Detector(L1), Detector(L2(CDD))]
add group /sniff/Ar40 (Group) '' table H2
add group /sniff/Ar39 (Group) '' table H1
add group /sniff/Ar38 (Group) '' table AX
add group /sniff/Ar37 (Group) '' table L1
add group /sniff/Ar36 (Group) '' table L2(CDD)
flush and close file /Users/labuser/Pychron/data/isotopes/41/8fb443-99e9-43d3-976a-8159af32e55e.h5
measuring sniff. ncounts=45.0
"sniff" increment series count="1" fit count="0" regressing="False"
starting measurement
load indicator states
load indicator states
18:05:20 -- collecting point 25
load indicator states
load indicator states
Equilibration Finished
18:05:41 -- ******* Equilibration Finished *******
check software interlocks 2
interlocks []
actuate state mode=None-script, software_lock=False
doing actuation None-script close_channel True
ROUT:CLOSE (@102)
change switch state (True, True)
18:05:41 -- CLOSE  VALVE-2 (ExtrToMS)
Post Equilibration Started helix_pump_prep.py
18:05:41 -- ******* Post Equilibration Started helix_pump_prep.py *******
testing...
no interpolation path defined
executed snippet estimated_duration=28.0, duration=0.000230073928833
close ('6',) {}
close name=6 desc=---
check software interlocks 6
interlocks ['7']
actuate state mode=None-script, software_lock=False
doing actuation None-script close_channel True
ROUT:CLOSE (@106)
change switch state (True, True)
18:05:41 -- CLOSE  VALVE-6 (APOuter)
-------------------------- close 6 () result=[(True, True)]
action=close, ok=True, locked=[False]
open ('4',) {}
open name=4 desc=---
check software interlocks 4
interlocks []
actuate state mode=None-script, software_lock=False
doing actuation None-script open_channel False
ROUT:OPEN (@104)
change switch state (True, True)
18:05:41 -- OPEN   VALVE-4 (FirstToSecondStage)
-------------------------- open 4 () result=[(True, True)]
load indicator states
waiting for write to finish
measurement finished
estimated time: 45.000 actual time: :45.224
flush and close file /Users/labuser/Pychron/data/isotopes/41/8fb443-99e9-43d3-976a-8159af32e55e.h5
set_fits () {}
using default fits file=/Users/labuser/Pychron/scripts/measurement/fits/nominal.yaml
set "Ar40" to "('Parabolic', 'SEM')"
set "Ar36" to "('Parabolic', 'SEM')"
set "Ar37" to "('Linear', 'SEM')"
set "Ar38" to "('Linear', 'SEM')"
set "Ar39" to "('Linear', 'SEM')"
set_baseline_fits () {}
using default fits file=/Users/labuser/Pychron/scripts/measurement/fits/nominal.yaml
set "H2" to "('Average', 'SEM')"
set "L2(CDD)" to "('Average', 'SEM')"
set "L1" to "('Average', 'SEM')"
set "AX" to "('Average', 'SEM')"
set "H1" to "('Average', 'SEM')"
multicollect () {'ncounts': 400}
build tables- signal [Detector(H2), Detector(H1), Detector(AX), Detector(L1), Detector(L2(CDD))]
add group /signal/Ar40 (Group) '' table H2
add group /signal/Ar39 (Group) '' table H1
add group /signal/Ar38 (Group) '' table AX
add group /signal/Ar37 (Group) '' table L1
add group /signal/Ar36 (Group) '' table L2(CDD)
flush and close file /Users/labuser/Pychron/data/isotopes/41/8fb443-99e9-43d3-976a-8159af32e55e.h5
measuring signal. ncounts=400
action=open, ok=True, locked=[False]
sleep (2,) {}
SLEEP 2.0
block started
WaitControl setup for 2.0  
"signal" increment series count="2" fit count="1" regressing="True"
starting measurement
Join finished
block finished. duration 2.02169895172
open ('11',) {}
open name=11 desc=---
check software interlocks 11
interlocks []
actuate state mode=None-script, software_lock=False
doing actuation None-script open_channel False
ROUT:OPEN (@111)
change switch state (True, True)
18:05:43 -- OPEN   VALVE-11 (APSafety)
-------------------------- open 11 () result=[(True, True)]
action=open, ok=True, locked=[False]
open ('5',) {}
open name=5 desc=---
check software interlocks 5
interlocks []
actuate state mode=None-script, software_lock=False
doing actuation None-script open_channel True
ROUT:OPEN (@105)
change switch state (True, True)
18:05:44 -- OPEN   VALVE-5 (FirstToTurbo)
-------------------------- open 5 () result=[(True, True)]
action=open, ok=True, locked=[False]
sleep (10,) {}
SLEEP 10.0
block started
WaitControl setup for 10.0  
load indicator states
Join finished
block finished. duration 10.0673489571
close ('4',) {}
close name=4 desc=---
check software interlocks 4
interlocks []
actuate state mode=None-script, software_lock=False
doing actuation None-script close_channel True
ROUT:CLOSE (@104)
change switch state (True, True)
18:05:54 -- CLOSE  VALVE-4 (FirstToSecondStage)
-------------------------- close 4 () result=[(True, True)]
action=close, ok=True, locked=[False]
sleep (2,) {}
SLEEP 2.0
block started
WaitControl setup for 2.0  
Join finished
block finished. duration 2.02112698555
open ('3',) {}
open name=3 desc=---
check software interlocks 3
interlocks []
actuate state mode=None-script, software_lock=False
doing actuation None-script open_channel True
ROUT:OPEN (@103)
change switch state (True, True)
18:05:56 -- OPEN   VALVE-3 (SecondToIP)
-------------------------- open 3 () result=[(True, True)]
action=open, ok=True, locked=[False]
executed snippet estimated_duration=42.0, duration=15.9312000275
helix_pump_prep.py completed successfully
Post Equilibration Finished
18:05:57 -- ******* Post Equilibration Finished *******
load indicator states
18:06:06 -- collecting point 25
load indicator states
load indicator states
18:06:31 -- collecting point 50
load indicator states
load indicator states
load indicator states
18:06:56 -- collecting point 75
load indicator states
load indicator states
18:07:21 -- collecting point 100
load indicator states
load indicator states
load indicator states
18:07:46 -- collecting point 125
load indicator states
load indicator states
18:08:11 -- collecting point 150
load indicator states
load indicator states
18:08:36 -- collecting point 175
load indicator states
load indicator states
load indicator states
18:09:02 -- collecting point 200
load indicator states
load indicator states
18:09:27 -- collecting point 225
load indicator states
load indicator states
load indicator states
18:09:52 -- collecting point 250
load indicator states
load indicator states
18:10:17 -- collecting point 275
load indicator states
load indicator states
load indicator states
18:10:42 -- collecting point 300
load indicator states
load indicator states
18:11:07 -- collecting point 325
load indicator states
load indicator states
18:11:32 -- collecting point 350
load indicator states
load indicator states
load indicator states
18:11:57 -- collecting point 375
load indicator states
load indicator states
18:12:22 -- collecting point 400
waiting for write to finish
measurement finished
estimated time: 400.000 actual time: :401.599
flush and close file /Users/labuser/Pychron/data/isotopes/41/8fb443-99e9-43d3-976a-8159af32e55e.h5
baselines () {'detector': 'H2', 'mass': 39.59, 'ncounts': 120}
%%%%%%%%%%%%%%%%%%%%%%%%%%%%%%%% Baseline
build tables- baseline [Detector(H2), Detector(H1), Detector(AX), Detector(L1), Detector(L2(CDD))]
add group baseline table H2
add group baseline table H1
add group baseline table AX
add group baseline table L1
add group baseline table L2(CDD)
flush and close file /Users/labuser/Pychron/data/isotopes/41/8fb443-99e9-43d3-976a-8159af32e55e.h5
detector Detector(H2)
POSITION 39.59 H2
Mapping mass to dac mass func: "parabolic"
H2 map mass coeffs = [  2.53589168e-02  -1.84786063e+00   3.71254678e+01]
H2 map mass to dac 39.59 >> 3.71542257423
GetHighVoltage ===>> 9900
positioning 39.59 (3.71542257423) on H2
setting magnet DAC
current  : 3.778474
requested: 3.715423
Delta Dac: 0.063051
SetMagnetDAC 3.71542257423 ===>> OK
Magnet settling time: 0.500
Magnet settling complete
set_dac. change=True
Delaying 4s for detectors to settle
load indicator states
Join finished
measuring baseline. ncounts=120
"baseline" increment series count="2" fit count="1" regressing="True"
starting measurement
load indicator states
load indicator states
18:12:53 -- collecting point 25
load indicator states
load indicator states
load indicator states
18:13:18 -- collecting point 50
load indicator states
load indicator states
18:13:43 -- collecting point 75
load indicator states
load indicator states
load indicator states
18:14:08 -- collecting point 100
load indicator states
load indicator states
waiting for write to finish
measurement finished
estimated time: 120.000 actual time: :120.522
flush and close file /Users/labuser/Pychron/data/isotopes/41/8fb443-99e9-43d3-976a-8159af32e55e.h5
activate_detectors ('L2(CDD)', 'AX') {'peak_center': True}
peak_center () {'detector': 'H2', 'isotope': 'Ar40'}
peak center: mean=3.08180322958 threshold=3
peak center started
setup peak center. detector=['H2', 'L2(CDD)', 'AX'], isotope=Ar40
VersionedUnpickler [<apptools.sweet_pickle.versioned_unpickler.VersionedUnpickler object at 0x129949110>] using Updater [<apptools.sweet_pickle.updater.Updater object at 0x1307a24d0>]
VersionedUnpickler [<apptools.sweet_pickle.versioned_unpickler.VersionedUnpickler object at 0x129949110>] using Updater [<apptools.sweet_pickle.updater.Updater object at 0x1307a24d0>]
VersionedUnpickler [<apptools.sweet_pickle.versioned_unpickler.VersionedUnpickler object at 0x129949110>] using Updater [<apptools.sweet_pickle.updater.Updater object at 0x1307a24d0>]
Mapping mass to dac mass func: "parabolic"
H2 map mass coeffs = [  2.53589168e-02  -1.84786063e+00   3.71254678e+01]
H2 map mass to dac 39.962 >> 3.77847356713
GetHighVoltage ===>> 9900
do peak center. <pychron.spectrometer.jobs.peak_center.PeakCenter object at 0x12edafa70>
doing pc
starting peak center. center dac= 3.77847356713 step_width=5e-05
width = 5e-05
get scan parameters. half-width=0.0025,window=0.0025, i=0, scalar=1
Scan parameters center=3.77847 width=0.00500 (3.77597 - 3.78097)
Moving to starting dac 3.77597356713
setting magnet DAC
current  : 3.715423
requested: 3.775974
Delta Dac: 0.060551
SetMagnetDAC 3.77597356713 ===>> OK
Magnet settling time: 0.500
Magnet settling complete
set_dac. change=True
Wait until signal near baseline. tol= -0.0313897500648. timeout= 10
Peak center baseline intensity achieved
_do_sweep sm= 3.77597356713, em= 3.78097356713, stm= 5e-05
calculated step values: start=3.77597356713, end=3.78097356713, width=5e-05, nsteps=101.0
setting magnet DAC
current  : 3.775974
requested: 3.775974
Delta Dac: 0.000000
set_dac. change=False
setting magnet DAC
current  : 3.775974
requested: 3.776024
Delta Dac: 0.000051
Magnet settling time: 2.097
Magnet settling complete
set_dac. change=True
setting magnet DAC
current  : 3.776024
requested: 3.776075
Delta Dac: 0.000051
Magnet settling time: 2.097
Magnet settling complete
set_dac. change=True
setting magnet DAC
current  : 3.776075
requested: 3.776125
Delta Dac: 0.000051
Magnet settling time: 2.097
Magnet settling complete
set_dac. change=True
setting magnet DAC
current  : 3.776125
requested: 3.776176
Delta Dac: 0.000051
Magnet settling time: 2.097
Magnet settling complete
set_dac. change=True
setting magnet DAC
current  : 3.776176
requested: 3.776226
Delta Dac: 0.000051
Magnet settling time: 2.097
load indicator states
Magnet settling complete
set_dac. change=True
setting magnet DAC
current  : 3.776226
requested: 3.776277
Delta Dac: 0.000051
Magnet settling time: 2.097
Magnet settling complete
set_dac. change=True
setting magnet DAC
current  : 3.776277
requested: 3.776327
Delta Dac: 0.000051
Magnet settling time: 2.097
Magnet settling complete
set_dac. change=True
setting magnet DAC
current  : 3.776327
requested: 3.776378
Delta Dac: 0.000051
Magnet settling time: 2.097
Magnet settling complete
set_dac. change=True
setting magnet DAC
current  : 3.776378
requested: 3.776428
Delta Dac: 0.000051
Magnet settling time: 2.097
Magnet settling complete
set_dac. change=True
setting magnet DAC
current  : 3.776428
requested: 3.776479
Delta Dac: 0.000051
Magnet settling time: 2.097
load indicator states
Magnet settling complete
set_dac. change=True
setting magnet DAC
current  : 3.776479
requested: 3.776529
Delta Dac: 0.000051
Magnet settling time: 2.097
Magnet settling complete
set_dac. change=True
setting magnet DAC
current  : 3.776529
requested: 3.776580
Delta Dac: 0.000051
Magnet settling time: 2.097
Magnet settling complete
set_dac. change=True
setting magnet DAC
current  : 3.776580
requested: 3.776630
Delta Dac: 0.000051
Magnet settling time: 2.097
Magnet settling complete
set_dac. change=True
setting magnet DAC
current  : 3.776630
requested: 3.776681
Delta Dac: 0.000051
Magnet settling time: 2.097
load indicator states
Magnet settling complete
set_dac. change=True
setting magnet DAC
current  : 3.776681
requested: 3.776731
Delta Dac: 0.000051
Magnet settling time: 2.097
Magnet settling complete
set_dac. change=True
setting magnet DAC
current  : 3.776731
requested: 3.776782
Delta Dac: 0.000051
Magnet settling time: 2.097
Magnet settling complete
set_dac. change=True
setting magnet DAC
current  : 3.776782
requested: 3.776832
Delta Dac: 0.000051
Magnet settling time: 2.097
Magnet settling complete
set_dac. change=True
setting magnet DAC
current  : 3.776832
requested: 3.776883
Delta Dac: 0.000051
Magnet settling time: 2.097
Magnet settling complete
set_dac. change=True
setting magnet DAC
current  : 3.776883
requested: 3.776933
Delta Dac: 0.000051
Magnet settling time: 2.097
load indicator states
Magnet settling complete
set_dac. change=True
setting magnet DAC
current  : 3.776933
requested: 3.776984
Delta Dac: 0.000051
Magnet settling time: 2.097
Magnet settling complete
set_dac. change=True
setting magnet DAC
current  : 3.776984
requested: 3.777034
Delta Dac: 0.000051
Magnet settling time: 2.097
Magnet settling complete
set_dac. change=True
setting magnet DAC
current  : 3.777034
requested: 3.777085
Delta Dac: 0.000051
Magnet settling time: 2.097
Magnet settling complete
set_dac. change=True
setting magnet DAC
current  : 3.777085
requested: 3.777135
Delta Dac: 0.000051
Magnet settling time: 2.097
Magnet settling complete
set_dac. change=True
setting magnet DAC
current  : 3.777135
requested: 3.777186
============ Exception ==============
Delta Dac: 0.000051
Traceback (most recent call last):
File "/Users/labuser/miniconda2/envs/pychron2/lib/python2.7/site-packages/enable/qt4/base_window.py", line 198, in paintEvent
    self.handler.paintEvent(event)
File "/Users/labuser/miniconda2/envs/pychron2/lib/python2.7/site-packages/enable/qt4/base_window.py", line 50, in paintEvent
    self._enable_window._paint(event)
File "/Users/labuser/miniconda2/envs/pychron2/lib/python2.7/site-packages/enable/abstract_window.py", line 467, in _paint
    self.component.draw(gc, view_bounds=(0, 0, size[0], size[1]))
File "/Users/labuser/miniconda2/envs/pychron2/lib/python2.7/site-packages/enable/component.py", line 421, in draw
    self._draw(gc, view_bounds, mode)
File "/Users/labuser/miniconda2/envs/pychron2/lib/python2.7/site-packages/enable/component.py", line 773, in _draw
    self._dispatch_draw(layer, gc, view_bounds, mode)
File "/Users/labuser/miniconda2/envs/pychron2/lib/python2.7/site-packages/enable/container.py", line 327, in _dispatch_draw
    component._dispatch_draw(layer, gc, new_bounds, mode)
File "/Users/labuser/miniconda2/envs/pychron2/lib/python2.7/site-packages/enable/container.py", line 312, in _dispatch_draw
    my_handler(gc, view_bounds, mode)
File "/Users/labuser/miniconda2/envs/pychron2/lib/python2.7/site-packages/enable/container.py", line 352, in _draw_container_underlay
    self._draw_underlay(gc, view_bounds, mode)
File "/Users/labuser/miniconda2/envs/pychron2/lib/python2.7/site-packages/enable/component.py", line 881, in _draw_underlay
    underlay.overlay(self, gc, view_bounds, mode)
File "/Users/labuser/miniconda2/envs/pychron2/lib/python2.7/site-packages/chaco/grid.py", line 306, in overlay
    self._draw_component(gc, view_bounds, mode)
File "/Users/labuser/miniconda2/envs/pychron2/lib/python2.7/site-packages/chaco/grid.py", line 344, in _draw_component
    ends[:,0] = self._tick_extents[:,1]
IndexError: too many indices for array
============ End Exception ==========
Magnet settling time: 2.097
load indicator states
Magnet settling complete
set_dac. change=True
setting magnet DAC
current  : 3.777186
requested: 3.777236
Delta Dac: 0.000051
Magnet settling time: 2.097
Magnet settling complete
set_dac. change=True
setting magnet DAC
current  : 3.777236
requested: 3.777287
Delta Dac: 0.000051
Magnet settling time: 2.097
Magnet settling complete
set_dac. change=True
setting magnet DAC
current  : 3.777287
requested: 3.777337
Delta Dac: 0.000051
Magnet settling time: 2.097
Magnet settling complete
set_dac. change=True
setting magnet DAC
current  : 3.777337
requested: 3.777388
Delta Dac: 0.000051
Magnet settling time: 2.097
Magnet settling complete
set_dac. change=True
setting magnet DAC
current  : 3.777388
requested: 3.777438
Delta Dac: 0.000051
Magnet settling time: 2.097
load indicator states
Magnet settling complete
set_dac. change=True
setting magnet DAC
current  : 3.777438
requested: 3.777489
Delta Dac: 0.000051
Magnet settling time: 2.097
Magnet settling complete
set_dac. change=True
setting magnet DAC
current  : 3.777489
requested: 3.777539
============ Exception ==============
Delta Dac: 0.000051
Traceback (most recent call last):
File "/Users/labuser/miniconda2/envs/pychron2/lib/python2.7/site-packages/enable/qt4/base_window.py", line 198, in paintEvent
    self.handler.paintEvent(event)
File "/Users/labuser/miniconda2/envs/pychron2/lib/python2.7/site-packages/enable/qt4/base_window.py", line 50, in paintEvent
    self._enable_window._paint(event)
File "/Users/labuser/miniconda2/envs/pychron2/lib/python2.7/site-packages/enable/abstract_window.py", line 467, in _paint
    self.component.draw(gc, view_bounds=(0, 0, size[0], size[1]))
File "/Users/labuser/miniconda2/envs/pychron2/lib/python2.7/site-packages/enable/component.py", line 421, in draw
    self._draw(gc, view_bounds, mode)
File "/Users/labuser/miniconda2/envs/pychron2/lib/python2.7/site-packages/enable/component.py", line 773, in _draw
    self._dispatch_draw(layer, gc, view_bounds, mode)
File "/Users/labuser/miniconda2/envs/pychron2/lib/python2.7/site-packages/enable/container.py", line 327, in _dispatch_draw
    component._dispatch_draw(layer, gc, new_bounds, mode)
File "/Users/labuser/miniconda2/envs/pychron2/lib/python2.7/site-packages/enable/container.py", line 312, in _dispatch_draw
    my_handler(gc, view_bounds, mode)
File "/Users/labuser/miniconda2/envs/pychron2/lib/python2.7/site-packages/enable/container.py", line 352, in _draw_container_underlay
    self._draw_underlay(gc, view_bounds, mode)
File "/Users/labuser/miniconda2/envs/pychron2/lib/python2.7/site-packages/enable/component.py", line 881, in _draw_underlay
    underlay.overlay(self, gc, view_bounds, mode)
File "/Users/labuser/miniconda2/envs/pychron2/lib/python2.7/site-packages/chaco/grid.py", line 306, in overlay
    self._draw_component(gc, view_bounds, mode)
File "/Users/labuser/miniconda2/envs/pychron2/lib/python2.7/site-packages/chaco/grid.py", line 344, in _draw_component
    ends[:,0] = self._tick_extents[:,1]
IndexError: too many indices for array
============ End Exception ==========
Magnet settling time: 2.097
Magnet settling complete
set_dac. change=True
setting magnet DAC
current  : 3.777539
requested: 3.777590
Delta Dac: 0.000051
Magnet settling time: 2.097
Magnet settling complete
set_dac. change=True
setting magnet DAC
current  : 3.777590
requested: 3.777640
Delta Dac: 0.000051
Magnet settling time: 2.097
Magnet settling complete
set_dac. change=True
setting magnet DAC
current  : 3.777640
requested: 3.777691
Delta Dac: 0.000051
Magnet settling time: 2.097
load indicator states
Magnet settling complete
set_dac. change=True
setting magnet DAC
current  : 3.777691
requested: 3.777741
Delta Dac: 0.000051
Magnet settling time: 2.097
Magnet settling complete
set_dac. change=True
setting magnet DAC
current  : 3.777741
requested: 3.777792
Delta Dac: 0.000051
Magnet settling time: 2.097
Magnet settling complete
set_dac. change=True
setting magnet DAC
current  : 3.777792
requested: 3.777842
Delta Dac: 0.000051
Magnet settling time: 2.097
Magnet settling complete
set_dac. change=True
setting magnet DAC
current  : 3.777842
requested: 3.777893
============ Exception ==============
Delta Dac: 0.000051
Traceback (most recent call last):
File "/Users/labuser/miniconda2/envs/pychron2/lib/python2.7/site-packages/enable/qt4/base_window.py", line 198, in paintEvent
    self.handler.paintEvent(event)
File "/Users/labuser/miniconda2/envs/pychron2/lib/python2.7/site-packages/enable/qt4/base_window.py", line 50, in paintEvent
    self._enable_window._paint(event)
File "/Users/labuser/miniconda2/envs/pychron2/lib/python2.7/site-packages/enable/abstract_window.py", line 467, in _paint
    self.component.draw(gc, view_bounds=(0, 0, size[0], size[1]))
File "/Users/labuser/miniconda2/envs/pychron2/lib/python2.7/site-packages/enable/component.py", line 421, in draw
    self._draw(gc, view_bounds, mode)
File "/Users/labuser/miniconda2/envs/pychron2/lib/python2.7/site-packages/enable/component.py", line 773, in _draw
    self._dispatch_draw(layer, gc, view_bounds, mode)
File "/Users/labuser/miniconda2/envs/pychron2/lib/python2.7/site-packages/enable/container.py", line 327, in _dispatch_draw
    component._dispatch_draw(layer, gc, new_bounds, mode)
File "/Users/labuser/miniconda2/envs/pychron2/lib/python2.7/site-packages/enable/container.py", line 312, in _dispatch_draw
    my_handler(gc, view_bounds, mode)
File "/Users/labuser/miniconda2/envs/pychron2/lib/python2.7/site-packages/enable/container.py", line 352, in _draw_container_underlay
    self._draw_underlay(gc, view_bounds, mode)
File "/Users/labuser/miniconda2/envs/pychron2/lib/python2.7/site-packages/enable/component.py", line 881, in _draw_underlay
    underlay.overlay(self, gc, view_bounds, mode)
File "/Users/labuser/miniconda2/envs/pychron2/lib/python2.7/site-packages/chaco/grid.py", line 306, in overlay
    self._draw_component(gc, view_bounds, mode)
File "/Users/labuser/miniconda2/envs/pychron2/lib/python2.7/site-packages/chaco/grid.py", line 344, in _draw_component
    ends[:,0] = self._tick_extents[:,1]
IndexError: too many indices for array
============ End Exception ==========
Magnet settling time: 2.097
load indicator states
Magnet settling complete
set_dac. change=True
setting magnet DAC
current  : 3.777893
requested: 3.777943
Delta Dac: 0.000051
Magnet settling time: 2.097
Magnet settling complete
set_dac. change=True
setting magnet DAC
current  : 3.777943
requested: 3.777994
Delta Dac: 0.000051
Magnet settling time: 2.097
Magnet settling complete
set_dac. change=True
setting magnet DAC
current  : 3.777994
requested: 3.778044
Delta Dac: 0.000051
Magnet settling time: 2.097
Magnet settling complete
set_dac. change=True
setting magnet DAC
current  : 3.778044
requested: 3.778095
Delta Dac: 0.000051
Magnet settling time: 2.097
Magnet settling complete
set_dac. change=True
setting magnet DAC
current  : 3.778095
requested: 3.778145
Delta Dac: 0.000051
Magnet settling time: 2.097
load indicator states
Magnet settling complete
set_dac. change=True
setting magnet DAC
current  : 3.778145
requested: 3.778196
Delta Dac: 0.000051
Magnet settling time: 2.097
Magnet settling complete
set_dac. change=True
setting magnet DAC
current  : 3.778196
requested: 3.778246
Delta Dac: 0.000051
Magnet settling time: 2.097
Magnet settling complete
set_dac. change=True
setting magnet DAC
current  : 3.778246
requested: 3.778297
Delta Dac: 0.000051
Magnet settling time: 2.097
Magnet settling complete
set_dac. change=True
setting magnet DAC
current  : 3.778297
requested: 3.778347
Delta Dac: 0.000051
Magnet settling time: 2.097
Magnet settling complete
set_dac. change=True
setting magnet DAC
current  : 3.778347
requested: 3.778398
Delta Dac: 0.000051
Magnet settling time: 2.097
load indicator states
Magnet settling complete
set_dac. change=True
setting magnet DAC
current  : 3.778398
requested: 3.778448
Delta Dac: 0.000051
Magnet settling time: 2.097
Magnet settling complete
set_dac. change=True
setting magnet DAC
current  : 3.778448
requested: 3.778499
Delta Dac: 0.000051
Magnet settling time: 2.097
Magnet settling complete
set_dac. change=True
setting magnet DAC
current  : 3.778499
requested: 3.778549
Delta Dac: 0.000051
Magnet settling time: 2.097
Magnet settling complete
set_dac. change=True
setting magnet DAC
current  : 3.778549
requested: 3.778600
Delta Dac: 0.000051
Magnet settling time: 2.097
Magnet settling complete
set_dac. change=True
setting magnet DAC
current  : 3.778600
requested: 3.778650
Delta Dac: 0.000051
Magnet settling time: 2.097
load indicator states
Magnet settling complete
set_dac. change=True
setting magnet DAC
current  : 3.778650
requested: 3.778701
Delta Dac: 0.000051
Magnet settling time: 2.097
Magnet settling complete
set_dac. change=True
setting magnet DAC
current  : 3.778701
requested: 3.778751
Delta Dac: 0.000051
Magnet settling time: 2.097
Magnet settling complete
set_dac. change=True
setting magnet DAC
current  : 3.778751
requested: 3.778802
Delta Dac: 0.000051
Magnet settling time: 2.097
Magnet settling complete
set_dac. change=True
setting magnet DAC
current  : 3.778802
requested: 3.778852
Delta Dac: 0.000051
Magnet settling time: 2.097
load indicator states
Magnet settling complete
set_dac. change=True
setting magnet DAC
current  : 3.778852
requested: 3.778903
Delta Dac: 0.000051
Magnet settling time: 2.097
Magnet settling complete
set_dac. change=True
setting magnet DAC
current  : 3.778903
requested: 3.778953
Delta Dac: 0.000051
Magnet settling time: 2.097
Magnet settling complete
set_dac. change=True
setting magnet DAC
current  : 3.778953
requested: 3.779004
Delta Dac: 0.000051
Magnet settling time: 2.097
Magnet settling complete
set_dac. change=True
setting magnet DAC
current  : 3.779004
requested: 3.779054
Delta Dac: 0.000051
Magnet settling time: 2.097
Magnet settling complete
set_dac. change=True
setting magnet DAC
current  : 3.779054
requested: 3.779105
Delta Dac: 0.000051
Magnet settling time: 2.097
load indicator states
Magnet settling complete
set_dac. change=True
setting magnet DAC
current  : 3.779105
requested: 3.779155
Delta Dac: 0.000051
Magnet settling time: 2.097
Magnet settling complete
set_dac. change=True
setting magnet DAC
current  : 3.779155
requested: 3.779206
Delta Dac: 0.000051
Magnet settling time: 2.097
Magnet settling complete
set_dac. change=True
setting magnet DAC
current  : 3.779206
requested: 3.779256
Delta Dac: 0.000051
Magnet settling time: 2.097
Magnet settling complete
set_dac. change=True
setting magnet DAC
current  : 3.779256
requested: 3.779307
Delta Dac: 0.000051
Magnet settling time: 2.097
Magnet settling complete
set_dac. change=True
setting magnet DAC
current  : 3.779307
requested: 3.779357
Delta Dac: 0.000051
Magnet settling time: 2.097
load indicator states
Magnet settling complete
set_dac. change=True
setting magnet DAC
current  : 3.779357
requested: 3.779408
Delta Dac: 0.000051
Magnet settling time: 2.097
Magnet settling complete
set_dac. change=True
setting magnet DAC
current  : 3.779408
requested: 3.779458
Delta Dac: 0.000051
Magnet settling time: 2.097
Magnet settling complete
set_dac. change=True
setting magnet DAC
current  : 3.779458
requested: 3.779509
Delta Dac: 0.000051
Magnet settling time: 2.097
Magnet settling complete
set_dac. change=True
setting magnet DAC
current  : 3.779509
requested: 3.779559
Delta Dac: 0.000051
Magnet settling time: 2.097
Magnet settling complete
set_dac. change=True
setting magnet DAC
current  : 3.779559
requested: 3.779610
Delta Dac: 0.000051
Magnet settling time: 2.097
load indicator states
Magnet settling complete
set_dac. change=True
setting magnet DAC
current  : 3.779610
requested: 3.779660
Delta Dac: 0.000051
Magnet settling time: 2.097
Magnet settling complete
set_dac. change=True
setting magnet DAC
current  : 3.779660
requested: 3.779711
Delta Dac: 0.000051
Magnet settling time: 2.097
Magnet settling complete
set_dac. change=True
setting magnet DAC
current  : 3.779711
requested: 3.779761
Delta Dac: 0.000051
Magnet settling time: 2.097
Magnet settling complete
set_dac. change=True
setting magnet DAC
current  : 3.779761
requested: 3.779812
Delta Dac: 0.000051
Magnet settling time: 2.097
Magnet settling complete
set_dac. change=True
setting magnet DAC
current  : 3.779812
requested: 3.779862
Delta Dac: 0.000051
Magnet settling time: 2.097
load indicator states
Magnet settling complete
set_dac. change=True
setting magnet DAC
current  : 3.779862
requested: 3.779913
Delta Dac: 0.000051
Magnet settling time: 2.097
Magnet settling complete
set_dac. change=True
setting magnet DAC
current  : 3.779913
requested: 3.779963
Delta Dac: 0.000051
Magnet settling time: 2.097
Magnet settling complete
set_dac. change=True
setting magnet DAC
current  : 3.779963
requested: 3.780014
Delta Dac: 0.000051
Magnet settling time: 2.097
Magnet settling complete
set_dac. change=True
setting magnet DAC
current  : 3.780014
requested: 3.780064
Delta Dac: 0.000051
Magnet settling time: 2.097
load indicator states
Magnet settling complete
set_dac. change=True
setting magnet DAC
current  : 3.780064
requested: 3.780115
Delta Dac: 0.000051
Magnet settling time: 2.097
Magnet settling complete
set_dac. change=True
setting magnet DAC
current  : 3.780115
requested: 3.780165
Delta Dac: 0.000051
Magnet settling time: 2.097
Magnet settling complete
set_dac. change=True
setting magnet DAC
current  : 3.780165
requested: 3.780216
Delta Dac: 0.000051
Magnet settling time: 2.097
Magnet settling complete
set_dac. change=True
setting magnet DAC
current  : 3.780216
requested: 3.780266
Delta Dac: 0.000051
Magnet settling time: 2.097
Magnet settling complete
set_dac. change=True
setting magnet DAC
current  : 3.780266
requested: 3.780317
Delta Dac: 0.000051
Magnet settling time: 2.097
load indicator states
Magnet settling complete
set_dac. change=True
setting magnet DAC
current  : 3.780317
requested: 3.780368
Delta Dac: 0.000051
Magnet settling time: 2.097
Magnet settling complete
set_dac. change=True
setting magnet DAC
current  : 3.780368
requested: 3.780418
Delta Dac: 0.000051
Magnet settling time: 2.097
Magnet settling complete
set_dac. change=True
setting magnet DAC
current  : 3.780418
requested: 3.780469
Delta Dac: 0.000051
Magnet settling time: 2.097
Magnet settling complete
set_dac. change=True
setting magnet DAC
current  : 3.780469
requested: 3.780519
Delta Dac: 0.000051
Magnet settling time: 2.097
Magnet settling complete
set_dac. change=True
setting magnet DAC
current  : 3.780519
requested: 3.780570
Delta Dac: 0.000051
Magnet settling time: 2.097
load indicator states
Magnet settling complete
set_dac. change=True
setting magnet DAC
current  : 3.780570
requested: 3.780620
Delta Dac: 0.000051
Magnet settling time: 2.097
Magnet settling complete
set_dac. change=True
setting magnet DAC
current  : 3.780620
requested: 3.780671
Delta Dac: 0.000051
Magnet settling time: 2.097
Magnet settling complete
set_dac. change=True
setting magnet DAC
current  : 3.780671
requested: 3.780721
Delta Dac: 0.000051
Magnet settling time: 2.097
Magnet settling complete
set_dac. change=True
setting magnet DAC
current  : 3.780721
requested: 3.780772
Delta Dac: 0.000051
Magnet settling time: 2.097
Magnet settling complete
set_dac. change=True
setting magnet DAC
current  : 3.780772
requested: 3.780822
Delta Dac: 0.000051
Magnet settling time: 2.097
load indicator states
Magnet settling complete
set_dac. change=True
setting magnet DAC
current  : 3.780822
requested: 3.780873
Delta Dac: 0.000051
Magnet settling time: 2.097
Magnet settling complete
set_dac. change=True
setting magnet DAC
current  : 3.780873
requested: 3.780923
Delta Dac: 0.000051
Magnet settling time: 2.097
Magnet settling complete
set_dac. change=True
setting magnet DAC
current  : 3.780923
requested: 3.780974
Delta Dac: 0.000051
Magnet settling time: 2.097
Magnet settling complete
set_dac. change=True
result of _do_sweep=True
result of _calculate_peak_center=([3.7770407014028073, 3.7784885971943902, 3.7799364929859736], [0.82844255104106823, 4.5966464627612371, 0.86678327364411456], 3.7793002204408834, 4.5966464627612371)
Failed to find a valid peak. No peak greater than 1.0. max = 0.0802237536227
Failed to find a valid peak. No peak greater than 1.0. max = 0.365077851684
new center pos Detector(H2) (Ar40) @ 3.77848859719
GetHighVoltage ===>> 9900
dac uncorrected for HV and deflection 3.77848859719
update mftable H2 Ar40 3.77848859719 message=automated run peakcenter
get initial guess parabolic
get initial guess parabolic
get initial guess parabolic
get initial guess parabolic
get initial guess parabolic
dump mftable to /Users/labuser/Pychron/setupfiles/spectrometer/mftables/mftable.csv
setting magnet DAC
current  : 3.780974
requested: 3.778489
Delta Dac: 0.002485
SetMagnetDAC 3.77848859719 ===>> OK
Magnet settling time: 0.500
sweep finished
Magnet settling complete
set_dac. change=True
Failed to find a valid peak. No peak greater than 1.0. max = 0.0802237536227
Failed to find a valid peak. No peak greater than 1.0. max = 0.365077851684
flush and close file /Users/labuser/Pychron/data/isotopes/41/8fb443-99e9-43d3-976a-8159af32e55e.h5
executed snippet estimated_duration=656.08, duration=792.139709949
helix_air.py completed successfully
Measurement Finished
18:18:04 -- ******* Measurement Finished *******
Post Measurement Started helix_pump_ms.py
18:18:04 -- ******* Post Measurement Started helix_pump_ms.py *******
testing...
no interpolation path defined
executed snippet estimated_duration=0, duration=3.40938568115e-05
open ('1',) {}
open name=1 desc=---
check software interlocks 1
interlocks []
actuate state mode=None-script, software_lock=False
doing actuation None-script open_channel True
Open Valve Ion Pump Set ===>> OK
change switch state (True, True)
18:18:04 -- OPEN   VALVE-1 (MSIonPump)
-------------------------- open 1 () result=[(True, True)]
action=open, ok=True, locked=[False]
executed snippet estimated_duration=0, duration=0.265944957733
helix_pump_ms.py completed successfully
setting _ms_pumptime
Post Measurement Finished
18:18:04 -- ******* Post Measurement Finished *******
$$$$$$$$$$$$$$$$$$$$ state at run end measurement
state changed from measurement to success
post measurement save measured=True aborted=False
Set filtering
setting fod for Ar40= {'filter_outliers': True, 'std_devs': 2, 'iterations': 1}
setting fod for H2= {'filter_outliers': True, 'std_devs': 2, 'iterations': 1}
setting fod for Ar36= {'filter_outliers': True, 'std_devs': 2, 'iterations': 1}
setting fod for L2(CDD)= {'filter_outliers': True, 'std_devs': 2, 'iterations': 1}
setting fod for Ar37= {'filter_outliers': True, 'std_devs': 2, 'iterations': 1}
setting fod for L1= {'filter_outliers': True, 'std_devs': 2, 'iterations': 1}
setting fod for Ar38= {'filter_outliers': True, 'std_devs': 2, 'iterations': 1}
setting fod for AX= {'filter_outliers': True, 'std_devs': 2, 'iterations': 1}
setting fod for Ar39= {'filter_outliers': True, 'std_devs': 2, 'iterations': 1}
setting fod for H1= {'filter_outliers': True, 'std_devs': 2, 'iterations': 1}
persistence save...
persistence save - db
post measurement save
5098604592 connecting to database sqlite:////Users/labuser/Pychron/.appdata/local_lab.db
connected to db sqlite:////Users/labuser/Pychron/.appdata/local_lab.db
create new session 5098604592
close session 5098604592
No database instance. Not saving post measurement to isotopedb database
$$$$$$$$$$$$$$$ auto_save_detector_ic=False
persistence save - dvc
================= post measurement started
create new session 4988044784
close session 4988044784
---------------- Experiment Queue saving disabled
DVC saving peakcenter
Failed to find a valid peak. No peak greater than 1.0. max = 0.0802237536227
Failed to find a valid peak. No peak greater than 1.0. max = 0.365077851684
Popen(['git', 'fetch', 'origin'], cwd=/Users/labuser/Pychron/data/.dvc/repositories/Helix_air180, universal_newlines=False, shell=None)
Popen(['git', 'status', '-sb'], cwd=/Users/labuser/Pychron/data/.dvc/repositories/Helix_air180, universal_newlines=False, shell=None)
Smart pull ahead: 0 behind: 0
Up-to-date with origin
add to repo msg=modified - 1c6e5fb378bc6dbb9454a3742cfd71c48f11ca0a.json
add to repo msg=modified - -H-86.json
load indicator states
add to repo msg=modified - -H-86.dat.json
add to repo msg=modified - -H-86.blan.json
add to repo msg=modified - -H-86.inte.json
add to repo msg=modified - -H-86.icfa.json
add to repo msg=modified - -H-86.base.json
not at valid file /Users/labuser/Pychron/data/.dvc/repositories/Helix_air180/ba-01/tags/-H-86.tags.json
add to repo msg=modified - -H-86.peak.json
add to repo msg=modified - -H-86.extr.json
not at valid file /Users/labuser/Pychron/data/.dvc/repositories/Helix_air180/ba-01/monitor/-H-86.moni.json
commit message=<COLLECTION>
Popen(['git', 'cat-file', '--batch-check'], cwd=/Users/labuser/Pychron/data/.dvc/repositories/Helix_air180, universal_newlines=False, shell=None)
Popen(['git', 'cat-file', '--batch'], cwd=/Users/labuser/Pychron/data/.dvc/repositories/Helix_air180, universal_newlines=False, shell=None)
add to repo msg=modified - -H-86.inte.json
add to repo msg=modified - -H-86.base.json
commit message=<ISOEVO> default collection fits
add to repo msg=modified - -H-86.blan.json
commit message=<BLANKS> preceding ba-01-H-86
add to repo msg=modified - -H-86.icfa.json
commit message=<ICFactor> default
push repository <pychron.git_archive.repo_manager.GitRepoManager object at 0x134a2bb30>
pushing to remote=origin, url=https://github.com
Popen(['git', 'push', 'origin', 'master'], cwd=/Users/labuser/Pychron/data/.dvc/repositories/Helix_air180, universal_newlines=False, shell=None)
Popen(['git', 'fetch', 'origin'], cwd=/Users/labuser/Pychron/data/.dvc/MetaData, universal_newlines=False, shell=None)
Popen(['git', 'status', '-sb'], cwd=/Users/labuser/Pychron/data/.dvc/MetaData, universal_newlines=False, shell=None)
Popen(['git', 'diff', 'HEAD', '--name-only'], cwd=/Users/labuser/Pychron/data/.dvc/MetaData, universal_newlines=False, shell=None)
no changes to meta repo
Popen(['git', 'push', 'origin', 'master'], cwd=/Users/labuser/Pychron/data/.dvc/MetaData, universal_newlines=False, shell=None)
create new session 4988044784
add association Helix_air180
get identifier "ba-01-H"
setting analysis irradiation position=<pychron.dvc.dvc_orm.IrradiationPositionTbl object at 0x12f71fe50>
close session 4988044784
================= post measurement finished
18:18:13 -- ******* Post Run Check *******
loading queue conditionals post_run_actions
loading system conditionals post_run_actions
loading conditionals from /Users/labuser/Pychron/setupfiles/spectrometer/default_conditionals.yaml
loading queue conditionals post_run_terminations
loading system conditionals post_run_terminations
loading conditionals from /Users/labuser/Pychron/setupfiles/spectrometer/default_conditionals.yaml
18:18:13 -- ******* Post Run Check Passed *******
18:18:13 -- Automated run ba-01-H-86 success duration: 918.396 s
----------------- finish -----------------
----------------- stop -----------------
retroactive repository identifiers disabled
finish run. runs completed=11
update duration runid=ba-01-H-86, duration=918.395587921, md5=060fae79
loading script "helix_air.py"
loading script "helix_pump_ms.py"
loading script "helix_air.py"
loading script "helix_pump_prep.py"
testing...
no interpolation path defined
executed snippet estimated_duration=656.08, duration=0.000365018844604
script duration name:air seconds:656.0
loading script "helix_air.py"
loading script "helix_pump_ms.py"
loading script "helix_air.py"
loading script "helix_pump_prep.py"
testing...
no interpolation path defined
executed snippet estimated_duration=0, duration=4.00543212891e-05
air in script context. using previous estimated duration
script duration name:air seconds:656.0
loading script "helix_air.py"
loading script "helix_pump_ms.py"
loading script "helix_air.py"
loading script "helix_pump_prep.py"
testing...
no interpolation path defined
executed snippet estimated_duration=28.0, duration=0.000216007232666
Script duration 1312.0
Run total estimated duration= 1313.000
script duration name:air seconds:656.0
pump_ms in script context. using previous estimated duration
script duration name:air seconds:656.0
pump_prep in script context. using previous estimated duration
Script duration 1312.0
Run total estimated duration= 1313.000
script duration name:air seconds:656.0
script duration name:air seconds:656.0
Script duration 1312.0
Run total estimated duration= 1313.000
script duration name:air seconds:656.0
script duration name:air seconds:656.0
Script duration 1312.0
Run total estimated duration= 1313.000
script duration name:air seconds:656.0
script duration name:air seconds:656.0
Script duration 1312.0
Run total estimated duration= 1313.000
script duration name:air seconds:656.0
script duration name:air seconds:656.0
Script duration 1312.0
Run total estimated duration= 1313.000
script duration name:air seconds:656.0
script duration name:air seconds:656.0
Script duration 1312.0
Run total estimated duration= 1313.000
script duration name:air seconds:656.0
script duration name:air seconds:656.0
Script duration 1312.0
Run total estimated duration= 1313.000
script duration name:air seconds:656.0
script duration name:air seconds:656.0
Script duration 1312.0
Run total estimated duration= 1313.000
script duration name:air seconds:656.0
script duration name:air seconds:656.0
Script duration 1312.0
Run total estimated duration= 1313.000
script duration name:air seconds:656.0
script duration name:air seconds:656.0
Script duration 1312.0
Run total estimated duration= 1313.000
script duration name:air seconds:656.0
script duration name:air seconds:656.0
Script duration 1312.0
Run total estimated duration= 1313.000
script duration name:air seconds:656.0
script duration name:air seconds:656.0
Script duration 1312.0
Run total estimated duration= 1313.000
script duration name:air seconds:656.0
script duration name:air seconds:656.0
Script duration 1312.0
Run total estimated duration= 1313.000
script duration name:air seconds:656.0
script duration name:air seconds:656.0
Script duration 1312.0
Run total estimated duration= 1313.000
script duration name:air seconds:656.0
script duration name:air seconds:656.0
Script duration 1312.0
Run total estimated duration= 1313.000
script duration name:air seconds:656.0
script duration name:air seconds:656.0
Script duration 1312.0
Run total estimated duration= 1313.000
script duration name:air seconds:656.0
script duration name:air seconds:656.0
Script duration 1312.0
Run total estimated duration= 1313.000
script duration name:air seconds:656.0
script duration name:air seconds:656.0
Script duration 1312.0
Run total estimated duration= 1313.000
script duration name:air seconds:656.0
script duration name:air seconds:656.0
Script duration 1312.0
Run total estimated duration= 1313.000
script duration name:air seconds:656.0
script duration name:air seconds:656.0
Script duration 1312.0
Run total estimated duration= 1313.000
script duration name:air seconds:656.0
script duration name:air seconds:656.0
Script duration 1312.0
Run total estimated duration= 1313.000
script duration name:air seconds:656.0
script duration name:air seconds:656.0
Script duration 1312.0
Run total estimated duration= 1313.000
script duration name:air seconds:656.0
script duration name:air seconds:656.0
Script duration 1312.0
Run total estimated duration= 1313.000
script duration name:air seconds:656.0
script duration name:air seconds:656.0
Script duration 1312.0
Run total estimated duration= 1313.000
script duration name:air seconds:656.0
script duration name:air seconds:656.0
Script duration 1312.0
Run total estimated duration= 1313.000
nruns=26 before=5.0, run_dur=34138.0, btw=750.0
write rem/ex queues
/Users/labuser/Pychron/experiments/rem/BABA.rem.txt
/Users/labuser/Pychron/experiments/rem/BABA.ex.txt
doing event level: 3
