do run
loading script "helix_air.py"
loading script "helix_pump_ms.py"
loading script "helix_air.py"
loading script "helix_pump_prep.py"
testing...
no interpolation path defined
executed snippet estimated_duration=640.48, duration=0.000416040420532
script duration name:air seconds:640.0
loading script "helix_air.py"
loading script "helix_pump_ms.py"
loading script "helix_air.py"
loading script "helix_pump_prep.py"
testing...
no interpolation path defined
executed snippet estimated_duration=0, duration=3.50475311279e-05
air in script context. using previous estimated duration
script duration name:air seconds:640.0
loading script "helix_air.py"
loading script "helix_pump_ms.py"
loading script "helix_air.py"
loading script "helix_pump_prep.py"
testing...
no interpolation path defined
executed snippet estimated_duration=28.0, duration=0.000211954116821
Script duration 1280.0
Run total estimated duration= 1281.000
run duration: 0:21:21
doing event level: 2
----------------- start -----------------
**************** Experiment Type: Ar/Ar, Ar/Ar
create new session 5014442832
close session 5014442832
$$$$$ Clearing conditionals
adding conditionals 
Add queue conditionals
add default conditionals
adding default conditionals from /Users/labuser/Pychron/setupfiles/spectrometer/default_conditionals.yaml
Start automated run a-01-H-47
loading script "helix_air.py"
loading script "helix_pump_ms.py"
loading script "helix_air.py"
loading script "helix_pump_prep.py"
%%%%%%%%%%%%%%%%%% setting automated run a-01-H-47
No value "sensitivity_multiplier" in metadata
$$$$$$$$$$$$$$$ auto_save_detector_ic=False
============================= Pre Extraction Check =============================
loading queue conditionals pre_run_terminations
loading system conditionals pre_run_terminations
loading conditionals from /Users/labuser/Pychron/setupfiles/spectrometer/default_conditionals.yaml
10:56:34 -- ******* Pre Extraction Check *******
Get a measurement from the spectrometer
Pre Extraction Termination data. keys=L2(CDD),H2,H1,AX,L1, signals=0.02995,0.17882,0.34172,-0.13945,-0.16518
10:56:34 -- testing system defined conditionals
Checking default pre extraction terminations n=1
testing L2_CDD_
evaluate ot="L2(CDD).inactive" t="L2_CDD_", ctx="{'L2_CDD_': False}"
10:56:34 -- ******* Pre Extraction Check Passed *******
=================================================================================
start extraction
do extraction
Analysis started at 10:56:34.633409
Extraction Started helix_air.py
10:56:34 -- ******* Extraction Started helix_air.py *******
state changed from not run to extraction
DO EXTRACTION <pychron.extraction_line.pyscript_runner.PyScriptRunner object at 0x12bcced10>
testing...
no interpolation path defined
executed snippet estimated_duration=222.0, duration=0.000582933425903
Air pipette
open ('3',) {}
open name=3 desc=---
check software interlocks 3
interlocks []
actuate state mode=None-script, software_lock=False
doing actuation None-script open_channel False
ROUT:OPEN (@103)
change switch state (True, True)
10:56:34 -- OPEN   VALVE-3 (SecondToIP)
-------------------------- open 3 () result=[(True, True)]
action=open, ok=True, locked=[False]
close ('2',) {}
close name=2 desc=---
check software interlocks 2
interlocks []
actuate state mode=None-script, software_lock=False
doing actuation None-script close_channel False
ROUT:CLOSE (@102)
change switch state (True, True)
10:56:34 -- CLOSE  VALVE-2 (ExtrToMS)
-------------------------- close 2 () result=[(True, True)]
action=close, ok=True, locked=[False]
open ('1',) {}
open name=1 desc=---
check software interlocks 1
interlocks []
actuate state mode=None-script, software_lock=False
doing actuation None-script open_channel False
Open Valve Ion Pump Set ===>> OK
change switch state (True, True)
10:56:35 -- OPEN   VALVE-1 (MSIonPump)
-------------------------- open 1 () result=[(True, True)]
action=open, ok=True, locked=[False]
close ('8',) {}
close name=8 desc=---
check software interlocks 8
interlocks []
actuate state mode=None-script, software_lock=False
doing actuation None-script close_channel False
ROUT:CLOSE (@108)
change switch state (True, True)
10:56:35 -- CLOSE  VALVE-8 (Sample1toFirst)
-------------------------- close 8 () result=[(True, True)]
action=close, ok=True, locked=[False]
close ('9',) {}
close name=9 desc=---
check software interlocks 9
interlocks []
actuate state mode=None-script, software_lock=False
doing actuation None-script close_channel False
ROUT:CLOSE (@109)
change switch state (True, True)
10:56:35 -- CLOSE  VALVE-9 (Sample2toFirst)
-------------------------- close 9 () result=[(True, True)]
action=close, ok=True, locked=[False]
close ('7',) {}
close name=7 desc=---
check software interlocks 7
interlocks ['6']
actuate state mode=None-script, software_lock=False
doing actuation None-script close_channel False
ROUT:CLOSE (@107)
change switch state (True, True)
10:56:36 -- CLOSE  VALVE-7 (APInner)
-------------------------- close 7 () result=[(True, True)]
action=close, ok=True, locked=[False]
open ('5',) {}
open name=5 desc=---
check software interlocks 5
interlocks []
actuate state mode=None-script, software_lock=False
doing actuation None-script open_channel False
ROUT:OPEN (@105)
change switch state (True, True)
10:56:36 -- OPEN   VALVE-5 (FirstToTurbo)
-------------------------- open 5 () result=[(True, True)]
action=open, ok=True, locked=[False]
open ('11',) {}
open name=11 desc=---
check software interlocks 11
interlocks []
actuate state mode=None-script, software_lock=False
doing actuation None-script open_channel False
ROUT:OPEN (@111)
change switch state (True, True)
10:56:36 -- OPEN   VALVE-11 (APSafety)
-------------------------- open 11 () result=[(True, True)]
action=open, ok=True, locked=[False]
open ('6',) {}
open name=6 desc=---
check software interlocks 6
interlocks ['7']
actuate state mode=None-script, software_lock=False
doing actuation None-script open_channel True
ROUT:OPEN (@106)
change switch state (True, True)
10:56:37 -- OPEN   VALVE-6 (APOuter)
-------------------------- open 6 () result=[(True, True)]
action=open, ok=True, locked=[False]
sleep (15,) {}
SLEEP 15.0
block started
WaitControl setup for 15.0  
load indicator states
Switch indicator state True, Open
Switch indicator state True, Open
Switch indicator state True, Open
Switch indicator state True, Open
Switch indicator state False, Closed
Switch indicator state True, Open
Switch indicator state False, Closed
Switch indicator state False, Closed
Switch indicator state True, Open
Switch indicator state False, Closed
Switch indicator state False, Closed
Join finished
block finished. duration 15.0683259964
close ('6',) {}
close name=6 desc=---
check software interlocks 6
interlocks ['7']
actuate state mode=None-script, software_lock=False
doing actuation None-script close_channel True
ROUT:CLOSE (@106)
change switch state (True, True)
10:56:52 -- CLOSE  VALVE-6 (APOuter)
-------------------------- close 6 () result=[(True, True)]
action=close, ok=True, locked=[False]
sleep (2,) {}
SLEEP 2.0
block started
WaitControl setup for 2.0  
load indicator states
Switch indicator state True, Open
Switch indicator state True, Open
Switch indicator state True, Open
Switch indicator state True, Open
Switch indicator state False, Closed
Switch indicator state True, Open
Switch indicator state False, Closed
Switch indicator state False, Closed
Switch indicator state False, Closed
Switch indicator state False, Closed
Switch indicator state False, Closed
Join finished
block finished. duration 2.01964712143
Filling pipette
open ('7',) {}
open name=7 desc=---
check software interlocks 7
interlocks ['6']
actuate state mode=None-script, software_lock=False
doing actuation None-script open_channel True
ROUT:OPEN (@107)
change switch state (True, True)
10:56:54 -- OPEN   VALVE-7 (APInner)
-------------------------- open 7 () result=[(True, True)]
action=open, ok=True, locked=[False]
sleep (30,) {}
SLEEP 30.0
block started
WaitControl setup for 30.0  
load indicator states
Switch indicator state True, Open
Switch indicator state True, Open
Switch indicator state True, Open
Switch indicator state True, Open
Switch indicator state False, Closed
Switch indicator state True, Open
Switch indicator state False, Closed
Switch indicator state True, Open
Switch indicator state False, Closed
Switch indicator state False, Closed
Switch indicator state False, Closed
load indicator states
Switch indicator state True, Open
Switch indicator state True, Open
Switch indicator state True, Open
Switch indicator state True, Open
Switch indicator state False, Closed
Switch indicator state True, Open
Switch indicator state False, Closed
Switch indicator state True, Open
Switch indicator state False, Closed
Switch indicator state False, Closed
Switch indicator state False, Closed
load indicator states
Switch indicator state True, Open
Switch indicator state True, Open
Switch indicator state True, Open
Switch indicator state True, Open
Switch indicator state False, Closed
Switch indicator state True, Open
Switch indicator state False, Closed
Switch indicator state True, Open
Switch indicator state False, Closed
Switch indicator state False, Closed
Switch indicator state False, Closed
Join finished
block finished. duration 30.1512320042
close ('7',) {}
close name=7 desc=---
check software interlocks 7
interlocks ['6']
actuate state mode=None-script, software_lock=False
doing actuation None-script close_channel True
ROUT:CLOSE (@107)
change switch state (True, True)
10:57:25 -- CLOSE  VALVE-7 (APInner)
-------------------------- close 7 () result=[(True, True)]
action=close, ok=True, locked=[False]
close ('5',) {}
close name=5 desc=---
check software interlocks 5
interlocks []
actuate state mode=None-script, software_lock=False
doing actuation None-script close_channel True
ROUT:CLOSE (@105)
change switch state (True, True)
10:57:25 -- CLOSE  VALVE-5 (FirstToTurbo)
-------------------------- close 5 () result=[(True, True)]
action=close, ok=True, locked=[False]
close ('4',) {}
close name=4 desc=---
check software interlocks 4
interlocks []
actuate state mode=None-script, software_lock=False
doing actuation None-script close_channel False
ROUT:CLOSE (@104)
change switch state (True, True)
10:57:25 -- CLOSE  VALVE-4 (FirstToSecondStage)
-------------------------- close 4 () result=[(True, True)]
action=close, ok=True, locked=[False]
sleep (2,) {}
SLEEP 2.0
block started
WaitControl setup for 2.0  
Join finished
block finished. duration 2.03176403046
open ('6',) {}
open name=6 desc=---
check software interlocks 6
interlocks ['7']
actuate state mode=None-script, software_lock=False
doing actuation None-script open_channel True
ROUT:OPEN (@106)
increment shot count 54
saved current shot count 54
change switch state (True, True)
10:57:28 -- OPEN   VALVE-6 (APOuter)
-------------------------- open 6 () result=[(True, True)]
action=open, ok=True, locked=[False]
first stage cleanup
sleep (30,) {}
SLEEP 30.0
block started
WaitControl setup for 30.0  
load indicator states
Switch indicator state True, Open
Switch indicator state True, Open
Switch indicator state True, Open
Switch indicator state True, Open
Switch indicator state False, Closed
Switch indicator state False, Closed
Switch indicator state False, Closed
Switch indicator state False, Closed
Switch indicator state True, Open
Switch indicator state False, Closed
Switch indicator state False, Closed
load indicator states
Switch indicator state True, Open
Switch indicator state True, Open
Switch indicator state True, Open
Switch indicator state True, Open
Switch indicator state False, Closed
Switch indicator state False, Closed
Switch indicator state False, Closed
Switch indicator state False, Closed
Switch indicator state True, Open
Switch indicator state False, Closed
Switch indicator state False, Closed
load indicator states
Switch indicator state True, Open
Switch indicator state True, Open
Switch indicator state True, Open
Switch indicator state True, Open
Switch indicator state False, Closed
Switch indicator state False, Closed
Switch indicator state False, Closed
Switch indicator state False, Closed
Switch indicator state True, Open
Switch indicator state False, Closed
Switch indicator state False, Closed
Join finished
block finished. duration 30.0966150761
close ('3',) {}
close name=3 desc=---
check software interlocks 3
interlocks []
actuate state mode=None-script, software_lock=False
doing actuation None-script close_channel True
ROUT:CLOSE (@103)
change switch state (True, True)
10:57:58 -- CLOSE  VALVE-3 (SecondToIP)
-------------------------- close 3 () result=[(True, True)]
action=close, ok=True, locked=[False]
sleep (2,) {}
SLEEP 2.0
block started
WaitControl setup for 2.0  
Join finished
block finished. duration 2.02861309052
open ('4',) {}
open name=4 desc=---
check software interlocks 4
interlocks []
actuate state mode=None-script, software_lock=False
doing actuation None-script open_channel True
ROUT:OPEN (@104)
change switch state (True, True)
10:58:00 -- OPEN   VALVE-4 (FirstToSecondStage)
-------------------------- open 4 () result=[(True, True)]
action=open, ok=True, locked=[False]
second stage cleanup
sleep (30,) {}
SLEEP 30.0
block started
WaitControl setup for 30.0  
load indicator states
Switch indicator state True, Open
Switch indicator state True, Open
Switch indicator state True, Open
Switch indicator state False, Closed
Switch indicator state False, Closed
Switch indicator state False, Closed
Switch indicator state True, Open
Switch indicator state False, Closed
Switch indicator state True, Open
Switch indicator state False, Closed
Switch indicator state False, Closed
load indicator states
Switch indicator state True, Open
Switch indicator state True, Open
Switch indicator state True, Open
Switch indicator state False, Closed
Switch indicator state False, Closed
Switch indicator state False, Closed
Switch indicator state True, Open
Switch indicator state False, Closed
Switch indicator state True, Open
Switch indicator state False, Closed
Switch indicator state False, Closed
load indicator states
Switch indicator state True, Open
Switch indicator state True, Open
Switch indicator state True, Open
Switch indicator state False, Closed
Switch indicator state False, Closed
Switch indicator state False, Closed
Switch indicator state True, Open
Switch indicator state False, Closed
Switch indicator state True, Open
Switch indicator state False, Closed
Switch indicator state False, Closed
Join finished
block finished. duration 30.1371719837
executed snippet estimated_duration=333.0, duration=116.602575064
helix_air.py completed successfully
no extraction action
Requested Output= 0.000
Achieved Output=  0.000
no extraction action
no extraction action
no extraction action
no extraction action
persistence save...
persistence save - db
AutomatedRunPersister post_extraction_save deprecated
persistence save - dvc
no extraction position for 
Popen(['git', 'cat-file', '--batch-check'], cwd=/Users/labuser/Pychron/data/.dvc/MetaData, universal_newlines=False, shell=None)
Extraction Finished
10:58:31 -- ******* Extraction Finished *******
no overlap. not waiting for min ms pumptime
start measurement
do measurement
L#=a-01-H analysis type=air
Measurement Started helix_air.py
10:58:31 -- ******* Measurement Started helix_air.py *******
state changed from extraction to measurement
setting spec, defl, and gains
GetExtractionLens ===>> 18.29
GetYSymmetry ===>> 19.07
GetZSymmetry ===>> 19.51
GetZFocus ===>> 9.74
GetDeflection L2(CDD) ===>> Error: Invalid Command
Failed reading L2(CDD) deflection. Error=could not convert string to float: Error: Invalid Command. Using previous value 0
GetGain H2 ===>> 0.986484670899424
GetGain H1 ===>> 1.01080515922087
GetGain AX ===>> 1.0071313708941
GetGain L1 ===>> 1.00793592600847
GetGain L2(CDD) ===>> 0
pre measurement save
New frame /Users/labuser/Pychron/data/isotopes/69/efea20-8d76-4443-9355-a3435ae6e947.h5
flush and close file /Users/labuser/Pychron/data/isotopes/69/efea20-8d76-4443-9355-a3435ae6e947.h5
testing...
no interpolation path defined
executed snippet estimated_duration=640.48, duration=0.000318050384521
activate_detectors ('H2', 'H1', 'AX', 'L1', 'L2(CDD)') {}
activate detectors
*************** Set Analysis View Ar/Ar
create graphs
clearing graphs
clear isotope group
setting isotope det=H2, iso=Ar40
setting isotope det=H1, iso=Ar39
setting isotope det=AX, iso=Ar38
setting isotope det=L1, iso=Ar37
setting isotope det=L2(CDD), iso=Ar36
setting previous blanks
 - setting Ar40 blank 20.903+/-0.030
 - setting Ar36 blank 0.0975+/-0.0009
 - setting Ar37 blank 0.023+/-0.018
 - setting Ar38 blank 0.030+/-0.020
 - setting Ar39 blank 0.048+/-0.019
load analysis view
position_magnet ('Ar40',) {'detector': 'H2'}
detector Detector(H2)
POSITION Ar40 H2
setting detector H2 to Ar40 (39.962)
setting detector H1 to Ar39 (38.962)
setting detector AX to Ar38 (37.962)
setting detector L1 to Ar37 (36.962)
setting detector L2(CDD) to Ar36 (35.962)
Mapping mass to dac mass func: "parabolic"
H2 map mass coeffs = [  2.53589168e-02  -1.84786063e+00   3.71259944e+01]
H2 map mass to dac 39.962 >> 3.77900016032
GetHighVoltage ===>> 9900
positioning Ar40 (3.77900016032) on H2
setting magnet DAC
current  : 3.779000
requested: 3.779000
Delta Dac: 0.000000
SetMagnetDAC 3.77900016032 ===>> OK
set_dac. change=False
equilibrate () {'inlet': '2', 'outlet': '1', 'eqtime': 30.0}
Equilibration Started
10:58:32 -- ******* Equilibration Started *******
check software interlocks 1
interlocks []
actuate state mode=None-script, software_lock=False
doing actuation None-script close_channel True
Close Valve Ion Pump Set ===>> OK
change switch state (True, True)
10:58:32 -- CLOSE  VALVE-1 (MSIonPump)
waiting 3s before opening inlet value ('2',)
update labels <pychron.experiment.plot_panel.PlotPanel object at 0x131304290>
update labels "<pychron.graph.stacked_regression_graph.StackedRegressionGraph object at 0x13e3ca530>"
setting label 0 H2 Ar40
setting label 1 H1 Ar39
setting label 2 AX Ar38
setting label 3 L1 Ar37
setting label 4 L2(CDD) Ar36
update labels "<pychron.graph.stacked_graph.StackedGraph object at 0x13e377890>"
setting label 0 H2 Ar40
setting label 1 H1 Ar39
setting label 2 AX Ar38
setting label 3 L1 Ar37
setting label 4 L2(CDD) Ar36
check software interlocks 2
interlocks []
actuate state mode=None-script, software_lock=False
doing actuation None-script open_channel True
ROUT:OPEN (@102)
change switch state (True, True)
10:58:35 -- OPEN   VALVE-2 (ExtrToMS)
equilibrating for 30.0sec
set_time_zero () {}
sniff (30.0,) {}
py_sniff
build tables- sniff [Detector(H2), Detector(H1), Detector(AX), Detector(L1), Detector(L2(CDD))]
add group /sniff/Ar40 (Group) '' table H2
add group /sniff/Ar39 (Group) '' table H1
add group /sniff/Ar38 (Group) '' table AX
add group /sniff/Ar37 (Group) '' table L1
add group /sniff/Ar36 (Group) '' table L2(CDD)
flush and close file /Users/labuser/Pychron/data/isotopes/69/efea20-8d76-4443-9355-a3435ae6e947.h5
measuring sniff. ncounts=30.0
"sniff" increment series count="1" fit count="0" regressing="False"
starting measurement
load indicator states
Switch indicator state True, Open
Switch indicator state True, Open
Switch indicator state False, Closed
Switch indicator state False, Closed
Switch indicator state True, Open
Switch indicator state False, Closed
Switch indicator state True, Open
Switch indicator state False, Closed
Switch indicator state True, Open
Switch indicator state False, Closed
Switch indicator state False, Closed
load indicator states
Switch indicator state True, Open
Switch indicator state True, Open
Switch indicator state False, Closed
Switch indicator state False, Closed
Switch indicator state True, Open
Switch indicator state False, Closed
Switch indicator state True, Open
Switch indicator state False, Closed
Switch indicator state True, Open
Switch indicator state False, Closed
Switch indicator state False, Closed
load indicator states
Switch indicator state True, Open
Switch indicator state True, Open
Switch indicator state False, Closed
Switch indicator state False, Closed
Switch indicator state True, Open
Switch indicator state False, Closed
Switch indicator state True, Open
Switch indicator state False, Closed
Switch indicator state True, Open
Switch indicator state False, Closed
Switch indicator state False, Closed
10:59:00 -- collecting point 25
Equilibration Finished
10:59:05 -- ******* Equilibration Finished *******
check software interlocks 2
interlocks []
actuate state mode=None-script, software_lock=False
doing actuation None-script close_channel True
ROUT:CLOSE (@102)
change switch state (True, True)
10:59:05 -- CLOSE  VALVE-2 (ExtrToMS)
Post Equilibration Started helix_pump_prep.py
10:59:05 -- ******* Post Equilibration Started helix_pump_prep.py *******
testing...
no interpolation path defined
executed snippet estimated_duration=28.0, duration=0.000233888626099
close ('6',) {}
close name=6 desc=---
check software interlocks 6
interlocks ['7']
actuate state mode=None-script, software_lock=False
doing actuation None-script close_channel True
ROUT:CLOSE (@106)
change switch state (True, True)
10:59:05 -- CLOSE  VALVE-6 (APOuter)
-------------------------- close 6 () result=[(True, True)]
action=close, ok=True, locked=[False]
open ('4',) {}
open name=4 desc=---
check software interlocks 4
interlocks []
actuate state mode=None-script, software_lock=False
doing actuation None-script open_channel False
ROUT:OPEN (@104)
change switch state (True, True)
10:59:06 -- OPEN   VALVE-4 (FirstToSecondStage)
-------------------------- open 4 () result=[(True, True)]
waiting for write to finish
measurement finished
estimated time: 30.000 actual time: :30.167
flush and close file /Users/labuser/Pychron/data/isotopes/69/efea20-8d76-4443-9355-a3435ae6e947.h5
set_fits () {}
using default fits file=/Users/labuser/Pychron/scripts/measurement/fits/nominal.yaml
set "Ar40" to "('Parabolic', 'SEM')"
set "Ar36" to "('Parabolic', 'SEM')"
set "Ar37" to "('Linear', 'SEM')"
set "Ar38" to "('Linear', 'SEM')"
set "Ar39" to "('Linear', 'SEM')"
set_baseline_fits () {}
using default fits file=/Users/labuser/Pychron/scripts/measurement/fits/nominal.yaml
set "H2" to "('Average', 'SEM')"
set "L2(CDD)" to "('Average', 'SEM')"
set "L1" to "('Average', 'SEM')"
set "AX" to "('Average', 'SEM')"
set "H1" to "('Average', 'SEM')"
multicollect () {'ncounts': 400}
build tables- signal [Detector(H2), Detector(H1), Detector(AX), Detector(L1), Detector(L2(CDD))]
add group /signal/Ar40 (Group) '' table H2
add group /signal/Ar39 (Group) '' table H1
add group /signal/Ar38 (Group) '' table AX
add group /signal/Ar37 (Group) '' table L1
add group /signal/Ar36 (Group) '' table L2(CDD)
flush and close file /Users/labuser/Pychron/data/isotopes/69/efea20-8d76-4443-9355-a3435ae6e947.h5
measuring signal. ncounts=400
action=open, ok=True, locked=[False]
sleep (2,) {}
SLEEP 2.0
block started
WaitControl setup for 2.0  
"signal" increment series count="2" fit count="1" regressing="True"
starting measurement
Join finished
block finished. duration 2.03245401382
open ('11',) {}
open name=11 desc=---
check software interlocks 11
interlocks []
actuate state mode=None-script, software_lock=False
doing actuation None-script open_channel False
ROUT:OPEN (@111)
change switch state (True, True)
10:59:08 -- OPEN   VALVE-11 (APSafety)
-------------------------- open 11 () result=[(True, True)]
load indicator states
Switch indicator state True, Open
Switch indicator state True, Open
Switch indicator state False, Closed
Switch indicator state False, Closed
Switch indicator state False, Closed
action=open, ok=True, locked=[False]
open ('5',) {}
open name=5 desc=---
check software interlocks 5
interlocks []
actuate state mode=None-script, software_lock=False
doing actuation None-script open_channel True
Switch indicator state False, Closed
ROUT:OPEN (@105)
Switch indicator state True, Open
change switch state (True, True)
10:59:08 -- OPEN   VALVE-5 (FirstToTurbo)
-------------------------- open 5 () result=[(True, True)]
Switch indicator state False, Closed
Switch indicator state False, Closed
Switch indicator state False, Closed
Switch indicator state False, Closed
action=open, ok=True, locked=[False]
sleep (10,) {}
SLEEP 10.0
block started
WaitControl setup for 10.0  
load indicator states
Switch indicator state True, Open
Switch indicator state True, Open
Switch indicator state False, Closed
Join finished
block finished. duration 10.0628349781
close ('4',) {}
close name=4 desc=---
check software interlocks 4
interlocks []
actuate state mode=None-script, software_lock=False
doing actuation None-script close_channel True
Switch indicator state False, Closed
ROUT:CLOSE (@104)
change switch state (True, True)
10:59:19 -- CLOSE  VALVE-4 (FirstToSecondStage)
-------------------------- close 4 () result=[(True, True)]
Switch indicator state False, Closed
Switch indicator state True, Open
Switch indicator state False, Closed
Switch indicator state False, Closed
Switch indicator state False, Closed
Switch indicator state False, Closed
Switch indicator state False, Closed
action=close, ok=True, locked=[False]
sleep (2,) {}
SLEEP 2.0
block started
WaitControl setup for 2.0  
Join finished
block finished. duration 2.01425409317
open ('3',) {}
open name=3 desc=---
check software interlocks 3
interlocks []
actuate state mode=None-script, software_lock=False
doing actuation None-script open_channel True
ROUT:OPEN (@103)
change switch state (True, True)
10:59:21 -- OPEN   VALVE-3 (SecondToIP)
-------------------------- open 3 () result=[(True, True)]
action=open, ok=True, locked=[False]
executed snippet estimated_duration=42.0, duration=15.9871430397
helix_pump_prep.py completed successfully
Post Equilibration Finished
10:59:21 -- ******* Post Equilibration Finished *******
load indicator states
Switch indicator state True, Open
Switch indicator state True, Open
Switch indicator state False, Closed
Switch indicator state True, Open
Switch indicator state False, Closed
Switch indicator state True, Open
Switch indicator state False, Closed
Switch indicator state False, Closed
Switch indicator state False, Closed
Switch indicator state False, Closed
Switch indicator state False, Closed
10:59:30 -- collecting point 25
load indicator states
Switch indicator state True, Open
Switch indicator state True, Open
Switch indicator state False, Closed
Switch indicator state True, Open
Switch indicator state False, Closed
Switch indicator state True, Open
Switch indicator state False, Closed
Switch indicator state False, Closed
Switch indicator state False, Closed
Switch indicator state False, Closed
Switch indicator state False, Closed
load indicator states
Switch indicator state True, Open
Switch indicator state True, Open
Switch indicator state False, Closed
Switch indicator state True, Open
Switch indicator state False, Closed
Switch indicator state True, Open
Switch indicator state False, Closed
Switch indicator state False, Closed
Switch indicator state False, Closed
Switch indicator state False, Closed
Switch indicator state False, Closed
10:59:56 -- collecting point 50
load indicator states
Switch indicator state True, Open
Switch indicator state True, Open
Switch indicator state False, Closed
Switch indicator state True, Open
Switch indicator state False, Closed
Switch indicator state True, Open
Switch indicator state False, Closed
Switch indicator state False, Closed
Switch indicator state False, Closed
Switch indicator state False, Closed
Switch indicator state False, Closed
load indicator states
Switch indicator state True, Open
Switch indicator state True, Open
Switch indicator state False, Closed
Switch indicator state True, Open
Switch indicator state False, Closed
Switch indicator state True, Open
Switch indicator state False, Closed
Switch indicator state False, Closed
Switch indicator state False, Closed
Switch indicator state False, Closed
Switch indicator state False, Closed
load indicator states
Switch indicator state True, Open
11:00:21 -- collecting point 75
Switch indicator state True, Open
Switch indicator state False, Closed
Switch indicator state True, Open
Switch indicator state False, Closed
Switch indicator state True, Open
Switch indicator state False, Closed
Switch indicator state False, Closed
Switch indicator state False, Closed
Switch indicator state False, Closed
Switch indicator state False, Closed
load indicator states
Switch indicator state True, Open
Switch indicator state True, Open
Switch indicator state False, Closed
Switch indicator state True, Open
Switch indicator state False, Closed
Switch indicator state True, Open
Switch indicator state False, Closed
Switch indicator state False, Closed
Switch indicator state False, Closed
Switch indicator state False, Closed
Switch indicator state False, Closed
load indicator states
Switch indicator state True, Open
Switch indicator state True, Open
Switch indicator state False, Closed
Switch indicator state True, Open
Switch indicator state False, Closed
Switch indicator state True, Open
Switch indicator state False, Closed
Switch indicator state False, Closed
Switch indicator state False, Closed
Switch indicator state False, Closed
Switch indicator state False, Closed
11:00:46 -- collecting point 100
load indicator states
Switch indicator state True, Open
Switch indicator state True, Open
Switch indicator state False, Closed
Switch indicator state True, Open
Switch indicator state False, Closed
Switch indicator state True, Open
Switch indicator state False, Closed
Switch indicator state False, Closed
Switch indicator state False, Closed
Switch indicator state False, Closed
Switch indicator state False, Closed
load indicator states
Switch indicator state True, Open
Switch indicator state True, Open
Switch indicator state False, Closed
Switch indicator state True, Open
Switch indicator state False, Closed
Switch indicator state True, Open
Switch indicator state False, Closed
Switch indicator state False, Closed
Switch indicator state False, Closed
Switch indicator state False, Closed
Switch indicator state False, Closed
11:01:11 -- collecting point 125
load indicator states
Switch indicator state True, Open
Switch indicator state True, Open
Switch indicator state False, Closed
Switch indicator state True, Open
Switch indicator state False, Closed
Switch indicator state True, Open
Switch indicator state False, Closed
Switch indicator state False, Closed
Switch indicator state False, Closed
Switch indicator state False, Closed
Switch indicator state False, Closed
load indicator states
Switch indicator state True, Open
Switch indicator state True, Open
Switch indicator state False, Closed
Switch indicator state True, Open
Switch indicator state False, Closed
Switch indicator state True, Open
Switch indicator state False, Closed
Switch indicator state False, Closed
Switch indicator state False, Closed
Switch indicator state False, Closed
Switch indicator state False, Closed
load indicator states
Switch indicator state True, Open
Switch indicator state True, Open
Switch indicator state False, Closed
Switch indicator state True, Open
Switch indicator state False, Closed
Switch indicator state True, Open
Switch indicator state False, Closed
Switch indicator state False, Closed
Switch indicator state False, Closed
Switch indicator state False, Closed
Switch indicator state False, Closed
11:01:36 -- collecting point 150
load indicator states
Switch indicator state True, Open
Switch indicator state True, Open
Switch indicator state False, Closed
Switch indicator state True, Open
Switch indicator state False, Closed
Switch indicator state True, Open
Switch indicator state False, Closed
Switch indicator state False, Closed
Switch indicator state False, Closed
Switch indicator state False, Closed
Switch indicator state False, Closed
load indicator states
Switch indicator state True, Open
Switch indicator state True, Open
Switch indicator state False, Closed
Switch indicator state True, Open
Switch indicator state False, Closed
Switch indicator state True, Open
Switch indicator state False, Closed
Switch indicator state False, Closed
Switch indicator state False, Closed
Switch indicator state False, Closed
Switch indicator state False, Closed
11:02:01 -- collecting point 175
load indicator states
Switch indicator state True, Open
Switch indicator state True, Open
Switch indicator state False, Closed
Switch indicator state True, Open
Switch indicator state False, Closed
Switch indicator state True, Open
Switch indicator state False, Closed
Switch indicator state False, Closed
Switch indicator state False, Closed
Switch indicator state False, Closed
Switch indicator state False, Closed
load indicator states
Switch indicator state True, Open
Switch indicator state True, Open
Switch indicator state False, Closed
Switch indicator state True, Open
Switch indicator state False, Closed
Switch indicator state True, Open
Switch indicator state False, Closed
Switch indicator state False, Closed
Switch indicator state False, Closed
Switch indicator state False, Closed
Switch indicator state False, Closed
load indicator states
Switch indicator state True, Open
Switch indicator state True, Open
Switch indicator state False, Closed
Switch indicator state True, Open
Switch indicator state False, Closed
Switch indicator state True, Open
Switch indicator state False, Closed
Switch indicator state False, Closed
Switch indicator state False, Closed
Switch indicator state False, Closed
Switch indicator state False, Closed
11:02:26 -- collecting point 200
load indicator states
Switch indicator state True, Open
Switch indicator state True, Open
Switch indicator state False, Closed
Switch indicator state True, Open
Switch indicator state False, Closed
Switch indicator state True, Open
Switch indicator state False, Closed
Switch indicator state False, Closed
Switch indicator state False, Closed
Switch indicator state False, Closed
Switch indicator state False, Closed
load indicator states
Switch indicator state True, Open
Switch indicator state True, Open
Switch indicator state False, Closed
Switch indicator state True, Open
Switch indicator state False, Closed
Switch indicator state True, Open
Switch indicator state False, Closed
Switch indicator state False, Closed
Switch indicator state False, Closed
Switch indicator state False, Closed
Switch indicator state False, Closed
11:02:51 -- collecting point 225
load indicator states
Switch indicator state True, Open
Switch indicator state True, Open
Switch indicator state False, Closed
Switch indicator state True, Open
Switch indicator state False, Closed
Switch indicator state True, Open
Switch indicator state False, Closed
Switch indicator state False, Closed
Switch indicator state False, Closed
Switch indicator state False, Closed
Switch indicator state False, Closed
load indicator states
Switch indicator state True, Open
Switch indicator state True, Open
Switch indicator state False, Closed
Switch indicator state True, Open
Switch indicator state False, Closed
Switch indicator state True, Open
Switch indicator state False, Closed
Switch indicator state False, Closed
Switch indicator state False, Closed
Switch indicator state False, Closed
Switch indicator state False, Closed
11:03:16 -- collecting point 250
load indicator states
Switch indicator state True, Open
Switch indicator state True, Open
Switch indicator state False, Closed
Switch indicator state True, Open
Switch indicator state False, Closed
Switch indicator state True, Open
Switch indicator state False, Closed
Switch indicator state False, Closed
Switch indicator state False, Closed
Switch indicator state False, Closed
Switch indicator state False, Closed
load indicator states
Switch indicator state True, Open
Switch indicator state True, Open
Switch indicator state False, Closed
Switch indicator state True, Open
Switch indicator state False, Closed
Switch indicator state True, Open
Switch indicator state False, Closed
Switch indicator state False, Closed
Switch indicator state False, Closed
Switch indicator state False, Closed
Switch indicator state False, Closed
load indicator states
Switch indicator state True, Open
Switch indicator state True, Open
Switch indicator state False, Closed
Switch indicator state True, Open
Switch indicator state False, Closed
Switch indicator state True, Open
Switch indicator state False, Closed
Switch indicator state False, Closed
Switch indicator state False, Closed
Switch indicator state False, Closed
Switch indicator state False, Closed
11:03:41 -- collecting point 275
load indicator states
Switch indicator state True, Open
Switch indicator state True, Open
Switch indicator state False, Closed
Switch indicator state True, Open
Switch indicator state False, Closed
Switch indicator state True, Open
Switch indicator state False, Closed
Switch indicator state False, Closed
Switch indicator state False, Closed
Switch indicator state False, Closed
Switch indicator state False, Closed
load indicator states
Switch indicator state True, Open
Switch indicator state True, Open
Switch indicator state False, Closed
Switch indicator state True, Open
Switch indicator state False, Closed
Switch indicator state True, Open
Switch indicator state False, Closed
Switch indicator state False, Closed
Switch indicator state False, Closed
Switch indicator state False, Closed
Switch indicator state False, Closed
11:04:06 -- collecting point 300
load indicator states
Switch indicator state True, Open
Switch indicator state True, Open
Switch indicator state False, Closed
Switch indicator state True, Open
Switch indicator state False, Closed
Switch indicator state True, Open
Switch indicator state False, Closed
Switch indicator state False, Closed
Switch indicator state False, Closed
Switch indicator state False, Closed
Switch indicator state False, Closed
load indicator states
Switch indicator state True, Open
Switch indicator state True, Open
Switch indicator state False, Closed
Switch indicator state True, Open
Switch indicator state False, Closed
Switch indicator state True, Open
Switch indicator state False, Closed
Switch indicator state False, Closed
Switch indicator state False, Closed
Switch indicator state False, Closed
Switch indicator state False, Closed
load indicator states
Switch indicator state True, Open
Switch indicator state True, Open
Switch indicator state False, Closed
Switch indicator state True, Open
Switch indicator state False, Closed
Switch indicator state True, Open
Switch indicator state False, Closed
Switch indicator state False, Closed
Switch indicator state False, Closed
Switch indicator state False, Closed
Switch indicator state False, Closed
11:04:32 -- collecting point 325
load indicator states
Switch indicator state True, Open
Switch indicator state True, Open
Switch indicator state False, Closed
Switch indicator state True, Open
Switch indicator state False, Closed
Switch indicator state True, Open
Switch indicator state False, Closed
Switch indicator state False, Closed
Switch indicator state False, Closed
Switch indicator state False, Closed
Switch indicator state False, Closed
load indicator states
Switch indicator state True, Open
Switch indicator state True, Open
Switch indicator state False, Closed
Switch indicator state True, Open
Switch indicator state False, Closed
Switch indicator state True, Open
Switch indicator state False, Closed
Switch indicator state False, Closed
Switch indicator state False, Closed
Switch indicator state False, Closed
Switch indicator state False, Closed
11:04:57 -- collecting point 350
load indicator states
Switch indicator state True, Open
Switch indicator state True, Open
Switch indicator state False, Closed
Switch indicator state True, Open
Switch indicator state False, Closed
Switch indicator state True, Open
Switch indicator state False, Closed
Switch indicator state False, Closed
Switch indicator state False, Closed
Switch indicator state False, Closed
Switch indicator state False, Closed
load indicator states
Switch indicator state True, Open
Switch indicator state True, Open
Switch indicator state False, Closed
Switch indicator state True, Open
Switch indicator state False, Closed
Switch indicator state True, Open
Switch indicator state False, Closed
Switch indicator state False, Closed
Switch indicator state False, Closed
Switch indicator state False, Closed
Switch indicator state False, Closed
load indicator states
Switch indicator state True, Open
Switch indicator state True, Open
Switch indicator state False, Closed
Switch indicator state True, Open
Switch indicator state False, Closed
Switch indicator state True, Open
Switch indicator state False, Closed
Switch indicator state False, Closed
Switch indicator state False, Closed
Switch indicator state False, Closed
Switch indicator state False, Closed
11:05:22 -- collecting point 375
load indicator states
Switch indicator state True, Open
Switch indicator state True, Open
Switch indicator state False, Closed
Switch indicator state True, Open
Switch indicator state False, Closed
Switch indicator state True, Open
Switch indicator state False, Closed
Switch indicator state False, Closed
Switch indicator state False, Closed
Switch indicator state False, Closed
Switch indicator state False, Closed
load indicator states
Switch indicator state True, Open
Switch indicator state True, Open
Switch indicator state False, Closed
Switch indicator state True, Open
Switch indicator state False, Closed
Switch indicator state True, Open
Switch indicator state False, Closed
Switch indicator state False, Closed
Switch indicator state False, Closed
Switch indicator state False, Closed
Switch indicator state False, Closed
11:05:47 -- collecting point 400
waiting for write to finish
measurement finished
estimated time: 400.000 actual time: :401.519
flush and close file /Users/labuser/Pychron/data/isotopes/69/efea20-8d76-4443-9355-a3435ae6e947.h5
baselines () {'detector': 'H2', 'mass': 39.59, 'ncounts': 120}
%%%%%%%%%%%%%%%%%%%%%%%%%%%%%%%% Baseline
build tables- baseline [Detector(H2), Detector(H1), Detector(AX), Detector(L1), Detector(L2(CDD))]
add group baseline table H2
add group baseline table H1
add group baseline table AX
add group baseline table L1
add group baseline table L2(CDD)
flush and close file /Users/labuser/Pychron/data/isotopes/69/efea20-8d76-4443-9355-a3435ae6e947.h5
detector Detector(H2)
POSITION 39.59 H2
Mapping mass to dac mass func: "parabolic"
H2 map mass coeffs = [  2.53589168e-02  -1.84786063e+00   3.71259944e+01]
H2 map mass to dac 39.59 >> 3.71594916742
GetHighVoltage ===>> 9900
positioning 39.59 (3.71594916742) on H2
setting magnet DAC
current  : 3.779000
requested: 3.715949
Delta Dac: 0.063051
SetMagnetDAC 3.71594916742 ===>> OK
Magnet settling time: 0.500
Magnet settling complete
set_dac. change=True
Delaying 4s for detectors to settle
load indicator states
Switch indicator state True, Open
Switch indicator state True, Open
Switch indicator state False, Closed
Join finished
measuring baseline. ncounts=120
Switch indicator state True, Open
Switch indicator state False, Closed
Switch indicator state True, Open
Switch indicator state False, Closed
Switch indicator state False, Closed
Switch indicator state False, Closed
Switch indicator state False, Closed
Switch indicator state False, Closed
"baseline" increment series count="2" fit count="1" regressing="True"
starting measurement
load indicator states
Switch indicator state True, Open
Switch indicator state True, Open
Switch indicator state False, Closed
Switch indicator state True, Open
Switch indicator state False, Closed
Switch indicator state True, Open
Switch indicator state False, Closed
Switch indicator state False, Closed
Switch indicator state False, Closed
Switch indicator state False, Closed
Switch indicator state False, Closed
load indicator states
Switch indicator state True, Open
Switch indicator state True, Open
Switch indicator state False, Closed
Switch indicator state True, Open
Switch indicator state False, Closed
Switch indicator state True, Open
Switch indicator state False, Closed
Switch indicator state False, Closed
Switch indicator state False, Closed
Switch indicator state False, Closed
Switch indicator state False, Closed
11:06:17 -- collecting point 25
load indicator states
Switch indicator state True, Open
Switch indicator state True, Open
Switch indicator state False, Closed
Switch indicator state True, Open
Switch indicator state False, Closed
Switch indicator state True, Open
Switch indicator state False, Closed
Switch indicator state False, Closed
Switch indicator state False, Closed
Switch indicator state False, Closed
Switch indicator state False, Closed
load indicator states
Switch indicator state True, Open
Switch indicator state True, Open
Switch indicator state False, Closed
Switch indicator state True, Open
Switch indicator state False, Closed
Switch indicator state True, Open
Switch indicator state False, Closed
Switch indicator state False, Closed
Switch indicator state False, Closed
Switch indicator state False, Closed
Switch indicator state False, Closed
11:06:42 -- collecting point 50
load indicator states
Switch indicator state True, Open
Switch indicator state True, Open
Switch indicator state False, Closed
Switch indicator state True, Open
Switch indicator state False, Closed
Switch indicator state True, Open
Switch indicator state False, Closed
Switch indicator state False, Closed
Switch indicator state False, Closed
Switch indicator state False, Closed
Switch indicator state False, Closed
load indicator states
Switch indicator state True, Open
Switch indicator state True, Open
Switch indicator state False, Closed
Switch indicator state True, Open
Switch indicator state False, Closed
Switch indicator state True, Open
Switch indicator state False, Closed
Switch indicator state False, Closed
Switch indicator state False, Closed
Switch indicator state False, Closed
Switch indicator state False, Closed
load indicator states
Switch indicator state True, Open
Switch indicator state True, Open
Switch indicator state False, Closed
Switch indicator state True, Open
Switch indicator state False, Closed
Switch indicator state True, Open
Switch indicator state False, Closed
Switch indicator state False, Closed
Switch indicator state False, Closed
Switch indicator state False, Closed
Switch indicator state False, Closed
11:07:07 -- collecting point 75
load indicator states
Switch indicator state True, Open
Switch indicator state True, Open
Switch indicator state False, Closed
Switch indicator state True, Open
Switch indicator state False, Closed
Switch indicator state True, Open
Switch indicator state False, Closed
Switch indicator state False, Closed
Switch indicator state False, Closed
Switch indicator state False, Closed
Switch indicator state False, Closed
load indicator states
Switch indicator state True, Open
Switch indicator state True, Open
Switch indicator state False, Closed
Switch indicator state True, Open
Switch indicator state False, Closed
Switch indicator state True, Open
Switch indicator state False, Closed
Switch indicator state False, Closed
Switch indicator state False, Closed
Switch indicator state False, Closed
Switch indicator state False, Closed
11:07:32 -- collecting point 100
load indicator states
Switch indicator state True, Open
Switch indicator state True, Open
Switch indicator state False, Closed
Switch indicator state True, Open
Switch indicator state False, Closed
Switch indicator state True, Open
Switch indicator state False, Closed
Switch indicator state False, Closed
Switch indicator state False, Closed
Switch indicator state False, Closed
Switch indicator state False, Closed
load indicator states
Switch indicator state True, Open
Switch indicator state True, Open
Switch indicator state False, Closed
Switch indicator state True, Open
Switch indicator state False, Closed
Switch indicator state True, Open
Switch indicator state False, Closed
Switch indicator state False, Closed
Switch indicator state False, Closed
Switch indicator state False, Closed
Switch indicator state False, Closed
waiting for write to finish
measurement finished
estimated time: 120.000 actual time: :120.490
flush and close file /Users/labuser/Pychron/data/isotopes/69/efea20-8d76-4443-9355-a3435ae6e947.h5
activate_detectors ('L2(CDD)', 'AX') {'peak_center': True}
peak_center () {'detector': 'H2', 'isotope': 'Ar40'}
peak center: mean=4864.33413948 threshold=3
peak center started
setup peak center. detector=['H2', 'L2(CDD)', 'AX'], isotope=Ar40
VersionedUnpickler [<apptools.sweet_pickle.versioned_unpickler.VersionedUnpickler object at 0x1315cadd0>] using Updater [<apptools.sweet_pickle.updater.Updater object at 0x1320799b0>]
VersionedUnpickler [<apptools.sweet_pickle.versioned_unpickler.VersionedUnpickler object at 0x1315cadd0>] using Updater [<apptools.sweet_pickle.updater.Updater object at 0x1320799b0>]
VersionedUnpickler [<apptools.sweet_pickle.versioned_unpickler.VersionedUnpickler object at 0x1320da2f0>] using Updater [<apptools.sweet_pickle.updater.Updater object at 0x1320799b0>]
setting integration time = 1.048576
SetIntegrationTime 1.048576 ===>> OK
Mapping mass to dac mass func: "parabolic"
H2 map mass coeffs = [  2.53589168e-02  -1.84786063e+00   3.71259944e+01]
H2 map mass to dac 39.962 >> 3.77900016032
GetHighVoltage ===>> 9900
do peak center. <pychron.spectrometer.jobs.peak_center.PeakCenter object at 0x13203bef0>
doing pc
starting peak center. center dac= 3.77900016032 step_width=5e-05
width = 5e-05
get scan parameters. half-width=0.0025,window=0.0025, i=0, scalar=1
Scan parameters center=3.77900 width=0.00500 (3.77650 - 3.78150)
Moving to starting dac 3.77650016032
setting magnet DAC
current  : 3.715949
requested: 3.776500
Delta Dac: 0.060551
SetMagnetDAC 3.77650016032 ===>> OK
Magnet settling time: 0.500
Magnet settling complete
set_dac. change=True
Wait until signal near baseline. tol= -0.0496664216018. timeout= 10
Peak center baseline intensity achieved
_do_sweep sm= 3.77650016032, em= 3.78150016032, stm= 5e-05
calculated step values: start=3.77650016032, end=3.78150016032, width=5e-05, nsteps=101.0
setting magnet DAC
current  : 3.776500
requested: 3.776500
Delta Dac: 0.000000
set_dac. change=False
setting magnet DAC
current  : 3.776500
requested: 3.776551
Delta Dac: 0.000051
Magnet settling time: 2.097
Magnet settling complete
set_dac. change=True
setting magnet DAC
current  : 3.776551
requested: 3.776601
Delta Dac: 0.000051
Magnet settling time: 2.097
load indicator states
Switch indicator state True, Open
Switch indicator state True, Open
Switch indicator state False, Closed
Switch indicator state True, Open
Switch indicator state False, Closed
Switch indicator state True, Open
Switch indicator state False, Closed
Switch indicator state False, Closed
Switch indicator state False, Closed
Switch indicator state False, Closed
Switch indicator state False, Closed
Magnet settling complete
set_dac. change=True
setting magnet DAC
current  : 3.776601
requested: 3.776652
Delta Dac: 0.000051
Magnet settling time: 2.097
Magnet settling complete
set_dac. change=True
setting magnet DAC
current  : 3.776652
requested: 3.776702
Delta Dac: 0.000051
Magnet settling time: 2.097
Magnet settling complete
set_dac. change=True
setting magnet DAC
current  : 3.776702
requested: 3.776753
Delta Dac: 0.000051
Magnet settling time: 2.097
Magnet settling complete
set_dac. change=True
setting magnet DAC
current  : 3.776753
requested: 3.776803
Delta Dac: 0.000051
Magnet settling time: 2.097
Magnet settling complete
set_dac. change=True
setting magnet DAC
current  : 3.776803
requested: 3.776854
Delta Dac: 0.000051
Magnet settling time: 2.097
load indicator states
Switch indicator state True, Open
Switch indicator state True, Open
Switch indicator state False, Closed
Switch indicator state True, Open
Switch indicator state False, Closed
Switch indicator state True, Open
Switch indicator state False, Closed
Switch indicator state False, Closed
Switch indicator state False, Closed
Switch indicator state False, Closed
Switch indicator state False, Closed
Magnet settling complete
set_dac. change=True
setting magnet DAC
current  : 3.776854
requested: 3.776904
Delta Dac: 0.000051
Magnet settling time: 2.097
Magnet settling complete
set_dac. change=True
setting magnet DAC
current  : 3.776904
requested: 3.776955
Delta Dac: 0.000051
Magnet settling time: 2.097
Magnet settling complete
set_dac. change=True
setting magnet DAC
current  : 3.776955
requested: 3.777005
Delta Dac: 0.000051
Magnet settling time: 2.097
Magnet settling complete
set_dac. change=True
setting magnet DAC
current  : 3.777005
requested: 3.777056
Delta Dac: 0.000051
Magnet settling time: 2.097
load indicator states
Switch indicator state True, Open
Switch indicator state True, Open
Switch indicator state False, Closed
Switch indicator state True, Open
Switch indicator state False, Closed
Switch indicator state True, Open
Switch indicator state False, Closed
Switch indicator state False, Closed
Switch indicator state False, Closed
Switch indicator state False, Closed
Switch indicator state False, Closed
Magnet settling complete
set_dac. change=True
setting magnet DAC
current  : 3.777056
requested: 3.777106
Delta Dac: 0.000051
Magnet settling time: 2.097
Magnet settling complete
set_dac. change=True
setting magnet DAC
current  : 3.777106
requested: 3.777157
Delta Dac: 0.000051
Magnet settling time: 2.097
Magnet settling complete
set_dac. change=True
setting magnet DAC
current  : 3.777157
requested: 3.777207
Delta Dac: 0.000051
Magnet settling time: 2.097
Magnet settling complete
set_dac. change=True
setting magnet DAC
current  : 3.777207
requested: 3.777258
Delta Dac: 0.000051
Magnet settling time: 2.097
Magnet settling complete
set_dac. change=True
setting magnet DAC
current  : 3.777258
requested: 3.777308
Delta Dac: 0.000051
Magnet settling time: 2.097
load indicator states
Switch indicator state True, Open
Switch indicator state True, Open
Switch indicator state False, Closed
Switch indicator state True, Open
Switch indicator state False, Closed
Switch indicator state True, Open
Switch indicator state False, Closed
Switch indicator state False, Closed
Switch indicator state False, Closed
Switch indicator state False, Closed
Switch indicator state False, Closed
Magnet settling complete
set_dac. change=True
setting magnet DAC
current  : 3.777308
requested: 3.777359
Delta Dac: 0.000051
Magnet settling time: 2.097
Magnet settling complete
set_dac. change=True
setting magnet DAC
current  : 3.777359
requested: 3.777409
Delta Dac: 0.000051
Magnet settling time: 2.097
Magnet settling complete
set_dac. change=True
setting magnet DAC
current  : 3.777409
requested: 3.777460
Delta Dac: 0.000051
Magnet settling time: 2.097
Magnet settling complete
set_dac. change=True
setting magnet DAC
current  : 3.777460
requested: 3.777510
Delta Dac: 0.000051
Magnet settling time: 2.097
Magnet settling complete
set_dac. change=True
setting magnet DAC
current  : 3.777510
requested: 3.777561
Delta Dac: 0.000051
Magnet settling time: 2.097
============ Exception ==============
Traceback (most recent call last):
File "/Users/labuser/miniconda2/envs/pychron2/lib/python2.7/site-packages/enable/qt4/base_window.py", line 198, in paintEvent
    self.handler.paintEvent(event)
File "/Users/labuser/miniconda2/envs/pychron2/lib/python2.7/site-packages/enable/qt4/base_window.py", line 50, in paintEvent
    self._enable_window._paint(event)
File "/Users/labuser/miniconda2/envs/pychron2/lib/python2.7/site-packages/enable/abstract_window.py", line 467, in _paint
    self.component.draw(gc, view_bounds=(0, 0, size[0], size[1]))
File "/Users/labuser/miniconda2/envs/pychron2/lib/python2.7/site-packages/enable/component.py", line 421, in draw
    self._draw(gc, view_bounds, mode)
File "/Users/labuser/miniconda2/envs/pychron2/lib/python2.7/site-packages/enable/component.py", line 773, in _draw
    self._dispatch_draw(layer, gc, view_bounds, mode)
File "/Users/labuser/miniconda2/envs/pychron2/lib/python2.7/site-packages/enable/container.py", line 327, in _dispatch_draw
    component._dispatch_draw(layer, gc, new_bounds, mode)
File "/Users/labuser/miniconda2/envs/pychron2/lib/python2.7/site-packages/enable/container.py", line 312, in _dispatch_draw
    my_handler(gc, view_bounds, mode)
File "/Users/labuser/miniconda2/envs/pychron2/lib/python2.7/site-packages/enable/container.py", line 352, in _draw_container_underlay
    self._draw_underlay(gc, view_bounds, mode)
File "/Users/labuser/miniconda2/envs/pychron2/lib/python2.7/site-packages/enable/component.py", line 881, in _draw_underlay
    underlay.overlay(self, gc, view_bounds, mode)
File "/Users/labuser/miniconda2/envs/pychron2/lib/python2.7/site-packages/chaco/grid.py", line 306, in overlay
    self._draw_component(gc, view_bounds, mode)
File "/Users/labuser/miniconda2/envs/pychron2/lib/python2.7/site-packages/chaco/grid.py", line 342, in _draw_component
    starts[:,0] = self._tick_extents[:,0]
IndexError: too many indices for array
============ End Exception ==========
load indicator states
Switch indicator state True, Open
Switch indicator state True, Open
Switch indicator state False, Closed
Switch indicator state True, Open
Switch indicator state False, Closed
Switch indicator state True, Open
Switch indicator state False, Closed
Switch indicator state False, Closed
Switch indicator state False, Closed
Switch indicator state False, Closed
Switch indicator state False, Closed
Magnet settling complete
set_dac. change=True
setting magnet DAC
current  : 3.777561
requested: 3.777611
Delta Dac: 0.000051
Magnet settling time: 2.097
Magnet settling complete
set_dac. change=True
setting magnet DAC
current  : 3.777611
requested: 3.777662
Delta Dac: 0.000051
Magnet settling time: 2.097
Magnet settling complete
set_dac. change=True
setting magnet DAC
current  : 3.777662
requested: 3.777712
Delta Dac: 0.000051
Magnet settling time: 2.097
Magnet settling complete
set_dac. change=True
setting magnet DAC
current  : 3.777712
requested: 3.777763
Delta Dac: 0.000051
Magnet settling time: 2.097
Magnet settling complete
set_dac. change=True
setting magnet DAC
current  : 3.777763
requested: 3.777813
Delta Dac: 0.000051
Magnet settling time: 2.097
load indicator states
Switch indicator state True, Open
Switch indicator state True, Open
Switch indicator state False, Closed
Switch indicator state True, Open
Switch indicator state False, Closed
Switch indicator state True, Open
Switch indicator state False, Closed
Switch indicator state False, Closed
Switch indicator state False, Closed
Switch indicator state False, Closed
Switch indicator state False, Closed
Magnet settling complete
set_dac. change=True
setting magnet DAC
current  : 3.777813
requested: 3.777864
Delta Dac: 0.000051
Magnet settling time: 2.097
Magnet settling complete
set_dac. change=True
setting magnet DAC
current  : 3.777864
requested: 3.777914
Delta Dac: 0.000051
Magnet settling time: 2.097
Magnet settling complete
set_dac. change=True
setting magnet DAC
current  : 3.777914
requested: 3.777965
Delta Dac: 0.000051
Magnet settling time: 2.097
Magnet settling complete
set_dac. change=True
setting magnet DAC
current  : 3.777965
requested: 3.778015
Delta Dac: 0.000051
Magnet settling time: 2.097
Magnet settling complete
set_dac. change=True
setting magnet DAC
current  : 3.778015
requested: 3.778066
Delta Dac: 0.000051
Magnet settling time: 2.097
load indicator states
Switch indicator state True, Open
Switch indicator state True, Open
Switch indicator state False, Closed
Switch indicator state True, Open
Switch indicator state False, Closed
Switch indicator state True, Open
Switch indicator state False, Closed
Switch indicator state False, Closed
Switch indicator state False, Closed
Switch indicator state False, Closed
Switch indicator state False, Closed
Magnet settling complete
set_dac. change=True
setting magnet DAC
current  : 3.778066
requested: 3.778116
Delta Dac: 0.000051
Magnet settling time: 2.097
Magnet settling complete
set_dac. change=True
setting magnet DAC
current  : 3.778116
requested: 3.778167
Delta Dac: 0.000051
Magnet settling time: 2.097
Magnet settling complete
set_dac. change=True
setting magnet DAC
current  : 3.778167
requested: 3.778217
Delta Dac: 0.000051
Magnet settling time: 2.097
Magnet settling complete
set_dac. change=True
setting magnet DAC
current  : 3.778217
requested: 3.778268
Delta Dac: 0.000051
Magnet settling time: 2.097
load indicator states
Switch indicator state True, Open
Switch indicator state True, Open
Switch indicator state False, Closed
Switch indicator state True, Open
Switch indicator state False, Closed
Switch indicator state True, Open
Switch indicator state False, Closed
Switch indicator state False, Closed
Switch indicator state False, Closed
Switch indicator state False, Closed
Switch indicator state False, Closed
Magnet settling complete
set_dac. change=True
setting magnet DAC
current  : 3.778268
requested: 3.778318
Delta Dac: 0.000051
Magnet settling time: 2.097
Magnet settling complete
set_dac. change=True
setting magnet DAC
current  : 3.778318
requested: 3.778369
Delta Dac: 0.000051
Magnet settling time: 2.097
Magnet settling complete
set_dac. change=True
setting magnet DAC
current  : 3.778369
requested: 3.778419
Delta Dac: 0.000051
Magnet settling time: 2.097
Magnet settling complete
set_dac. change=True
setting magnet DAC
current  : 3.778419
requested: 3.778470
Delta Dac: 0.000051
Magnet settling time: 2.097
Magnet settling complete
set_dac. change=True
setting magnet DAC
current  : 3.778470
requested: 3.778520
Delta Dac: 0.000051
Magnet settling time: 2.097
load indicator states
Switch indicator state True, Open
Switch indicator state True, Open
Switch indicator state False, Closed
Switch indicator state True, Open
Switch indicator state False, Closed
Switch indicator state True, Open
Switch indicator state False, Closed
Switch indicator state False, Closed
Switch indicator state False, Closed
Switch indicator state False, Closed
Switch indicator state False, Closed
Magnet settling complete
set_dac. change=True
setting magnet DAC
current  : 3.778520
requested: 3.778571
Delta Dac: 0.000051
Magnet settling time: 2.097
Magnet settling complete
set_dac. change=True
setting magnet DAC
current  : 3.778571
requested: 3.778621
Delta Dac: 0.000051
Magnet settling time: 2.097
Magnet settling complete
set_dac. change=True
setting magnet DAC
current  : 3.778621
requested: 3.778672
Delta Dac: 0.000051
Magnet settling time: 2.097
Magnet settling complete
set_dac. change=True
setting magnet DAC
current  : 3.778672
requested: 3.778722
Delta Dac: 0.000051
Magnet settling time: 2.097
Magnet settling complete
set_dac. change=True
setting magnet DAC
current  : 3.778722
requested: 3.778773
Delta Dac: 0.000051
Magnet settling time: 2.097
load indicator states
Switch indicator state True, Open
Switch indicator state True, Open
Switch indicator state False, Closed
Switch indicator state True, Open
Switch indicator state False, Closed
Switch indicator state True, Open
Switch indicator state False, Closed
Switch indicator state False, Closed
Switch indicator state False, Closed
Switch indicator state False, Closed
Switch indicator state False, Closed
Magnet settling complete
set_dac. change=True
setting magnet DAC
current  : 3.778773
requested: 3.778823
Delta Dac: 0.000051
Magnet settling time: 2.097
Magnet settling complete
set_dac. change=True
setting magnet DAC
current  : 3.778823
requested: 3.778874
Delta Dac: 0.000051
Magnet settling time: 2.097
Magnet settling complete
set_dac. change=True
setting magnet DAC
current  : 3.778874
requested: 3.778924
Delta Dac: 0.000051
Magnet settling time: 2.097
Magnet settling complete
set_dac. change=True
setting magnet DAC
current  : 3.778924
requested: 3.778975
Delta Dac: 0.000051
Magnet settling time: 2.097
Magnet settling complete
set_dac. change=True
setting magnet DAC
current  : 3.778975
requested: 3.779025
Delta Dac: 0.000051
Magnet settling time: 2.097
load indicator states
Switch indicator state True, Open
Switch indicator state True, Open
Switch indicator state False, Closed
Switch indicator state True, Open
Switch indicator state False, Closed
Switch indicator state True, Open
Switch indicator state False, Closed
Switch indicator state False, Closed
Switch indicator state False, Closed
Switch indicator state False, Closed
Switch indicator state False, Closed
Magnet settling complete
set_dac. change=True
setting magnet DAC
current  : 3.779025
requested: 3.779076
Delta Dac: 0.000051
Magnet settling time: 2.097
Magnet settling complete
set_dac. change=True
setting magnet DAC
current  : 3.779076
requested: 3.779126
Delta Dac: 0.000051
Magnet settling time: 2.097
Magnet settling complete
set_dac. change=True
setting magnet DAC
current  : 3.779126
requested: 3.779177
Delta Dac: 0.000051
Magnet settling time: 2.097
Magnet settling complete
set_dac. change=True
setting magnet DAC
current  : 3.779177
requested: 3.779227
Delta Dac: 0.000051
Magnet settling time: 2.097
Magnet settling complete
set_dac. change=True
setting magnet DAC
current  : 3.779227
requested: 3.779278
Delta Dac: 0.000051
Magnet settling time: 2.097
load indicator states
Switch indicator state True, Open
Switch indicator state True, Open
Switch indicator state False, Closed
Switch indicator state True, Open
Switch indicator state False, Closed
Switch indicator state True, Open
Switch indicator state False, Closed
Switch indicator state False, Closed
Switch indicator state False, Closed
Switch indicator state False, Closed
Switch indicator state False, Closed
Magnet settling complete
set_dac. change=True
setting magnet DAC
current  : 3.779278
requested: 3.779328
Delta Dac: 0.000051
Magnet settling time: 2.097
Magnet settling complete
set_dac. change=True
setting magnet DAC
current  : 3.779328
requested: 3.779379
Delta Dac: 0.000051
Magnet settling time: 2.097
Magnet settling complete
set_dac. change=True
setting magnet DAC
current  : 3.779379
requested: 3.779429
Delta Dac: 0.000051
Magnet settling time: 2.097
Magnet settling complete
set_dac. change=True
setting magnet DAC
current  : 3.779429
requested: 3.779480
Delta Dac: 0.000051
Magnet settling time: 2.097
load indicator states
Switch indicator state True, Open
Switch indicator state True, Open
Switch indicator state False, Closed
Switch indicator state True, Open
Switch indicator state False, Closed
Switch indicator state True, Open
Switch indicator state False, Closed
Switch indicator state False, Closed
Magnet settling complete
set_dac. change=True
setting magnet DAC
current  : 3.779480
requested: 3.779530
Delta Dac: 0.000051
Switch indicator state False, Closed
Magnet settling time: 2.097
Switch indicator state False, Closed
Switch indicator state False, Closed
Magnet settling complete
set_dac. change=True
setting magnet DAC
current  : 3.779530
requested: 3.779581
Delta Dac: 0.000051
Magnet settling time: 2.097
Magnet settling complete
set_dac. change=True
setting magnet DAC
current  : 3.779581
requested: 3.779631
Delta Dac: 0.000051
Magnet settling time: 2.097
Magnet settling complete
set_dac. change=True
setting magnet DAC
current  : 3.779631
requested: 3.779682
Delta Dac: 0.000051
Magnet settling time: 2.097
Magnet settling complete
set_dac. change=True
setting magnet DAC
current  : 3.779682
requested: 3.779732
Delta Dac: 0.000051
Magnet settling time: 2.097
load indicator states
Switch indicator state True, Open
Switch indicator state True, Open
Switch indicator state False, Closed
Switch indicator state True, Open
Switch indicator state False, Closed
Switch indicator state True, Open
Switch indicator state False, Closed
Switch indicator state False, Closed
Switch indicator state False, Closed
Switch indicator state False, Closed
Switch indicator state False, Closed
Magnet settling complete
set_dac. change=True
setting magnet DAC
current  : 3.779732
requested: 3.779783
Delta Dac: 0.000051
Magnet settling time: 2.097
Magnet settling complete
set_dac. change=True
setting magnet DAC
current  : 3.779783
requested: 3.779833
Delta Dac: 0.000051
Magnet settling time: 2.097
Magnet settling complete
set_dac. change=True
setting magnet DAC
current  : 3.779833
requested: 3.779884
Delta Dac: 0.000051
Magnet settling time: 2.097
Magnet settling complete
set_dac. change=True
setting magnet DAC
current  : 3.779884
requested: 3.779935
Delta Dac: 0.000051
Magnet settling time: 2.097
Magnet settling complete
set_dac. change=True
setting magnet DAC
current  : 3.779935
requested: 3.779985
Delta Dac: 0.000051
Magnet settling time: 2.097
load indicator states
Switch indicator state True, Open
Switch indicator state True, Open
Switch indicator state False, Closed
Switch indicator state True, Open
Switch indicator state False, Closed
Switch indicator state True, Open
Switch indicator state False, Closed
Switch indicator state False, Closed
Switch indicator state False, Closed
Switch indicator state False, Closed
Switch indicator state False, Closed
Magnet settling complete
set_dac. change=True
setting magnet DAC
current  : 3.779985
requested: 3.780036
Delta Dac: 0.000051
Magnet settling time: 2.097
Magnet settling complete
set_dac. change=True
setting magnet DAC
current  : 3.780036
requested: 3.780086
Delta Dac: 0.000051
Magnet settling time: 2.097
Magnet settling complete
set_dac. change=True
setting magnet DAC
current  : 3.780086
requested: 3.780137
Delta Dac: 0.000051
Magnet settling time: 2.097
Magnet settling complete
set_dac. change=True
setting magnet DAC
current  : 3.780137
requested: 3.780187
Delta Dac: 0.000051
Magnet settling time: 2.097
Magnet settling complete
set_dac. change=True
setting magnet DAC
current  : 3.780187
requested: 3.780238
Delta Dac: 0.000051
Magnet settling time: 2.097
load indicator states
Switch indicator state True, Open
Switch indicator state True, Open
Switch indicator state False, Closed
Switch indicator state True, Open
Switch indicator state False, Closed
Switch indicator state True, Open
Switch indicator state False, Closed
Switch indicator state False, Closed
Switch indicator state False, Closed
Switch indicator state False, Closed
Switch indicator state False, Closed
Magnet settling complete
set_dac. change=True
setting magnet DAC
current  : 3.780238
requested: 3.780288
Delta Dac: 0.000051
Magnet settling time: 2.097
Magnet settling complete
set_dac. change=True
setting magnet DAC
current  : 3.780288
requested: 3.780339
Delta Dac: 0.000051
Magnet settling time: 2.097
Magnet settling complete
set_dac. change=True
setting magnet DAC
current  : 3.780339
requested: 3.780389
Delta Dac: 0.000051
Magnet settling time: 2.097
Magnet settling complete
set_dac. change=True
setting magnet DAC
current  : 3.780389
requested: 3.780440
Delta Dac: 0.000051
Magnet settling time: 2.097
Magnet settling complete
set_dac. change=True
setting magnet DAC
current  : 3.780440
requested: 3.780490
Delta Dac: 0.000051
Magnet settling time: 2.097
load indicator states
Switch indicator state True, Open
Switch indicator state True, Open
Switch indicator state False, Closed
Switch indicator state True, Open
Switch indicator state False, Closed
Switch indicator state True, Open
Switch indicator state False, Closed
Switch indicator state False, Closed
Switch indicator state False, Closed
Switch indicator state False, Closed
Switch indicator state False, Closed
Magnet settling complete
set_dac. change=True
setting magnet DAC
current  : 3.780490
requested: 3.780541
Delta Dac: 0.000051
Magnet settling time: 2.097
Magnet settling complete
set_dac. change=True
setting magnet DAC
current  : 3.780541
requested: 3.780591
Delta Dac: 0.000051
Magnet settling time: 2.097
Magnet settling complete
set_dac. change=True
setting magnet DAC
current  : 3.780591
requested: 3.780642
Delta Dac: 0.000051
Magnet settling time: 2.097
Magnet settling complete
set_dac. change=True
setting magnet DAC
current  : 3.780642
requested: 3.780692
Delta Dac: 0.000051
Magnet settling time: 2.097
load indicator states
Switch indicator state True, Open
Switch indicator state True, Open
Switch indicator state False, Closed
Switch indicator state True, Open
Switch indicator state False, Closed
Switch indicator state True, Open
Switch indicator state False, Closed
Magnet settling complete
set_dac. change=True
setting magnet DAC
current  : 3.780692
requested: 3.780743
Delta Dac: 0.000051
Switch indicator state False, Closed
Magnet settling time: 2.097
Switch indicator state False, Closed
Switch indicator state False, Closed
Switch indicator state False, Closed
Magnet settling complete
set_dac. change=True
setting magnet DAC
current  : 3.780743
requested: 3.780793
Delta Dac: 0.000051
Magnet settling time: 2.097
Magnet settling complete
set_dac. change=True
setting magnet DAC
current  : 3.780793
requested: 3.780844
Delta Dac: 0.000051
Magnet settling time: 2.097
Magnet settling complete
set_dac. change=True
setting magnet DAC
current  : 3.780844
requested: 3.780894
Delta Dac: 0.000051
Magnet settling time: 2.097
Magnet settling complete
set_dac. change=True
setting magnet DAC
current  : 3.780894
requested: 3.780945
Delta Dac: 0.000051
Magnet settling time: 2.097
load indicator states
Switch indicator state True, Open
Switch indicator state True, Open
Switch indicator state False, Closed
Switch indicator state True, Open
Switch indicator state False, Closed
Switch indicator state True, Open
Switch indicator state False, Closed
Switch indicator state False, Closed
Switch indicator state False, Closed
Switch indicator state False, Closed
Switch indicator state False, Closed
Magnet settling complete
set_dac. change=True
setting magnet DAC
current  : 3.780945
requested: 3.780995
Delta Dac: 0.000051
Magnet settling time: 2.097
Magnet settling complete
set_dac. change=True
setting magnet DAC
current  : 3.780995
requested: 3.781046
Delta Dac: 0.000051
Magnet settling time: 2.097
Magnet settling complete
set_dac. change=True
setting magnet DAC
current  : 3.781046
requested: 3.781096
Delta Dac: 0.000051
Magnet settling time: 2.097
Magnet settling complete
set_dac. change=True
setting magnet DAC
current  : 3.781096
requested: 3.781147
Delta Dac: 0.000051
Magnet settling time: 2.097
Magnet settling complete
set_dac. change=True
setting magnet DAC
current  : 3.781147
requested: 3.781197
Delta Dac: 0.000051
Magnet settling time: 2.097
load indicator states
Switch indicator state True, Open
Switch indicator state True, Open
Switch indicator state False, Closed
Switch indicator state True, Open
Switch indicator state False, Closed
Switch indicator state True, Open
Switch indicator state False, Closed
Switch indicator state False, Closed
Switch indicator state False, Closed
Switch indicator state False, Closed
Switch indicator state False, Closed
Magnet settling complete
set_dac. change=True
setting magnet DAC
current  : 3.781197
requested: 3.781248
Delta Dac: 0.000051
Magnet settling time: 2.097
Magnet settling complete
set_dac. change=True
setting magnet DAC
current  : 3.781248
requested: 3.781298
Delta Dac: 0.000051
Magnet settling time: 2.097
Magnet settling complete
set_dac. change=True
setting magnet DAC
current  : 3.781298
requested: 3.781349
Delta Dac: 0.000051
Magnet settling time: 2.097
Magnet settling complete
set_dac. change=True
setting magnet DAC
current  : 3.781349
requested: 3.781399
Delta Dac: 0.000051
Magnet settling time: 2.097
Magnet settling complete
set_dac. change=True
setting magnet DAC
current  : 3.781399
requested: 3.781450
Delta Dac: 0.000051
Magnet settling time: 2.097
load indicator states
Switch indicator state True, Open
Switch indicator state True, Open
Switch indicator state False, Closed
Switch indicator state True, Open
Switch indicator state False, Closed
Switch indicator state True, Open
Switch indicator state False, Closed
Switch indicator state False, Closed
Switch indicator state False, Closed
Switch indicator state False, Closed
Switch indicator state False, Closed
Magnet settling complete
set_dac. change=True
setting magnet DAC
current  : 3.781450
requested: 3.781500
Delta Dac: 0.000051
Magnet settling time: 2.097
Magnet settling complete
set_dac. change=True
result of _do_sweep=True
result of _calculate_peak_center=([3.7775472545090043, 3.7790151903807478, 3.7804831262524914], [907.57844588306625, 4742.7773568545981, 890.27694300885241], 3.7786244088176217, 4742.7773568545981)
new center pos Detector(H2) (Ar40) @ 3.77901519038
GetHighVoltage ===>> 9900
dac uncorrected for HV and deflection 3.77901519038
update mftable H2 Ar40 3.77901519038 message=automated run peakcenter
get initial guess parabolic
get initial guess parabolic
get initial guess parabolic
get initial guess parabolic
get initial guess parabolic
dump mftable to /Users/labuser/Pychron/setupfiles/spectrometer/mftables/mftable.csv
setting magnet DAC
current  : 3.781500
sweep finished
requested: 3.779015
Delta Dac: 0.002485
SetMagnetDAC 3.77901519038 ===>> OK
Magnet settling time: 0.500
Magnet settling complete
set_dac. change=True
setting integration time = 0.524288
SetIntegrationTime 0.524288 ===>> OK
flush and close file /Users/labuser/Pychron/data/isotopes/69/efea20-8d76-4443-9355-a3435ae6e947.h5
executed snippet estimated_duration=640.48, duration=777.285308123
helix_air.py completed successfully
Measurement Finished
11:11:28 -- ******* Measurement Finished *******
Post Measurement Started helix_pump_ms.py
11:11:28 -- ******* Post Measurement Started helix_pump_ms.py *******
testing...
no interpolation path defined
executed snippet estimated_duration=0, duration=3.91006469727e-05
open ('1',) {}
open name=1 desc=---
check software interlocks 1
interlocks []
actuate state mode=None-script, software_lock=False
doing actuation None-script open_channel True
Open Valve Ion Pump Set ===>> OK
change switch state (True, True)
11:11:28 -- OPEN   VALVE-1 (MSIonPump)
-------------------------- open 1 () result=[(True, True)]
action=open, ok=True, locked=[False]
executed snippet estimated_duration=0, duration=0.270759820938
helix_pump_ms.py completed successfully
setting _ms_pumptime
Post Measurement Finished
11:11:28 -- ******* Post Measurement Finished *******
$$$$$$$$$$$$$$$$$$$$ state at run end measurement
state changed from measurement to success
post measurement save measured=True aborted=False
Set filtering
setting fod for Ar40= {'filter_outliers': True, 'std_devs': 2, 'iterations': 1}
setting fod for H2= {'filter_outliers': True, 'std_devs': 2, 'iterations': 1}
setting fod for Ar36= {'filter_outliers': True, 'std_devs': 2, 'iterations': 1}
setting fod for L2(CDD)= {'filter_outliers': True, 'std_devs': 2, 'iterations': 1}
setting fod for Ar37= {'filter_outliers': True, 'std_devs': 2, 'iterations': 1}
setting fod for L1= {'filter_outliers': True, 'std_devs': 2, 'iterations': 1}
setting fod for Ar38= {'filter_outliers': True, 'std_devs': 2, 'iterations': 1}
setting fod for AX= {'filter_outliers': True, 'std_devs': 2, 'iterations': 1}
setting fod for Ar39= {'filter_outliers': True, 'std_devs': 2, 'iterations': 1}
setting fod for H1= {'filter_outliers': True, 'std_devs': 2, 'iterations': 1}
persistence save...
persistence save - db
post measurement save
5284482320 connecting to database sqlite:////Users/labuser/Pychron/.appdata/local_lab.db
connected to db sqlite:////Users/labuser/Pychron/.appdata/local_lab.db
create new session 5284482320
close session 5284482320
No database instance. Not saving post measurement to isotopedb database
$$$$$$$$$$$$$$$ auto_save_detector_ic=False
persistence save - dvc
================= post measurement started
create new session 4996251088
close session 4996251088
---------------- Experiment Queue saving disabled
DVC saving peakcenter
Popen(['git', 'fetch', 'origin'], cwd=/Users/labuser/Pychron/data/.dvc/repositories/Helix_air180, universal_newlines=False, shell=None)
Popen(['git', 'status', '-sb'], cwd=/Users/labuser/Pychron/data/.dvc/repositories/Helix_air180, universal_newlines=False, shell=None)
Smart pull ahead: 0 behind: 0
Up-to-date with origin
add to repo msg=modified - 1c6e5fb378bc6dbb9454a3742cfd71c48f11ca0a.json
add to repo msg=modified - -H-47.json
add to repo msg=modified - -H-47.dat.json
add to repo msg=modified - -H-47.blan.json
add to repo msg=modified - -H-47.inte.json
add to repo msg=modified - -H-47.icfa.json
add to repo msg=modified - -H-47.base.json
not at valid file /Users/labuser/Pychron/data/.dvc/repositories/Helix_air180/a-01/tags/-H-47.tags.json
add to repo msg=modified - -H-47.peak.json
add to repo msg=modified - -H-47.extr.json
not at valid file /Users/labuser/Pychron/data/.dvc/repositories/Helix_air180/a-01/monitor/-H-47.moni.json
commit message=<COLLECTION>
Popen(['git', 'cat-file', '--batch-check'], cwd=/Users/labuser/Pychron/data/.dvc/repositories/Helix_air180, universal_newlines=False, shell=None)
Popen(['git', 'cat-file', '--batch'], cwd=/Users/labuser/Pychron/data/.dvc/repositories/Helix_air180, universal_newlines=False, shell=None)
add to repo msg=modified - -H-47.inte.json
add to repo msg=modified - -H-47.base.json
commit message=<ISOEVO> default collection fits
add to repo msg=modified - -H-47.blan.json
commit message=<BLANKS> preceding ba-01-H-29
add to repo msg=modified - -H-47.icfa.json
commit message=<ICFactor> default
push repository <pychron.git_archive.repo_manager.GitRepoManager object at 0x12fed7f50>
pushing to remote=origin, url=https://github.com
Popen(['git', 'push', 'origin', 'master'], cwd=/Users/labuser/Pychron/data/.dvc/repositories/Helix_air180, universal_newlines=False, shell=None)
load indicator states
Switch indicator state True, Open
Switch indicator state True, Open
Switch indicator state True, Open
Switch indicator state True, Open
Switch indicator state False, Closed
Switch indicator state True, Open
Switch indicator state False, Closed
Switch indicator state False, Closed
Switch indicator state False, Closed
Switch indicator state False, Closed
Switch indicator state False, Closed
Popen(['git', 'fetch', 'origin'], cwd=/Users/labuser/Pychron/data/.dvc/MetaData, universal_newlines=False, shell=None)
Popen(['git', 'status', '-sb'], cwd=/Users/labuser/Pychron/data/.dvc/MetaData, universal_newlines=False, shell=None)
Popen(['git', 'diff', 'HEAD', '--name-only'], cwd=/Users/labuser/Pychron/data/.dvc/MetaData, universal_newlines=False, shell=None)
no changes to meta repo
Popen(['git', 'push', 'origin', 'master'], cwd=/Users/labuser/Pychron/data/.dvc/MetaData, universal_newlines=False, shell=None)
create new session 4996251088
add association Helix_air180
get identifier "a-01-H"
setting analysis irradiation position=<pychron.dvc.dvc_orm.IrradiationPositionTbl object at 0x136b41e50>
close session 4996251088
================= post measurement finished
11:11:37 -- ******* Post Run Check *******
loading queue conditionals post_run_actions
loading system conditionals post_run_actions
loading conditionals from /Users/labuser/Pychron/setupfiles/spectrometer/default_conditionals.yaml
loading queue conditionals post_run_terminations
loading system conditionals post_run_terminations
loading conditionals from /Users/labuser/Pychron/setupfiles/spectrometer/default_conditionals.yaml
11:11:37 -- ******* Post Run Check Passed *******
11:11:37 -- Automated run a-01-H-47 success duration: 903.486 s
----------------- finish -----------------
----------------- stop -----------------
retroactive repository identifiers disabled
finish run. runs completed=7
update duration runid=a-01-H-47, duration=903.486325026, md5=060fae79
loading script "helix_air.py"
loading script "helix_pump_ms.py"
loading script "helix_air.py"
loading script "helix_pump_prep.py"
testing...
no interpolation path defined
executed snippet estimated_duration=640.48, duration=0.000462770462036
script duration name:air seconds:640.0
loading script "helix_air.py"
loading script "helix_pump_ms.py"
loading script "helix_air.py"
loading script "helix_pump_prep.py"
testing...
no interpolation path defined
executed snippet estimated_duration=0, duration=4.41074371338e-05
air in script context. using previous estimated duration
script duration name:air seconds:640.0
loading script "helix_air.py"
loading script "helix_pump_ms.py"
loading script "helix_air.py"
loading script "helix_pump_prep.py"
testing...
no interpolation path defined
executed snippet estimated_duration=28.0, duration=0.000195026397705
Script duration 1280.0
Run total estimated duration= 1281.000
script duration name:air seconds:640.0
pump_ms in script context. using previous estimated duration
script duration name:air seconds:640.0
pump_prep in script context. using previous estimated duration
Script duration 1280.0
Run total estimated duration= 1281.000
script duration name:air seconds:640.0
script duration name:air seconds:640.0
Script duration 1280.0
Run total estimated duration= 1281.000
script duration name:air seconds:640.0
script duration name:air seconds:640.0
Script duration 1280.0
Run total estimated duration= 1281.000
script duration name:air seconds:640.0
script duration name:air seconds:640.0
Script duration 1280.0
Run total estimated duration= 1281.000
script duration name:air seconds:640.0
script duration name:air seconds:640.0
Script duration 1280.0
Run total estimated duration= 1281.000
script duration name:air seconds:640.0
script duration name:air seconds:640.0
Script duration 1280.0
Run total estimated duration= 1281.000
script duration name:air seconds:640.0
script duration name:air seconds:640.0
Script duration 1280.0
Run total estimated duration= 1281.000
script duration name:air seconds:640.0
script duration name:air seconds:640.0
Script duration 1280.0
Run total estimated duration= 1281.000
script duration name:air seconds:640.0
script duration name:air seconds:640.0
Script duration 1280.0
Run total estimated duration= 1281.000
script duration name:air seconds:640.0
script duration name:air seconds:640.0
Script duration 1280.0
Run total estimated duration= 1281.000
script duration name:air seconds:640.0
script duration name:air seconds:640.0
Script duration 1280.0
Run total estimated duration= 1281.000
script duration name:air seconds:640.0
script duration name:air seconds:640.0
Script duration 1280.0
Run total estimated duration= 1281.000
script duration name:air seconds:640.0
script duration name:air seconds:640.0
Script duration 1280.0
Run total estimated duration= 1281.000
script duration name:air seconds:640.0
script duration name:air seconds:640.0
Script duration 1280.0
Run total estimated duration= 1281.000
script duration name:air seconds:640.0
script duration name:air seconds:640.0
Script duration 1280.0
Run total estimated duration= 1281.000
script duration name:air seconds:640.0
script duration name:air seconds:640.0
Script duration 1280.0
Run total estimated duration= 1281.000
script duration name:air seconds:640.0
script duration name:air seconds:640.0
Script duration 1280.0
Run total estimated duration= 1281.000
script duration name:air seconds:640.0
script duration name:air seconds:640.0
Script duration 1280.0
Run total estimated duration= 1281.000
script duration name:air seconds:640.0
script duration name:air seconds:640.0
Script duration 1280.0
Run total estimated duration= 1281.000
script duration name:air seconds:640.0
script duration name:air seconds:640.0
Script duration 1280.0
Run total estimated duration= 1281.000
script duration name:air seconds:640.0
script duration name:air seconds:640.0
Script duration 1280.0
Run total estimated duration= 1281.000
script duration name:air seconds:640.0
script duration name:air seconds:640.0
Script duration 1280.0
Run total estimated duration= 1281.000
nruns=23 before=5.0, run_dur=29463.0, btw=660.0
write rem/ex queues
/Users/labuser/Pychron/experiments/rem/Air.rem.txt
/Users/labuser/Pychron/experiments/rem/Air.ex.txt
doing event level: 3
