do run
loading script "helix_air.py"
loading script "helix_pump_ms.py"
loading script "helix_air.py"
loading script "helix_pump_prep.py"
testing...
no interpolation path defined
executed snippet estimated_duration=640.48, duration=0.000279903411865
script duration name:air seconds:640.0
loading script "helix_air.py"
loading script "helix_pump_ms.py"
loading script "helix_air.py"
loading script "helix_pump_prep.py"
testing...
no interpolation path defined
executed snippet estimated_duration=0, duration=3.91006469727e-05
air in script context. using previous estimated duration
script duration name:air seconds:640.0
loading script "helix_air.py"
loading script "helix_pump_ms.py"
loading script "helix_air.py"
loading script "helix_pump_prep.py"
testing...
no interpolation path defined
executed snippet estimated_duration=28.0, duration=0.000188827514648
Script duration 1280.0
Run total estimated duration= 1281.000
run duration: 0:21:21
doing event level: 2
----------------- start -----------------
**************** Experiment Type: Ar/Ar, Ar/Ar
create new session 5014442832
close session 5014442832
$$$$$ Clearing conditionals
adding conditionals 
Add queue conditionals
add default conditionals
adding default conditionals from /Users/labuser/Pychron/setupfiles/spectrometer/default_conditionals.yaml
Start automated run a-01-H-44
loading script "helix_air.py"
loading script "helix_pump_ms.py"
loading script "helix_air.py"
loading script "helix_pump_prep.py"
%%%%%%%%%%%%%%%%%% setting automated run a-01-H-44
No value "sensitivity_multiplier" in metadata
$$$$$$$$$$$$$$$ auto_save_detector_ic=False
============================= Pre Extraction Check =============================
loading queue conditionals pre_run_terminations
loading system conditionals pre_run_terminations
loading conditionals from /Users/labuser/Pychron/setupfiles/spectrometer/default_conditionals.yaml
09:53:44 -- ******* Pre Extraction Check *******
Get a measurement from the spectrometer
Pre Extraction Termination data. keys=L2(CDD),H2,H1,AX,L1, signals=0.03361,-0.01363,0.06575,-0.05963,0.00118
09:53:44 -- testing system defined conditionals
Checking default pre extraction terminations n=1
testing L2_CDD_
evaluate ot="L2(CDD).inactive" t="L2_CDD_", ctx="{'L2_CDD_': False}"
09:53:44 -- ******* Pre Extraction Check Passed *******
=================================================================================
start extraction
do extraction
Analysis started at 09:53:44.420714
Extraction Started helix_air.py
09:53:44 -- ******* Extraction Started helix_air.py *******
state changed from not run to extraction
DO EXTRACTION <pychron.extraction_line.pyscript_runner.PyScriptRunner object at 0x12bcced10>
testing...
no interpolation path defined
executed snippet estimated_duration=222.0, duration=0.000480890274048
Air pipette
open ('3',) {}
open name=3 desc=---
check software interlocks 3
interlocks []
actuate state mode=None-script, software_lock=False
doing actuation None-script open_channel False
ROUT:OPEN (@103)
change switch state (True, True)
09:53:44 -- OPEN   VALVE-3 (SecondToIP)
-------------------------- open 3 () result=[(True, True)]
action=open, ok=True, locked=[False]
close ('2',) {}
close name=2 desc=---
check software interlocks 2
interlocks []
actuate state mode=None-script, software_lock=False
doing actuation None-script close_channel False
ROUT:CLOSE (@102)
change switch state (True, True)
09:53:44 -- CLOSE  VALVE-2 (ExtrToMS)
-------------------------- close 2 () result=[(True, True)]
action=close, ok=True, locked=[False]
open ('1',) {}
open name=1 desc=---
check software interlocks 1
interlocks []
actuate state mode=None-script, software_lock=False
doing actuation None-script open_channel False
Open Valve Ion Pump Set ===>> OK
change switch state (True, True)
09:53:45 -- OPEN   VALVE-1 (MSIonPump)
-------------------------- open 1 () result=[(True, True)]
action=open, ok=True, locked=[False]
close ('8',) {}
close name=8 desc=---
check software interlocks 8
interlocks []
actuate state mode=None-script, software_lock=False
doing actuation None-script close_channel False
ROUT:CLOSE (@108)
change switch state (True, True)
09:53:45 -- CLOSE  VALVE-8 (Sample1toFirst)
-------------------------- close 8 () result=[(True, True)]
action=close, ok=True, locked=[False]
close ('9',) {}
close name=9 desc=---
check software interlocks 9
interlocks []
actuate state mode=None-script, software_lock=False
doing actuation None-script close_channel False
ROUT:CLOSE (@109)
change switch state (True, True)
09:53:45 -- CLOSE  VALVE-9 (Sample2toFirst)
-------------------------- close 9 () result=[(True, True)]
action=close, ok=True, locked=[False]
close ('7',) {}
close name=7 desc=---
check software interlocks 7
interlocks ['6']
actuate state mode=None-script, software_lock=False
doing actuation None-script close_channel False
ROUT:CLOSE (@107)
change switch state (True, True)
09:53:45 -- CLOSE  VALVE-7 (APInner)
-------------------------- close 7 () result=[(True, True)]
action=close, ok=True, locked=[False]
open ('5',) {}
open name=5 desc=---
check software interlocks 5
interlocks []
actuate state mode=None-script, software_lock=False
doing actuation None-script open_channel False
ROUT:OPEN (@105)
change switch state (True, True)
09:53:46 -- OPEN   VALVE-5 (FirstToTurbo)
-------------------------- open 5 () result=[(True, True)]
action=open, ok=True, locked=[False]
open ('11',) {}
open name=11 desc=---
check software interlocks 11
interlocks []
actuate state mode=None-script, software_lock=False
doing actuation None-script open_channel False
ROUT:OPEN (@111)
change switch state (True, True)
09:53:46 -- OPEN   VALVE-11 (APSafety)
-------------------------- open 11 () result=[(True, True)]
action=open, ok=True, locked=[False]
open ('6',) {}
open name=6 desc=---
check software interlocks 6
interlocks ['7']
actuate state mode=None-script, software_lock=False
doing actuation None-script open_channel True
ROUT:OPEN (@106)
change switch state (True, True)
09:53:46 -- OPEN   VALVE-6 (APOuter)
-------------------------- open 6 () result=[(True, True)]
action=open, ok=True, locked=[False]
sleep (15,) {}
SLEEP 15.0
block started
WaitControl setup for 15.0  
load indicator states
Switch indicator state True, Open
Switch indicator state True, Open
Switch indicator state True, Open
Switch indicator state True, Open
Switch indicator state False, Closed
Switch indicator state True, Open
Switch indicator state False, Closed
Switch indicator state False, Closed
Switch indicator state True, Open
Switch indicator state False, Closed
Switch indicator state False, Closed
load indicator states
Switch indicator state True, Open
Switch indicator state True, Open
Switch indicator state True, Open
Switch indicator state True, Open
Switch indicator state False, Closed
Switch indicator state True, Open
Switch indicator state False, Closed
Switch indicator state False, Closed
Switch indicator state True, Open
Switch indicator state False, Closed
Switch indicator state False, Closed
Join finished
block finished. duration 15.0753009319
close ('6',) {}
close name=6 desc=---
check software interlocks 6
interlocks ['7']
actuate state mode=None-script, software_lock=False
doing actuation None-script close_channel True
ROUT:CLOSE (@106)
change switch state (True, True)
09:54:02 -- CLOSE  VALVE-6 (APOuter)
-------------------------- close 6 () result=[(True, True)]
action=close, ok=True, locked=[False]
sleep (2,) {}
SLEEP 2.0
block started
WaitControl setup for 2.0  
Join finished
block finished. duration 2.02539610863
Filling pipette
open ('7',) {}
open name=7 desc=---
check software interlocks 7
interlocks ['6']
actuate state mode=None-script, software_lock=False
doing actuation None-script open_channel True
ROUT:OPEN (@107)
change switch state (True, True)
09:54:04 -- OPEN   VALVE-7 (APInner)
-------------------------- open 7 () result=[(True, True)]
action=open, ok=True, locked=[False]
sleep (30,) {}
SLEEP 30.0
block started
WaitControl setup for 30.0  
load indicator states
Switch indicator state True, Open
Switch indicator state True, Open
Switch indicator state True, Open
Switch indicator state True, Open
Switch indicator state False, Closed
Switch indicator state True, Open
Switch indicator state False, Closed
Switch indicator state True, Open
Switch indicator state False, Closed
Switch indicator state False, Closed
Switch indicator state False, Closed
load indicator states
Switch indicator state True, Open
Switch indicator state True, Open
Switch indicator state True, Open
Switch indicator state True, Open
Switch indicator state False, Closed
Switch indicator state True, Open
Switch indicator state False, Closed
Switch indicator state True, Open
Switch indicator state False, Closed
Switch indicator state False, Closed
Switch indicator state False, Closed
load indicator states
Switch indicator state True, Open
Switch indicator state True, Open
Switch indicator state True, Open
Switch indicator state True, Open
Switch indicator state False, Closed
Switch indicator state True, Open
Switch indicator state False, Closed
Switch indicator state True, Open
Switch indicator state False, Closed
Switch indicator state False, Closed
Switch indicator state False, Closed
Join finished
block finished. duration 30.138792038
close ('7',) {}
close name=7 desc=---
check software interlocks 7
interlocks ['6']
actuate state mode=None-script, software_lock=False
doing actuation None-script close_channel True
ROUT:CLOSE (@107)
change switch state (True, True)
09:54:34 -- CLOSE  VALVE-7 (APInner)
-------------------------- close 7 () result=[(True, True)]
action=close, ok=True, locked=[False]
close ('5',) {}
close name=5 desc=---
check software interlocks 5
interlocks []
actuate state mode=None-script, software_lock=False
doing actuation None-script close_channel True
ROUT:CLOSE (@105)
change switch state (True, True)
09:54:35 -- CLOSE  VALVE-5 (FirstToTurbo)
-------------------------- close 5 () result=[(True, True)]
action=close, ok=True, locked=[False]
close ('4',) {}
close name=4 desc=---
check software interlocks 4
interlocks []
actuate state mode=None-script, software_lock=False
doing actuation None-script close_channel False
ROUT:CLOSE (@104)
change switch state (True, True)
09:54:35 -- CLOSE  VALVE-4 (FirstToSecondStage)
-------------------------- close 4 () result=[(True, True)]
action=close, ok=True, locked=[False]
sleep (2,) {}
SLEEP 2.0
block started
WaitControl setup for 2.0  
Join finished
block finished. duration 2.01897001266
open ('6',) {}
open name=6 desc=---
check software interlocks 6
interlocks ['7']
actuate state mode=None-script, software_lock=False
doing actuation None-script open_channel True
ROUT:OPEN (@106)
increment shot count 51
saved current shot count 51
change switch state (True, True)
09:54:37 -- OPEN   VALVE-6 (APOuter)
-------------------------- open 6 () result=[(True, True)]
action=open, ok=True, locked=[False]
first stage cleanup
sleep (30,) {}
SLEEP 30.0
block started
WaitControl setup for 30.0  
load indicator states
Switch indicator state True, Open
Switch indicator state True, Open
Switch indicator state True, Open
Switch indicator state True, Open
Switch indicator state False, Closed
Switch indicator state False, Closed
Switch indicator state False, Closed
Switch indicator state False, Closed
Switch indicator state True, Open
Switch indicator state False, Closed
Switch indicator state False, Closed
load indicator states
Switch indicator state True, Open
Switch indicator state True, Open
Switch indicator state True, Open
Switch indicator state True, Open
Switch indicator state False, Closed
Switch indicator state False, Closed
Switch indicator state False, Closed
Switch indicator state False, Closed
Switch indicator state True, Open
Switch indicator state False, Closed
Switch indicator state False, Closed
load indicator states
Switch indicator state True, Open
Switch indicator state True, Open
Switch indicator state True, Open
Switch indicator state True, Open
Switch indicator state False, Closed
Switch indicator state False, Closed
Switch indicator state False, Closed
Switch indicator state False, Closed
Switch indicator state True, Open
Switch indicator state False, Closed
Switch indicator state False, Closed
Join finished
block finished. duration 30.1490049362
close ('3',) {}
close name=3 desc=---
check software interlocks 3
interlocks []
actuate state mode=None-script, software_lock=False
doing actuation None-script close_channel True
ROUT:CLOSE (@103)
change switch state (True, True)
09:55:08 -- CLOSE  VALVE-3 (SecondToIP)
-------------------------- close 3 () result=[(True, True)]
action=close, ok=True, locked=[False]
sleep (2,) {}
SLEEP 2.0
block started
WaitControl setup for 2.0  
Join finished
block finished. duration 2.02604413033
open ('4',) {}
open name=4 desc=---
check software interlocks 4
interlocks []
actuate state mode=None-script, software_lock=False
doing actuation None-script open_channel True
ROUT:OPEN (@104)
change switch state (True, True)
09:55:10 -- OPEN   VALVE-4 (FirstToSecondStage)
-------------------------- open 4 () result=[(True, True)]
action=open, ok=True, locked=[False]
second stage cleanup
sleep (30,) {}
SLEEP 30.0
block started
WaitControl setup for 30.0  
load indicator states
Switch indicator state True, Open
Switch indicator state True, Open
Switch indicator state True, Open
Switch indicator state False, Closed
Switch indicator state False, Closed
Switch indicator state False, Closed
Switch indicator state True, Open
Switch indicator state False, Closed
Switch indicator state True, Open
Switch indicator state False, Closed
Switch indicator state False, Closed
load indicator states
Switch indicator state True, Open
Switch indicator state True, Open
Switch indicator state True, Open
Switch indicator state False, Closed
Switch indicator state False, Closed
Switch indicator state False, Closed
Switch indicator state True, Open
Switch indicator state False, Closed
Switch indicator state True, Open
Switch indicator state False, Closed
Switch indicator state False, Closed
load indicator states
Switch indicator state True, Open
Switch indicator state True, Open
Switch indicator state True, Open
Switch indicator state False, Closed
Switch indicator state False, Closed
Switch indicator state False, Closed
Switch indicator state True, Open
Switch indicator state False, Closed
Switch indicator state True, Open
Switch indicator state False, Closed
Switch indicator state False, Closed
Join finished
block finished. duration 30.1635260582
executed snippet estimated_duration=333.0, duration=116.653928995
helix_air.py completed successfully
no extraction action
Requested Output= 0.000
Achieved Output=  0.000
no extraction action
no extraction action
no extraction action
no extraction action
persistence save...
persistence save - db
AutomatedRunPersister post_extraction_save deprecated
persistence save - dvc
no extraction position for 
Popen(['git', 'cat-file', '--batch-check'], cwd=/Users/labuser/Pychron/data/.dvc/MetaData, universal_newlines=False, shell=None)
Extraction Finished
09:55:41 -- ******* Extraction Finished *******
no overlap. not waiting for min ms pumptime
start measurement
do measurement
L#=a-01-H analysis type=air
Measurement Started helix_air.py
09:55:41 -- ******* Measurement Started helix_air.py *******
state changed from extraction to measurement
setting spec, defl, and gains
GetExtractionLens ===>> 18.29
GetYSymmetry ===>> 19.07
GetZSymmetry ===>> 19.51
GetZFocus ===>> 9.74
GetDeflection L2(CDD) ===>> Error: Invalid Command
Failed reading L2(CDD) deflection. Error=could not convert string to float: Error: Invalid Command. Using previous value 0
GetGain H2 ===>> 0.986484670899424
GetGain H1 ===>> 1.01080515922087
GetGain AX ===>> 1.0071313708941
GetGain L1 ===>> 1.00793592600847
GetGain L2(CDD) ===>> 0
pre measurement save
New frame /Users/labuser/Pychron/data/isotopes/ee/442bd4-d9ab-4b49-a965-65decc7683c5.h5
flush and close file /Users/labuser/Pychron/data/isotopes/ee/442bd4-d9ab-4b49-a965-65decc7683c5.h5
testing...
no interpolation path defined
executed snippet estimated_duration=640.48, duration=0.00043511390686
activate_detectors ('H2', 'H1', 'AX', 'L1', 'L2(CDD)') {}
activate detectors
*************** Set Analysis View Ar/Ar
create graphs
clearing graphs
clear isotope group
setting isotope det=H2, iso=Ar40
setting isotope det=H1, iso=Ar39
setting isotope det=AX, iso=Ar38
setting isotope det=L1, iso=Ar37
setting isotope det=L2(CDD), iso=Ar36
setting previous blanks
 - setting Ar40 blank 5.022+/-0.029
 - setting Ar36 blank 0.0374+/-0.0007
 - setting Ar37 blank 0.056+/-0.019
 - setting Ar38 blank -0.009+/-0.021
 - setting Ar39 blank 0.030+/-0.021
load analysis view
position_magnet ('Ar40',) {'detector': 'H2'}
detector Detector(H2)
POSITION Ar40 H2
setting detector H2 to Ar40 (39.962)
setting detector H1 to Ar39 (38.962)
setting detector AX to Ar38 (37.962)
setting detector L1 to Ar37 (36.962)
setting detector L2(CDD) to Ar36 (35.962)
Mapping mass to dac mass func: "parabolic"
H2 map mass coeffs = [  2.53589168e-02  -1.84786063e+00   3.71260044e+01]
H2 map mass to dac 39.962 >> 3.77901018036
GetHighVoltage ===>> 9900
positioning Ar40 (3.77901018036) on H2
setting magnet DAC
current  : 3.779010
requested: 3.779010
Delta Dac: 0.000000
SetMagnetDAC 3.77901018036 ===>> OK
set_dac. change=False
equilibrate () {'inlet': '2', 'outlet': '1', 'eqtime': 30.0}
Equilibration Started
09:55:42 -- ******* Equilibration Started *******
check software interlocks 1
interlocks []
actuate state mode=None-script, software_lock=False
doing actuation None-script close_channel True
Close Valve Ion Pump Set ===>> OK
change switch state (True, True)
09:55:42 -- CLOSE  VALVE-1 (MSIonPump)
waiting 3s before opening inlet value ('2',)
update labels <pychron.experiment.plot_panel.PlotPanel object at 0x12ceca0b0>
update labels "<pychron.graph.stacked_regression_graph.StackedRegressionGraph object at 0x12fa228f0>"
setting label 0 H2 Ar40
setting label 1 H1 Ar39
setting label 2 AX Ar38
setting label 3 L1 Ar37
setting label 4 L2(CDD) Ar36
update labels "<pychron.graph.stacked_graph.StackedGraph object at 0x132079ad0>"
setting label 0 H2 Ar40
setting label 1 H1 Ar39
setting label 2 AX Ar38
setting label 3 L1 Ar37
setting label 4 L2(CDD) Ar36
load indicator states
Switch indicator state True, Open
Switch indicator state True, Open
Switch indicator state False, Closed
Switch indicator state False, Closed
Switch indicator state False, Closed
Switch indicator state False, Closed
Switch indicator state True, Open
Switch indicator state False, Closed
Switch indicator state True, Open
Switch indicator state False, Closed
Switch indicator state False, Closed
check software interlocks 2
interlocks []
actuate state mode=None-script, software_lock=False
doing actuation None-script open_channel True
ROUT:OPEN (@102)
change switch state (True, True)
09:55:45 -- OPEN   VALVE-2 (ExtrToMS)
set_time_zero () {}
equilibrating for 30.0sec
sniff (30.0,) {}
py_sniff
build tables- sniff [Detector(H2), Detector(H1), Detector(AX), Detector(L1), Detector(L2(CDD))]
add group /sniff/Ar40 (Group) '' table H2
add group /sniff/Ar39 (Group) '' table H1
add group /sniff/Ar38 (Group) '' table AX
add group /sniff/Ar37 (Group) '' table L1
add group /sniff/Ar36 (Group) '' table L2(CDD)
flush and close file /Users/labuser/Pychron/data/isotopes/ee/442bd4-d9ab-4b49-a965-65decc7683c5.h5
measuring sniff. ncounts=30.0
"sniff" increment series count="1" fit count="0" regressing="False"
starting measurement
load indicator states
Switch indicator state True, Open
Switch indicator state True, Open
Switch indicator state False, Closed
Switch indicator state False, Closed
Switch indicator state True, Open
Switch indicator state False, Closed
Switch indicator state True, Open
Switch indicator state False, Closed
Switch indicator state True, Open
Switch indicator state False, Closed
Switch indicator state False, Closed
load indicator states
Switch indicator state True, Open
Switch indicator state True, Open
Switch indicator state False, Closed
Switch indicator state False, Closed
Switch indicator state True, Open
Switch indicator state False, Closed
Switch indicator state True, Open
Switch indicator state False, Closed
Switch indicator state True, Open
Switch indicator state False, Closed
Switch indicator state False, Closed
09:56:09 -- collecting point 25
load indicator states
Switch indicator state True, Open
Switch indicator state True, Open
Switch indicator state False, Closed
Switch indicator state False, Closed
Switch indicator state True, Open
Switch indicator state False, Closed
Switch indicator state True, Open
Switch indicator state False, Closed
Switch indicator state True, Open
Switch indicator state False, Closed
Switch indicator state False, Closed
Equilibration Finished
09:56:15 -- ******* Equilibration Finished *******
check software interlocks 2
interlocks []
actuate state mode=None-script, software_lock=False
doing actuation None-script close_channel True
ROUT:CLOSE (@102)
change switch state (True, True)
09:56:15 -- CLOSE  VALVE-2 (ExtrToMS)
Post Equilibration Started helix_pump_prep.py
09:56:15 -- ******* Post Equilibration Started helix_pump_prep.py *******
testing...
no interpolation path defined
executed snippet estimated_duration=28.0, duration=0.000220060348511
close ('6',) {}
close name=6 desc=---
check software interlocks 6
interlocks ['7']
actuate state mode=None-script, software_lock=False
doing actuation None-script close_channel True
ROUT:CLOSE (@106)
change switch state (True, True)
09:56:15 -- CLOSE  VALVE-6 (APOuter)
-------------------------- close 6 () result=[(True, True)]
action=close, ok=True, locked=[False]
open ('4',) {}
open name=4 desc=---
check software interlocks 4
interlocks []
actuate state mode=None-script, software_lock=False
doing actuation None-script open_channel False
ROUT:OPEN (@104)
change switch state (True, True)
09:56:15 -- OPEN   VALVE-4 (FirstToSecondStage)
-------------------------- open 4 () result=[(True, True)]
waiting for write to finish
measurement finished
estimated time: 30.000 actual time: :30.225
flush and close file /Users/labuser/Pychron/data/isotopes/ee/442bd4-d9ab-4b49-a965-65decc7683c5.h5
set_fits () {}
using default fits file=/Users/labuser/Pychron/scripts/measurement/fits/nominal.yaml
set "Ar40" to "('Parabolic', 'SEM')"
set "Ar36" to "('Parabolic', 'SEM')"
set "Ar37" to "('Linear', 'SEM')"
set "Ar38" to "('Linear', 'SEM')"
set "Ar39" to "('Linear', 'SEM')"
set_baseline_fits () {}
using default fits file=/Users/labuser/Pychron/scripts/measurement/fits/nominal.yaml
set "H2" to "('Average', 'SEM')"
set "L2(CDD)" to "('Average', 'SEM')"
set "L1" to "('Average', 'SEM')"
set "AX" to "('Average', 'SEM')"
set "H1" to "('Average', 'SEM')"
multicollect () {'ncounts': 400}
build tables- signal [Detector(H2), Detector(H1), Detector(AX), Detector(L1), Detector(L2(CDD))]
add group /signal/Ar40 (Group) '' table H2
add group /signal/Ar39 (Group) '' table H1
add group /signal/Ar38 (Group) '' table AX
add group /signal/Ar37 (Group) '' table L1
add group /signal/Ar36 (Group) '' table L2(CDD)
flush and close file /Users/labuser/Pychron/data/isotopes/ee/442bd4-d9ab-4b49-a965-65decc7683c5.h5
measuring signal. ncounts=400
action=open, ok=True, locked=[False]
sleep (2,) {}
SLEEP 2.0
block started
WaitControl setup for 2.0  
"signal" increment series count="2" fit count="1" regressing="True"
starting measurement
Join finished
block finished. duration 2.00721311569
open ('11',) {}
open name=11 desc=---
check software interlocks 11
interlocks []
actuate state mode=None-script, software_lock=False
doing actuation None-script open_channel False
ROUT:OPEN (@111)
change switch state (True, True)
09:56:18 -- OPEN   VALVE-11 (APSafety)
-------------------------- open 11 () result=[(True, True)]
action=open, ok=True, locked=[False]
open ('5',) {}
open name=5 desc=---
check software interlocks 5
interlocks []
actuate state mode=None-script, software_lock=False
doing actuation None-script open_channel True
ROUT:OPEN (@105)
change switch state (True, True)
09:56:18 -- OPEN   VALVE-5 (FirstToTurbo)
-------------------------- open 5 () result=[(True, True)]
action=open, ok=True, locked=[False]
sleep (10,) {}
SLEEP 10.0
block started
WaitControl setup for 10.0  
load indicator states
Switch indicator state True, Open
Switch indicator state True, Open
Switch indicator state False, Closed
Switch indicator state False, Closed
Switch indicator state False, Closed
Switch indicator state True, Open
Switch indicator state True, Open
Switch indicator state False, Closed
Switch indicator state False, Closed
Switch indicator state False, Closed
Switch indicator state False, Closed
Join finished
block finished. duration 10.0623250008
close ('4',) {}
close name=4 desc=---
check software interlocks 4
interlocks []
actuate state mode=None-script, software_lock=False
doing actuation None-script close_channel True
ROUT:CLOSE (@104)
change switch state (True, True)
09:56:28 -- CLOSE  VALVE-4 (FirstToSecondStage)
-------------------------- close 4 () result=[(True, True)]
action=close, ok=True, locked=[False]
sleep (2,) {}
SLEEP 2.0
block started
WaitControl setup for 2.0  
Join finished
block finished. duration 2.01054310799
open ('3',) {}
open name=3 desc=---
check software interlocks 3
interlocks []
actuate state mode=None-script, software_lock=False
doing actuation None-script open_channel True
ROUT:OPEN (@103)
change switch state (True, True)
09:56:31 -- OPEN   VALVE-3 (SecondToIP)
-------------------------- open 3 () result=[(True, True)]
action=open, ok=True, locked=[False]
executed snippet estimated_duration=42.0, duration=16.0612251759
helix_pump_prep.py completed successfully
Post Equilibration Finished
09:56:31 -- ******* Post Equilibration Finished *******
load indicator states
Switch indicator state True, Open
Switch indicator state True, Open
Switch indicator state False, Closed
Switch indicator state True, Open
Switch indicator state False, Closed
Switch indicator state True, Open
Switch indicator state False, Closed
Switch indicator state False, Closed
Switch indicator state False, Closed
Switch indicator state False, Closed
Switch indicator state False, Closed
09:56:40 -- collecting point 25
load indicator states
Switch indicator state True, Open
Switch indicator state True, Open
Switch indicator state False, Closed
Switch indicator state True, Open
Switch indicator state False, Closed
Switch indicator state True, Open
Switch indicator state False, Closed
Switch indicator state False, Closed
Switch indicator state False, Closed
Switch indicator state False, Closed
Switch indicator state False, Closed
load indicator states
Switch indicator state True, Open
Switch indicator state True, Open
Switch indicator state False, Closed
Switch indicator state True, Open
Switch indicator state False, Closed
Switch indicator state True, Open
Switch indicator state False, Closed
Switch indicator state False, Closed
Switch indicator state False, Closed
Switch indicator state False, Closed
Switch indicator state False, Closed
load indicator states
Switch indicator state True, Open
Switch indicator state True, Open
Switch indicator state False, Closed
09:57:05 -- collecting point 50
Switch indicator state True, Open
Switch indicator state False, Closed
Switch indicator state True, Open
Switch indicator state False, Closed
Switch indicator state False, Closed
Switch indicator state False, Closed
Switch indicator state False, Closed
Switch indicator state False, Closed
load indicator states
Switch indicator state True, Open
Switch indicator state True, Open
Switch indicator state False, Closed
Switch indicator state True, Open
Switch indicator state False, Closed
Switch indicator state True, Open
Switch indicator state False, Closed
Switch indicator state False, Closed
Switch indicator state False, Closed
Switch indicator state False, Closed
Switch indicator state False, Closed
load indicator states
Switch indicator state True, Open
Switch indicator state True, Open
Switch indicator state False, Closed
Switch indicator state True, Open
Switch indicator state False, Closed
Switch indicator state True, Open
Switch indicator state False, Closed
Switch indicator state False, Closed
Switch indicator state False, Closed
Switch indicator state False, Closed
Switch indicator state False, Closed
09:57:30 -- collecting point 75
load indicator states
Switch indicator state True, Open
Switch indicator state True, Open
Switch indicator state False, Closed
Switch indicator state True, Open
Switch indicator state False, Closed
Switch indicator state True, Open
Switch indicator state False, Closed
Switch indicator state False, Closed
Switch indicator state False, Closed
Switch indicator state False, Closed
Switch indicator state False, Closed
load indicator states
Switch indicator state True, Open
Switch indicator state True, Open
Switch indicator state False, Closed
Switch indicator state True, Open
Switch indicator state False, Closed
Switch indicator state True, Open
Switch indicator state False, Closed
Switch indicator state False, Closed
Switch indicator state False, Closed
Switch indicator state False, Closed
Switch indicator state False, Closed
09:57:56 -- collecting point 100
load indicator states
Switch indicator state True, Open
Switch indicator state True, Open
Switch indicator state False, Closed
Switch indicator state True, Open
Switch indicator state False, Closed
Switch indicator state True, Open
Switch indicator state False, Closed
Switch indicator state False, Closed
Switch indicator state False, Closed
Switch indicator state False, Closed
Switch indicator state False, Closed
load indicator states
Switch indicator state True, Open
Switch indicator state True, Open
Switch indicator state False, Closed
Switch indicator state True, Open
Switch indicator state False, Closed
Switch indicator state True, Open
Switch indicator state False, Closed
Switch indicator state False, Closed
Switch indicator state False, Closed
Switch indicator state False, Closed
Switch indicator state False, Closed
load indicator states
Switch indicator state True, Open
Switch indicator state True, Open
Switch indicator state False, Closed
Switch indicator state True, Open
Switch indicator state False, Closed
Switch indicator state True, Open
Switch indicator state False, Closed
Switch indicator state False, Closed
Switch indicator state False, Closed
Switch indicator state False, Closed
Switch indicator state False, Closed
09:58:21 -- collecting point 125
load indicator states
Switch indicator state True, Open
Switch indicator state True, Open
Switch indicator state False, Closed
Switch indicator state True, Open
Switch indicator state False, Closed
Switch indicator state True, Open
Switch indicator state False, Closed
Switch indicator state False, Closed
Switch indicator state False, Closed
Switch indicator state False, Closed
Switch indicator state False, Closed
load indicator states
Switch indicator state True, Open
Switch indicator state True, Open
Switch indicator state False, Closed
Switch indicator state True, Open
Switch indicator state False, Closed
Switch indicator state True, Open
Switch indicator state False, Closed
Switch indicator state False, Closed
Switch indicator state False, Closed
Switch indicator state False, Closed
Switch indicator state False, Closed
09:58:46 -- collecting point 150
load indicator states
Switch indicator state True, Open
Switch indicator state True, Open
Switch indicator state False, Closed
Switch indicator state True, Open
Switch indicator state False, Closed
Switch indicator state True, Open
Switch indicator state False, Closed
Switch indicator state False, Closed
Switch indicator state False, Closed
Switch indicator state False, Closed
Switch indicator state False, Closed
load indicator states
Switch indicator state True, Open
Switch indicator state True, Open
Switch indicator state False, Closed
Switch indicator state True, Open
Switch indicator state False, Closed
Switch indicator state True, Open
Switch indicator state False, Closed
Switch indicator state False, Closed
Switch indicator state False, Closed
Switch indicator state False, Closed
Switch indicator state False, Closed
load indicator states
Switch indicator state True, Open
Switch indicator state True, Open
Switch indicator state False, Closed
Switch indicator state True, Open
Switch indicator state False, Closed
Switch indicator state True, Open
Switch indicator state False, Closed
Switch indicator state False, Closed
Switch indicator state False, Closed
Switch indicator state False, Closed
Switch indicator state False, Closed
09:59:11 -- collecting point 175
load indicator states
Switch indicator state True, Open
Switch indicator state True, Open
Switch indicator state False, Closed
Switch indicator state True, Open
Switch indicator state False, Closed
Switch indicator state True, Open
Switch indicator state False, Closed
Switch indicator state False, Closed
Switch indicator state False, Closed
Switch indicator state False, Closed
Switch indicator state False, Closed
load indicator states
Switch indicator state True, Open
Switch indicator state True, Open
Switch indicator state False, Closed
Switch indicator state True, Open
Switch indicator state False, Closed
Switch indicator state True, Open
Switch indicator state False, Closed
Switch indicator state False, Closed
Switch indicator state False, Closed
Switch indicator state False, Closed
Switch indicator state False, Closed
09:59:36 -- collecting point 200
load indicator states
Switch indicator state True, Open
Switch indicator state True, Open
Switch indicator state False, Closed
Switch indicator state True, Open
Switch indicator state False, Closed
Switch indicator state True, Open
Switch indicator state False, Closed
Switch indicator state False, Closed
Switch indicator state False, Closed
Switch indicator state False, Closed
Switch indicator state False, Closed
load indicator states
Switch indicator state True, Open
Switch indicator state True, Open
Switch indicator state False, Closed
Switch indicator state True, Open
Switch indicator state False, Closed
Switch indicator state True, Open
Switch indicator state False, Closed
Switch indicator state False, Closed
Switch indicator state False, Closed
Switch indicator state False, Closed
Switch indicator state False, Closed
10:00:01 -- collecting point 225
load indicator states
Switch indicator state True, Open
Switch indicator state True, Open
Switch indicator state False, Closed
Switch indicator state True, Open
Switch indicator state False, Closed
Switch indicator state True, Open
Switch indicator state False, Closed
Switch indicator state False, Closed
Switch indicator state False, Closed
Switch indicator state False, Closed
Switch indicator state False, Closed
load indicator states
Switch indicator state True, Open
Switch indicator state True, Open
Switch indicator state False, Closed
Switch indicator state True, Open
Switch indicator state False, Closed
Switch indicator state True, Open
Switch indicator state False, Closed
Switch indicator state False, Closed
Switch indicator state False, Closed
Switch indicator state False, Closed
Switch indicator state False, Closed
load indicator states
Switch indicator state True, Open
Switch indicator state True, Open
Switch indicator state False, Closed
Switch indicator state True, Open
Switch indicator state False, Closed
Switch indicator state True, Open
Switch indicator state False, Closed
Switch indicator state False, Closed
Switch indicator state False, Closed
Switch indicator state False, Closed
Switch indicator state False, Closed
10:00:26 -- collecting point 250
load indicator states
Switch indicator state True, Open
Switch indicator state True, Open
Switch indicator state False, Closed
Switch indicator state True, Open
Switch indicator state False, Closed
Switch indicator state True, Open
Switch indicator state False, Closed
Switch indicator state False, Closed
Switch indicator state False, Closed
Switch indicator state False, Closed
Switch indicator state False, Closed
load indicator states
Switch indicator state True, Open
Switch indicator state True, Open
Switch indicator state False, Closed
Switch indicator state True, Open
Switch indicator state False, Closed
Switch indicator state True, Open
Switch indicator state False, Closed
Switch indicator state False, Closed
Switch indicator state False, Closed
Switch indicator state False, Closed
Switch indicator state False, Closed
10:00:51 -- collecting point 275
load indicator states
Switch indicator state True, Open
Switch indicator state True, Open
Switch indicator state False, Closed
Switch indicator state True, Open
Switch indicator state False, Closed
Switch indicator state True, Open
Switch indicator state False, Closed
Switch indicator state False, Closed
Switch indicator state False, Closed
Switch indicator state False, Closed
Switch indicator state False, Closed
load indicator states
Switch indicator state True, Open
Switch indicator state True, Open
Switch indicator state False, Closed
Switch indicator state True, Open
Switch indicator state False, Closed
Switch indicator state True, Open
Switch indicator state False, Closed
Switch indicator state False, Closed
Switch indicator state False, Closed
Switch indicator state False, Closed
Switch indicator state False, Closed
load indicator states
Switch indicator state True, Open
Switch indicator state True, Open
Switch indicator state False, Closed
Switch indicator state True, Open
Switch indicator state False, Closed
Switch indicator state True, Open
Switch indicator state False, Closed
Switch indicator state False, Closed
Switch indicator state False, Closed
Switch indicator state False, Closed
Switch indicator state False, Closed
10:01:16 -- collecting point 300
load indicator states
Switch indicator state True, Open
Switch indicator state True, Open
Switch indicator state False, Closed
Switch indicator state True, Open
Switch indicator state False, Closed
Switch indicator state True, Open
Switch indicator state False, Closed
Switch indicator state False, Closed
Switch indicator state False, Closed
Switch indicator state False, Closed
Switch indicator state False, Closed
load indicator states
Switch indicator state True, Open
Switch indicator state True, Open
Switch indicator state False, Closed
Switch indicator state True, Open
Switch indicator state False, Closed
Switch indicator state True, Open
Switch indicator state False, Closed
Switch indicator state False, Closed
Switch indicator state False, Closed
Switch indicator state False, Closed
Switch indicator state False, Closed
10:01:41 -- collecting point 325
load indicator states
Switch indicator state True, Open
Switch indicator state True, Open
Switch indicator state False, Closed
Switch indicator state True, Open
Switch indicator state False, Closed
Switch indicator state True, Open
Switch indicator state False, Closed
Switch indicator state False, Closed
Switch indicator state False, Closed
Switch indicator state False, Closed
Switch indicator state False, Closed
load indicator states
Switch indicator state True, Open
Switch indicator state True, Open
Switch indicator state False, Closed
Switch indicator state True, Open
Switch indicator state False, Closed
Switch indicator state True, Open
Switch indicator state False, Closed
Switch indicator state False, Closed
Switch indicator state False, Closed
Switch indicator state False, Closed
Switch indicator state False, Closed
load indicator states
Switch indicator state True, Open
Switch indicator state True, Open
Switch indicator state False, Closed
Switch indicator state True, Open
Switch indicator state False, Closed
Switch indicator state True, Open
Switch indicator state False, Closed
Switch indicator state False, Closed
Switch indicator state False, Closed
Switch indicator state False, Closed
Switch indicator state False, Closed
10:02:06 -- collecting point 350
load indicator states
Switch indicator state True, Open
Switch indicator state True, Open
Switch indicator state False, Closed
Switch indicator state True, Open
Switch indicator state False, Closed
Switch indicator state True, Open
Switch indicator state False, Closed
Switch indicator state False, Closed
Switch indicator state False, Closed
Switch indicator state False, Closed
Switch indicator state False, Closed
load indicator states
Switch indicator state True, Open
Switch indicator state True, Open
Switch indicator state False, Closed
Switch indicator state True, Open
Switch indicator state False, Closed
Switch indicator state True, Open
Switch indicator state False, Closed
Switch indicator state False, Closed
Switch indicator state False, Closed
Switch indicator state False, Closed
Switch indicator state False, Closed
10:02:31 -- collecting point 375
load indicator states
Switch indicator state True, Open
Switch indicator state True, Open
Switch indicator state False, Closed
Switch indicator state True, Open
Switch indicator state False, Closed
Switch indicator state True, Open
Switch indicator state False, Closed
Switch indicator state False, Closed
Switch indicator state False, Closed
Switch indicator state False, Closed
Switch indicator state False, Closed
load indicator states
Switch indicator state True, Open
Switch indicator state True, Open
Switch indicator state False, Closed
Switch indicator state True, Open
Switch indicator state False, Closed
Switch indicator state True, Open
Switch indicator state False, Closed
Switch indicator state False, Closed
Switch indicator state False, Closed
Switch indicator state False, Closed
Switch indicator state False, Closed
10:02:57 -- collecting point 400
waiting for write to finish
measurement finished
estimated time: 400.000 actual time: :401.495
flush and close file /Users/labuser/Pychron/data/isotopes/ee/442bd4-d9ab-4b49-a965-65decc7683c5.h5
baselines () {'detector': 'H2', 'mass': 39.59, 'ncounts': 120}
%%%%%%%%%%%%%%%%%%%%%%%%%%%%%%%% Baseline
build tables- baseline [Detector(H2), Detector(H1), Detector(AX), Detector(L1), Detector(L2(CDD))]
add group baseline table H2
add group baseline table H1
add group baseline table AX
add group baseline table L1
add group baseline table L2(CDD)
flush and close file /Users/labuser/Pychron/data/isotopes/ee/442bd4-d9ab-4b49-a965-65decc7683c5.h5
detector Detector(H2)
POSITION 39.59 H2
Mapping mass to dac mass func: "parabolic"
H2 map mass coeffs = [  2.53589168e-02  -1.84786063e+00   3.71260044e+01]
H2 map mass to dac 39.59 >> 3.71595918746
GetHighVoltage ===>> 9900
positioning 39.59 (3.71595918746) on H2
setting magnet DAC
current  : 3.779010
requested: 3.715959
Delta Dac: 0.063051
SetMagnetDAC 3.71595918746 ===>> OK
Magnet settling time: 0.500
load indicator states
Switch indicator state True, Open
Switch indicator state True, Open
Switch indicator state False, Closed
Switch indicator state True, Open
Switch indicator state False, Closed
Switch indicator state True, Open
Switch indicator state False, Closed
Switch indicator state False, Closed
Switch indicator state False, Closed
Switch indicator state False, Closed
Switch indicator state False, Closed
Magnet settling complete
set_dac. change=True
Delaying 4s for detectors to settle
Join finished
measuring baseline. ncounts=120
"baseline" increment series count="2" fit count="1" regressing="True"
starting measurement
load indicator states
Switch indicator state True, Open
Switch indicator state True, Open
Switch indicator state False, Closed
Switch indicator state True, Open
Switch indicator state False, Closed
Switch indicator state True, Open
Switch indicator state False, Closed
Switch indicator state False, Closed
Switch indicator state False, Closed
Switch indicator state False, Closed
Switch indicator state False, Closed
load indicator states
Switch indicator state True, Open
Switch indicator state True, Open
Switch indicator state False, Closed
Switch indicator state True, Open
Switch indicator state False, Closed
Switch indicator state True, Open
Switch indicator state False, Closed
Switch indicator state False, Closed
Switch indicator state False, Closed
Switch indicator state False, Closed
Switch indicator state False, Closed
10:03:27 -- collecting point 25
load indicator states
Switch indicator state True, Open
Switch indicator state True, Open
Switch indicator state False, Closed
Switch indicator state True, Open
Switch indicator state False, Closed
Switch indicator state True, Open
Switch indicator state False, Closed
Switch indicator state False, Closed
Switch indicator state False, Closed
Switch indicator state False, Closed
Switch indicator state False, Closed
load indicator states
Switch indicator state True, Open
Switch indicator state True, Open
Switch indicator state False, Closed
Switch indicator state True, Open
Switch indicator state False, Closed
Switch indicator state True, Open
Switch indicator state False, Closed
Switch indicator state False, Closed
Switch indicator state False, Closed
Switch indicator state False, Closed
Switch indicator state False, Closed
load indicator states
Switch indicator state True, Open
Switch indicator state True, Open
Switch indicator state False, Closed
Switch indicator state True, Open
Switch indicator state False, Closed
Switch indicator state True, Open
Switch indicator state False, Closed
Switch indicator state False, Closed
Switch indicator state False, Closed
Switch indicator state False, Closed
Switch indicator state False, Closed
10:03:52 -- collecting point 50
load indicator states
Switch indicator state True, Open
Switch indicator state True, Open
Switch indicator state False, Closed
Switch indicator state True, Open
Switch indicator state False, Closed
Switch indicator state True, Open
Switch indicator state False, Closed
Switch indicator state False, Closed
Switch indicator state False, Closed
Switch indicator state False, Closed
Switch indicator state False, Closed
load indicator states
Switch indicator state True, Open
Switch indicator state True, Open
Switch indicator state False, Closed
Switch indicator state True, Open
Switch indicator state False, Closed
Switch indicator state True, Open
Switch indicator state False, Closed
Switch indicator state False, Closed
Switch indicator state False, Closed
Switch indicator state False, Closed
Switch indicator state False, Closed
10:04:17 -- collecting point 75
load indicator states
Switch indicator state True, Open
Switch indicator state True, Open
Switch indicator state False, Closed
Switch indicator state True, Open
Switch indicator state False, Closed
Switch indicator state True, Open
Switch indicator state False, Closed
Switch indicator state False, Closed
Switch indicator state False, Closed
Switch indicator state False, Closed
Switch indicator state False, Closed
load indicator states
Switch indicator state True, Open
Switch indicator state True, Open
Switch indicator state False, Closed
Switch indicator state True, Open
Switch indicator state False, Closed
Switch indicator state True, Open
Switch indicator state False, Closed
Switch indicator state False, Closed
Switch indicator state False, Closed
Switch indicator state False, Closed
Switch indicator state False, Closed
load indicator states
Switch indicator state True, Open
Switch indicator state True, Open
Switch indicator state False, Closed
Switch indicator state True, Open
Switch indicator state False, Closed
Switch indicator state True, Open
Switch indicator state False, Closed
Switch indicator state False, Closed
Switch indicator state False, Closed
Switch indicator state False, Closed
Switch indicator state False, Closed
10:04:42 -- collecting point 100
load indicator states
Switch indicator state True, Open
Switch indicator state True, Open
Switch indicator state False, Closed
Switch indicator state True, Open
Switch indicator state False, Closed
Switch indicator state True, Open
Switch indicator state False, Closed
Switch indicator state False, Closed
Switch indicator state False, Closed
Switch indicator state False, Closed
Switch indicator state False, Closed
load indicator states
Switch indicator state True, Open
Switch indicator state True, Open
Switch indicator state False, Closed
Switch indicator state True, Open
Switch indicator state False, Closed
Switch indicator state True, Open
Switch indicator state False, Closed
Switch indicator state False, Closed
Switch indicator state False, Closed
Switch indicator state False, Closed
Switch indicator state False, Closed
waiting for write to finish
measurement finished
estimated time: 120.000 actual time: :120.612
flush and close file /Users/labuser/Pychron/data/isotopes/ee/442bd4-d9ab-4b49-a965-65decc7683c5.h5
activate_detectors ('L2(CDD)', 'AX') {'peak_center': True}
peak_center () {'detector': 'H2', 'isotope': 'Ar40'}
peak center: mean=4861.30341273 threshold=3
peak center started
setup peak center. detector=['H2', 'L2(CDD)', 'AX'], isotope=Ar40
VersionedUnpickler [<apptools.sweet_pickle.versioned_unpickler.VersionedUnpickler object at 0x136fdeb30>] using Updater [<apptools.sweet_pickle.updater.Updater object at 0x1320799b0>]
VersionedUnpickler [<apptools.sweet_pickle.versioned_unpickler.VersionedUnpickler object at 0x136fdeb30>] using Updater [<apptools.sweet_pickle.updater.Updater object at 0x1320799b0>]
VersionedUnpickler [<apptools.sweet_pickle.versioned_unpickler.VersionedUnpickler object at 0x1320806b0>] using Updater [<apptools.sweet_pickle.updater.Updater object at 0x1320799b0>]
setting integration time = 1.048576
SetIntegrationTime 1.048576 ===>> OK
Mapping mass to dac mass func: "parabolic"
H2 map mass coeffs = [  2.53589168e-02  -1.84786063e+00   3.71260044e+01]
H2 map mass to dac 39.962 >> 3.77901018036
GetHighVoltage ===>> 9900
do peak center. <pychron.spectrometer.jobs.peak_center.PeakCenter object at 0x13203bef0>
doing pc
starting peak center. center dac= 3.77901018036 step_width=5e-05
width = 5e-05
get scan parameters. half-width=0.0025,window=0.0025, i=0, scalar=1
Scan parameters center=3.77901 width=0.00500 (3.77651 - 3.78151)
Moving to starting dac 3.77651018036
setting magnet DAC
current  : 3.715959
requested: 3.776510
Delta Dac: 0.060551
SetMagnetDAC 3.77651018036 ===>> OK
Magnet settling time: 0.500
Magnet settling complete
set_dac. change=True
Wait until signal near baseline. tol= -0.0234959592132. timeout= 10
Peak center baseline intensity achieved
_do_sweep sm= 3.77651018036, em= 3.78151018036, stm= 5e-05
calculated step values: start=3.77651018036, end=3.78151018036, width=5e-05, nsteps=101.0
setting magnet DAC
current  : 3.776510
requested: 3.776510
Delta Dac: 0.000000
set_dac. change=False
setting magnet DAC
current  : 3.776510
requested: 3.776561
Delta Dac: 0.000051
Magnet settling time: 2.097
Magnet settling complete
set_dac. change=True
setting magnet DAC
current  : 3.776561
requested: 3.776611
Delta Dac: 0.000051
Magnet settling time: 2.097
Magnet settling complete
set_dac. change=True
setting magnet DAC
current  : 3.776611
requested: 3.776662
============ Exception ==============
Delta Dac: 0.000051
Traceback (most recent call last):
File "/Users/labuser/miniconda2/envs/pychron2/lib/python2.7/site-packages/enable/qt4/base_window.py", line 198, in paintEvent
    self.handler.paintEvent(event)
File "/Users/labuser/miniconda2/envs/pychron2/lib/python2.7/site-packages/enable/qt4/base_window.py", line 50, in paintEvent
    self._enable_window._paint(event)
File "/Users/labuser/miniconda2/envs/pychron2/lib/python2.7/site-packages/enable/abstract_window.py", line 467, in _paint
    self.component.draw(gc, view_bounds=(0, 0, size[0], size[1]))
File "/Users/labuser/miniconda2/envs/pychron2/lib/python2.7/site-packages/enable/component.py", line 421, in draw
    self._draw(gc, view_bounds, mode)
File "/Users/labuser/miniconda2/envs/pychron2/lib/python2.7/site-packages/enable/component.py", line 773, in _draw
    self._dispatch_draw(layer, gc, view_bounds, mode)
File "/Users/labuser/miniconda2/envs/pychron2/lib/python2.7/site-packages/enable/container.py", line 327, in _dispatch_draw
    component._dispatch_draw(layer, gc, new_bounds, mode)
File "/Users/labuser/miniconda2/envs/pychron2/lib/python2.7/site-packages/enable/container.py", line 312, in _dispatch_draw
    my_handler(gc, view_bounds, mode)
File "/Users/labuser/miniconda2/envs/pychron2/lib/python2.7/site-packages/enable/container.py", line 352, in _draw_container_underlay
    self._draw_underlay(gc, view_bounds, mode)
File "/Users/labuser/miniconda2/envs/pychron2/lib/python2.7/site-packages/enable/component.py", line 881, in _draw_underlay
    underlay.overlay(self, gc, view_bounds, mode)
File "/Users/labuser/miniconda2/envs/pychron2/lib/python2.7/site-packages/chaco/grid.py", line 306, in overlay
    self._draw_component(gc, view_bounds, mode)
File "/Users/labuser/miniconda2/envs/pychron2/lib/python2.7/site-packages/chaco/grid.py", line 344, in _draw_component
    ends[:,0] = self._tick_extents[:,1]
IndexError: too many indices for array
============ End Exception ==========
Magnet settling time: 2.097
Magnet settling complete
set_dac. change=True
setting magnet DAC
current  : 3.776662
requested: 3.776712
Delta Dac: 0.000051
Magnet settling time: 2.097
load indicator states
Switch indicator state True, Open
Switch indicator state True, Open
Switch indicator state False, Closed
Switch indicator state True, Open
Magnet settling complete
set_dac. change=True
setting magnet DAC
current  : 3.776712
requested: 3.776763
Delta Dac: 0.000051
Switch indicator state False, Closed
Magnet settling time: 2.097
Switch indicator state True, Open
Switch indicator state False, Closed
Switch indicator state False, Closed
Switch indicator state False, Closed
Switch indicator state False, Closed
Switch indicator state False, Closed
Magnet settling complete
set_dac. change=True
setting magnet DAC
current  : 3.776763
requested: 3.776813
Delta Dac: 0.000051
Magnet settling time: 2.097
Magnet settling complete
set_dac. change=True
setting magnet DAC
current  : 3.776813
requested: 3.776864
Delta Dac: 0.000051
Magnet settling time: 2.097
Magnet settling complete
set_dac. change=True
setting magnet DAC
current  : 3.776864
requested: 3.776914
Delta Dac: 0.000051
Magnet settling time: 2.097
Magnet settling complete
set_dac. change=True
setting magnet DAC
current  : 3.776914
requested: 3.776965
Delta Dac: 0.000051
Magnet settling time: 2.097
load indicator states
Switch indicator state True, Open
Switch indicator state True, Open
Switch indicator state False, Closed
Switch indicator state True, Open
Switch indicator state False, Closed
Switch indicator state True, Open
Switch indicator state False, Closed
Switch indicator state False, Closed
Switch indicator state False, Closed
Switch indicator state False, Closed
Switch indicator state False, Closed
Magnet settling complete
set_dac. change=True
setting magnet DAC
current  : 3.776965
requested: 3.777015
Delta Dac: 0.000051
Magnet settling time: 2.097
Magnet settling complete
set_dac. change=True
setting magnet DAC
current  : 3.777015
requested: 3.777066
Delta Dac: 0.000051
Magnet settling time: 2.097
Magnet settling complete
set_dac. change=True
setting magnet DAC
current  : 3.777066
requested: 3.777116
Delta Dac: 0.000051
Magnet settling time: 2.097
Magnet settling complete
set_dac. change=True
setting magnet DAC
current  : 3.777116
requested: 3.777167
Delta Dac: 0.000051
Magnet settling time: 2.097
Magnet settling complete
set_dac. change=True
setting magnet DAC
current  : 3.777167
requested: 3.777217
Delta Dac: 0.000051
Magnet settling time: 2.097
load indicator states
Switch indicator state True, Open
Switch indicator state True, Open
Switch indicator state False, Closed
Switch indicator state True, Open
Switch indicator state False, Closed
Switch indicator state True, Open
Switch indicator state False, Closed
Switch indicator state False, Closed
Switch indicator state False, Closed
Switch indicator state False, Closed
Switch indicator state False, Closed
Magnet settling complete
set_dac. change=True
setting magnet DAC
current  : 3.777217
requested: 3.777268
Delta Dac: 0.000051
Magnet settling time: 2.097
Magnet settling complete
set_dac. change=True
setting magnet DAC
current  : 3.777268
requested: 3.777318
Delta Dac: 0.000051
Magnet settling time: 2.097
Magnet settling complete
set_dac. change=True
setting magnet DAC
current  : 3.777318
requested: 3.777369
Delta Dac: 0.000051
Magnet settling time: 2.097
Magnet settling complete
set_dac. change=True
setting magnet DAC
current  : 3.777369
requested: 3.777419
Delta Dac: 0.000051
Magnet settling time: 2.097
Magnet settling complete
set_dac. change=True
setting magnet DAC
current  : 3.777419
requested: 3.777470
Delta Dac: 0.000051
Magnet settling time: 2.097
load indicator states
Switch indicator state True, Open
Switch indicator state True, Open
Switch indicator state False, Closed
Switch indicator state True, Open
Switch indicator state False, Closed
Switch indicator state True, Open
Switch indicator state False, Closed
Switch indicator state False, Closed
Switch indicator state False, Closed
Switch indicator state False, Closed
Switch indicator state False, Closed
Magnet settling complete
set_dac. change=True
setting magnet DAC
current  : 3.777470
requested: 3.777520
Delta Dac: 0.000051
Magnet settling time: 2.097
Magnet settling complete
set_dac. change=True
setting magnet DAC
current  : 3.777520
requested: 3.777571
Delta Dac: 0.000051
Magnet settling time: 2.097
Magnet settling complete
set_dac. change=True
setting magnet DAC
current  : 3.777571
requested: 3.777621
Delta Dac: 0.000051
Magnet settling time: 2.097
Magnet settling complete
set_dac. change=True
setting magnet DAC
current  : 3.777621
requested: 3.777672
Delta Dac: 0.000051
Magnet settling time: 2.097
Magnet settling complete
set_dac. change=True
setting magnet DAC
current  : 3.777672
requested: 3.777722
Delta Dac: 0.000051
Magnet settling time: 2.097
load indicator states
Switch indicator state True, Open
Switch indicator state True, Open
Switch indicator state False, Closed
Switch indicator state True, Open
Switch indicator state False, Closed
Switch indicator state True, Open
Switch indicator state False, Closed
Switch indicator state False, Closed
Switch indicator state False, Closed
Switch indicator state False, Closed
Switch indicator state False, Closed
Magnet settling complete
set_dac. change=True
setting magnet DAC
current  : 3.777722
requested: 3.777773
Delta Dac: 0.000051
Magnet settling time: 2.097
Magnet settling complete
set_dac. change=True
setting magnet DAC
current  : 3.777773
requested: 3.777823
Delta Dac: 0.000051
Magnet settling time: 2.097
Magnet settling complete
set_dac. change=True
setting magnet DAC
current  : 3.777823
requested: 3.777874
Delta Dac: 0.000051
Magnet settling time: 2.097
Magnet settling complete
set_dac. change=True
setting magnet DAC
current  : 3.777874
requested: 3.777924
Delta Dac: 0.000051
Magnet settling time: 2.097
load indicator states
Switch indicator state True, Open
Magnet settling complete
set_dac. change=True
setting magnet DAC
current  : 3.777924
requested: 3.777975
Delta Dac: 0.000051
Switch indicator state True, Open
Magnet settling time: 2.097
Switch indicator state False, Closed
Switch indicator state True, Open
Switch indicator state False, Closed
Switch indicator state True, Open
Switch indicator state False, Closed
Switch indicator state False, Closed
Switch indicator state False, Closed
Switch indicator state False, Closed
Switch indicator state False, Closed
Magnet settling complete
set_dac. change=True
setting magnet DAC
current  : 3.777975
requested: 3.778025
Delta Dac: 0.000051
Magnet settling time: 2.097
Magnet settling complete
set_dac. change=True
setting magnet DAC
current  : 3.778025
requested: 3.778076
Delta Dac: 0.000051
Magnet settling time: 2.097
Magnet settling complete
set_dac. change=True
setting magnet DAC
current  : 3.778076
requested: 3.778126
Delta Dac: 0.000051
Magnet settling time: 2.097
Magnet settling complete
set_dac. change=True
setting magnet DAC
current  : 3.778126
requested: 3.778177
Delta Dac: 0.000051
Magnet settling time: 2.097
load indicator states
Switch indicator state True, Open
Switch indicator state True, Open
Switch indicator state False, Closed
Switch indicator state True, Open
Switch indicator state False, Closed
Switch indicator state True, Open
Switch indicator state False, Closed
Switch indicator state False, Closed
Switch indicator state False, Closed
Switch indicator state False, Closed
Switch indicator state False, Closed
Magnet settling complete
set_dac. change=True
setting magnet DAC
current  : 3.778177
requested: 3.778227
Delta Dac: 0.000051
Magnet settling time: 2.097
Magnet settling complete
set_dac. change=True
setting magnet DAC
current  : 3.778227
requested: 3.778278
Delta Dac: 0.000051
Magnet settling time: 2.097
Magnet settling complete
set_dac. change=True
setting magnet DAC
current  : 3.778278
requested: 3.778328
Delta Dac: 0.000051
Magnet settling time: 2.097
Magnet settling complete
set_dac. change=True
setting magnet DAC
current  : 3.778328
requested: 3.778379
Delta Dac: 0.000051
Magnet settling time: 2.097
Magnet settling complete
set_dac. change=True
setting magnet DAC
current  : 3.778379
requested: 3.778429
Delta Dac: 0.000051
============ Exception ==============
Traceback (most recent call last):
File "/Users/labuser/miniconda2/envs/pychron2/lib/python2.7/site-packages/enable/qt4/base_window.py", line 198, in paintEvent
    self.handler.paintEvent(event)
File "/Users/labuser/miniconda2/envs/pychron2/lib/python2.7/site-packages/enable/qt4/base_window.py", line 50, in paintEvent
    self._enable_window._paint(event)
File "/Users/labuser/miniconda2/envs/pychron2/lib/python2.7/site-packages/enable/abstract_window.py", line 467, in _paint
    self.component.draw(gc, view_bounds=(0, 0, size[0], size[1]))
File "/Users/labuser/miniconda2/envs/pychron2/lib/python2.7/site-packages/enable/component.py", line 421, in draw
    self._draw(gc, view_bounds, mode)
File "/Users/labuser/miniconda2/envs/pychron2/lib/python2.7/site-packages/enable/component.py", line 773, in _draw
    self._dispatch_draw(layer, gc, view_bounds, mode)
File "/Users/labuser/miniconda2/envs/pychron2/lib/python2.7/site-packages/enable/container.py", line 327, in _dispatch_draw
    component._dispatch_draw(layer, gc, new_bounds, mode)
File "/Users/labuser/miniconda2/envs/pychron2/lib/python2.7/site-packages/enable/container.py", line 312, in _dispatch_draw
    my_handler(gc, view_bounds, mode)
File "/Users/labuser/miniconda2/envs/pychron2/lib/python2.7/site-packages/enable/container.py", line 352, in _draw_container_underlay
    self._draw_underlay(gc, view_bounds, mode)
File "/Users/labuser/miniconda2/envs/pychron2/lib/python2.7/site-packages/enable/component.py", line 881, in _draw_underlay
    underlay.overlay(self, gc, view_bounds, mode)
File "/Users/labuser/miniconda2/envs/pychron2/lib/python2.7/site-packages/chaco/grid.py", line 306, in overlay
    self._draw_component(gc, view_bounds, mode)
File "/Users/labuser/miniconda2/envs/pychron2/lib/python2.7/site-packages/chaco/grid.py", line 342, in _draw_component
    starts[:,0] = self._tick_extents[:,0]
IndexError: too many indices for array
============ End Exception ==========
Magnet settling time: 2.097
load indicator states
Switch indicator state True, Open
Switch indicator state True, Open
Switch indicator state False, Closed
Switch indicator state True, Open
Switch indicator state False, Closed
Switch indicator state True, Open
Switch indicator state False, Closed
Switch indicator state False, Closed
Switch indicator state False, Closed
Switch indicator state False, Closed
Switch indicator state False, Closed
Magnet settling complete
set_dac. change=True
setting magnet DAC
current  : 3.778429
requested: 3.778480
============ Exception ==============
Delta Dac: 0.000051
Traceback (most recent call last):
File "/Users/labuser/miniconda2/envs/pychron2/lib/python2.7/site-packages/enable/qt4/base_window.py", line 198, in paintEvent
    self.handler.paintEvent(event)
File "/Users/labuser/miniconda2/envs/pychron2/lib/python2.7/site-packages/enable/qt4/base_window.py", line 50, in paintEvent
    self._enable_window._paint(event)
File "/Users/labuser/miniconda2/envs/pychron2/lib/python2.7/site-packages/enable/abstract_window.py", line 467, in _paint
    self.component.draw(gc, view_bounds=(0, 0, size[0], size[1]))
File "/Users/labuser/miniconda2/envs/pychron2/lib/python2.7/site-packages/enable/component.py", line 421, in draw
    self._draw(gc, view_bounds, mode)
File "/Users/labuser/miniconda2/envs/pychron2/lib/python2.7/site-packages/enable/component.py", line 773, in _draw
    self._dispatch_draw(layer, gc, view_bounds, mode)
File "/Users/labuser/miniconda2/envs/pychron2/lib/python2.7/site-packages/enable/container.py", line 327, in _dispatch_draw
    component._dispatch_draw(layer, gc, new_bounds, mode)
File "/Users/labuser/miniconda2/envs/pychron2/lib/python2.7/site-packages/enable/container.py", line 312, in _dispatch_draw
    my_handler(gc, view_bounds, mode)
File "/Users/labuser/miniconda2/envs/pychron2/lib/python2.7/site-packages/enable/container.py", line 352, in _draw_container_underlay
    self._draw_underlay(gc, view_bounds, mode)
File "/Users/labuser/miniconda2/envs/pychron2/lib/python2.7/site-packages/enable/component.py", line 881, in _draw_underlay
    underlay.overlay(self, gc, view_bounds, mode)
File "/Users/labuser/miniconda2/envs/pychron2/lib/python2.7/site-packages/chaco/grid.py", line 306, in overlay
    self._draw_component(gc, view_bounds, mode)
File "/Users/labuser/miniconda2/envs/pychron2/lib/python2.7/site-packages/chaco/grid.py", line 344, in _draw_component
    ends[:,0] = self._tick_extents[:,1]
IndexError: too many indices for array
============ End Exception ==========
Magnet settling time: 2.097
Magnet settling complete
set_dac. change=True
setting magnet DAC
current  : 3.778480
requested: 3.778530
Delta Dac: 0.000051
Magnet settling time: 2.097
Magnet settling complete
set_dac. change=True
setting magnet DAC
current  : 3.778530
requested: 3.778581
Delta Dac: 0.000051
Magnet settling time: 2.097
Magnet settling complete
set_dac. change=True
setting magnet DAC
current  : 3.778581
requested: 3.778631
Delta Dac: 0.000051
Magnet settling time: 2.097
Magnet settling complete
set_dac. change=True
setting magnet DAC
current  : 3.778631
requested: 3.778682
Delta Dac: 0.000051
Magnet settling time: 2.097
load indicator states
Switch indicator state True, Open
Switch indicator state True, Open
Switch indicator state False, Closed
Switch indicator state True, Open
Switch indicator state False, Closed
Switch indicator state True, Open
Switch indicator state False, Closed
Switch indicator state False, Closed
Switch indicator state False, Closed
Switch indicator state False, Closed
Switch indicator state False, Closed
Magnet settling complete
set_dac. change=True
setting magnet DAC
current  : 3.778682
requested: 3.778732
Delta Dac: 0.000051
Magnet settling time: 2.097
Magnet settling complete
set_dac. change=True
setting magnet DAC
current  : 3.778732
requested: 3.778783
Delta Dac: 0.000051
Magnet settling time: 2.097
Magnet settling complete
set_dac. change=True
setting magnet DAC
current  : 3.778783
requested: 3.778833
Delta Dac: 0.000051
Magnet settling time: 2.097
Magnet settling complete
set_dac. change=True
setting magnet DAC
current  : 3.778833
requested: 3.778884
Delta Dac: 0.000051
Magnet settling time: 2.097
Magnet settling complete
set_dac. change=True
setting magnet DAC
current  : 3.778884
requested: 3.778934
Delta Dac: 0.000051
Magnet settling time: 2.097
load indicator states
Switch indicator state True, Open
Switch indicator state True, Open
Switch indicator state False, Closed
Switch indicator state True, Open
Switch indicator state False, Closed
Switch indicator state True, Open
Switch indicator state False, Closed
Switch indicator state False, Closed
Switch indicator state False, Closed
Switch indicator state False, Closed
Switch indicator state False, Closed
Magnet settling complete
set_dac. change=True
setting magnet DAC
current  : 3.778934
requested: 3.778985
Delta Dac: 0.000051
Magnet settling time: 2.097
Magnet settling complete
set_dac. change=True
setting magnet DAC
current  : 3.778985
requested: 3.779035
Delta Dac: 0.000051
Magnet settling time: 2.097
Magnet settling complete
set_dac. change=True
setting magnet DAC
current  : 3.779035
requested: 3.779086
Delta Dac: 0.000051
Magnet settling time: 2.097
Magnet settling complete
set_dac. change=True
setting magnet DAC
current  : 3.779086
requested: 3.779136
Delta Dac: 0.000051
Magnet settling time: 2.097
Magnet settling complete
set_dac. change=True
setting magnet DAC
current  : 3.779136
requested: 3.779187
Delta Dac: 0.000051
Magnet settling time: 2.097
load indicator states
Switch indicator state True, Open
Switch indicator state True, Open
Switch indicator state False, Closed
Switch indicator state True, Open
Switch indicator state False, Closed
Switch indicator state True, Open
Switch indicator state False, Closed
Switch indicator state False, Closed
Switch indicator state False, Closed
Switch indicator state False, Closed
Switch indicator state False, Closed
Magnet settling complete
set_dac. change=True
setting magnet DAC
current  : 3.779187
requested: 3.779237
Delta Dac: 0.000051
Magnet settling time: 2.097
Magnet settling complete
set_dac. change=True
setting magnet DAC
current  : 3.779237
requested: 3.779288
Delta Dac: 0.000051
Magnet settling time: 2.097
Magnet settling complete
set_dac. change=True
setting magnet DAC
current  : 3.779288
requested: 3.779338
Delta Dac: 0.000051
Magnet settling time: 2.097
Magnet settling complete
set_dac. change=True
setting magnet DAC
current  : 3.779338
requested: 3.779389
Delta Dac: 0.000051
Magnet settling time: 2.097
load indicator states
Switch indicator state True, Open
Switch indicator state True, Open
Switch indicator state False, Closed
Switch indicator state True, Open
Switch indicator state False, Closed
Switch indicator state True, Open
Switch indicator state False, Closed
Switch indicator state False, Closed
Switch indicator state False, Closed
Switch indicator state False, Closed
Switch indicator state False, Closed
Magnet settling complete
set_dac. change=True
setting magnet DAC
current  : 3.779389
requested: 3.779439
Delta Dac: 0.000051
Magnet settling time: 2.097
Magnet settling complete
set_dac. change=True
setting magnet DAC
current  : 3.779439
requested: 3.779490
Delta Dac: 0.000051
Magnet settling time: 2.097
Magnet settling complete
set_dac. change=True
setting magnet DAC
current  : 3.779490
requested: 3.779540
Delta Dac: 0.000051
Magnet settling time: 2.097
Magnet settling complete
set_dac. change=True
setting magnet DAC
current  : 3.779540
requested: 3.779591
Delta Dac: 0.000051
Magnet settling time: 2.097
Magnet settling complete
set_dac. change=True
setting magnet DAC
current  : 3.779591
requested: 3.779641
Delta Dac: 0.000051
Magnet settling time: 2.097
load indicator states
Switch indicator state True, Open
Switch indicator state True, Open
Switch indicator state False, Closed
Switch indicator state True, Open
Switch indicator state False, Closed
Switch indicator state True, Open
Switch indicator state False, Closed
Switch indicator state False, Closed
Switch indicator state False, Closed
Switch indicator state False, Closed
Switch indicator state False, Closed
Magnet settling complete
set_dac. change=True
setting magnet DAC
current  : 3.779641
requested: 3.779692
Delta Dac: 0.000051
Magnet settling time: 2.097
Magnet settling complete
set_dac. change=True
setting magnet DAC
current  : 3.779692
requested: 3.779743
Delta Dac: 0.000051
Magnet settling time: 2.097
Magnet settling complete
set_dac. change=True
setting magnet DAC
current  : 3.779743
requested: 3.779793
Delta Dac: 0.000051
Magnet settling time: 2.097
Magnet settling complete
set_dac. change=True
setting magnet DAC
current  : 3.779793
requested: 3.779844
Delta Dac: 0.000051
Magnet settling time: 2.097
Magnet settling complete
set_dac. change=True
setting magnet DAC
current  : 3.779844
requested: 3.779894
Delta Dac: 0.000051
Magnet settling time: 2.097
load indicator states
Switch indicator state True, Open
Switch indicator state True, Open
Switch indicator state False, Closed
Switch indicator state True, Open
Switch indicator state False, Closed
Switch indicator state True, Open
Switch indicator state False, Closed
Switch indicator state False, Closed
Switch indicator state False, Closed
Switch indicator state False, Closed
Switch indicator state False, Closed
Magnet settling complete
set_dac. change=True
setting magnet DAC
current  : 3.779894
requested: 3.779945
Delta Dac: 0.000051
Magnet settling time: 2.097
Magnet settling complete
set_dac. change=True
setting magnet DAC
current  : 3.779945
requested: 3.779995
Delta Dac: 0.000051
Magnet settling time: 2.097
Magnet settling complete
set_dac. change=True
setting magnet DAC
current  : 3.779995
requested: 3.780046
Delta Dac: 0.000051
Magnet settling time: 2.097
Magnet settling complete
set_dac. change=True
setting magnet DAC
current  : 3.780046
requested: 3.780096
Delta Dac: 0.000051
Magnet settling time: 2.097
Magnet settling complete
set_dac. change=True
setting magnet DAC
current  : 3.780096
requested: 3.780147
Delta Dac: 0.000051
Magnet settling time: 2.097
load indicator states
Switch indicator state True, Open
Switch indicator state True, Open
Switch indicator state False, Closed
Switch indicator state True, Open
Switch indicator state False, Closed
Switch indicator state True, Open
Switch indicator state False, Closed
Switch indicator state False, Closed
Switch indicator state False, Closed
Switch indicator state False, Closed
Switch indicator state False, Closed
Magnet settling complete
set_dac. change=True
setting magnet DAC
current  : 3.780147
requested: 3.780197
Delta Dac: 0.000051
Magnet settling time: 2.097
Magnet settling complete
set_dac. change=True
setting magnet DAC
current  : 3.780197
requested: 3.780248
Delta Dac: 0.000051
Magnet settling time: 2.097
Magnet settling complete
set_dac. change=True
setting magnet DAC
current  : 3.780248
requested: 3.780298
Delta Dac: 0.000051
Magnet settling time: 2.097
Magnet settling complete
set_dac. change=True
setting magnet DAC
current  : 3.780298
requested: 3.780349
Delta Dac: 0.000051
Magnet settling time: 2.097
Magnet settling complete
set_dac. change=True
setting magnet DAC
current  : 3.780349
requested: 3.780399
Delta Dac: 0.000051
Magnet settling time: 2.097
load indicator states
Switch indicator state True, Open
Switch indicator state True, Open
Switch indicator state False, Closed
Switch indicator state True, Open
Switch indicator state False, Closed
Switch indicator state True, Open
Switch indicator state False, Closed
Switch indicator state False, Closed
Switch indicator state False, Closed
Switch indicator state False, Closed
Switch indicator state False, Closed
Magnet settling complete
set_dac. change=True
setting magnet DAC
current  : 3.780399
requested: 3.780450
Delta Dac: 0.000051
Magnet settling time: 2.097
Magnet settling complete
set_dac. change=True
setting magnet DAC
current  : 3.780450
requested: 3.780500
Delta Dac: 0.000051
Magnet settling time: 2.097
Magnet settling complete
set_dac. change=True
setting magnet DAC
current  : 3.780500
requested: 3.780551
Delta Dac: 0.000051
Magnet settling time: 2.097
Magnet settling complete
set_dac. change=True
setting magnet DAC
current  : 3.780551
requested: 3.780601
Delta Dac: 0.000051
Magnet settling time: 2.097
load indicator states
Switch indicator state True, Open
Switch indicator state True, Open
Switch indicator state False, Closed
Switch indicator state True, Open
Switch indicator state False, Closed
Switch indicator state True, Open
Magnet settling complete
set_dac. change=True
setting magnet DAC
current  : 3.780601
requested: 3.780652
Delta Dac: 0.000051
Magnet settling time: 2.097
Switch indicator state False, Closed
Switch indicator state False, Closed
Switch indicator state False, Closed
Switch indicator state False, Closed
Switch indicator state False, Closed
Magnet settling complete
set_dac. change=True
setting magnet DAC
current  : 3.780652
requested: 3.780702
Delta Dac: 0.000051
Magnet settling time: 2.097
Magnet settling complete
set_dac. change=True
setting magnet DAC
current  : 3.780702
requested: 3.780753
Delta Dac: 0.000051
Magnet settling time: 2.097
Magnet settling complete
set_dac. change=True
setting magnet DAC
current  : 3.780753
requested: 3.780803
Delta Dac: 0.000051
Magnet settling time: 2.097
Magnet settling complete
set_dac. change=True
setting magnet DAC
current  : 3.780803
requested: 3.780854
Delta Dac: 0.000051
Magnet settling time: 2.097
load indicator states
Switch indicator state True, Open
Switch indicator state True, Open
Switch indicator state False, Closed
Switch indicator state True, Open
Switch indicator state False, Closed
Switch indicator state True, Open
Switch indicator state False, Closed
Switch indicator state False, Closed
Switch indicator state False, Closed
Switch indicator state False, Closed
Switch indicator state False, Closed
Magnet settling complete
set_dac. change=True
setting magnet DAC
current  : 3.780854
requested: 3.780904
Delta Dac: 0.000051
Magnet settling time: 2.097
Magnet settling complete
set_dac. change=True
setting magnet DAC
current  : 3.780904
requested: 3.780955
Delta Dac: 0.000051
Magnet settling time: 2.097
Magnet settling complete
set_dac. change=True
setting magnet DAC
current  : 3.780955
requested: 3.781005
Delta Dac: 0.000051
Magnet settling time: 2.097
Magnet settling complete
set_dac. change=True
setting magnet DAC
current  : 3.781005
requested: 3.781056
Delta Dac: 0.000051
Magnet settling time: 2.097
Magnet settling complete
set_dac. change=True
setting magnet DAC
current  : 3.781056
requested: 3.781106
Delta Dac: 0.000051
Magnet settling time: 2.097
load indicator states
Switch indicator state True, Open
Switch indicator state True, Open
Switch indicator state False, Closed
Switch indicator state True, Open
Switch indicator state False, Closed
Switch indicator state True, Open
Switch indicator state False, Closed
Switch indicator state False, Closed
Switch indicator state False, Closed
Switch indicator state False, Closed
Switch indicator state False, Closed
Magnet settling complete
set_dac. change=True
setting magnet DAC
current  : 3.781106
requested: 3.781157
Delta Dac: 0.000051
Magnet settling time: 2.097
Magnet settling complete
set_dac. change=True
setting magnet DAC
current  : 3.781157
requested: 3.781207
Delta Dac: 0.000051
Magnet settling time: 2.097
Magnet settling complete
set_dac. change=True
setting magnet DAC
current  : 3.781207
requested: 3.781258
Delta Dac: 0.000051
Magnet settling time: 2.097
Magnet settling complete
set_dac. change=True
setting magnet DAC
current  : 3.781258
requested: 3.781308
Delta Dac: 0.000051
Magnet settling time: 2.097
Magnet settling complete
set_dac. change=True
setting magnet DAC
current  : 3.781308
requested: 3.781359
Delta Dac: 0.000051
Magnet settling time: 2.097
load indicator states
Switch indicator state True, Open
Switch indicator state True, Open
Switch indicator state False, Closed
Switch indicator state True, Open
Switch indicator state False, Closed
Switch indicator state True, Open
Switch indicator state False, Closed
Switch indicator state False, Closed
Switch indicator state False, Closed
Switch indicator state False, Closed
Switch indicator state False, Closed
Magnet settling complete
set_dac. change=True
setting magnet DAC
current  : 3.781359
requested: 3.781409
Delta Dac: 0.000051
Magnet settling time: 2.097
Magnet settling complete
set_dac. change=True
setting magnet DAC
current  : 3.781409
requested: 3.781460
Delta Dac: 0.000051
Magnet settling time: 2.097
Magnet settling complete
set_dac. change=True
setting magnet DAC
current  : 3.781460
requested: 3.781510
Delta Dac: 0.000051
Magnet settling time: 2.097
Magnet settling complete
set_dac. change=True
result of _do_sweep=True
result of _calculate_peak_center=([3.777537234468924, 3.7790151903807474, 3.7804931462925708], [873.78243971520624, 4726.2691732533549, 907.66642161516711], 3.7785242084168194, 4726.2691732533549)
new center pos Detector(H2) (Ar40) @ 3.77901519038
GetHighVoltage ===>> 9900
dac uncorrected for HV and deflection 3.77901519038
update mftable H2 Ar40 3.77901519038 message=automated run peakcenter
get initial guess parabolic
get initial guess parabolic
get initial guess parabolic
get initial guess parabolic
get initial guess parabolic
dump mftable to /Users/labuser/Pychron/setupfiles/spectrometer/mftables/mftable.csv
setting magnet DAC
current  : 3.781510
requested: 3.779015
Delta Dac: 0.002495
sweep finished
SetMagnetDAC 3.77901519038 ===>> OK
Magnet settling time: 0.500
Magnet settling complete
set_dac. change=True
setting integration time = 0.524288
SetIntegrationTime 0.524288 ===>> OK
flush and close file /Users/labuser/Pychron/data/isotopes/ee/442bd4-d9ab-4b49-a965-65decc7683c5.h5
executed snippet estimated_duration=640.48, duration=777.039859056
helix_air.py completed successfully
Measurement Finished
10:08:38 -- ******* Measurement Finished *******
Post Measurement Started helix_pump_ms.py
10:08:38 -- ******* Post Measurement Started helix_pump_ms.py *******
testing...
no interpolation path defined
executed snippet estimated_duration=0, duration=3.91006469727e-05
open ('1',) {}
open name=1 desc=---
check software interlocks 1
interlocks []
actuate state mode=None-script, software_lock=False
doing actuation None-script open_channel True
Open Valve Ion Pump Set ===>> OK
change switch state (True, True)
10:08:38 -- OPEN   VALVE-1 (MSIonPump)
-------------------------- open 1 () result=[(True, True)]
action=open, ok=True, locked=[False]
executed snippet estimated_duration=0, duration=0.275759935379
helix_pump_ms.py completed successfully
setting _ms_pumptime
Post Measurement Finished
10:08:38 -- ******* Post Measurement Finished *******
$$$$$$$$$$$$$$$$$$$$ state at run end measurement
state changed from measurement to success
post measurement save measured=True aborted=False
Set filtering
setting fod for Ar40= {'filter_outliers': True, 'std_devs': 2, 'iterations': 1}
setting fod for H2= {'filter_outliers': True, 'std_devs': 2, 'iterations': 1}
setting fod for Ar36= {'filter_outliers': True, 'std_devs': 2, 'iterations': 1}
setting fod for L2(CDD)= {'filter_outliers': True, 'std_devs': 2, 'iterations': 1}
setting fod for Ar37= {'filter_outliers': True, 'std_devs': 2, 'iterations': 1}
setting fod for L1= {'filter_outliers': True, 'std_devs': 2, 'iterations': 1}
setting fod for Ar38= {'filter_outliers': True, 'std_devs': 2, 'iterations': 1}
setting fod for AX= {'filter_outliers': True, 'std_devs': 2, 'iterations': 1}
setting fod for Ar39= {'filter_outliers': True, 'std_devs': 2, 'iterations': 1}
setting fod for H1= {'filter_outliers': True, 'std_devs': 2, 'iterations': 1}
persistence save...
persistence save - db
post measurement save
5213055024 connecting to database sqlite:////Users/labuser/Pychron/.appdata/local_lab.db
connected to db sqlite:////Users/labuser/Pychron/.appdata/local_lab.db
create new session 5213055024
close session 5213055024
No database instance. Not saving post measurement to isotopedb database
$$$$$$$$$$$$$$$ auto_save_detector_ic=False
persistence save - dvc
================= post measurement started
create new session 4996251088
close session 4996251088
---------------- Experiment Queue saving disabled
DVC saving peakcenter
Popen(['git', 'fetch', 'origin'], cwd=/Users/labuser/Pychron/data/.dvc/repositories/Helix_air180, universal_newlines=False, shell=None)
Popen(['git', 'status', '-sb'], cwd=/Users/labuser/Pychron/data/.dvc/repositories/Helix_air180, universal_newlines=False, shell=None)
Smart pull ahead: 0 behind: 0
Up-to-date with origin
add to repo msg=modified - 1c6e5fb378bc6dbb9454a3742cfd71c48f11ca0a.json
add to repo msg=modified - -H-44.json
add to repo msg=modified - -H-44.dat.json
add to repo msg=modified - -H-44.blan.json
add to repo msg=modified - -H-44.inte.json
load indicator states
add to repo msg=modified - -H-44.icfa.json
Switch indicator state True, Open
add to repo msg=modified - -H-44.base.json
Switch indicator state True, Open
not at valid file /Users/labuser/Pychron/data/.dvc/repositories/Helix_air180/a-01/tags/-H-44.tags.json
add to repo msg=modified - -H-44.peak.json
Switch indicator state True, Open
Switch indicator state True, Open
add to repo msg=modified - -H-44.extr.json
Switch indicator state False, Closed
Switch indicator state True, Open
not at valid file /Users/labuser/Pychron/data/.dvc/repositories/Helix_air180/a-01/monitor/-H-44.moni.json
commit message=<COLLECTION>
Switch indicator state False, Closed
Popen(['git', 'cat-file', '--batch-check'], cwd=/Users/labuser/Pychron/data/.dvc/repositories/Helix_air180, universal_newlines=False, shell=None)
Switch indicator state False, Closed
Popen(['git', 'cat-file', '--batch'], cwd=/Users/labuser/Pychron/data/.dvc/repositories/Helix_air180, universal_newlines=False, shell=None)
Switch indicator state False, Closed
add to repo msg=modified - -H-44.inte.json
Switch indicator state False, Closed
add to repo msg=modified - -H-44.base.json
Switch indicator state False, Closed
commit message=<ISOEVO> default collection fits
add to repo msg=modified - -H-44.blan.json
commit message=<BLANKS> preceding ba-01-H-28
add to repo msg=modified - -H-44.icfa.json
commit message=<ICFactor> default
push repository <pychron.git_archive.repo_manager.GitRepoManager object at 0x12f29aad0>
pushing to remote=origin, url=https://github.com
Popen(['git', 'push', 'origin', 'master'], cwd=/Users/labuser/Pychron/data/.dvc/repositories/Helix_air180, universal_newlines=False, shell=None)
Popen(['git', 'fetch', 'origin'], cwd=/Users/labuser/Pychron/data/.dvc/MetaData, universal_newlines=False, shell=None)
Popen(['git', 'status', '-sb'], cwd=/Users/labuser/Pychron/data/.dvc/MetaData, universal_newlines=False, shell=None)
Popen(['git', 'diff', 'HEAD', '--name-only'], cwd=/Users/labuser/Pychron/data/.dvc/MetaData, universal_newlines=False, shell=None)
no changes to meta repo
Popen(['git', 'push', 'origin', 'master'], cwd=/Users/labuser/Pychron/data/.dvc/MetaData, universal_newlines=False, shell=None)
create new session 4996251088
add association Helix_air180
get identifier "a-01-H"
setting analysis irradiation position=<pychron.dvc.dvc_orm.IrradiationPositionTbl object at 0x136b5a050>
close session 4996251088
================= post measurement finished
10:08:45 -- ******* Post Run Check *******
loading queue conditionals post_run_actions
loading system conditionals post_run_actions
loading conditionals from /Users/labuser/Pychron/setupfiles/spectrometer/default_conditionals.yaml
loading queue conditionals post_run_terminations
loading system conditionals post_run_terminations
loading conditionals from /Users/labuser/Pychron/setupfiles/spectrometer/default_conditionals.yaml
10:08:45 -- ******* Post Run Check Passed *******
10:08:45 -- Automated run a-01-H-44 success duration: 901.482 s
----------------- finish -----------------
----------------- stop -----------------
retroactive repository identifiers disabled
finish run. runs completed=3
update duration runid=a-01-H-44, duration=901.482151985, md5=060fae79
loading script "helix_air.py"
loading script "helix_pump_ms.py"
loading script "helix_air.py"
loading script "helix_pump_prep.py"
testing...
no interpolation path defined
executed snippet estimated_duration=640.48, duration=0.000453948974609
script duration name:air seconds:640.0
loading script "helix_air.py"
loading script "helix_pump_ms.py"
loading script "helix_air.py"
loading script "helix_pump_prep.py"
testing...
no interpolation path defined
executed snippet estimated_duration=0, duration=4.10079956055e-05
air in script context. using previous estimated duration
script duration name:air seconds:640.0
loading script "helix_air.py"
loading script "helix_pump_ms.py"
loading script "helix_air.py"
loading script "helix_pump_prep.py"
testing...
no interpolation path defined
executed snippet estimated_duration=28.0, duration=0.000213861465454
Script duration 1280.0
Run total estimated duration= 1281.000
script duration name:air seconds:640.0
pump_ms in script context. using previous estimated duration
script duration name:air seconds:640.0
pump_prep in script context. using previous estimated duration
Script duration 1280.0
Run total estimated duration= 1281.000
script duration name:air seconds:640.0
script duration name:air seconds:640.0
Script duration 1280.0
Run total estimated duration= 1281.000
script duration name:air seconds:640.0
script duration name:air seconds:640.0
Script duration 1280.0
Run total estimated duration= 1281.000
script duration name:air seconds:640.0
script duration name:air seconds:640.0
Script duration 1280.0
Run total estimated duration= 1281.000
script duration name:air seconds:640.0
script duration name:air seconds:640.0
Script duration 1280.0
Run total estimated duration= 1281.000
script duration name:air seconds:640.0
script duration name:air seconds:640.0
Script duration 1280.0
Run total estimated duration= 1281.000
script duration name:air seconds:640.0
script duration name:air seconds:640.0
Script duration 1280.0
Run total estimated duration= 1281.000
script duration name:air seconds:640.0
script duration name:air seconds:640.0
Script duration 1280.0
Run total estimated duration= 1281.000
script duration name:air seconds:640.0
script duration name:air seconds:640.0
Script duration 1280.0
Run total estimated duration= 1281.000
script duration name:air seconds:640.0
script duration name:air seconds:640.0
Script duration 1280.0
Run total estimated duration= 1281.000
script duration name:air seconds:640.0
script duration name:air seconds:640.0
Script duration 1280.0
Run total estimated duration= 1281.000
script duration name:air seconds:640.0
script duration name:air seconds:640.0
Script duration 1280.0
Run total estimated duration= 1281.000
script duration name:air seconds:640.0
script duration name:air seconds:640.0
Script duration 1280.0
Run total estimated duration= 1281.000
script duration name:air seconds:640.0
script duration name:air seconds:640.0
Script duration 1280.0
Run total estimated duration= 1281.000
script duration name:air seconds:640.0
script duration name:air seconds:640.0
Script duration 1280.0
Run total estimated duration= 1281.000
script duration name:air seconds:640.0
script duration name:air seconds:640.0
Script duration 1280.0
Run total estimated duration= 1281.000
script duration name:air seconds:640.0
script duration name:air seconds:640.0
Script duration 1280.0
Run total estimated duration= 1281.000
script duration name:air seconds:640.0
script duration name:air seconds:640.0
Script duration 1280.0
Run total estimated duration= 1281.000
script duration name:air seconds:640.0
script duration name:air seconds:640.0
Script duration 1280.0
Run total estimated duration= 1281.000
script duration name:air seconds:640.0
script duration name:air seconds:640.0
Script duration 1280.0
Run total estimated duration= 1281.000
script duration name:air seconds:640.0
script duration name:air seconds:640.0
Script duration 1280.0
Run total estimated duration= 1281.000
script duration name:air seconds:640.0
script duration name:air seconds:640.0
Script duration 1280.0
Run total estimated duration= 1281.000
script duration name:air seconds:640.0
script duration name:air seconds:640.0
Script duration 1280.0
Run total estimated duration= 1281.000
script duration name:air seconds:640.0
script duration name:air seconds:640.0
Script duration 1280.0
Run total estimated duration= 1281.000
script duration name:air seconds:640.0
script duration name:air seconds:640.0
Script duration 1280.0
Run total estimated duration= 1281.000
script duration name:air seconds:640.0
script duration name:air seconds:640.0
Script duration 1280.0
Run total estimated duration= 1281.000
nruns=27 before=5.0, run_dur=34587.0, btw=780.0
write rem/ex queues
/Users/labuser/Pychron/experiments/rem/Air.rem.txt
/Users/labuser/Pychron/experiments/rem/Air.ex.txt
doing event level: 3
