do run
loading script "helix_air.py"
loading script "helix_pump_ms.py"
loading script "helix_air.py"
loading script "helix_pump_prep.py"
testing...
no interpolation path defined
executed snippet estimated_duration=640.48, duration=0.000263929367065
script duration name:air seconds:640.0
loading script "helix_air.py"
loading script "helix_pump_ms.py"
loading script "helix_air.py"
loading script "helix_pump_prep.py"
testing...
no interpolation path defined
executed snippet estimated_duration=0, duration=2.28881835938e-05
air in script context. using previous estimated duration
script duration name:air seconds:640.0
loading script "helix_air.py"
loading script "helix_pump_ms.py"
loading script "helix_air.py"
loading script "helix_pump_prep.py"
testing...
no interpolation path defined
executed snippet estimated_duration=28.0, duration=0.000169992446899
Script duration 1280.0
Run total estimated duration= 1281.000
run duration: 0:21:21
doing event level: 2
----------------- start -----------------
**************** Experiment Type: Ar/Ar, Ar/Ar
create new session 5014442832
close session 5014442832
$$$$$ Clearing conditionals
adding conditionals 
Add queue conditionals
add default conditionals
adding default conditionals from /Users/labuser/Pychron/setupfiles/spectrometer/default_conditionals.yaml
Start automated run a-01-H-57
loading script "helix_air.py"
loading script "helix_pump_ms.py"
loading script "helix_air.py"
loading script "helix_pump_prep.py"
%%%%%%%%%%%%%%%%%% setting automated run a-01-H-57
No value "sensitivity_multiplier" in metadata
$$$$$$$$$$$$$$$ auto_save_detector_ic=False
============================= Pre Extraction Check =============================
loading queue conditionals pre_run_terminations
loading system conditionals pre_run_terminations
loading conditionals from /Users/labuser/Pychron/setupfiles/spectrometer/default_conditionals.yaml
14:20:55 -- ******* Pre Extraction Check *******
Get a measurement from the spectrometer
Pre Extraction Termination data. keys=L2(CDD),H2,H1,AX,L1, signals=0.04339,4.44955,0.15212,-0.23605,-0.01419
14:20:55 -- testing system defined conditionals
Checking default pre extraction terminations n=1
testing L2_CDD_
evaluate ot="L2(CDD).inactive" t="L2_CDD_", ctx="{'L2_CDD_': False}"
14:20:55 -- ******* Pre Extraction Check Passed *******
=================================================================================
start extraction
do extraction
Analysis started at 14:20:55.616426
Extraction Started helix_air.py
14:20:55 -- ******* Extraction Started helix_air.py *******
state changed from not run to extraction
DO EXTRACTION <pychron.extraction_line.pyscript_runner.PyScriptRunner object at 0x12bcced10>
testing...
no interpolation path defined
executed snippet estimated_duration=222.0, duration=0.000536918640137
Air pipette
open ('3',) {}
open name=3 desc=---
check software interlocks 3
interlocks []
actuate state mode=None-script, software_lock=False
doing actuation None-script open_channel False
ROUT:OPEN (@103)
change switch state (True, True)
14:20:55 -- OPEN   VALVE-3 (SecondToIP)
-------------------------- open 3 () result=[(True, True)]
action=open, ok=True, locked=[False]
close ('2',) {}
close name=2 desc=---
check software interlocks 2
interlocks []
actuate state mode=None-script, software_lock=False
doing actuation None-script close_channel False
ROUT:CLOSE (@102)
change switch state (True, True)
14:20:55 -- CLOSE  VALVE-2 (ExtrToMS)
-------------------------- close 2 () result=[(True, True)]
action=close, ok=True, locked=[False]
open ('1',) {}
open name=1 desc=---
check software interlocks 1
interlocks []
actuate state mode=None-script, software_lock=False
doing actuation None-script open_channel False
Open Valve Ion Pump Set ===>> OK
change switch state (True, True)
14:20:56 -- OPEN   VALVE-1 (MSIonPump)
-------------------------- open 1 () result=[(True, True)]
action=open, ok=True, locked=[False]
close ('8',) {}
close name=8 desc=---
check software interlocks 8
interlocks []
actuate state mode=None-script, software_lock=False
doing actuation None-script close_channel False
ROUT:CLOSE (@108)
change switch state (True, True)
14:20:56 -- CLOSE  VALVE-8 (Sample1toFirst)
-------------------------- close 8 () result=[(True, True)]
action=close, ok=True, locked=[False]
close ('9',) {}
close name=9 desc=---
check software interlocks 9
interlocks []
actuate state mode=None-script, software_lock=False
doing actuation None-script close_channel False
ROUT:CLOSE (@109)
change switch state (True, True)
14:20:56 -- CLOSE  VALVE-9 (Sample2toFirst)
-------------------------- close 9 () result=[(True, True)]
action=close, ok=True, locked=[False]
close ('7',) {}
close name=7 desc=---
check software interlocks 7
interlocks ['6']
actuate state mode=None-script, software_lock=False
doing actuation None-script close_channel False
ROUT:CLOSE (@107)
change switch state (True, True)
14:20:57 -- CLOSE  VALVE-7 (APInner)
-------------------------- close 7 () result=[(True, True)]
action=close, ok=True, locked=[False]
open ('5',) {}
open name=5 desc=---
check software interlocks 5
interlocks []
actuate state mode=None-script, software_lock=False
doing actuation None-script open_channel False
ROUT:OPEN (@105)
change switch state (True, True)
14:20:57 -- OPEN   VALVE-5 (FirstToTurbo)
-------------------------- open 5 () result=[(True, True)]
action=open, ok=True, locked=[False]
open ('11',) {}
open name=11 desc=---
check software interlocks 11
interlocks []
actuate state mode=None-script, software_lock=False
doing actuation None-script open_channel False
ROUT:OPEN (@111)
change switch state (True, True)
14:20:57 -- OPEN   VALVE-11 (APSafety)
-------------------------- open 11 () result=[(True, True)]
action=open, ok=True, locked=[False]
open ('6',) {}
open name=6 desc=---
check software interlocks 6
interlocks ['7']
actuate state mode=None-script, software_lock=False
doing actuation None-script open_channel True
ROUT:OPEN (@106)
change switch state (True, True)
14:20:58 -- OPEN   VALVE-6 (APOuter)
-------------------------- open 6 () result=[(True, True)]
action=open, ok=True, locked=[False]
sleep (15,) {}
SLEEP 15.0
block started
WaitControl setup for 15.0  
load indicator states
Switch indicator state True, Open
Switch indicator state True, Open
Switch indicator state True, Open
Switch indicator state True, Open
Switch indicator state False, Closed
Switch indicator state True, Open
Switch indicator state False, Closed
Switch indicator state False, Closed
Switch indicator state True, Open
Switch indicator state False, Closed
Switch indicator state False, Closed
Join finished
block finished. duration 15.0872080326
close ('6',) {}
close name=6 desc=---
check software interlocks 6
interlocks ['7']
actuate state mode=None-script, software_lock=False
doing actuation None-script close_channel True
ROUT:CLOSE (@106)
change switch state (True, True)
14:21:13 -- CLOSE  VALVE-6 (APOuter)
-------------------------- close 6 () result=[(True, True)]
load indicator states
Switch indicator state True, Open
Switch indicator state True, Open
Switch indicator state True, Open
Switch indicator state True, Open
Switch indicator state False, Closed
action=close, ok=True, locked=[False]
sleep (2,) {}
SLEEP 2.0
block started
WaitControl setup for 2.0  
Switch indicator state True, Open
Switch indicator state False, Closed
Switch indicator state False, Closed
Switch indicator state False, Closed
Switch indicator state False, Closed
Switch indicator state False, Closed
Join finished
block finished. duration 2.05187296867
Filling pipette
open ('7',) {}
open name=7 desc=---
check software interlocks 7
interlocks ['6']
actuate state mode=None-script, software_lock=False
doing actuation None-script open_channel True
ROUT:OPEN (@107)
change switch state (True, True)
14:21:15 -- OPEN   VALVE-7 (APInner)
-------------------------- open 7 () result=[(True, True)]
action=open, ok=True, locked=[False]
sleep (30,) {}
SLEEP 30.0
block started
WaitControl setup for 30.0  
load indicator states
Switch indicator state True, Open
Switch indicator state True, Open
Switch indicator state True, Open
Switch indicator state True, Open
Switch indicator state False, Closed
Switch indicator state True, Open
Switch indicator state False, Closed
Switch indicator state True, Open
Switch indicator state False, Closed
Switch indicator state False, Closed
Switch indicator state False, Closed
load indicator states
Switch indicator state True, Open
Switch indicator state True, Open
Switch indicator state True, Open
Switch indicator state True, Open
Switch indicator state False, Closed
Switch indicator state True, Open
Switch indicator state False, Closed
Switch indicator state True, Open
Switch indicator state False, Closed
Switch indicator state False, Closed
Switch indicator state False, Closed
load indicator states
Switch indicator state True, Open
Switch indicator state True, Open
Switch indicator state True, Open
Switch indicator state True, Open
Switch indicator state False, Closed
Switch indicator state True, Open
Switch indicator state False, Closed
Switch indicator state True, Open
Switch indicator state False, Closed
Switch indicator state False, Closed
Switch indicator state False, Closed
Join finished
block finished. duration 30.1312398911
close ('7',) {}
close name=7 desc=---
check software interlocks 7
interlocks ['6']
actuate state mode=None-script, software_lock=False
doing actuation None-script close_channel True
ROUT:CLOSE (@107)
change switch state (True, True)
14:21:46 -- CLOSE  VALVE-7 (APInner)
-------------------------- close 7 () result=[(True, True)]
action=close, ok=True, locked=[False]
close ('5',) {}
close name=5 desc=---
check software interlocks 5
interlocks []
actuate state mode=None-script, software_lock=False
doing actuation None-script close_channel True
ROUT:CLOSE (@105)
change switch state (True, True)
14:21:46 -- CLOSE  VALVE-5 (FirstToTurbo)
-------------------------- close 5 () result=[(True, True)]
action=close, ok=True, locked=[False]
close ('4',) {}
close name=4 desc=---
check software interlocks 4
interlocks []
actuate state mode=None-script, software_lock=False
doing actuation None-script close_channel False
ROUT:CLOSE (@104)
change switch state (True, True)
14:21:46 -- CLOSE  VALVE-4 (FirstToSecondStage)
-------------------------- close 4 () result=[(True, True)]
action=close, ok=True, locked=[False]
sleep (2,) {}
SLEEP 2.0
block started
WaitControl setup for 2.0  
Join finished
block finished. duration 2.05122709274
open ('6',) {}
open name=6 desc=---
check software interlocks 6
interlocks ['7']
actuate state mode=None-script, software_lock=False
doing actuation None-script open_channel True
ROUT:OPEN (@106)
increment shot count 64
saved current shot count 64
change switch state (True, True)
14:21:49 -- OPEN   VALVE-6 (APOuter)
-------------------------- open 6 () result=[(True, True)]
action=open, ok=True, locked=[False]
first stage cleanup
sleep (30,) {}
SLEEP 30.0
block started
WaitControl setup for 30.0  
load indicator states
Switch indicator state True, Open
Switch indicator state True, Open
Switch indicator state True, Open
Switch indicator state True, Open
Switch indicator state False, Closed
Switch indicator state False, Closed
Switch indicator state False, Closed
Switch indicator state False, Closed
Switch indicator state True, Open
Switch indicator state False, Closed
Switch indicator state False, Closed
load indicator states
Switch indicator state True, Open
Switch indicator state True, Open
Switch indicator state True, Open
Switch indicator state True, Open
Switch indicator state False, Closed
Switch indicator state False, Closed
Switch indicator state False, Closed
Switch indicator state False, Closed
Switch indicator state True, Open
Switch indicator state False, Closed
Switch indicator state False, Closed
load indicator states
Switch indicator state True, Open
Switch indicator state True, Open
Switch indicator state True, Open
Switch indicator state True, Open
Switch indicator state False, Closed
Switch indicator state False, Closed
Switch indicator state False, Closed
Switch indicator state False, Closed
Switch indicator state True, Open
Switch indicator state False, Closed
Switch indicator state False, Closed
Join finished
block finished. duration 30.0886077881
close ('3',) {}
close name=3 desc=---
check software interlocks 3
interlocks []
actuate state mode=None-script, software_lock=False
doing actuation None-script close_channel True
ROUT:CLOSE (@103)
change switch state (True, True)
14:22:19 -- CLOSE  VALVE-3 (SecondToIP)
-------------------------- close 3 () result=[(True, True)]
action=close, ok=True, locked=[False]
sleep (2,) {}
SLEEP 2.0
block started
WaitControl setup for 2.0  
Join finished
block finished. duration 2.029088974
open ('4',) {}
open name=4 desc=---
check software interlocks 4
interlocks []
actuate state mode=None-script, software_lock=False
doing actuation None-script open_channel True
ROUT:OPEN (@104)
change switch state (True, True)
14:22:21 -- OPEN   VALVE-4 (FirstToSecondStage)
-------------------------- open 4 () result=[(True, True)]
action=open, ok=True, locked=[False]
second stage cleanup
sleep (30,) {}
SLEEP 30.0
block started
WaitControl setup for 30.0  
load indicator states
Switch indicator state True, Open
Switch indicator state True, Open
Switch indicator state True, Open
Switch indicator state False, Closed
Switch indicator state False, Closed
Switch indicator state False, Closed
Switch indicator state True, Open
Switch indicator state False, Closed
Switch indicator state True, Open
Switch indicator state False, Closed
Switch indicator state False, Closed
load indicator states
Switch indicator state True, Open
Switch indicator state True, Open
Switch indicator state True, Open
Switch indicator state False, Closed
Switch indicator state False, Closed
Switch indicator state False, Closed
Switch indicator state True, Open
Switch indicator state False, Closed
Switch indicator state True, Open
Switch indicator state False, Closed
Switch indicator state False, Closed
load indicator states
Switch indicator state True, Open
Switch indicator state True, Open
Switch indicator state True, Open
Switch indicator state False, Closed
Switch indicator state False, Closed
Switch indicator state False, Closed
Switch indicator state True, Open
Switch indicator state False, Closed
Switch indicator state True, Open
Switch indicator state False, Closed
Switch indicator state False, Closed
Join finished
block finished. duration 30.1371819973
executed snippet estimated_duration=333.0, duration=116.568768978
helix_air.py completed successfully
no extraction action
Requested Output= 0.000
Achieved Output=  0.000
no extraction action
no extraction action
no extraction action
no extraction action
persistence save...
persistence save - db
AutomatedRunPersister post_extraction_save deprecated
persistence save - dvc
no extraction position for 
Popen(['git', 'cat-file', '--batch-check'], cwd=/Users/labuser/Pychron/data/.dvc/MetaData, universal_newlines=False, shell=None)
Extraction Finished
14:22:52 -- ******* Extraction Finished *******
no overlap. not waiting for min ms pumptime
start measurement
do measurement
L#=a-01-H analysis type=air
Measurement Started helix_air.py
14:22:52 -- ******* Measurement Started helix_air.py *******
state changed from extraction to measurement
setting spec, defl, and gains
GetExtractionLens ===>> 18.29
GetYSymmetry ===>> 19.07
GetZSymmetry ===>> 19.51
GetZFocus ===>> 9.74
GetDeflection L2(CDD) ===>> Error: Invalid Command
Failed reading L2(CDD) deflection. Error=could not convert string to float: Error: Invalid Command. Using previous value 0
GetGain H2 ===>> 0.986484670899424
GetGain H1 ===>> 1.01080515922087
GetGain AX ===>> 1.0071313708941
GetGain L1 ===>> 1.00793592600847
GetGain L2(CDD) ===>> 0
pre measurement save
New frame /Users/labuser/Pychron/data/isotopes/fc/07c73a-b741-4e0c-99fc-f70a0ec08fa0.h5
flush and close file /Users/labuser/Pychron/data/isotopes/fc/07c73a-b741-4e0c-99fc-f70a0ec08fa0.h5
testing...
no interpolation path defined
executed snippet estimated_duration=640.48, duration=0.000241041183472
activate_detectors ('H2', 'H1', 'AX', 'L1', 'L2(CDD)') {}
activate detectors
*************** Set Analysis View Ar/Ar
create graphs
clearing graphs
clear isotope group
setting isotope det=H2, iso=Ar40
setting isotope det=H1, iso=Ar39
setting isotope det=AX, iso=Ar38
setting isotope det=L1, iso=Ar37
setting isotope det=L2(CDD), iso=Ar36
setting previous blanks
 - setting Ar40 blank 41.69+/-0.04
 - setting Ar36 blank 0.1530+/-0.0013
 - setting Ar37 blank 0.044+/-0.017
 - setting Ar38 blank 0.052+/-0.020
 - setting Ar39 blank -0.028+/-0.023
load analysis view
position_magnet ('Ar40',) {'detector': 'H2'}
detector Detector(H2)
POSITION Ar40 H2
setting detector H2 to Ar40 (39.962)
setting detector H1 to Ar39 (38.962)
setting detector AX to Ar38 (37.962)
setting detector L1 to Ar37 (36.962)
setting detector L2(CDD) to Ar36 (35.962)
Mapping mass to dac mass func: "parabolic"
H2 map mass coeffs = [  2.53589168e-02  -1.84786063e+00   3.71259894e+01]
H2 map mass to dac 39.962 >> 3.7789951503
GetHighVoltage ===>> 9900
positioning Ar40 (3.7789951503) on H2
setting magnet DAC
current  : 3.778995
requested: 3.778995
Delta Dac: 0.000000
SetMagnetDAC 3.7789951503 ===>> OK
set_dac. change=False
equilibrate () {'inlet': '2', 'outlet': '1', 'eqtime': 30.0}
Equilibration Started
14:22:53 -- ******* Equilibration Started *******
check software interlocks 1
interlocks []
actuate state mode=None-script, software_lock=False
doing actuation None-script close_channel True
Close Valve Ion Pump Set ===>> OK
change switch state (True, True)
14:22:53 -- CLOSE  VALVE-1 (MSIonPump)
waiting 3s before opening inlet value ('2',)
update labels <pychron.experiment.plot_panel.PlotPanel object at 0x135cc6f50>
update labels "<pychron.graph.stacked_regression_graph.StackedRegressionGraph object at 0x152413110>"
setting label 0 H2 Ar40
setting label 1 H1 Ar39
setting label 2 AX Ar38
setting label 3 L1 Ar37
setting label 4 L2(CDD) Ar36
update labels "<pychron.graph.stacked_graph.StackedGraph object at 0x1524e95f0>"
setting label 0 H2 Ar40
setting label 1 H1 Ar39
setting label 2 AX Ar38
setting label 3 L1 Ar37
setting label 4 L2(CDD) Ar36
check software interlocks 2
interlocks []
actuate state mode=None-script, software_lock=False
doing actuation None-script open_channel True
ROUT:OPEN (@102)
change switch state (True, True)
14:22:56 -- OPEN   VALVE-2 (ExtrToMS)
set_time_zero () {}
equilibrating for 30.0sec
sniff (30.0,) {}
py_sniff
build tables- sniff [Detector(H2), Detector(H1), Detector(AX), Detector(L1), Detector(L2(CDD))]
add group /sniff/Ar40 (Group) '' table H2
add group /sniff/Ar39 (Group) '' table H1
add group /sniff/Ar38 (Group) '' table AX
add group /sniff/Ar37 (Group) '' table L1
add group /sniff/Ar36 (Group) '' table L2(CDD)
flush and close file /Users/labuser/Pychron/data/isotopes/fc/07c73a-b741-4e0c-99fc-f70a0ec08fa0.h5
measuring sniff. ncounts=30.0
"sniff" increment series count="1" fit count="0" regressing="False"
starting measurement
load indicator states
Switch indicator state True, Open
Switch indicator state True, Open
Switch indicator state False, Closed
Switch indicator state False, Closed
Switch indicator state True, Open
Switch indicator state False, Closed
Switch indicator state True, Open
Switch indicator state False, Closed
Switch indicator state True, Open
Switch indicator state False, Closed
Switch indicator state False, Closed
load indicator states
Switch indicator state True, Open
Switch indicator state True, Open
Switch indicator state False, Closed
Switch indicator state False, Closed
Switch indicator state True, Open
Switch indicator state False, Closed
Switch indicator state True, Open
Switch indicator state False, Closed
Switch indicator state True, Open
Switch indicator state False, Closed
Switch indicator state False, Closed
load indicator states
Switch indicator state True, Open
Switch indicator state True, Open
Switch indicator state False, Closed
Switch indicator state False, Closed
Switch indicator state True, Open
Switch indicator state False, Closed
Switch indicator state True, Open
Switch indicator state False, Closed
Switch indicator state True, Open
Switch indicator state False, Closed
Switch indicator state False, Closed
14:23:20 -- collecting point 25
Equilibration Finished
14:23:26 -- ******* Equilibration Finished *******
check software interlocks 2
interlocks []
actuate state mode=None-script, software_lock=False
doing actuation None-script close_channel True
ROUT:CLOSE (@102)
change switch state (True, True)
14:23:26 -- CLOSE  VALVE-2 (ExtrToMS)
Post Equilibration Started helix_pump_prep.py
14:23:26 -- ******* Post Equilibration Started helix_pump_prep.py *******
testing...
no interpolation path defined
executed snippet estimated_duration=28.0, duration=0.000257968902588
close ('6',) {}
close name=6 desc=---
check software interlocks 6
interlocks ['7']
actuate state mode=None-script, software_lock=False
doing actuation None-script close_channel True
ROUT:CLOSE (@106)
change switch state (True, True)
14:23:26 -- CLOSE  VALVE-6 (APOuter)
-------------------------- close 6 () result=[(True, True)]
action=close, ok=True, locked=[False]
open ('4',) {}
open name=4 desc=---
check software interlocks 4
interlocks []
actuate state mode=None-script, software_lock=False
doing actuation None-script open_channel False
ROUT:OPEN (@104)
change switch state (True, True)
14:23:26 -- OPEN   VALVE-4 (FirstToSecondStage)
-------------------------- open 4 () result=[(True, True)]
waiting for write to finish
measurement finished
estimated time: 30.000 actual time: :30.168
flush and close file /Users/labuser/Pychron/data/isotopes/fc/07c73a-b741-4e0c-99fc-f70a0ec08fa0.h5
set_fits () {}
using default fits file=/Users/labuser/Pychron/scripts/measurement/fits/nominal.yaml
set "Ar40" to "('Parabolic', 'SEM')"
set "Ar36" to "('Parabolic', 'SEM')"
set "Ar37" to "('Linear', 'SEM')"
set "Ar38" to "('Linear', 'SEM')"
set "Ar39" to "('Linear', 'SEM')"
set_baseline_fits () {}
using default fits file=/Users/labuser/Pychron/scripts/measurement/fits/nominal.yaml
set "H2" to "('Average', 'SEM')"
set "L2(CDD)" to "('Average', 'SEM')"
set "L1" to "('Average', 'SEM')"
set "AX" to "('Average', 'SEM')"
set "H1" to "('Average', 'SEM')"
multicollect () {'ncounts': 400}
build tables- signal [Detector(H2), Detector(H1), Detector(AX), Detector(L1), Detector(L2(CDD))]
add group /signal/Ar40 (Group) '' table H2
add group /signal/Ar39 (Group) '' table H1
add group /signal/Ar38 (Group) '' table AX
add group /signal/Ar37 (Group) '' table L1
add group /signal/Ar36 (Group) '' table L2(CDD)
flush and close file /Users/labuser/Pychron/data/isotopes/fc/07c73a-b741-4e0c-99fc-f70a0ec08fa0.h5
measuring signal. ncounts=400
action=open, ok=True, locked=[False]
sleep (2,) {}
SLEEP 2.0
block started
WaitControl setup for 2.0  
"signal" increment series count="2" fit count="1" regressing="True"
starting measurement
load indicator states
Switch indicator state True, Open
Switch indicator state True, Open
Switch indicator state False, Closed
Switch indicator state False, Closed
Switch indicator state False, Closed
Switch indicator state False, Closed
Switch indicator state True, Open
Switch indicator state False, Closed
Switch indicator state False, Closed
Switch indicator state False, Closed
Switch indicator state False, Closed
Join finished
block finished. duration 2.02090191841
open ('11',) {}
open name=11 desc=---
check software interlocks 11
interlocks []
actuate state mode=None-script, software_lock=False
doing actuation None-script open_channel False
ROUT:OPEN (@111)
change switch state (True, True)
14:23:29 -- OPEN   VALVE-11 (APSafety)
-------------------------- open 11 () result=[(True, True)]
action=open, ok=True, locked=[False]
open ('5',) {}
open name=5 desc=---
check software interlocks 5
interlocks []
actuate state mode=None-script, software_lock=False
doing actuation None-script open_channel True
ROUT:OPEN (@105)
change switch state (True, True)
14:23:29 -- OPEN   VALVE-5 (FirstToTurbo)
-------------------------- open 5 () result=[(True, True)]
action=open, ok=True, locked=[False]
sleep (10,) {}
SLEEP 10.0
block started
WaitControl setup for 10.0  
load indicator states
Switch indicator state True, Open
Switch indicator state True, Open
Switch indicator state False, Closed
Switch indicator state False, Closed
Switch indicator state False, Closed
Switch indicator state True, Open
Switch indicator state True, Open
Switch indicator state False, Closed
Switch indicator state False, Closed
Switch indicator state False, Closed
Switch indicator state False, Closed
Join finished
block finished. duration 10.0250599384
close ('4',) {}
close name=4 desc=---
check software interlocks 4
interlocks []
actuate state mode=None-script, software_lock=False
doing actuation None-script close_channel True
ROUT:CLOSE (@104)
change switch state (True, True)
14:23:39 -- CLOSE  VALVE-4 (FirstToSecondStage)
-------------------------- close 4 () result=[(True, True)]
action=close, ok=True, locked=[False]
sleep (2,) {}
SLEEP 2.0
block started
WaitControl setup for 2.0  
Join finished
block finished. duration 2.03764200211
open ('3',) {}
open name=3 desc=---
check software interlocks 3
interlocks []
actuate state mode=None-script, software_lock=False
doing actuation None-script open_channel True
ROUT:OPEN (@103)
change switch state (True, True)
14:23:42 -- OPEN   VALVE-3 (SecondToIP)
-------------------------- open 3 () result=[(True, True)]
action=open, ok=True, locked=[False]
executed snippet estimated_duration=42.0, duration=15.8630239964
helix_pump_prep.py completed successfully
Post Equilibration Finished
14:23:42 -- ******* Post Equilibration Finished *******
load indicator states
Switch indicator state True, Open
Switch indicator state True, Open
Switch indicator state False, Closed
Switch indicator state True, Open
Switch indicator state False, Closed
Switch indicator state True, Open
Switch indicator state False, Closed
Switch indicator state False, Closed
Switch indicator state False, Closed
Switch indicator state False, Closed
Switch indicator state False, Closed
14:23:51 -- collecting point 25
load indicator states
Switch indicator state True, Open
Switch indicator state True, Open
Switch indicator state False, Closed
Switch indicator state True, Open
Switch indicator state False, Closed
Switch indicator state True, Open
Switch indicator state False, Closed
Switch indicator state False, Closed
Switch indicator state False, Closed
Switch indicator state False, Closed
Switch indicator state False, Closed
load indicator states
Switch indicator state True, Open
Switch indicator state True, Open
Switch indicator state False, Closed
Switch indicator state True, Open
Switch indicator state False, Closed
Switch indicator state True, Open
Switch indicator state False, Closed
Switch indicator state False, Closed
Switch indicator state False, Closed
Switch indicator state False, Closed
Switch indicator state False, Closed
14:24:16 -- collecting point 50
load indicator states
Switch indicator state True, Open
Switch indicator state True, Open
Switch indicator state False, Closed
Switch indicator state True, Open
Switch indicator state False, Closed
Switch indicator state True, Open
Switch indicator state False, Closed
Switch indicator state False, Closed
Switch indicator state False, Closed
Switch indicator state False, Closed
Switch indicator state False, Closed
load indicator states
Switch indicator state True, Open
Switch indicator state True, Open
Switch indicator state False, Closed
Switch indicator state True, Open
Switch indicator state False, Closed
Switch indicator state True, Open
Switch indicator state False, Closed
Switch indicator state False, Closed
Switch indicator state False, Closed
Switch indicator state False, Closed
Switch indicator state False, Closed
load indicator states
Switch indicator state True, Open
Switch indicator state True, Open
Switch indicator state False, Closed
Switch indicator state True, Open
Switch indicator state False, Closed
Switch indicator state True, Open
Switch indicator state False, Closed
Switch indicator state False, Closed
Switch indicator state False, Closed
Switch indicator state False, Closed
Switch indicator state False, Closed
14:24:41 -- collecting point 75
load indicator states
Switch indicator state True, Open
Switch indicator state True, Open
Switch indicator state False, Closed
Switch indicator state True, Open
Switch indicator state False, Closed
Switch indicator state True, Open
Switch indicator state False, Closed
Switch indicator state False, Closed
Switch indicator state False, Closed
Switch indicator state False, Closed
Switch indicator state False, Closed
load indicator states
Switch indicator state True, Open
Switch indicator state True, Open
Switch indicator state False, Closed
Switch indicator state True, Open
Switch indicator state False, Closed
Switch indicator state True, Open
Switch indicator state False, Closed
Switch indicator state False, Closed
Switch indicator state False, Closed
Switch indicator state False, Closed
Switch indicator state False, Closed
14:25:06 -- collecting point 100
load indicator states
Switch indicator state True, Open
Switch indicator state True, Open
Switch indicator state False, Closed
Switch indicator state True, Open
Switch indicator state False, Closed
Switch indicator state True, Open
Switch indicator state False, Closed
Switch indicator state False, Closed
Switch indicator state False, Closed
Switch indicator state False, Closed
Switch indicator state False, Closed
load indicator states
Switch indicator state True, Open
Switch indicator state True, Open
Switch indicator state False, Closed
Switch indicator state True, Open
Switch indicator state False, Closed
Switch indicator state True, Open
Switch indicator state False, Closed
Switch indicator state False, Closed
Switch indicator state False, Closed
Switch indicator state False, Closed
Switch indicator state False, Closed
14:25:31 -- collecting point 125
load indicator states
Switch indicator state True, Open
Switch indicator state True, Open
Switch indicator state False, Closed
Switch indicator state True, Open
Switch indicator state False, Closed
Switch indicator state True, Open
Switch indicator state False, Closed
Switch indicator state False, Closed
Switch indicator state False, Closed
Switch indicator state False, Closed
Switch indicator state False, Closed
load indicator states
Switch indicator state True, Open
Switch indicator state True, Open
Switch indicator state False, Closed
Switch indicator state True, Open
Switch indicator state False, Closed
Switch indicator state True, Open
Switch indicator state False, Closed
Switch indicator state False, Closed
Switch indicator state False, Closed
Switch indicator state False, Closed
Switch indicator state False, Closed
load indicator states
Switch indicator state True, Open
Switch indicator state True, Open
Switch indicator state False, Closed
Switch indicator state True, Open
Switch indicator state False, Closed
Switch indicator state True, Open
Switch indicator state False, Closed
Switch indicator state False, Closed
Switch indicator state False, Closed
Switch indicator state False, Closed
Switch indicator state False, Closed
14:25:57 -- collecting point 150
load indicator states
Switch indicator state True, Open
Switch indicator state True, Open
Switch indicator state False, Closed
Switch indicator state True, Open
Switch indicator state False, Closed
Switch indicator state True, Open
Switch indicator state False, Closed
Switch indicator state False, Closed
Switch indicator state False, Closed
Switch indicator state False, Closed
Switch indicator state False, Closed
load indicator states
Switch indicator state True, Open
Switch indicator state True, Open
Switch indicator state False, Closed
Switch indicator state True, Open
Switch indicator state False, Closed
Switch indicator state True, Open
Switch indicator state False, Closed
Switch indicator state False, Closed
Switch indicator state False, Closed
Switch indicator state False, Closed
Switch indicator state False, Closed
14:26:22 -- collecting point 175
load indicator states
Switch indicator state True, Open
Switch indicator state True, Open
Switch indicator state False, Closed
Switch indicator state True, Open
Switch indicator state False, Closed
Switch indicator state True, Open
Switch indicator state False, Closed
Switch indicator state False, Closed
Switch indicator state False, Closed
Switch indicator state False, Closed
Switch indicator state False, Closed
load indicator states
Switch indicator state True, Open
Switch indicator state True, Open
Switch indicator state False, Closed
Switch indicator state True, Open
Switch indicator state False, Closed
Switch indicator state True, Open
Switch indicator state False, Closed
Switch indicator state False, Closed
Switch indicator state False, Closed
Switch indicator state False, Closed
Switch indicator state False, Closed
load indicator states
Switch indicator state True, Open
Switch indicator state True, Open
Switch indicator state False, Closed
Switch indicator state True, Open
Switch indicator state False, Closed
Switch indicator state True, Open
Switch indicator state False, Closed
Switch indicator state False, Closed
Switch indicator state False, Closed
Switch indicator state False, Closed
Switch indicator state False, Closed
14:26:47 -- collecting point 200
load indicator states
Switch indicator state True, Open
Switch indicator state True, Open
Switch indicator state False, Closed
Switch indicator state True, Open
Switch indicator state False, Closed
Switch indicator state True, Open
Switch indicator state False, Closed
Switch indicator state False, Closed
Switch indicator state False, Closed
Switch indicator state False, Closed
Switch indicator state False, Closed
load indicator states
Switch indicator state True, Open
Switch indicator state True, Open
Switch indicator state False, Closed
Switch indicator state True, Open
Switch indicator state False, Closed
Switch indicator state True, Open
Switch indicator state False, Closed
Switch indicator state False, Closed
Switch indicator state False, Closed
Switch indicator state False, Closed
Switch indicator state False, Closed
14:27:12 -- collecting point 225
load indicator states
Switch indicator state True, Open
Switch indicator state True, Open
Switch indicator state False, Closed
Switch indicator state True, Open
Switch indicator state False, Closed
Switch indicator state True, Open
Switch indicator state False, Closed
Switch indicator state False, Closed
Switch indicator state False, Closed
Switch indicator state False, Closed
Switch indicator state False, Closed
load indicator states
Switch indicator state True, Open
Switch indicator state True, Open
Switch indicator state False, Closed
Switch indicator state True, Open
Switch indicator state False, Closed
Switch indicator state True, Open
Switch indicator state False, Closed
Switch indicator state False, Closed
Switch indicator state False, Closed
Switch indicator state False, Closed
Switch indicator state False, Closed
load indicator states
Switch indicator state True, Open
Switch indicator state True, Open
Switch indicator state False, Closed
Switch indicator state True, Open
Switch indicator state False, Closed
Switch indicator state True, Open
Switch indicator state False, Closed
Switch indicator state False, Closed
Switch indicator state False, Closed
Switch indicator state False, Closed
Switch indicator state False, Closed
14:27:37 -- collecting point 250
load indicator states
Switch indicator state True, Open
Switch indicator state True, Open
Switch indicator state False, Closed
Switch indicator state True, Open
Switch indicator state False, Closed
Switch indicator state True, Open
Switch indicator state False, Closed
Switch indicator state False, Closed
Switch indicator state False, Closed
Switch indicator state False, Closed
Switch indicator state False, Closed
load indicator states
Switch indicator state True, Open
Switch indicator state True, Open
Switch indicator state False, Closed
Switch indicator state True, Open
Switch indicator state False, Closed
Switch indicator state True, Open
Switch indicator state False, Closed
Switch indicator state False, Closed
Switch indicator state False, Closed
Switch indicator state False, Closed
Switch indicator state False, Closed
14:28:02 -- collecting point 275
load indicator states
Switch indicator state True, Open
Switch indicator state True, Open
Switch indicator state False, Closed
Switch indicator state True, Open
Switch indicator state False, Closed
Switch indicator state True, Open
Switch indicator state False, Closed
Switch indicator state False, Closed
Switch indicator state False, Closed
Switch indicator state False, Closed
Switch indicator state False, Closed
load indicator states
Switch indicator state True, Open
Switch indicator state True, Open
Switch indicator state False, Closed
Switch indicator state True, Open
Switch indicator state False, Closed
Switch indicator state True, Open
Switch indicator state False, Closed
Switch indicator state False, Closed
Switch indicator state False, Closed
Switch indicator state False, Closed
Switch indicator state False, Closed
14:28:27 -- collecting point 300
load indicator states
Switch indicator state True, Open
Switch indicator state True, Open
Switch indicator state False, Closed
Switch indicator state True, Open
Switch indicator state False, Closed
Switch indicator state True, Open
Switch indicator state False, Closed
Switch indicator state False, Closed
Switch indicator state False, Closed
Switch indicator state False, Closed
Switch indicator state False, Closed
load indicator states
Switch indicator state True, Open
Switch indicator state True, Open
Switch indicator state False, Closed
Switch indicator state True, Open
Switch indicator state False, Closed
Switch indicator state True, Open
Switch indicator state False, Closed
Switch indicator state False, Closed
Switch indicator state False, Closed
Switch indicator state False, Closed
Switch indicator state False, Closed
load indicator states
Switch indicator state True, Open
Switch indicator state True, Open
Switch indicator state False, Closed
Switch indicator state True, Open
Switch indicator state False, Closed
Switch indicator state True, Open
Switch indicator state False, Closed
Switch indicator state False, Closed
Switch indicator state False, Closed
Switch indicator state False, Closed
Switch indicator state False, Closed
14:28:52 -- collecting point 325
load indicator states
Switch indicator state True, Open
Switch indicator state True, Open
Switch indicator state False, Closed
Switch indicator state True, Open
Switch indicator state False, Closed
Switch indicator state True, Open
Switch indicator state False, Closed
Switch indicator state False, Closed
Switch indicator state False, Closed
Switch indicator state False, Closed
Switch indicator state False, Closed
load indicator states
Switch indicator state True, Open
Switch indicator state True, Open
Switch indicator state False, Closed
Switch indicator state True, Open
Switch indicator state False, Closed
Switch indicator state True, Open
Switch indicator state False, Closed
Switch indicator state False, Closed
Switch indicator state False, Closed
Switch indicator state False, Closed
Switch indicator state False, Closed
14:29:17 -- collecting point 350
load indicator states
Switch indicator state True, Open
Switch indicator state True, Open
Switch indicator state False, Closed
Switch indicator state True, Open
Switch indicator state False, Closed
Switch indicator state True, Open
Switch indicator state False, Closed
Switch indicator state False, Closed
Switch indicator state False, Closed
Switch indicator state False, Closed
Switch indicator state False, Closed
load indicator states
Switch indicator state True, Open
Switch indicator state True, Open
Switch indicator state False, Closed
Switch indicator state True, Open
Switch indicator state False, Closed
Switch indicator state True, Open
Switch indicator state False, Closed
Switch indicator state False, Closed
Switch indicator state False, Closed
Switch indicator state False, Closed
Switch indicator state False, Closed
load indicator states
Switch indicator state True, Open
Switch indicator state True, Open
Switch indicator state False, Closed
Switch indicator state True, Open
Switch indicator state False, Closed
Switch indicator state True, Open
Switch indicator state False, Closed
Switch indicator state False, Closed
Switch indicator state False, Closed
Switch indicator state False, Closed
Switch indicator state False, Closed
14:29:42 -- collecting point 375
load indicator states
Switch indicator state True, Open
Switch indicator state True, Open
Switch indicator state False, Closed
Switch indicator state True, Open
Switch indicator state False, Closed
Switch indicator state True, Open
Switch indicator state False, Closed
Switch indicator state False, Closed
Switch indicator state False, Closed
Switch indicator state False, Closed
Switch indicator state False, Closed
load indicator states
Switch indicator state True, Open
Switch indicator state True, Open
Switch indicator state False, Closed
Switch indicator state True, Open
Switch indicator state False, Closed
Switch indicator state True, Open
Switch indicator state False, Closed
Switch indicator state False, Closed
Switch indicator state False, Closed
Switch indicator state False, Closed
Switch indicator state False, Closed
14:30:07 -- collecting point 400
waiting for write to finish
measurement finished
estimated time: 400.000 actual time: :401.388
flush and close file /Users/labuser/Pychron/data/isotopes/fc/07c73a-b741-4e0c-99fc-f70a0ec08fa0.h5
baselines () {'detector': 'H2', 'mass': 39.59, 'ncounts': 120}
%%%%%%%%%%%%%%%%%%%%%%%%%%%%%%%% Baseline
build tables- baseline [Detector(H2), Detector(H1), Detector(AX), Detector(L1), Detector(L2(CDD))]
add group baseline table H2
add group baseline table H1
add group baseline table AX
add group baseline table L1
add group baseline table L2(CDD)
flush and close file /Users/labuser/Pychron/data/isotopes/fc/07c73a-b741-4e0c-99fc-f70a0ec08fa0.h5
detector Detector(H2)
POSITION 39.59 H2
Mapping mass to dac mass func: "parabolic"
H2 map mass coeffs = [  2.53589168e-02  -1.84786063e+00   3.71259894e+01]
H2 map mass to dac 39.59 >> 3.7159441574
GetHighVoltage ===>> 9900
positioning 39.59 (3.7159441574) on H2
setting magnet DAC
current  : 3.778995
requested: 3.715944
Delta Dac: 0.063051
SetMagnetDAC 3.7159441574 ===>> OK
Magnet settling time: 0.500
Magnet settling complete
set_dac. change=True
Delaying 4s for detectors to settle
load indicator states
Switch indicator state True, Open
Switch indicator state True, Open
Switch indicator state False, Closed
Switch indicator state True, Open
Switch indicator state False, Closed
Switch indicator state True, Open
Switch indicator state False, Closed
Switch indicator state False, Closed
Switch indicator state False, Closed
Switch indicator state False, Closed
Switch indicator state False, Closed
Join finished
measuring baseline. ncounts=120
"baseline" increment series count="2" fit count="1" regressing="True"
starting measurement
load indicator states
Switch indicator state True, Open
Switch indicator state True, Open
Switch indicator state False, Closed
Switch indicator state True, Open
Switch indicator state False, Closed
Switch indicator state True, Open
Switch indicator state False, Closed
Switch indicator state False, Closed
Switch indicator state False, Closed
Switch indicator state False, Closed
Switch indicator state False, Closed
load indicator states
Switch indicator state True, Open
Switch indicator state True, Open
Switch indicator state False, Closed
Switch indicator state True, Open
Switch indicator state False, Closed
Switch indicator state True, Open
Switch indicator state False, Closed
Switch indicator state False, Closed
Switch indicator state False, Closed
Switch indicator state False, Closed
Switch indicator state False, Closed
14:30:38 -- collecting point 25
load indicator states
Switch indicator state True, Open
Switch indicator state True, Open
Switch indicator state False, Closed
Switch indicator state True, Open
Switch indicator state False, Closed
Switch indicator state True, Open
Switch indicator state False, Closed
Switch indicator state False, Closed
Switch indicator state False, Closed
Switch indicator state False, Closed
Switch indicator state False, Closed
load indicator states
Switch indicator state True, Open
Switch indicator state True, Open
Switch indicator state False, Closed
Switch indicator state True, Open
Switch indicator state False, Closed
Switch indicator state True, Open
Switch indicator state False, Closed
Switch indicator state False, Closed
Switch indicator state False, Closed
Switch indicator state False, Closed
Switch indicator state False, Closed
14:31:03 -- collecting point 50
load indicator states
Switch indicator state True, Open
Switch indicator state True, Open
Switch indicator state False, Closed
Switch indicator state True, Open
Switch indicator state False, Closed
Switch indicator state True, Open
Switch indicator state False, Closed
Switch indicator state False, Closed
Switch indicator state False, Closed
Switch indicator state False, Closed
Switch indicator state False, Closed
load indicator states
Switch indicator state True, Open
Switch indicator state True, Open
Switch indicator state False, Closed
Switch indicator state True, Open
Switch indicator state False, Closed
Switch indicator state True, Open
Switch indicator state False, Closed
Switch indicator state False, Closed
Switch indicator state False, Closed
Switch indicator state False, Closed
Switch indicator state False, Closed
load indicator states
Switch indicator state True, Open
Switch indicator state True, Open
Switch indicator state False, Closed
Switch indicator state True, Open
Switch indicator state False, Closed
Switch indicator state True, Open
Switch indicator state False, Closed
Switch indicator state False, Closed
Switch indicator state False, Closed
Switch indicator state False, Closed
Switch indicator state False, Closed
14:31:28 -- collecting point 75
load indicator states
Switch indicator state True, Open
Switch indicator state True, Open
Switch indicator state False, Closed
Switch indicator state True, Open
Switch indicator state False, Closed
Switch indicator state True, Open
Switch indicator state False, Closed
Switch indicator state False, Closed
Switch indicator state False, Closed
Switch indicator state False, Closed
Switch indicator state False, Closed
load indicator states
Switch indicator state True, Open
Switch indicator state True, Open
Switch indicator state False, Closed
Switch indicator state True, Open
Switch indicator state False, Closed
Switch indicator state True, Open
Switch indicator state False, Closed
Switch indicator state False, Closed
Switch indicator state False, Closed
Switch indicator state False, Closed
Switch indicator state False, Closed
14:31:53 -- collecting point 100
load indicator states
Switch indicator state True, Open
Switch indicator state True, Open
Switch indicator state False, Closed
Switch indicator state True, Open
Switch indicator state False, Closed
Switch indicator state True, Open
Switch indicator state False, Closed
Switch indicator state False, Closed
Switch indicator state False, Closed
Switch indicator state False, Closed
Switch indicator state False, Closed
load indicator states
Switch indicator state True, Open
Switch indicator state True, Open
Switch indicator state False, Closed
Switch indicator state True, Open
Switch indicator state False, Closed
Switch indicator state True, Open
Switch indicator state False, Closed
Switch indicator state False, Closed
Switch indicator state False, Closed
Switch indicator state False, Closed
Switch indicator state False, Closed
waiting for write to finish
measurement finished
estimated time: 120.000 actual time: :120.454
flush and close file /Users/labuser/Pychron/data/isotopes/fc/07c73a-b741-4e0c-99fc-f70a0ec08fa0.h5
activate_detectors ('L2(CDD)', 'AX') {'peak_center': True}
peak_center () {'detector': 'H2', 'isotope': 'Ar40'}
peak center: mean=4877.86248266 threshold=3
peak center started
setup peak center. detector=['H2', 'L2(CDD)', 'AX'], isotope=Ar40
VersionedUnpickler [<apptools.sweet_pickle.versioned_unpickler.VersionedUnpickler object at 0x1473eb770>] using Updater [<apptools.sweet_pickle.updater.Updater object at 0x1320799b0>]
VersionedUnpickler [<apptools.sweet_pickle.versioned_unpickler.VersionedUnpickler object at 0x1473eb770>] using Updater [<apptools.sweet_pickle.updater.Updater object at 0x1320799b0>]
VersionedUnpickler [<apptools.sweet_pickle.versioned_unpickler.VersionedUnpickler object at 0x14dc7c0b0>] using Updater [<apptools.sweet_pickle.updater.Updater object at 0x1320799b0>]
setting integration time = 1.048576
SetIntegrationTime 1.048576 ===>> OK
Mapping mass to dac mass func: "parabolic"
H2 map mass coeffs = [  2.53589168e-02  -1.84786063e+00   3.71259894e+01]
H2 map mass to dac 39.962 >> 3.7789951503
GetHighVoltage ===>> 9900
do peak center. <pychron.spectrometer.jobs.peak_center.PeakCenter object at 0x13203bef0>
doing pc
starting peak center. center dac= 3.7789951503 step_width=5e-05
width = 5e-05
get scan parameters. half-width=0.0025,window=0.0025, i=0, scalar=1
Scan parameters center=3.77900 width=0.00500 (3.77650 - 3.78150)
Moving to starting dac 3.7764951503
setting magnet DAC
current  : 3.715944
requested: 3.776495
Delta Dac: 0.060551
SetMagnetDAC 3.7764951503 ===>> OK
Magnet settling time: 0.500
Magnet settling complete
set_dac. change=True
Wait until signal near baseline. tol= 0.0270693881801. timeout= 10
load indicator states
Switch indicator state True, Open
Switch indicator state True, Open
Switch indicator state False, Closed
Switch indicator state True, Open
Switch indicator state False, Closed
Switch indicator state True, Open
Switch indicator state False, Closed
Switch indicator state False, Closed
Switch indicator state False, Closed
Switch indicator state False, Closed
Switch indicator state False, Closed
Peak center failed to move to a baseline position
_do_sweep sm= 3.7764951503, em= 3.7814951503, stm= 5e-05
calculated step values: start=3.7764951503, end=3.7814951503, width=5e-05, nsteps=101.0
setting magnet DAC
current  : 3.776495
requested: 3.776495
Delta Dac: 0.000000
set_dac. change=False
setting magnet DAC
current  : 3.776495
requested: 3.776546
Delta Dac: 0.000051
Magnet settling time: 2.097
load indicator states
Switch indicator state True, Open
Switch indicator state True, Open
Switch indicator state False, Closed
Switch indicator state True, Open
Switch indicator state False, Closed
Switch indicator state True, Open
Switch indicator state False, Closed
Switch indicator state False, Closed
Switch indicator state False, Closed
Switch indicator state False, Closed
Switch indicator state False, Closed
Magnet settling complete
set_dac. change=True
setting magnet DAC
current  : 3.776546
requested: 3.776596
Delta Dac: 0.000051
Magnet settling time: 2.097
Magnet settling complete
set_dac. change=True
setting magnet DAC
current  : 3.776596
requested: 3.776647
Delta Dac: 0.000051
Magnet settling time: 2.097
Magnet settling complete
set_dac. change=True
setting magnet DAC
current  : 3.776647
requested: 3.776697
Delta Dac: 0.000051
Magnet settling time: 2.097
Magnet settling complete
set_dac. change=True
setting magnet DAC
current  : 3.776697
requested: 3.776748
Delta Dac: 0.000051
Magnet settling time: 2.097
Magnet settling complete
set_dac. change=True
setting magnet DAC
current  : 3.776748
requested: 3.776798
Delta Dac: 0.000051
============ Exception ==============
Traceback (most recent call last):
File "/Users/labuser/miniconda2/envs/pychron2/lib/python2.7/site-packages/enable/qt4/base_window.py", line 198, in paintEvent
    self.handler.paintEvent(event)
File "/Users/labuser/miniconda2/envs/pychron2/lib/python2.7/site-packages/enable/qt4/base_window.py", line 50, in paintEvent
    self._enable_window._paint(event)
File "/Users/labuser/miniconda2/envs/pychron2/lib/python2.7/site-packages/enable/abstract_window.py", line 467, in _paint
    self.component.draw(gc, view_bounds=(0, 0, size[0], size[1]))
File "/Users/labuser/miniconda2/envs/pychron2/lib/python2.7/site-packages/enable/component.py", line 421, in draw
    self._draw(gc, view_bounds, mode)
File "/Users/labuser/miniconda2/envs/pychron2/lib/python2.7/site-packages/enable/component.py", line 773, in _draw
    self._dispatch_draw(layer, gc, view_bounds, mode)
File "/Users/labuser/miniconda2/envs/pychron2/lib/python2.7/site-packages/enable/container.py", line 327, in _dispatch_draw
    component._dispatch_draw(layer, gc, new_bounds, mode)
File "/Users/labuser/miniconda2/envs/pychron2/lib/python2.7/site-packages/enable/container.py", line 312, in _dispatch_draw
    my_handler(gc, view_bounds, mode)
File "/Users/labuser/miniconda2/envs/pychron2/lib/python2.7/site-packages/enable/container.py", line 352, in _draw_container_underlay
    self._draw_underlay(gc, view_bounds, mode)
File "/Users/labuser/miniconda2/envs/pychron2/lib/python2.7/site-packages/enable/component.py", line 881, in _draw_underlay
    underlay.overlay(self, gc, view_bounds, mode)
File "/Users/labuser/miniconda2/envs/pychron2/lib/python2.7/site-packages/chaco/grid.py", line 306, in overlay
    self._draw_component(gc, view_bounds, mode)
File "/Users/labuser/miniconda2/envs/pychron2/lib/python2.7/site-packages/chaco/grid.py", line 344, in _draw_component
    ends[:,0] = self._tick_extents[:,1]
IndexError: too many indices for array
============ End Exception ==========
Magnet settling time: 2.097
load indicator states
Switch indicator state True, Open
Switch indicator state True, Open
Switch indicator state False, Closed
Switch indicator state True, Open
Switch indicator state False, Closed
Switch indicator state True, Open
Switch indicator state False, Closed
Switch indicator state False, Closed
Switch indicator state False, Closed
Switch indicator state False, Closed
Switch indicator state False, Closed
Magnet settling complete
set_dac. change=True
setting magnet DAC
current  : 3.776798
requested: 3.776849
Delta Dac: 0.000051
Magnet settling time: 2.097
Magnet settling complete
set_dac. change=True
setting magnet DAC
current  : 3.776849
requested: 3.776899
Delta Dac: 0.000051
Magnet settling time: 2.097
Magnet settling complete
set_dac. change=True
setting magnet DAC
current  : 3.776899
requested: 3.776950
Delta Dac: 0.000051
Magnet settling time: 2.097
Magnet settling complete
set_dac. change=True
setting magnet DAC
current  : 3.776950
requested: 3.777000
Delta Dac: 0.000051
Magnet settling time: 2.097
Magnet settling complete
set_dac. change=True
setting magnet DAC
current  : 3.777000
requested: 3.777051
Delta Dac: 0.000051
Magnet settling time: 2.097
load indicator states
Switch indicator state True, Open
Switch indicator state True, Open
Switch indicator state False, Closed
Switch indicator state True, Open
Switch indicator state False, Closed
Switch indicator state True, Open
Switch indicator state False, Closed
Switch indicator state False, Closed
Switch indicator state False, Closed
Switch indicator state False, Closed
Switch indicator state False, Closed
Magnet settling complete
set_dac. change=True
setting magnet DAC
current  : 3.777051
requested: 3.777101
Delta Dac: 0.000051
Magnet settling time: 2.097
Magnet settling complete
set_dac. change=True
setting magnet DAC
current  : 3.777101
requested: 3.777152
Delta Dac: 0.000051
Magnet settling time: 2.097
Magnet settling complete
set_dac. change=True
setting magnet DAC
current  : 3.777152
requested: 3.777202
Delta Dac: 0.000051
Magnet settling time: 2.097
Magnet settling complete
set_dac. change=True
setting magnet DAC
current  : 3.777202
requested: 3.777253
Delta Dac: 0.000051
============ Exception ==============
Traceback (most recent call last):
File "/Users/labuser/miniconda2/envs/pychron2/lib/python2.7/site-packages/enable/qt4/base_window.py", line 198, in paintEvent
    self.handler.paintEvent(event)
File "/Users/labuser/miniconda2/envs/pychron2/lib/python2.7/site-packages/enable/qt4/base_window.py", line 50, in paintEvent
    self._enable_window._paint(event)
File "/Users/labuser/miniconda2/envs/pychron2/lib/python2.7/site-packages/enable/abstract_window.py", line 467, in _paint
    self.component.draw(gc, view_bounds=(0, 0, size[0], size[1]))
File "/Users/labuser/miniconda2/envs/pychron2/lib/python2.7/site-packages/enable/component.py", line 421, in draw
    self._draw(gc, view_bounds, mode)
File "/Users/labuser/miniconda2/envs/pychron2/lib/python2.7/site-packages/enable/component.py", line 773, in _draw
    self._dispatch_draw(layer, gc, view_bounds, mode)
File "/Users/labuser/miniconda2/envs/pychron2/lib/python2.7/site-packages/enable/container.py", line 327, in _dispatch_draw
    component._dispatch_draw(layer, gc, new_bounds, mode)
File "/Users/labuser/miniconda2/envs/pychron2/lib/python2.7/site-packages/enable/container.py", line 312, in _dispatch_draw
    my_handler(gc, view_bounds, mode)
File "/Users/labuser/miniconda2/envs/pychron2/lib/python2.7/site-packages/enable/container.py", line 352, in _draw_container_underlay
    self._draw_underlay(gc, view_bounds, mode)
File "/Users/labuser/miniconda2/envs/pychron2/lib/python2.7/site-packages/enable/component.py", line 881, in _draw_underlay
    underlay.overlay(self, gc, view_bounds, mode)
File "/Users/labuser/miniconda2/envs/pychron2/lib/python2.7/site-packages/chaco/grid.py", line 306, in overlay
    self._draw_component(gc, view_bounds, mode)
File "/Users/labuser/miniconda2/envs/pychron2/lib/python2.7/site-packages/chaco/grid.py", line 342, in _draw_component
    starts[:,0] = self._tick_extents[:,0]
IndexError: too many indices for array
============ End Exception ==========
Magnet settling time: 2.097
Magnet settling complete
set_dac. change=True
setting magnet DAC
current  : 3.777253
requested: 3.777303
Delta Dac: 0.000051
Magnet settling time: 2.097
load indicator states
Switch indicator state True, Open
Switch indicator state True, Open
Switch indicator state False, Closed
Switch indicator state True, Open
Switch indicator state False, Closed
Switch indicator state True, Open
Switch indicator state False, Closed
Switch indicator state False, Closed
Switch indicator state False, Closed
Switch indicator state False, Closed
Switch indicator state False, Closed
Magnet settling complete
set_dac. change=True
setting magnet DAC
current  : 3.777303
requested: 3.777354
Delta Dac: 0.000051
Magnet settling time: 2.097
Magnet settling complete
set_dac. change=True
setting magnet DAC
current  : 3.777354
requested: 3.777404
Delta Dac: 0.000051
Magnet settling time: 2.097
Magnet settling complete
set_dac. change=True
setting magnet DAC
current  : 3.777404
requested: 3.777455
Delta Dac: 0.000051
Magnet settling time: 2.097
Magnet settling complete
set_dac. change=True
setting magnet DAC
current  : 3.777455
requested: 3.777505
Delta Dac: 0.000051
============ Exception ==============
Traceback (most recent call last):
File "/Users/labuser/miniconda2/envs/pychron2/lib/python2.7/site-packages/enable/qt4/base_window.py", line 198, in paintEvent
    self.handler.paintEvent(event)
File "/Users/labuser/miniconda2/envs/pychron2/lib/python2.7/site-packages/enable/qt4/base_window.py", line 50, in paintEvent
    self._enable_window._paint(event)
File "/Users/labuser/miniconda2/envs/pychron2/lib/python2.7/site-packages/enable/abstract_window.py", line 467, in _paint
    self.component.draw(gc, view_bounds=(0, 0, size[0], size[1]))
File "/Users/labuser/miniconda2/envs/pychron2/lib/python2.7/site-packages/enable/component.py", line 421, in draw
    self._draw(gc, view_bounds, mode)
File "/Users/labuser/miniconda2/envs/pychron2/lib/python2.7/site-packages/enable/component.py", line 773, in _draw
    self._dispatch_draw(layer, gc, view_bounds, mode)
File "/Users/labuser/miniconda2/envs/pychron2/lib/python2.7/site-packages/enable/container.py", line 327, in _dispatch_draw
    component._dispatch_draw(layer, gc, new_bounds, mode)
File "/Users/labuser/miniconda2/envs/pychron2/lib/python2.7/site-packages/enable/container.py", line 312, in _dispatch_draw
    my_handler(gc, view_bounds, mode)
File "/Users/labuser/miniconda2/envs/pychron2/lib/python2.7/site-packages/enable/container.py", line 352, in _draw_container_underlay
    self._draw_underlay(gc, view_bounds, mode)
File "/Users/labuser/miniconda2/envs/pychron2/lib/python2.7/site-packages/enable/component.py", line 881, in _draw_underlay
    underlay.overlay(self, gc, view_bounds, mode)
File "/Users/labuser/miniconda2/envs/pychron2/lib/python2.7/site-packages/chaco/grid.py", line 306, in overlay
    self._draw_component(gc, view_bounds, mode)
File "/Users/labuser/miniconda2/envs/pychron2/lib/python2.7/site-packages/chaco/grid.py", line 342, in _draw_component
    starts[:,0] = self._tick_extents[:,0]
IndexError: too many indices for array
============ End Exception ==========
Magnet settling time: 2.097
load indicator states
Switch indicator state True, Open
Switch indicator state True, Open
Switch indicator state False, Closed
Switch indicator state True, Open
Switch indicator state False, Closed
Switch indicator state True, Open
Switch indicator state False, Closed
Switch indicator state False, Closed
Switch indicator state False, Closed
Switch indicator state False, Closed
Switch indicator state False, Closed
Magnet settling complete
set_dac. change=True
setting magnet DAC
current  : 3.777505
requested: 3.777556
Delta Dac: 0.000051
Magnet settling time: 2.097
Magnet settling complete
set_dac. change=True
setting magnet DAC
current  : 3.777556
requested: 3.777606
Delta Dac: 0.000051
Magnet settling time: 2.097
Magnet settling complete
set_dac. change=True
setting magnet DAC
current  : 3.777606
requested: 3.777657
Delta Dac: 0.000051
Magnet settling time: 2.097
Magnet settling complete
set_dac. change=True
setting magnet DAC
current  : 3.777657
requested: 3.777707
Delta Dac: 0.000051
Magnet settling time: 2.097
Magnet settling complete
set_dac. change=True
setting magnet DAC
current  : 3.777707
requested: 3.777758
Delta Dac: 0.000051
Magnet settling time: 2.097
load indicator states
Switch indicator state True, Open
Switch indicator state True, Open
Switch indicator state False, Closed
Switch indicator state True, Open
Switch indicator state False, Closed
Switch indicator state True, Open
Switch indicator state False, Closed
Switch indicator state False, Closed
Switch indicator state False, Closed
Switch indicator state False, Closed
Switch indicator state False, Closed
Magnet settling complete
set_dac. change=True
setting magnet DAC
current  : 3.777758
requested: 3.777808
Delta Dac: 0.000051
Magnet settling time: 2.097
Magnet settling complete
set_dac. change=True
setting magnet DAC
current  : 3.777808
requested: 3.777859
Delta Dac: 0.000051
Magnet settling time: 2.097
Magnet settling complete
set_dac. change=True
setting magnet DAC
current  : 3.777859
requested: 3.777909
Delta Dac: 0.000051
Magnet settling time: 2.097
Magnet settling complete
set_dac. change=True
setting magnet DAC
current  : 3.777909
requested: 3.777960
Delta Dac: 0.000051
Magnet settling time: 2.097
Magnet settling complete
set_dac. change=True
setting magnet DAC
current  : 3.777960
requested: 3.778010
Delta Dac: 0.000051
Magnet settling time: 2.097
load indicator states
Switch indicator state True, Open
Switch indicator state True, Open
Switch indicator state False, Closed
Switch indicator state True, Open
Switch indicator state False, Closed
Switch indicator state True, Open
Switch indicator state False, Closed
Switch indicator state False, Closed
Switch indicator state False, Closed
Switch indicator state False, Closed
Switch indicator state False, Closed
Magnet settling complete
set_dac. change=True
setting magnet DAC
current  : 3.778010
requested: 3.778061
Delta Dac: 0.000051
Magnet settling time: 2.097
Magnet settling complete
set_dac. change=True
setting magnet DAC
current  : 3.778061
requested: 3.778111
Delta Dac: 0.000051
Magnet settling time: 2.097
Magnet settling complete
set_dac. change=True
setting magnet DAC
current  : 3.778111
requested: 3.778162
Delta Dac: 0.000051
Magnet settling time: 2.097
Magnet settling complete
set_dac. change=True
setting magnet DAC
current  : 3.778162
requested: 3.778212
Delta Dac: 0.000051
Magnet settling time: 2.097
Magnet settling complete
set_dac. change=True
setting magnet DAC
current  : 3.778212
requested: 3.778263
Delta Dac: 0.000051
Magnet settling time: 2.097
load indicator states
Switch indicator state True, Open
Switch indicator state True, Open
Switch indicator state False, Closed
Switch indicator state True, Open
Switch indicator state False, Closed
Switch indicator state True, Open
Switch indicator state False, Closed
Switch indicator state False, Closed
Switch indicator state False, Closed
Switch indicator state False, Closed
Switch indicator state False, Closed
Magnet settling complete
set_dac. change=True
setting magnet DAC
current  : 3.778263
requested: 3.778313
Delta Dac: 0.000051
Magnet settling time: 2.097
Magnet settling complete
set_dac. change=True
setting magnet DAC
current  : 3.778313
requested: 3.778364
Delta Dac: 0.000051
Magnet settling time: 2.097
Magnet settling complete
set_dac. change=True
setting magnet DAC
current  : 3.778364
requested: 3.778414
Delta Dac: 0.000051
Magnet settling time: 2.097
Magnet settling complete
set_dac. change=True
setting magnet DAC
current  : 3.778414
requested: 3.778465
Delta Dac: 0.000051
Magnet settling time: 2.097
Magnet settling complete
set_dac. change=True
setting magnet DAC
current  : 3.778465
requested: 3.778515
Delta Dac: 0.000051
Magnet settling time: 2.097
load indicator states
Switch indicator state True, Open
Switch indicator state True, Open
Switch indicator state False, Closed
Switch indicator state True, Open
Switch indicator state False, Closed
Switch indicator state True, Open
Switch indicator state False, Closed
Switch indicator state False, Closed
Switch indicator state False, Closed
Switch indicator state False, Closed
Switch indicator state False, Closed
Magnet settling complete
set_dac. change=True
setting magnet DAC
current  : 3.778515
requested: 3.778566
Delta Dac: 0.000051
Magnet settling time: 2.097
Magnet settling complete
set_dac. change=True
setting magnet DAC
current  : 3.778566
requested: 3.778616
Delta Dac: 0.000051
Magnet settling time: 2.097
Magnet settling complete
set_dac. change=True
setting magnet DAC
current  : 3.778616
requested: 3.778667
Delta Dac: 0.000051
Magnet settling time: 2.097
Magnet settling complete
set_dac. change=True
setting magnet DAC
current  : 3.778667
requested: 3.778717
Delta Dac: 0.000051
Magnet settling time: 2.097
load indicator states
Switch indicator state True, Open
Switch indicator state True, Open
Switch indicator state False, Closed
Switch indicator state True, Open
Switch indicator state False, Closed
Switch indicator state True, Open
Switch indicator state False, Closed
Switch indicator state False, Closed
Switch indicator state False, Closed
Magnet settling complete
set_dac. change=True
setting magnet DAC
current  : 3.778717
requested: 3.778768
Delta Dac: 0.000051
Switch indicator state False, Closed
Magnet settling time: 2.097
Switch indicator state False, Closed
Magnet settling complete
set_dac. change=True
setting magnet DAC
current  : 3.778768
requested: 3.778818
Delta Dac: 0.000051
Magnet settling time: 2.097
Magnet settling complete
set_dac. change=True
setting magnet DAC
current  : 3.778818
requested: 3.778869
Delta Dac: 0.000051
Magnet settling time: 2.097
Magnet settling complete
set_dac. change=True
setting magnet DAC
current  : 3.778869
requested: 3.778919
Delta Dac: 0.000051
Magnet settling time: 2.097
Magnet settling complete
set_dac. change=True
setting magnet DAC
current  : 3.778919
requested: 3.778970
Delta Dac: 0.000051
Magnet settling time: 2.097
load indicator states
Switch indicator state True, Open
Switch indicator state True, Open
Switch indicator state False, Closed
Switch indicator state True, Open
Switch indicator state False, Closed
Switch indicator state True, Open
Switch indicator state False, Closed
Switch indicator state False, Closed
Switch indicator state False, Closed
Switch indicator state False, Closed
Switch indicator state False, Closed
Magnet settling complete
set_dac. change=True
setting magnet DAC
current  : 3.778970
requested: 3.779020
Delta Dac: 0.000051
Magnet settling time: 2.097
Magnet settling complete
set_dac. change=True
setting magnet DAC
current  : 3.779020
requested: 3.779071
Delta Dac: 0.000051
Magnet settling time: 2.097
Magnet settling complete
set_dac. change=True
setting magnet DAC
current  : 3.779071
requested: 3.779121
Delta Dac: 0.000051
Magnet settling time: 2.097
Magnet settling complete
set_dac. change=True
setting magnet DAC
current  : 3.779121
requested: 3.779172
Delta Dac: 0.000051
Magnet settling time: 2.097
Magnet settling complete
set_dac. change=True
setting magnet DAC
current  : 3.779172
requested: 3.779222
Delta Dac: 0.000051
Magnet settling time: 2.097
load indicator states
Switch indicator state True, Open
Switch indicator state True, Open
Switch indicator state False, Closed
Switch indicator state True, Open
Switch indicator state False, Closed
Switch indicator state True, Open
Switch indicator state False, Closed
Switch indicator state False, Closed
Switch indicator state False, Closed
Switch indicator state False, Closed
Switch indicator state False, Closed
Magnet settling complete
set_dac. change=True
setting magnet DAC
current  : 3.779222
requested: 3.779273
Delta Dac: 0.000051
Magnet settling time: 2.097
Magnet settling complete
set_dac. change=True
setting magnet DAC
current  : 3.779273
requested: 3.779323
Delta Dac: 0.000051
Magnet settling time: 2.097
Magnet settling complete
set_dac. change=True
setting magnet DAC
current  : 3.779323
requested: 3.779374
Delta Dac: 0.000051
Magnet settling time: 2.097
Magnet settling complete
set_dac. change=True
setting magnet DAC
current  : 3.779374
requested: 3.779424
Delta Dac: 0.000051
Magnet settling time: 2.097
Magnet settling complete
set_dac. change=True
setting magnet DAC
current  : 3.779424
requested: 3.779475
Delta Dac: 0.000051
Magnet settling time: 2.097
load indicator states
Switch indicator state True, Open
Switch indicator state True, Open
Switch indicator state False, Closed
Switch indicator state True, Open
Switch indicator state False, Closed
Switch indicator state True, Open
Switch indicator state False, Closed
Switch indicator state False, Closed
Switch indicator state False, Closed
Switch indicator state False, Closed
Switch indicator state False, Closed
Magnet settling complete
set_dac. change=True
setting magnet DAC
current  : 3.779475
requested: 3.779525
Delta Dac: 0.000051
Magnet settling time: 2.097
Magnet settling complete
set_dac. change=True
setting magnet DAC
current  : 3.779525
requested: 3.779576
Delta Dac: 0.000051
Magnet settling time: 2.097
Magnet settling complete
set_dac. change=True
setting magnet DAC
current  : 3.779576
requested: 3.779626
Delta Dac: 0.000051
Magnet settling time: 2.097
Magnet settling complete
set_dac. change=True
setting magnet DAC
current  : 3.779626
requested: 3.779677
Delta Dac: 0.000051
Magnet settling time: 2.097
Magnet settling complete
set_dac. change=True
setting magnet DAC
current  : 3.779677
requested: 3.779727
Delta Dac: 0.000051
Magnet settling time: 2.097
load indicator states
Switch indicator state True, Open
Switch indicator state True, Open
Switch indicator state False, Closed
Switch indicator state True, Open
Switch indicator state False, Closed
Switch indicator state True, Open
Switch indicator state False, Closed
Switch indicator state False, Closed
Switch indicator state False, Closed
Switch indicator state False, Closed
Switch indicator state False, Closed
Magnet settling complete
set_dac. change=True
setting magnet DAC
current  : 3.779727
requested: 3.779778
Delta Dac: 0.000051
Magnet settling time: 2.097
Magnet settling complete
set_dac. change=True
setting magnet DAC
current  : 3.779778
requested: 3.779828
Delta Dac: 0.000051
Magnet settling time: 2.097
Magnet settling complete
set_dac. change=True
setting magnet DAC
current  : 3.779828
requested: 3.779879
Delta Dac: 0.000051
Magnet settling time: 2.097
Magnet settling complete
set_dac. change=True
setting magnet DAC
current  : 3.779879
requested: 3.779929
Delta Dac: 0.000051
Magnet settling time: 2.097
load indicator states
Switch indicator state True, Open
Switch indicator state True, Open
Switch indicator state False, Closed
Switch indicator state True, Open
Switch indicator state False, Closed
Switch indicator state True, Open
Switch indicator state False, Closed
Switch indicator state False, Closed
Magnet settling complete
set_dac. change=True
setting magnet DAC
current  : 3.779929
requested: 3.779980
Delta Dac: 0.000051
Switch indicator state False, Closed
Magnet settling time: 2.097
Switch indicator state False, Closed
Switch indicator state False, Closed
Magnet settling complete
set_dac. change=True
setting magnet DAC
current  : 3.779980
requested: 3.780031
Delta Dac: 0.000051
Magnet settling time: 2.097
Magnet settling complete
set_dac. change=True
setting magnet DAC
current  : 3.780031
requested: 3.780081
Delta Dac: 0.000051
Magnet settling time: 2.097
Magnet settling complete
set_dac. change=True
setting magnet DAC
current  : 3.780081
requested: 3.780132
Delta Dac: 0.000051
Magnet settling time: 2.097
Magnet settling complete
set_dac. change=True
setting magnet DAC
current  : 3.780132
requested: 3.780182
Delta Dac: 0.000051
Magnet settling time: 2.097
load indicator states
Switch indicator state True, Open
Switch indicator state True, Open
Switch indicator state False, Closed
Switch indicator state True, Open
Switch indicator state False, Closed
Switch indicator state True, Open
Switch indicator state False, Closed
Switch indicator state False, Closed
Switch indicator state False, Closed
Switch indicator state False, Closed
Switch indicator state False, Closed
Magnet settling complete
set_dac. change=True
setting magnet DAC
current  : 3.780182
requested: 3.780233
Delta Dac: 0.000051
Magnet settling time: 2.097
Magnet settling complete
set_dac. change=True
setting magnet DAC
current  : 3.780233
requested: 3.780283
Delta Dac: 0.000051
Magnet settling time: 2.097
Magnet settling complete
set_dac. change=True
setting magnet DAC
current  : 3.780283
requested: 3.780334
Delta Dac: 0.000051
Magnet settling time: 2.097
Magnet settling complete
set_dac. change=True
setting magnet DAC
current  : 3.780334
requested: 3.780384
Delta Dac: 0.000051
Magnet settling time: 2.097
Magnet settling complete
set_dac. change=True
setting magnet DAC
current  : 3.780384
requested: 3.780435
Delta Dac: 0.000051
Magnet settling time: 2.097
load indicator states
Switch indicator state True, Open
Switch indicator state True, Open
Switch indicator state False, Closed
Switch indicator state True, Open
Switch indicator state False, Closed
Switch indicator state True, Open
Switch indicator state False, Closed
Switch indicator state False, Closed
Switch indicator state False, Closed
Switch indicator state False, Closed
Switch indicator state False, Closed
Magnet settling complete
set_dac. change=True
setting magnet DAC
current  : 3.780435
requested: 3.780485
Delta Dac: 0.000051
Magnet settling time: 2.097
Magnet settling complete
set_dac. change=True
setting magnet DAC
current  : 3.780485
requested: 3.780536
Delta Dac: 0.000051
Magnet settling time: 2.097
Magnet settling complete
set_dac. change=True
setting magnet DAC
current  : 3.780536
requested: 3.780586
Delta Dac: 0.000051
Magnet settling time: 2.097
Magnet settling complete
set_dac. change=True
setting magnet DAC
current  : 3.780586
requested: 3.780637
Delta Dac: 0.000051
Magnet settling time: 2.097
Magnet settling complete
set_dac. change=True
setting magnet DAC
current  : 3.780637
requested: 3.780687
Delta Dac: 0.000051
Magnet settling time: 2.097
load indicator states
Switch indicator state True, Open
Switch indicator state True, Open
Switch indicator state False, Closed
Switch indicator state True, Open
Switch indicator state False, Closed
Switch indicator state True, Open
Switch indicator state False, Closed
Switch indicator state False, Closed
Switch indicator state False, Closed
Switch indicator state False, Closed
Switch indicator state False, Closed
Magnet settling complete
set_dac. change=True
setting magnet DAC
current  : 3.780687
requested: 3.780738
Delta Dac: 0.000051
Magnet settling time: 2.097
Magnet settling complete
set_dac. change=True
setting magnet DAC
current  : 3.780738
requested: 3.780788
Delta Dac: 0.000051
Magnet settling time: 2.097
Magnet settling complete
set_dac. change=True
setting magnet DAC
current  : 3.780788
requested: 3.780839
Delta Dac: 0.000051
Magnet settling time: 2.097
Magnet settling complete
set_dac. change=True
setting magnet DAC
current  : 3.780839
requested: 3.780889
Delta Dac: 0.000051
Magnet settling time: 2.097
Magnet settling complete
set_dac. change=True
setting magnet DAC
current  : 3.780889
requested: 3.780940
Delta Dac: 0.000051
Magnet settling time: 2.097
load indicator states
Switch indicator state True, Open
Switch indicator state True, Open
Switch indicator state False, Closed
Switch indicator state True, Open
Switch indicator state False, Closed
Switch indicator state True, Open
Switch indicator state False, Closed
Switch indicator state False, Closed
Switch indicator state False, Closed
Switch indicator state False, Closed
Switch indicator state False, Closed
Magnet settling complete
set_dac. change=True
setting magnet DAC
current  : 3.780940
requested: 3.780990
Delta Dac: 0.000051
Magnet settling time: 2.097
Magnet settling complete
set_dac. change=True
setting magnet DAC
current  : 3.780990
requested: 3.781041
Delta Dac: 0.000051
Magnet settling time: 2.097
Magnet settling complete
set_dac. change=True
setting magnet DAC
current  : 3.781041
requested: 3.781091
Delta Dac: 0.000051
Magnet settling time: 2.097
Magnet settling complete
set_dac. change=True
setting magnet DAC
current  : 3.781091
requested: 3.781142
Delta Dac: 0.000051
Magnet settling time: 2.097
load indicator states
Switch indicator state True, Open
Switch indicator state True, Open
Switch indicator state False, Closed
Switch indicator state True, Open
Magnet settling complete
set_dac. change=True
Switch indicator state False, Closed
setting magnet DAC
current  : 3.781142
requested: 3.781192
Delta Dac: 0.000051
Magnet settling time: 2.097
Switch indicator state True, Open
Switch indicator state False, Closed
Switch indicator state False, Closed
Switch indicator state False, Closed
Switch indicator state False, Closed
Switch indicator state False, Closed
Magnet settling complete
set_dac. change=True
setting magnet DAC
current  : 3.781192
requested: 3.781243
Delta Dac: 0.000051
Magnet settling time: 2.097
Magnet settling complete
set_dac. change=True
setting magnet DAC
current  : 3.781243
requested: 3.781293
Delta Dac: 0.000051
Magnet settling time: 2.097
Magnet settling complete
set_dac. change=True
setting magnet DAC
current  : 3.781293
requested: 3.781344
Delta Dac: 0.000051
Magnet settling time: 2.097
Magnet settling complete
set_dac. change=True
setting magnet DAC
current  : 3.781344
requested: 3.781394
Delta Dac: 0.000051
Magnet settling time: 2.097
load indicator states
Switch indicator state True, Open
Switch indicator state True, Open
Switch indicator state False, Closed
Switch indicator state True, Open
Switch indicator state False, Closed
Switch indicator state True, Open
Switch indicator state False, Closed
Switch indicator state False, Closed
Switch indicator state False, Closed
Switch indicator state False, Closed
Switch indicator state False, Closed
Magnet settling complete
set_dac. change=True
setting magnet DAC
current  : 3.781394
requested: 3.781445
Delta Dac: 0.000051
Magnet settling time: 2.097
Magnet settling complete
set_dac. change=True
setting magnet DAC
current  : 3.781445
requested: 3.781495
Delta Dac: 0.000051
Magnet settling time: 2.097
Magnet settling complete
set_dac. change=True
result of _do_sweep=True
result of _calculate_peak_center=([3.7775222044088048, 3.7790051703406684, 3.780488136272532], [907.03311783931576, 4736.2237654327382, 866.09954718256415], 3.7785993587174218, 4736.2237654327382)
new center pos Detector(H2) (Ar40) @ 3.77900517034
GetHighVoltage ===>> 9900
sweep finished
dac uncorrected for HV and deflection 3.77900517034
update mftable H2 Ar40 3.77900517034 message=automated run peakcenter
get initial guess parabolic
get initial guess parabolic
get initial guess parabolic
get initial guess parabolic
get initial guess parabolic
dump mftable to /Users/labuser/Pychron/setupfiles/spectrometer/mftables/mftable.csv
setting magnet DAC
current  : 3.781495
requested: 3.779005
Delta Dac: 0.002490
SetMagnetDAC 3.77900517034 ===>> OK
Magnet settling time: 0.500
Magnet settling complete
set_dac. change=True
setting integration time = 0.524288
SetIntegrationTime 0.524288 ===>> OK
flush and close file /Users/labuser/Pychron/data/isotopes/fc/07c73a-b741-4e0c-99fc-f70a0ec08fa0.h5
executed snippet estimated_duration=640.48, duration=786.578099012
helix_air.py completed successfully
Measurement Finished
14:35:58 -- ******* Measurement Finished *******
Post Measurement Started helix_pump_ms.py
14:35:58 -- ******* Post Measurement Started helix_pump_ms.py *******
testing...
no interpolation path defined
executed snippet estimated_duration=0, duration=3.50475311279e-05
open ('1',) {}
open name=1 desc=---
check software interlocks 1
interlocks []
actuate state mode=None-script, software_lock=False
doing actuation None-script open_channel True
Open Valve Ion Pump Set ===>> OK
change switch state (True, True)
14:35:58 -- OPEN   VALVE-1 (MSIonPump)
-------------------------- open 1 () result=[(True, True)]
action=open, ok=True, locked=[False]
executed snippet estimated_duration=0, duration=0.265726804733
helix_pump_ms.py completed successfully
setting _ms_pumptime
Post Measurement Finished
14:35:59 -- ******* Post Measurement Finished *******
$$$$$$$$$$$$$$$$$$$$ state at run end measurement
state changed from measurement to success
post measurement save measured=True aborted=False
Set filtering
setting fod for Ar40= {'filter_outliers': True, 'std_devs': 2, 'iterations': 1}
setting fod for H2= {'filter_outliers': True, 'std_devs': 2, 'iterations': 1}
setting fod for Ar36= {'filter_outliers': True, 'std_devs': 2, 'iterations': 1}
setting fod for L2(CDD)= {'filter_outliers': True, 'std_devs': 2, 'iterations': 1}
setting fod for Ar37= {'filter_outliers': True, 'std_devs': 2, 'iterations': 1}
setting fod for L1= {'filter_outliers': True, 'std_devs': 2, 'iterations': 1}
setting fod for Ar38= {'filter_outliers': True, 'std_devs': 2, 'iterations': 1}
setting fod for AX= {'filter_outliers': True, 'std_devs': 2, 'iterations': 1}
setting fod for Ar39= {'filter_outliers': True, 'std_devs': 2, 'iterations': 1}
setting fod for H1= {'filter_outliers': True, 'std_devs': 2, 'iterations': 1}
persistence save...
persistence save - db
post measurement save
5584314096 connecting to database sqlite:////Users/labuser/Pychron/.appdata/local_lab.db
connected to db sqlite:////Users/labuser/Pychron/.appdata/local_lab.db
create new session 5584314096
close session 5584314096
No database instance. Not saving post measurement to isotopedb database
$$$$$$$$$$$$$$$ auto_save_detector_ic=False
persistence save - dvc
================= post measurement started
create new session 4996251088
close session 4996251088
---------------- Experiment Queue saving disabled
DVC saving peakcenter
Popen(['git', 'fetch', 'origin'], cwd=/Users/labuser/Pychron/data/.dvc/repositories/Helix_air180, universal_newlines=False, shell=None)
Popen(['git', 'status', '-sb'], cwd=/Users/labuser/Pychron/data/.dvc/repositories/Helix_air180, universal_newlines=False, shell=None)
Smart pull ahead: 0 behind: 0
Up-to-date with origin
add to repo msg=modified - 1c6e5fb378bc6dbb9454a3742cfd71c48f11ca0a.json
add to repo msg=modified - -H-57.json
add to repo msg=modified - -H-57.dat.json
add to repo msg=modified - -H-57.blan.json
add to repo msg=modified - -H-57.inte.json
add to repo msg=modified - -H-57.icfa.json
add to repo msg=modified - -H-57.base.json
not at valid file /Users/labuser/Pychron/data/.dvc/repositories/Helix_air180/a-01/tags/-H-57.tags.json
add to repo msg=modified - -H-57.peak.json
add to repo msg=modified - -H-57.extr.json
not at valid file /Users/labuser/Pychron/data/.dvc/repositories/Helix_air180/a-01/monitor/-H-57.moni.json
commit message=<COLLECTION>
Popen(['git', 'cat-file', '--batch-check'], cwd=/Users/labuser/Pychron/data/.dvc/repositories/Helix_air180, universal_newlines=False, shell=None)
Popen(['git', 'cat-file', '--batch'], cwd=/Users/labuser/Pychron/data/.dvc/repositories/Helix_air180, universal_newlines=False, shell=None)
add to repo msg=modified - -H-57.inte.json
add to repo msg=modified - -H-57.base.json
commit message=<ISOEVO> default collection fits
add to repo msg=modified - -H-57.blan.json
commit message=<BLANKS> preceding ba-01-H-32
add to repo msg=modified - -H-57.icfa.json
commit message=<ICFactor> default
push repository <pychron.git_archive.repo_manager.GitRepoManager object at 0x147d1d050>
pushing to remote=origin, url=https://github.com
Popen(['git', 'push', 'origin', 'master'], cwd=/Users/labuser/Pychron/data/.dvc/repositories/Helix_air180, universal_newlines=False, shell=None)
load indicator states
Switch indicator state True, Open
Switch indicator state True, Open
Switch indicator state True, Open
Switch indicator state True, Open
Switch indicator state False, Closed
Switch indicator state True, Open
Switch indicator state False, Closed
Switch indicator state False, Closed
Switch indicator state False, Closed
Switch indicator state False, Closed
Switch indicator state False, Closed
Popen(['git', 'fetch', 'origin'], cwd=/Users/labuser/Pychron/data/.dvc/MetaData, universal_newlines=False, shell=None)
Popen(['git', 'status', '-sb'], cwd=/Users/labuser/Pychron/data/.dvc/MetaData, universal_newlines=False, shell=None)
Popen(['git', 'diff', 'HEAD', '--name-only'], cwd=/Users/labuser/Pychron/data/.dvc/MetaData, universal_newlines=False, shell=None)
no changes to meta repo
Popen(['git', 'push', 'origin', 'master'], cwd=/Users/labuser/Pychron/data/.dvc/MetaData, universal_newlines=False, shell=None)
create new session 4996251088
add association Helix_air180
get identifier "a-01-H"
setting analysis irradiation position=<pychron.dvc.dvc_orm.IrradiationPositionTbl object at 0x14a862610>
close session 4996251088
================= post measurement finished
14:36:10 -- ******* Post Run Check *******
loading queue conditionals post_run_actions
loading system conditionals post_run_actions
loading conditionals from /Users/labuser/Pychron/setupfiles/spectrometer/default_conditionals.yaml
loading queue conditionals post_run_terminations
loading system conditionals post_run_terminations
loading conditionals from /Users/labuser/Pychron/setupfiles/spectrometer/default_conditionals.yaml
14:36:10 -- ******* Post Run Check Passed *******
14:36:10 -- Automated run a-01-H-57 success duration: 914.984 s
----------------- finish -----------------
----------------- stop -----------------
retroactive repository identifiers disabled
finish run. runs completed=20
update duration runid=a-01-H-57, duration=914.983662128, md5=060fae79
loading script "helix_air.py"
loading script "helix_pump_ms.py"
loading script "helix_air.py"
loading script "helix_pump_prep.py"
testing...
no interpolation path defined
executed snippet estimated_duration=640.48, duration=0.000313997268677
script duration name:air seconds:640.0
loading script "helix_air.py"
loading script "helix_pump_ms.py"
loading script "helix_air.py"
loading script "helix_pump_prep.py"
testing...
no interpolation path defined
executed snippet estimated_duration=0, duration=3.69548797607e-05
air in script context. using previous estimated duration
script duration name:air seconds:640.0
loading script "helix_air.py"
loading script "helix_pump_ms.py"
loading script "helix_air.py"
loading script "helix_pump_prep.py"
testing...
no interpolation path defined
executed snippet estimated_duration=28.0, duration=0.000251054763794
Script duration 1280.0
Run total estimated duration= 1281.000
script duration name:air seconds:640.0
pump_ms in script context. using previous estimated duration
script duration name:air seconds:640.0
pump_prep in script context. using previous estimated duration
Script duration 1280.0
Run total estimated duration= 1281.000
script duration name:air seconds:640.0
script duration name:air seconds:640.0
Script duration 1280.0
Run total estimated duration= 1281.000
script duration name:air seconds:640.0
script duration name:air seconds:640.0
Script duration 1280.0
Run total estimated duration= 1281.000
script duration name:air seconds:640.0
script duration name:air seconds:640.0
Script duration 1280.0
Run total estimated duration= 1281.000
script duration name:air seconds:640.0
script duration name:air seconds:640.0
Script duration 1280.0
Run total estimated duration= 1281.000
script duration name:air seconds:640.0
script duration name:air seconds:640.0
Script duration 1280.0
Run total estimated duration= 1281.000
script duration name:air seconds:640.0
script duration name:air seconds:640.0
Script duration 1280.0
Run total estimated duration= 1281.000
script duration name:air seconds:640.0
script duration name:air seconds:640.0
Script duration 1280.0
Run total estimated duration= 1281.000
script duration name:air seconds:640.0
script duration name:air seconds:640.0
Script duration 1280.0
Run total estimated duration= 1281.000
nruns=10 before=5.0, run_dur=12810.0, btw=270.0
write rem/ex queues
/Users/labuser/Pychron/experiments/rem/Air.rem.txt
/Users/labuser/Pychron/experiments/rem/Air.ex.txt
doing event level: 3
