do run
loading script "helix_air.py"
loading script "helix_pump_ms.py"
loading script "helix_air.py"
loading script "helix_pump_prep.py"
testing...
no interpolation path defined
executed snippet estimated_duration=656.08, duration=0.000237941741943
script duration name:air seconds:656.0
loading script "helix_air.py"
loading script "helix_pump_ms.py"
loading script "helix_air.py"
loading script "helix_pump_prep.py"
testing...
no interpolation path defined
executed snippet estimated_duration=0, duration=2.59876251221e-05
air in script context. using previous estimated duration
script duration name:air seconds:656.0
loading script "helix_air.py"
loading script "helix_pump_ms.py"
loading script "helix_air.py"
loading script "helix_pump_prep.py"
testing...
no interpolation path defined
executed snippet estimated_duration=28.0, duration=0.000174045562744
Script duration 1312.0
Run total estimated duration= 1313.000
run duration: 0:21:53
doing event level: 2
----------------- start -----------------
**************** Experiment Type: Ar/Ar, Ar/Ar
$$$$$ Clearing conditionals
adding conditionals 
Add queue conditionals
add default conditionals
adding default conditionals from /Users/labuser/Pychron/setupfiles/spectrometer/default_conditionals.yaml
Start automated run a-01-H-95
loading script "helix_air.py"
loading script "helix_pump_ms.py"
loading script "helix_air.py"
loading script "helix_pump_prep.py"
%%%%%%%%%%%%%%%%%% setting automated run a-01-H-95
No value "sensitivity_multiplier" in metadata
$$$$$$$$$$$$$$$ auto_save_detector_ic=False
============================= Pre Extraction Check =============================
loading queue conditionals pre_run_terminations
loading system conditionals pre_run_terminations
loading conditionals from /Users/labuser/Pychron/setupfiles/spectrometer/default_conditionals.yaml
07:52:55 -- ******* Pre Extraction Check *******
Get a measurement from the spectrometer
Pre Extraction Termination data. keys=L2(CDD),H2,H1,AX,L1, signals=-0.00000,-0.07261,-0.15050,-0.00473,0.43076
07:52:55 -- testing system defined conditionals
Checking default pre extraction terminations n=1
testing L2_CDD_
evaluate ot="L2(CDD).inactive" t="L2_CDD_", ctx="{'L2_CDD_': False}"
07:52:55 -- ******* Pre Extraction Check Passed *******
=================================================================================
start extraction
do extraction
Analysis started at 07:52:55.788278
Extraction Started helix_air.py
07:52:55 -- ******* Extraction Started helix_air.py *******
state changed from not run to extraction
DO EXTRACTION <pychron.extraction_line.pyscript_runner.PyScriptRunner object at 0x12be12770>
testing...
no interpolation path defined
executed snippet estimated_duration=222.0, duration=0.00054407119751
Air pipette
open ('3',) {}
open name=3 desc=---
check software interlocks 3
interlocks []
actuate state mode=None-script, software_lock=False
doing actuation None-script open_channel False
ROUT:OPEN (@103)
change switch state (True, True)
07:52:55 -- OPEN   VALVE-3 (SecondToIP)
-------------------------- open 3 () result=[(True, True)]
action=open, ok=True, locked=[False]
close ('2',) {}
close name=2 desc=---
check software interlocks 2
interlocks []
actuate state mode=None-script, software_lock=False
doing actuation None-script close_channel False
ROUT:CLOSE (@102)
change switch state (True, True)
07:52:56 -- CLOSE  VALVE-2 (ExtrToMS)
-------------------------- close 2 () result=[(True, True)]
action=close, ok=True, locked=[False]
open ('1',) {}
open name=1 desc=---
check software interlocks 1
interlocks []
actuate state mode=None-script, software_lock=False
doing actuation None-script open_channel False
Open Valve Ion Pump Set ===>> OK
change switch state (True, True)
07:52:56 -- OPEN   VALVE-1 (MSIonPump)
-------------------------- open 1 () result=[(True, True)]
action=open, ok=True, locked=[False]
close ('8',) {}
close name=8 desc=---
check software interlocks 8
interlocks []
actuate state mode=None-script, software_lock=False
doing actuation None-script close_channel False
ROUT:CLOSE (@108)
change switch state (True, True)
07:52:56 -- CLOSE  VALVE-8 (Sample1toFirst)
-------------------------- close 8 () result=[(True, True)]
action=close, ok=True, locked=[False]
close ('9',) {}
close name=9 desc=---
check software interlocks 9
interlocks []
actuate state mode=None-script, software_lock=False
doing actuation None-script close_channel False
ROUT:CLOSE (@109)
change switch state (True, True)
07:52:57 -- CLOSE  VALVE-9 (Sample2toFirst)
-------------------------- close 9 () result=[(True, True)]
action=close, ok=True, locked=[False]
close ('7',) {}
close name=7 desc=---
check software interlocks 7
interlocks ['6']
actuate state mode=None-script, software_lock=False
doing actuation None-script close_channel False
ROUT:CLOSE (@107)
change switch state (True, True)
07:52:57 -- CLOSE  VALVE-7 (APInner)
-------------------------- close 7 () result=[(True, True)]
load indicator states
action=close, ok=True, locked=[False]
open ('5',) {}
open name=5 desc=---
check software interlocks 5
interlocks []
actuate state mode=None-script, software_lock=False
doing actuation None-script open_channel False
ROUT:OPEN (@105)
change switch state (True, True)
07:52:57 -- OPEN   VALVE-5 (FirstToTurbo)
-------------------------- open 5 () result=[(True, True)]
action=open, ok=True, locked=[False]
open ('11',) {}
open name=11 desc=---
check software interlocks 11
interlocks []
actuate state mode=None-script, software_lock=False
doing actuation None-script open_channel False
ROUT:OPEN (@111)
change switch state (True, True)
07:52:57 -- OPEN   VALVE-11 (APSafety)
-------------------------- open 11 () result=[(True, True)]
action=open, ok=True, locked=[False]
open ('6',) {}
open name=6 desc=---
check software interlocks 6
interlocks ['7']
actuate state mode=None-script, software_lock=False
doing actuation None-script open_channel True
ROUT:OPEN (@106)
change switch state (True, True)
07:52:58 -- OPEN   VALVE-6 (APOuter)
-------------------------- open 6 () result=[(True, True)]
action=open, ok=True, locked=[False]
sleep (15,) {}
SLEEP 15.0
block started
WaitControl setup for 15.0  
load indicator states
Join finished
block finished. duration 15.0397949219
close ('6',) {}
close name=6 desc=---
check software interlocks 6
interlocks ['7']
actuate state mode=None-script, software_lock=False
doing actuation None-script close_channel True
ROUT:CLOSE (@106)
change switch state (True, True)
07:53:13 -- CLOSE  VALVE-6 (APOuter)
-------------------------- close 6 () result=[(True, True)]
action=close, ok=True, locked=[False]
sleep (2,) {}
SLEEP 2.0
block started
WaitControl setup for 2.0  
Join finished
block finished. duration 2.02085995674
Filling pipette
open ('7',) {}
open name=7 desc=---
check software interlocks 7
interlocks ['6']
actuate state mode=None-script, software_lock=False
doing actuation None-script open_channel True
ROUT:OPEN (@107)
change switch state (True, True)
07:53:15 -- OPEN   VALVE-7 (APInner)
-------------------------- open 7 () result=[(True, True)]
action=open, ok=True, locked=[False]
sleep (30,) {}
SLEEP 30.0
block started
WaitControl setup for 30.0  
load indicator states
load indicator states
load indicator states
Join finished
block finished. duration 30.1313209534
close ('7',) {}
close name=7 desc=---
check software interlocks 7
interlocks ['6']
actuate state mode=None-script, software_lock=False
doing actuation None-script close_channel True
ROUT:CLOSE (@107)
change switch state (True, True)
07:53:46 -- CLOSE  VALVE-7 (APInner)
-------------------------- close 7 () result=[(True, True)]
action=close, ok=True, locked=[False]
close ('5',) {}
close name=5 desc=---
check software interlocks 5
interlocks []
actuate state mode=None-script, software_lock=False
doing actuation None-script close_channel True
ROUT:CLOSE (@105)
change switch state (True, True)
07:53:46 -- CLOSE  VALVE-5 (FirstToTurbo)
-------------------------- close 5 () result=[(True, True)]
action=close, ok=True, locked=[False]
close ('4',) {}
close name=4 desc=---
check software interlocks 4
interlocks []
actuate state mode=None-script, software_lock=False
doing actuation None-script close_channel False
ROUT:CLOSE (@104)
change switch state (True, True)
07:53:46 -- CLOSE  VALVE-4 (FirstToSecondStage)
-------------------------- close 4 () result=[(True, True)]
action=close, ok=True, locked=[False]
sleep (2,) {}
SLEEP 2.0
block started
WaitControl setup for 2.0  
Join finished
block finished. duration 2.0260579586
open ('6',) {}
open name=6 desc=---
check software interlocks 6
interlocks ['7']
actuate state mode=None-script, software_lock=False
doing actuation None-script open_channel True
ROUT:OPEN (@106)
increment shot count 123
saved current shot count 123
change switch state (True, True)
07:53:49 -- OPEN   VALVE-6 (APOuter)
-------------------------- open 6 () result=[(True, True)]
load indicator states
action=open, ok=True, locked=[False]
first stage cleanup
sleep (30,) {}
SLEEP 30.0
block started
WaitControl setup for 30.0  
load indicator states
load indicator states
Join finished
block finished. duration 30.12520504
close ('3',) {}
close name=3 desc=---
check software interlocks 3
interlocks []
actuate state mode=None-script, software_lock=False
doing actuation None-script close_channel True
ROUT:CLOSE (@103)
change switch state (True, True)
07:54:19 -- CLOSE  VALVE-3 (SecondToIP)
-------------------------- close 3 () result=[(True, True)]
action=close, ok=True, locked=[False]
sleep (2,) {}
SLEEP 2.0
block started
WaitControl setup for 2.0  
load indicator states
Join finished
block finished. duration 2.01647901535
open ('4',) {}
open name=4 desc=---
check software interlocks 4
interlocks []
actuate state mode=None-script, software_lock=False
doing actuation None-script open_channel True
ROUT:OPEN (@104)
change switch state (True, True)
07:54:21 -- OPEN   VALVE-4 (FirstToSecondStage)
-------------------------- open 4 () result=[(True, True)]
action=open, ok=True, locked=[False]
second stage cleanup
sleep (30,) {}
SLEEP 30.0
block started
WaitControl setup for 30.0  
load indicator states
load indicator states
load indicator states
Join finished
block finished. duration 30.1302158833
executed snippet estimated_duration=333.0, duration=116.565186024
helix_air.py completed successfully
no extraction action
Requested Output= 0.000
Achieved Output=  0.000
no extraction action
no extraction action
no extraction action
no extraction action
persistence save...
persistence save - db
AutomatedRunPersister post_extraction_save deprecated
persistence save - dvc
no extraction position for 
Popen(['git', 'cat-file', '--batch-check'], cwd=/Users/labuser/Pychron/data/.dvc/MetaData, universal_newlines=False, shell=None)
Extraction Finished
07:54:52 -- ******* Extraction Finished *******
no overlap. not waiting for min ms pumptime
start measurement
do measurement
L#=a-01-H analysis type=air
Measurement Started helix_air.py
07:54:52 -- ******* Measurement Started helix_air.py *******
state changed from extraction to measurement
setting spec, defl, and gains
GetExtractionLens ===>> 18.29
GetYSymmetry ===>> 19.07
GetZSymmetry ===>> 19.51
GetZFocus ===>> 9.74
GetDeflection L2(CDD) ===>> Error: Invalid Command
Failed reading L2(CDD) deflection. Error=could not convert string to float: Error: Invalid Command. Using previous value 0
GetGain H2 ===>> 0.986484670899424
GetGain H1 ===>> 1.01080515922087
GetGain AX ===>> 1.0071313708941
GetGain L1 ===>> 1.00793592600847
GetGain L2(CDD) ===>> 0
pre measurement save
New frame /Users/labuser/Pychron/data/isotopes/e3/cd48f6-5c1e-4d43-9642-580c73f94e43.h5
flush and close file /Users/labuser/Pychron/data/isotopes/e3/cd48f6-5c1e-4d43-9642-580c73f94e43.h5
testing...
no interpolation path defined
executed snippet estimated_duration=656.08, duration=0.000263929367065
activate_detectors ('H2', 'H1', 'AX', 'L1', 'L2(CDD)') {}
activate detectors
*************** Set Analysis View Ar/Ar
create graphs
clearing graphs
clear isotope group
setting isotope det=H2, iso=Ar40
setting isotope det=H1, iso=Ar39
setting isotope det=AX, iso=Ar38
setting isotope det=L1, iso=Ar37
setting isotope det=L2(CDD), iso=Ar36
setting previous blanks
 - setting Ar40 blank 0.201+/-0.031
 - setting Ar36 blank 0.0463+/-0.0007
 - setting Ar37 blank -0.112+/-0.021
 - setting Ar38 blank 0.037+/-0.022
 - setting Ar39 blank 0.042+/-0.021
load analysis view
position_magnet ('Ar40',) {'detector': 'H2'}
detector Detector(H2)
POSITION Ar40 H2
setting detector H2 to Ar40 (39.962)
setting detector H1 to Ar39 (38.962)
setting detector AX to Ar38 (37.962)
setting detector L1 to Ar37 (36.962)
setting detector L2(CDD) to Ar36 (35.962)
Mapping mass to dac mass func: "parabolic"
H2 map mass coeffs = [  2.53589168e-02  -1.84786063e+00   3.71260293e+01]
H2 map mass to dac 39.962 >> 3.77903501002
GetHighVoltage ===>> 9900
positioning Ar40 (3.77903501002) on H2
setting magnet DAC
current  : 3.715984
requested: 3.779035
Delta Dac: 0.063051
SetMagnetDAC 3.77903501002 ===>> OK
Magnet settling time: 0.500
Magnet settling complete
set_dac. change=True
update labels <pychron.experiment.plot_panel.PlotPanel object at 0x1599e3230>
update labels "<pychron.graph.stacked_regression_graph.StackedRegressionGraph object at 0x12e5e1410>"
setting label 0 H2 Ar40
setting label 1 H1 Ar39
setting label 2 AX Ar38
setting label 3 L1 Ar37
setting label 4 L2(CDD) Ar36
update labels "<pychron.graph.stacked_graph.StackedGraph object at 0x12ce2b410>"
setting label 0 H2 Ar40
setting label 1 H1 Ar39
setting label 2 AX Ar38
setting label 3 L1 Ar37
equilibrate () {'inlet': '2', 'outlet': '1', 'eqtime': 45.0}
setting label 4 L2(CDD) Ar36
Equilibration Started
07:54:53 -- ******* Equilibration Started *******
check software interlocks 1
interlocks []
actuate state mode=None-script, software_lock=False
doing actuation None-script close_channel True
Close Valve Ion Pump Set ===>> OK
change switch state (True, True)
07:54:53 -- CLOSE  VALVE-1 (MSIonPump)
waiting 3s before opening inlet value ('2',)
check software interlocks 2
interlocks []
actuate state mode=None-script, software_lock=False
doing actuation None-script open_channel True
ROUT:OPEN (@102)
change switch state (True, True)
07:54:56 -- OPEN   VALVE-2 (ExtrToMS)
set_time_zero () {}
equilibrating for 45.0sec
sniff (45.0,) {}
py_sniff
build tables- sniff [Detector(H2), Detector(H1), Detector(AX), Detector(L1), Detector(L2(CDD))]
add group /sniff/Ar40 (Group) '' table H2
add group /sniff/Ar39 (Group) '' table H1
add group /sniff/Ar38 (Group) '' table AX
add group /sniff/Ar37 (Group) '' table L1
add group /sniff/Ar36 (Group) '' table L2(CDD)
flush and close file /Users/labuser/Pychron/data/isotopes/e3/cd48f6-5c1e-4d43-9642-580c73f94e43.h5
measuring sniff. ncounts=45.0
"sniff" increment series count="1" fit count="0" regressing="False"
starting measurement
load indicator states
load indicator states
07:55:21 -- collecting point 25
load indicator states
============ Exception ==============
Traceback (most recent call last):
File "/Users/labuser/miniconda2/envs/pychron2/lib/python2.7/site-packages/enable/qt4/base_window.py", line 198, in paintEvent
    self.handler.paintEvent(event)
File "/Users/labuser/miniconda2/envs/pychron2/lib/python2.7/site-packages/enable/qt4/base_window.py", line 50, in paintEvent
    self._enable_window._paint(event)
File "/Users/labuser/miniconda2/envs/pychron2/lib/python2.7/site-packages/enable/abstract_window.py", line 467, in _paint
    self.component.draw(gc, view_bounds=(0, 0, size[0], size[1]))
File "/Users/labuser/miniconda2/envs/pychron2/lib/python2.7/site-packages/enable/component.py", line 421, in draw
    self._draw(gc, view_bounds, mode)
File "/Users/labuser/miniconda2/envs/pychron2/lib/python2.7/site-packages/enable/component.py", line 773, in _draw
    self._dispatch_draw(layer, gc, view_bounds, mode)
File "/Users/labuser/miniconda2/envs/pychron2/lib/python2.7/site-packages/enable/container.py", line 327, in _dispatch_draw
    component._dispatch_draw(layer, gc, new_bounds, mode)
File "/Users/labuser/miniconda2/envs/pychron2/lib/python2.7/site-packages/enable/container.py", line 312, in _dispatch_draw
    my_handler(gc, view_bounds, mode)
File "/Users/labuser/miniconda2/envs/pychron2/lib/python2.7/site-packages/enable/container.py", line 352, in _draw_container_underlay
    self._draw_underlay(gc, view_bounds, mode)
File "/Users/labuser/miniconda2/envs/pychron2/lib/python2.7/site-packages/enable/component.py", line 881, in _draw_underlay
    underlay.overlay(self, gc, view_bounds, mode)
File "/Users/labuser/miniconda2/envs/pychron2/lib/python2.7/site-packages/chaco/grid.py", line 306, in overlay
    self._draw_component(gc, view_bounds, mode)
File "/Users/labuser/miniconda2/envs/pychron2/lib/python2.7/site-packages/chaco/grid.py", line 344, in _draw_component
    ends[:,0] = self._tick_extents[:,1]
IndexError: too many indices for array
============ End Exception ==========
load indicator states
Equilibration Finished
07:55:42 -- ******* Equilibration Finished *******
check software interlocks 2
interlocks []
actuate state mode=None-script, software_lock=False
doing actuation None-script close_channel True
ROUT:CLOSE (@102)
change switch state (True, True)
07:55:42 -- CLOSE  VALVE-2 (ExtrToMS)
Post Equilibration Started helix_pump_prep.py
07:55:42 -- ******* Post Equilibration Started helix_pump_prep.py *******
testing...
no interpolation path defined
executed snippet estimated_duration=28.0, duration=0.00019907951355
close ('6',) {}
close name=6 desc=---
check software interlocks 6
interlocks ['7']
actuate state mode=None-script, software_lock=False
doing actuation None-script close_channel True
ROUT:CLOSE (@106)
change switch state (True, True)
07:55:42 -- CLOSE  VALVE-6 (APOuter)
-------------------------- close 6 () result=[(True, True)]
action=close, ok=True, locked=[False]
open ('4',) {}
open name=4 desc=---
check software interlocks 4
interlocks []
actuate state mode=None-script, software_lock=False
doing actuation None-script open_channel False
ROUT:OPEN (@104)
change switch state (True, True)
07:55:42 -- OPEN   VALVE-4 (FirstToSecondStage)
-------------------------- open 4 () result=[(True, True)]
waiting for write to finish
measurement finished
estimated time: 45.000 actual time: :45.241
flush and close file /Users/labuser/Pychron/data/isotopes/e3/cd48f6-5c1e-4d43-9642-580c73f94e43.h5
set_fits () {}
using default fits file=/Users/labuser/Pychron/scripts/measurement/fits/nominal.yaml
set "Ar40" to "('Parabolic', 'SEM')"
set "Ar36" to "('Parabolic', 'SEM')"
set "Ar37" to "('Linear', 'SEM')"
set "Ar38" to "('Linear', 'SEM')"
set "Ar39" to "('Linear', 'SEM')"
set_baseline_fits () {}
using default fits file=/Users/labuser/Pychron/scripts/measurement/fits/nominal.yaml
set "H2" to "('Average', 'SEM')"
set "L2(CDD)" to "('Average', 'SEM')"
set "L1" to "('Average', 'SEM')"
set "AX" to "('Average', 'SEM')"
set "H1" to "('Average', 'SEM')"
multicollect () {'ncounts': 400}
build tables- signal [Detector(H2), Detector(H1), Detector(AX), Detector(L1), Detector(L2(CDD))]
add group /signal/Ar40 (Group) '' table H2
add group /signal/Ar39 (Group) '' table H1
add group /signal/Ar38 (Group) '' table AX
add group /signal/Ar37 (Group) '' table L1
add group /signal/Ar36 (Group) '' table L2(CDD)
action=open, ok=True, locked=[False]
flush and close file /Users/labuser/Pychron/data/isotopes/e3/cd48f6-5c1e-4d43-9642-580c73f94e43.h5
sleep (2,) {}
measuring signal. ncounts=400
SLEEP 2.0
block started
WaitControl setup for 2.0  
"signal" increment series count="2" fit count="1" regressing="True"
starting measurement
load indicator states
Join finished
block finished. duration 2.01314520836
open ('11',) {}
open name=11 desc=---
check software interlocks 11
interlocks []
actuate state mode=None-script, software_lock=False
doing actuation None-script open_channel False
ROUT:OPEN (@111)
change switch state (True, True)
07:55:44 -- OPEN   VALVE-11 (APSafety)
-------------------------- open 11 () result=[(True, True)]
action=open, ok=True, locked=[False]
open ('5',) {}
open name=5 desc=---
check software interlocks 5
interlocks []
actuate state mode=None-script, software_lock=False
doing actuation None-script open_channel True
ROUT:OPEN (@105)
change switch state (True, True)
07:55:45 -- OPEN   VALVE-5 (FirstToTurbo)
-------------------------- open 5 () result=[(True, True)]
action=open, ok=True, locked=[False]
sleep (10,) {}
SLEEP 10.0
block started
WaitControl setup for 10.0  
load indicator states
Join finished
block finished. duration 10.0484728813
close ('4',) {}
close name=4 desc=---
check software interlocks 4
interlocks []
actuate state mode=None-script, software_lock=False
doing actuation None-script close_channel True
ROUT:CLOSE (@104)
change switch state (True, True)
07:55:55 -- CLOSE  VALVE-4 (FirstToSecondStage)
-------------------------- close 4 () result=[(True, True)]
action=close, ok=True, locked=[False]
sleep (2,) {}
SLEEP 2.0
block started
WaitControl setup for 2.0  
Join finished
block finished. duration 2.00543689728
open ('3',) {}
open name=3 desc=---
check software interlocks 3
interlocks []
actuate state mode=None-script, software_lock=False
doing actuation None-script open_channel True
ROUT:OPEN (@103)
change switch state (True, True)
07:55:57 -- OPEN   VALVE-3 (SecondToIP)
-------------------------- open 3 () result=[(True, True)]
action=open, ok=True, locked=[False]
executed snippet estimated_duration=42.0, duration=15.9345338345
helix_pump_prep.py completed successfully
Post Equilibration Finished
07:55:58 -- ******* Post Equilibration Finished *******
load indicator states
07:56:07 -- collecting point 25
load indicator states
load indicator states
07:56:32 -- collecting point 50
load indicator states
load indicator states
load indicator states
07:56:57 -- collecting point 75
load indicator states
load indicator states
07:57:22 -- collecting point 100
load indicator states
load indicator states
07:57:47 -- collecting point 125
load indicator states
load indicator states
load indicator states
07:58:12 -- collecting point 150
load indicator states
load indicator states
07:58:37 -- collecting point 175
load indicator states
load indicator states
load indicator states
07:59:02 -- collecting point 200
load indicator states
load indicator states
07:59:28 -- collecting point 225
load indicator states
load indicator states
load indicator states
07:59:53 -- collecting point 250
load indicator states
load indicator states
08:00:18 -- collecting point 275
load indicator states
load indicator states
08:00:43 -- collecting point 300
load indicator states
load indicator states
load indicator states
08:01:08 -- collecting point 325
load indicator states
load indicator states
08:01:33 -- collecting point 350
load indicator states
load indicator states
load indicator states
08:01:58 -- collecting point 375
load indicator states
load indicator states
08:02:23 -- collecting point 400
waiting for write to finish
measurement finished
estimated time: 400.000 actual time: :401.309
flush and close file /Users/labuser/Pychron/data/isotopes/e3/cd48f6-5c1e-4d43-9642-580c73f94e43.h5
baselines () {'detector': 'H2', 'mass': 39.59, 'ncounts': 120}
%%%%%%%%%%%%%%%%%%%%%%%%%%%%%%%% Baseline
build tables- baseline [Detector(H2), Detector(H1), Detector(AX), Detector(L1), Detector(L2(CDD))]
add group baseline table H2
add group baseline table H1
add group baseline table AX
add group baseline table L1
add group baseline table L2(CDD)
flush and close file /Users/labuser/Pychron/data/isotopes/e3/cd48f6-5c1e-4d43-9642-580c73f94e43.h5
detector Detector(H2)
POSITION 39.59 H2
Mapping mass to dac mass func: "parabolic"
H2 map mass coeffs = [  2.53589168e-02  -1.84786063e+00   3.71260293e+01]
H2 map mass to dac 39.59 >> 3.71598401712
GetHighVoltage ===>> 9900
positioning 39.59 (3.71598401712) on H2
setting magnet DAC
current  : 3.779035
requested: 3.715984
Delta Dac: 0.063051
SetMagnetDAC 3.71598401712 ===>> OK
Magnet settling time: 0.500
Magnet settling complete
set_dac. change=True
Delaying 4s for detectors to settle
load indicator states
Join finished
measuring baseline. ncounts=120
"baseline" increment series count="2" fit count="1" regressing="True"
starting measurement
load indicator states
load indicator states
08:02:53 -- collecting point 25
load indicator states
load indicator states
08:03:18 -- collecting point 50
load indicator states
load indicator states
load indicator states
08:03:44 -- collecting point 75
load indicator states
load indicator states
08:04:09 -- collecting point 100
load indicator states
load indicator states
waiting for write to finish
measurement finished
estimated time: 120.000 actual time: :120.524
flush and close file /Users/labuser/Pychron/data/isotopes/e3/cd48f6-5c1e-4d43-9642-580c73f94e43.h5
activate_detectors ('L2(CDD)', 'AX') {'peak_center': True}
peak_center () {'detector': 'H2', 'isotope': 'Ar40'}
peak center: mean=4865.03123239 threshold=3
peak center started
setup peak center. detector=['H2', 'L2(CDD)', 'AX'], isotope=Ar40
VersionedUnpickler [<apptools.sweet_pickle.versioned_unpickler.VersionedUnpickler object at 0x15df4d830>] using Updater [<apptools.sweet_pickle.updater.Updater object at 0x12e716230>]
VersionedUnpickler [<apptools.sweet_pickle.versioned_unpickler.VersionedUnpickler object at 0x15df4d830>] using Updater [<apptools.sweet_pickle.updater.Updater object at 0x12e716230>]
VersionedUnpickler [<apptools.sweet_pickle.versioned_unpickler.VersionedUnpickler object at 0x15cb5af50>] using Updater [<apptools.sweet_pickle.updater.Updater object at 0x12e716230>]
setting integration time = 1.048576
SetIntegrationTime 1.048576 ===>> OK
Mapping mass to dac mass func: "parabolic"
H2 map mass coeffs = [  2.53589168e-02  -1.84786063e+00   3.71260293e+01]
H2 map mass to dac 39.962 >> 3.77903501002
GetHighVoltage ===>> 9900
do peak center. <pychron.spectrometer.jobs.peak_center.PeakCenter object at 0x12e7165f0>
doing pc
starting peak center. center dac= 3.77903501002 step_width=5e-05
width = 5e-05
get scan parameters. half-width=0.0025,window=0.0025, i=0, scalar=1
Scan parameters center=3.77904 width=0.00500 (3.77654 - 3.78154)
Moving to starting dac 3.77653501002
setting magnet DAC
current  : 3.715984
requested: 3.776535
Delta Dac: 0.060551
SetMagnetDAC 3.77653501002 ===>> OK
Magnet settling time: 0.500
Magnet settling complete
set_dac. change=True
Wait until signal near baseline. tol= -0.0226031891615. timeout= 10
Peak center baseline intensity achieved
_do_sweep sm= 3.77653501002, em= 3.78153501002, stm= 5e-05
calculated step values: start=3.77653501002, end=3.78153501002, width=5e-05, nsteps=101.0
setting magnet DAC
current  : 3.776535
requested: 3.776535
Delta Dac: 0.000000
set_dac. change=False
setting magnet DAC
current  : 3.776535
requested: 3.776586
Delta Dac: 0.000051
Magnet settling time: 2.097
load indicator states
Magnet settling complete
set_dac. change=True
setting magnet DAC
current  : 3.776586
requested: 3.776636
Delta Dac: 0.000051
Magnet settling time: 2.097
Magnet settling complete
set_dac. change=True
setting magnet DAC
current  : 3.776636
requested: 3.776687
============ Exception ==============
Delta Dac: 0.000051
Traceback (most recent call last):
File "/Users/labuser/miniconda2/envs/pychron2/lib/python2.7/site-packages/enable/qt4/base_window.py", line 198, in paintEvent
    self.handler.paintEvent(event)
File "/Users/labuser/miniconda2/envs/pychron2/lib/python2.7/site-packages/enable/qt4/base_window.py", line 50, in paintEvent
    self._enable_window._paint(event)
File "/Users/labuser/miniconda2/envs/pychron2/lib/python2.7/site-packages/enable/abstract_window.py", line 467, in _paint
    self.component.draw(gc, view_bounds=(0, 0, size[0], size[1]))
File "/Users/labuser/miniconda2/envs/pychron2/lib/python2.7/site-packages/enable/component.py", line 421, in draw
    self._draw(gc, view_bounds, mode)
File "/Users/labuser/miniconda2/envs/pychron2/lib/python2.7/site-packages/enable/component.py", line 773, in _draw
    self._dispatch_draw(layer, gc, view_bounds, mode)
File "/Users/labuser/miniconda2/envs/pychron2/lib/python2.7/site-packages/enable/container.py", line 327, in _dispatch_draw
    component._dispatch_draw(layer, gc, new_bounds, mode)
File "/Users/labuser/miniconda2/envs/pychron2/lib/python2.7/site-packages/enable/container.py", line 312, in _dispatch_draw
    my_handler(gc, view_bounds, mode)
File "/Users/labuser/miniconda2/envs/pychron2/lib/python2.7/site-packages/enable/container.py", line 352, in _draw_container_underlay
    self._draw_underlay(gc, view_bounds, mode)
File "/Users/labuser/miniconda2/envs/pychron2/lib/python2.7/site-packages/enable/component.py", line 881, in _draw_underlay
    underlay.overlay(self, gc, view_bounds, mode)
File "/Users/labuser/miniconda2/envs/pychron2/lib/python2.7/site-packages/chaco/grid.py", line 306, in overlay
    self._draw_component(gc, view_bounds, mode)
File "/Users/labuser/miniconda2/envs/pychron2/lib/python2.7/site-packages/chaco/grid.py", line 344, in _draw_component
    ends[:,0] = self._tick_extents[:,1]
IndexError: too many indices for array
============ End Exception ==========
Magnet settling time: 2.097
Magnet settling complete
set_dac. change=True
setting magnet DAC
current  : 3.776687
requested: 3.776737
Delta Dac: 0.000051
Magnet settling time: 2.097
Magnet settling complete
set_dac. change=True
setting magnet DAC
current  : 3.776737
requested: 3.776788
Delta Dac: 0.000051
Magnet settling time: 2.097
Magnet settling complete
set_dac. change=True
setting magnet DAC
current  : 3.776788
requested: 3.776838
Delta Dac: 0.000051
Magnet settling time: 2.097
load indicator states
Magnet settling complete
set_dac. change=True
setting magnet DAC
current  : 3.776838
requested: 3.776889
Delta Dac: 0.000051
Magnet settling time: 2.097
Magnet settling complete
set_dac. change=True
setting magnet DAC
current  : 3.776889
requested: 3.776939
Delta Dac: 0.000051
Magnet settling time: 2.097
Magnet settling complete
set_dac. change=True
setting magnet DAC
current  : 3.776939
requested: 3.776990
Delta Dac: 0.000051
Magnet settling time: 2.097
Magnet settling complete
set_dac. change=True
setting magnet DAC
current  : 3.776990
requested: 3.777040
Delta Dac: 0.000051
Magnet settling time: 2.097
Magnet settling complete
set_dac. change=True
setting magnet DAC
current  : 3.777040
requested: 3.777091
Delta Dac: 0.000051
Magnet settling time: 2.097
load indicator states
Magnet settling complete
set_dac. change=True
setting magnet DAC
current  : 3.777091
requested: 3.777141
Delta Dac: 0.000051
Magnet settling time: 2.097
Magnet settling complete
set_dac. change=True
setting magnet DAC
current  : 3.777141
requested: 3.777192
Delta Dac: 0.000051
Magnet settling time: 2.097
Magnet settling complete
set_dac. change=True
setting magnet DAC
current  : 3.777192
requested: 3.777242
Delta Dac: 0.000051
Magnet settling time: 2.097
Magnet settling complete
set_dac. change=True
setting magnet DAC
current  : 3.777242
requested: 3.777293
Delta Dac: 0.000051
Magnet settling time: 2.097
Magnet settling complete
set_dac. change=True
setting magnet DAC
current  : 3.777293
requested: 3.777343
Delta Dac: 0.000051
Magnet settling time: 2.097
load indicator states
Magnet settling complete
set_dac. change=True
setting magnet DAC
current  : 3.777343
requested: 3.777394
Delta Dac: 0.000051
Magnet settling time: 2.097
Magnet settling complete
set_dac. change=True
setting magnet DAC
current  : 3.777394
requested: 3.777444
Delta Dac: 0.000051
Magnet settling time: 2.097
Magnet settling complete
set_dac. change=True
setting magnet DAC
current  : 3.777444
requested: 3.777495
Delta Dac: 0.000051
Magnet settling time: 2.097
Magnet settling complete
set_dac. change=True
setting magnet DAC
current  : 3.777495
requested: 3.777545
Delta Dac: 0.000051
Magnet settling time: 2.097
load indicator states
Magnet settling complete
set_dac. change=True
setting magnet DAC
current  : 3.777545
requested: 3.777596
Delta Dac: 0.000051
Magnet settling time: 2.097
Magnet settling complete
set_dac. change=True
setting magnet DAC
current  : 3.777596
requested: 3.777646
============ Exception ==============
Delta Dac: 0.000051
Traceback (most recent call last):
File "/Users/labuser/miniconda2/envs/pychron2/lib/python2.7/site-packages/enable/qt4/base_window.py", line 198, in paintEvent
    self.handler.paintEvent(event)
File "/Users/labuser/miniconda2/envs/pychron2/lib/python2.7/site-packages/enable/qt4/base_window.py", line 50, in paintEvent
    self._enable_window._paint(event)
File "/Users/labuser/miniconda2/envs/pychron2/lib/python2.7/site-packages/enable/abstract_window.py", line 467, in _paint
    self.component.draw(gc, view_bounds=(0, 0, size[0], size[1]))
File "/Users/labuser/miniconda2/envs/pychron2/lib/python2.7/site-packages/enable/component.py", line 421, in draw
    self._draw(gc, view_bounds, mode)
File "/Users/labuser/miniconda2/envs/pychron2/lib/python2.7/site-packages/enable/component.py", line 773, in _draw
    self._dispatch_draw(layer, gc, view_bounds, mode)
File "/Users/labuser/miniconda2/envs/pychron2/lib/python2.7/site-packages/enable/container.py", line 327, in _dispatch_draw
    component._dispatch_draw(layer, gc, new_bounds, mode)
File "/Users/labuser/miniconda2/envs/pychron2/lib/python2.7/site-packages/enable/container.py", line 312, in _dispatch_draw
    my_handler(gc, view_bounds, mode)
File "/Users/labuser/miniconda2/envs/pychron2/lib/python2.7/site-packages/enable/container.py", line 352, in _draw_container_underlay
    self._draw_underlay(gc, view_bounds, mode)
File "/Users/labuser/miniconda2/envs/pychron2/lib/python2.7/site-packages/enable/component.py", line 881, in _draw_underlay
    underlay.overlay(self, gc, view_bounds, mode)
File "/Users/labuser/miniconda2/envs/pychron2/lib/python2.7/site-packages/chaco/grid.py", line 306, in overlay
    self._draw_component(gc, view_bounds, mode)
File "/Users/labuser/miniconda2/envs/pychron2/lib/python2.7/site-packages/chaco/grid.py", line 344, in _draw_component
    ends[:,0] = self._tick_extents[:,1]
IndexError: too many indices for array
============ End Exception ==========
Magnet settling time: 2.097
Magnet settling complete
set_dac. change=True
setting magnet DAC
current  : 3.777646
requested: 3.777697
Delta Dac: 0.000051
Magnet settling time: 2.097
Magnet settling complete
set_dac. change=True
setting magnet DAC
current  : 3.777697
requested: 3.777747
Delta Dac: 0.000051
Magnet settling time: 2.097
Magnet settling complete
set_dac. change=True
setting magnet DAC
current  : 3.777747
requested: 3.777798
Delta Dac: 0.000051
Magnet settling time: 2.097
load indicator states
Magnet settling complete
set_dac. change=True
setting magnet DAC
current  : 3.777798
requested: 3.777848
Delta Dac: 0.000051
Magnet settling time: 2.097
Magnet settling complete
set_dac. change=True
setting magnet DAC
current  : 3.777848
requested: 3.777899
Delta Dac: 0.000051
Magnet settling time: 2.097
Magnet settling complete
set_dac. change=True
setting magnet DAC
current  : 3.777899
requested: 3.777949
Delta Dac: 0.000051
Magnet settling time: 2.097
Magnet settling complete
set_dac. change=True
setting magnet DAC
current  : 3.777949
requested: 3.778000
Delta Dac: 0.000051
Magnet settling time: 2.097
Magnet settling complete
set_dac. change=True
setting magnet DAC
current  : 3.778000
requested: 3.778050
Delta Dac: 0.000051
Magnet settling time: 2.097
load indicator states
Magnet settling complete
set_dac. change=True
setting magnet DAC
current  : 3.778050
requested: 3.778101
Delta Dac: 0.000051
Magnet settling time: 2.097
Magnet settling complete
set_dac. change=True
setting magnet DAC
current  : 3.778101
requested: 3.778151
Delta Dac: 0.000051
Magnet settling time: 2.097
Magnet settling complete
set_dac. change=True
setting magnet DAC
current  : 3.778151
requested: 3.778202
Delta Dac: 0.000051
Magnet settling time: 2.097
Magnet settling complete
set_dac. change=True
setting magnet DAC
current  : 3.778202
requested: 3.778252
Delta Dac: 0.000051
Magnet settling time: 2.097
Magnet settling complete
set_dac. change=True
setting magnet DAC
current  : 3.778252
requested: 3.778303
Delta Dac: 0.000051
Magnet settling time: 2.097
load indicator states
Magnet settling complete
set_dac. change=True
setting magnet DAC
current  : 3.778303
requested: 3.778353
Delta Dac: 0.000051
Magnet settling time: 2.097
Magnet settling complete
set_dac. change=True
setting magnet DAC
current  : 3.778353
requested: 3.778404
Delta Dac: 0.000051
Magnet settling time: 2.097
Magnet settling complete
set_dac. change=True
setting magnet DAC
current  : 3.778404
requested: 3.778454
Delta Dac: 0.000051
Magnet settling time: 2.097
Magnet settling complete
set_dac. change=True
setting magnet DAC
current  : 3.778454
requested: 3.778505
Delta Dac: 0.000051
Magnet settling time: 2.097
Magnet settling complete
set_dac. change=True
setting magnet DAC
current  : 3.778505
requested: 3.778555
Delta Dac: 0.000051
Magnet settling time: 2.097
load indicator states
Magnet settling complete
set_dac. change=True
setting magnet DAC
current  : 3.778555
requested: 3.778606
Delta Dac: 0.000051
============ Exception ==============
Traceback (most recent call last):
File "/Users/labuser/miniconda2/envs/pychron2/lib/python2.7/site-packages/enable/qt4/base_window.py", line 198, in paintEvent
    self.handler.paintEvent(event)
File "/Users/labuser/miniconda2/envs/pychron2/lib/python2.7/site-packages/enable/qt4/base_window.py", line 50, in paintEvent
    self._enable_window._paint(event)
File "/Users/labuser/miniconda2/envs/pychron2/lib/python2.7/site-packages/enable/abstract_window.py", line 467, in _paint
    self.component.draw(gc, view_bounds=(0, 0, size[0], size[1]))
File "/Users/labuser/miniconda2/envs/pychron2/lib/python2.7/site-packages/enable/component.py", line 421, in draw
    self._draw(gc, view_bounds, mode)
File "/Users/labuser/miniconda2/envs/pychron2/lib/python2.7/site-packages/enable/component.py", line 773, in _draw
    self._dispatch_draw(layer, gc, view_bounds, mode)
File "/Users/labuser/miniconda2/envs/pychron2/lib/python2.7/site-packages/enable/container.py", line 327, in _dispatch_draw
    component._dispatch_draw(layer, gc, new_bounds, mode)
File "/Users/labuser/miniconda2/envs/pychron2/lib/python2.7/site-packages/enable/container.py", line 312, in _dispatch_draw
    my_handler(gc, view_bounds, mode)
File "/Users/labuser/miniconda2/envs/pychron2/lib/python2.7/site-packages/enable/container.py", line 352, in _draw_container_underlay
    self._draw_underlay(gc, view_bounds, mode)
File "/Users/labuser/miniconda2/envs/pychron2/lib/python2.7/site-packages/enable/component.py", line 881, in _draw_underlay
    underlay.overlay(self, gc, view_bounds, mode)
File "/Users/labuser/miniconda2/envs/pychron2/lib/python2.7/site-packages/chaco/grid.py", line 306, in overlay
    self._draw_component(gc, view_bounds, mode)
File "/Users/labuser/miniconda2/envs/pychron2/lib/python2.7/site-packages/chaco/grid.py", line 344, in _draw_component
    ends[:,0] = self._tick_extents[:,1]
IndexError: too many indices for array
============ End Exception ==========
Magnet settling time: 2.097
Magnet settling complete
set_dac. change=True
setting magnet DAC
current  : 3.778606
requested: 3.778656
Delta Dac: 0.000051
Magnet settling time: 2.097
Magnet settling complete
set_dac. change=True
setting magnet DAC
current  : 3.778656
requested: 3.778707
Delta Dac: 0.000051
Magnet settling time: 2.097
Magnet settling complete
set_dac. change=True
setting magnet DAC
current  : 3.778707
requested: 3.778757
Delta Dac: 0.000051
Magnet settling time: 2.097
load indicator states
Magnet settling complete
set_dac. change=True
setting magnet DAC
current  : 3.778757
requested: 3.778808
Delta Dac: 0.000051
Magnet settling time: 2.097
Magnet settling complete
set_dac. change=True
setting magnet DAC
current  : 3.778808
requested: 3.778858
Delta Dac: 0.000051
Magnet settling time: 2.097
Magnet settling complete
set_dac. change=True
setting magnet DAC
current  : 3.778858
requested: 3.778909
Delta Dac: 0.000051
Magnet settling time: 2.097
Magnet settling complete
set_dac. change=True
setting magnet DAC
current  : 3.778909
requested: 3.778959
Delta Dac: 0.000051
Magnet settling time: 2.097
Magnet settling complete
set_dac. change=True
setting magnet DAC
current  : 3.778959
requested: 3.779010
Delta Dac: 0.000051
Magnet settling time: 2.097
load indicator states
Magnet settling complete
set_dac. change=True
setting magnet DAC
current  : 3.779010
requested: 3.779060
Delta Dac: 0.000051
Magnet settling time: 2.097
Magnet settling complete
set_dac. change=True
setting magnet DAC
current  : 3.779060
requested: 3.779111
Delta Dac: 0.000051
Magnet settling time: 2.097
Magnet settling complete
set_dac. change=True
setting magnet DAC
current  : 3.779111
requested: 3.779161
Delta Dac: 0.000051
Magnet settling time: 2.097
Magnet settling complete
set_dac. change=True
setting magnet DAC
current  : 3.779161
requested: 3.779212
Delta Dac: 0.000051
Magnet settling time: 2.097
Magnet settling complete
set_dac. change=True
setting magnet DAC
current  : 3.779212
requested: 3.779262
Delta Dac: 0.000051
Magnet settling time: 2.097
load indicator states
Magnet settling complete
set_dac. change=True
setting magnet DAC
current  : 3.779262
requested: 3.779313
Delta Dac: 0.000051
Magnet settling time: 2.097
Magnet settling complete
set_dac. change=True
setting magnet DAC
current  : 3.779313
requested: 3.779363
Delta Dac: 0.000051
Magnet settling time: 2.097
Magnet settling complete
set_dac. change=True
setting magnet DAC
current  : 3.779363
requested: 3.779414
Delta Dac: 0.000051
Magnet settling time: 2.097
Magnet settling complete
set_dac. change=True
setting magnet DAC
current  : 3.779414
requested: 3.779464
Delta Dac: 0.000051
Magnet settling time: 2.097
Magnet settling complete
set_dac. change=True
setting magnet DAC
current  : 3.779464
requested: 3.779515
Delta Dac: 0.000051
Magnet settling time: 2.097
load indicator states
Magnet settling complete
set_dac. change=True
setting magnet DAC
current  : 3.779515
requested: 3.779565
Delta Dac: 0.000051
Magnet settling time: 2.097
Magnet settling complete
set_dac. change=True
setting magnet DAC
current  : 3.779565
requested: 3.779616
Delta Dac: 0.000051
Magnet settling time: 2.097
Magnet settling complete
set_dac. change=True
setting magnet DAC
current  : 3.779616
requested: 3.779666
Delta Dac: 0.000051
Magnet settling time: 2.097
Magnet settling complete
set_dac. change=True
setting magnet DAC
current  : 3.779666
requested: 3.779717
Delta Dac: 0.000051
Magnet settling time: 2.097
Magnet settling complete
set_dac. change=True
setting magnet DAC
current  : 3.779717
requested: 3.779767
Delta Dac: 0.000051
Magnet settling time: 2.097
load indicator states
Magnet settling complete
set_dac. change=True
setting magnet DAC
current  : 3.779767
requested: 3.779818
Delta Dac: 0.000051
Magnet settling time: 2.097
Magnet settling complete
set_dac. change=True
setting magnet DAC
current  : 3.779818
requested: 3.779868
Delta Dac: 0.000051
Magnet settling time: 2.097
Magnet settling complete
set_dac. change=True
setting magnet DAC
current  : 3.779868
requested: 3.779919
Delta Dac: 0.000051
Magnet settling time: 2.097
Magnet settling complete
set_dac. change=True
setting magnet DAC
current  : 3.779919
requested: 3.779969
Delta Dac: 0.000051
Magnet settling time: 2.097
load indicator states
Magnet settling complete
set_dac. change=True
setting magnet DAC
current  : 3.779969
requested: 3.780020
Delta Dac: 0.000051
Magnet settling time: 2.097
Magnet settling complete
set_dac. change=True
setting magnet DAC
current  : 3.780020
requested: 3.780070
Delta Dac: 0.000051
Magnet settling time: 2.097
Magnet settling complete
set_dac. change=True
setting magnet DAC
current  : 3.780070
requested: 3.780121
Delta Dac: 0.000051
Magnet settling time: 2.097
Magnet settling complete
set_dac. change=True
setting magnet DAC
current  : 3.780121
requested: 3.780171
Delta Dac: 0.000051
Magnet settling time: 2.097
Magnet settling complete
set_dac. change=True
setting magnet DAC
current  : 3.780171
requested: 3.780222
Delta Dac: 0.000051
Magnet settling time: 2.097
load indicator states
Magnet settling complete
set_dac. change=True
setting magnet DAC
current  : 3.780222
requested: 3.780272
Delta Dac: 0.000051
Magnet settling time: 2.097
Magnet settling complete
set_dac. change=True
setting magnet DAC
current  : 3.780272
requested: 3.780323
Delta Dac: 0.000051
Magnet settling time: 2.097
Magnet settling complete
set_dac. change=True
setting magnet DAC
current  : 3.780323
requested: 3.780373
Delta Dac: 0.000051
Magnet settling time: 2.097
Magnet settling complete
set_dac. change=True
setting magnet DAC
current  : 3.780373
requested: 3.780424
Delta Dac: 0.000051
Magnet settling time: 2.097
Magnet settling complete
set_dac. change=True
setting magnet DAC
current  : 3.780424
requested: 3.780474
Delta Dac: 0.000051
Magnet settling time: 2.097
load indicator states
Magnet settling complete
set_dac. change=True
setting magnet DAC
current  : 3.780474
requested: 3.780525
Delta Dac: 0.000051
Magnet settling time: 2.097
Magnet settling complete
set_dac. change=True
setting magnet DAC
current  : 3.780525
requested: 3.780575
Delta Dac: 0.000051
Magnet settling time: 2.097
Magnet settling complete
set_dac. change=True
setting magnet DAC
current  : 3.780575
requested: 3.780626
Delta Dac: 0.000051
Magnet settling time: 2.097
Magnet settling complete
set_dac. change=True
setting magnet DAC
current  : 3.780626
requested: 3.780676
Delta Dac: 0.000051
Magnet settling time: 2.097
Magnet settling complete
set_dac. change=True
setting magnet DAC
current  : 3.780676
requested: 3.780727
Delta Dac: 0.000051
Magnet settling time: 2.097
load indicator states
Magnet settling complete
set_dac. change=True
setting magnet DAC
current  : 3.780727
requested: 3.780777
Delta Dac: 0.000051
Magnet settling time: 2.097
Magnet settling complete
set_dac. change=True
setting magnet DAC
current  : 3.780777
requested: 3.780828
Delta Dac: 0.000051
Magnet settling time: 2.097
Magnet settling complete
set_dac. change=True
setting magnet DAC
current  : 3.780828
requested: 3.780878
Delta Dac: 0.000051
Magnet settling time: 2.097
Magnet settling complete
set_dac. change=True
setting magnet DAC
current  : 3.780878
requested: 3.780929
Delta Dac: 0.000051
Magnet settling time: 2.097
Magnet settling complete
set_dac. change=True
setting magnet DAC
current  : 3.780929
requested: 3.780979
Delta Dac: 0.000051
Magnet settling time: 2.097
load indicator states
Magnet settling complete
set_dac. change=True
setting magnet DAC
current  : 3.780979
requested: 3.781030
Delta Dac: 0.000051
Magnet settling time: 2.097
Magnet settling complete
set_dac. change=True
setting magnet DAC
current  : 3.781030
requested: 3.781080
Delta Dac: 0.000051
Magnet settling time: 2.097
Magnet settling complete
set_dac. change=True
setting magnet DAC
current  : 3.781080
requested: 3.781131
Delta Dac: 0.000051
Magnet settling time: 2.097
Magnet settling complete
set_dac. change=True
setting magnet DAC
current  : 3.781131
requested: 3.781181
Delta Dac: 0.000051
Magnet settling time: 2.097
Magnet settling complete
set_dac. change=True
setting magnet DAC
current  : 3.781181
requested: 3.781232
Delta Dac: 0.000051
Magnet settling time: 2.097
load indicator states
Magnet settling complete
set_dac. change=True
setting magnet DAC
current  : 3.781232
requested: 3.781282
Delta Dac: 0.000051
Magnet settling time: 2.097
Magnet settling complete
set_dac. change=True
setting magnet DAC
current  : 3.781282
requested: 3.781333
Delta Dac: 0.000051
Magnet settling time: 2.097
Magnet settling complete
set_dac. change=True
setting magnet DAC
current  : 3.781333
requested: 3.781383
Delta Dac: 0.000051
Magnet settling time: 2.097
Magnet settling complete
set_dac. change=True
setting magnet DAC
current  : 3.781383
requested: 3.781434
Delta Dac: 0.000051
Magnet settling time: 2.097
load indicator states
Magnet settling complete
set_dac. change=True
setting magnet DAC
current  : 3.781434
requested: 3.781485
Delta Dac: 0.000051
Magnet settling time: 2.097
Magnet settling complete
set_dac. change=True
setting magnet DAC
current  : 3.781485
requested: 3.781535
Delta Dac: 0.000051
Magnet settling time: 2.097
Magnet settling complete
set_dac. change=True
result of _do_sweep=True
result of _calculate_peak_center=([3.7773917234469065, 3.7788746893787701, 3.7803576553106337], [908.21942440195926, 4733.0516154529796, 842.94763921344725], 3.7785490380761648, 4733.0516154529796)
new center pos Detector(H2) (Ar40) @ 3.77887468938
GetHighVoltage ===>> 9900
dac uncorrected for HV and deflection 3.77887468938
update mftable H2 Ar40 3.77887468938 message=automated run peakcenter
get initial guess parabolic
get initial guess parabolic
get initial guess parabolic
sweep finished
get initial guess parabolic
get initial guess parabolic
dump mftable to /Users/labuser/Pychron/setupfiles/spectrometer/mftables/mftable.csv
setting magnet DAC
current  : 3.781535
requested: 3.778875
Delta Dac: 0.002660
SetMagnetDAC 3.77887468938 ===>> OK
Magnet settling time: 0.500
Magnet settling complete
set_dac. change=True
setting integration time = 0.524288
SetIntegrationTime 0.524288 ===>> OK
flush and close file /Users/labuser/Pychron/data/isotopes/e3/cd48f6-5c1e-4d43-9642-580c73f94e43.h5
executed snippet estimated_duration=656.08, duration=792.357296944
helix_air.py completed successfully
Measurement Finished
08:08:04 -- ******* Measurement Finished *******
Post Measurement Started helix_pump_ms.py
08:08:04 -- ******* Post Measurement Started helix_pump_ms.py *******
testing...
no interpolation path defined
executed snippet estimated_duration=0, duration=3.50475311279e-05
open ('1',) {}
open name=1 desc=---
check software interlocks 1
interlocks []
actuate state mode=None-script, software_lock=False
doing actuation None-script open_channel True
Open Valve Ion Pump Set ===>> OK
change switch state (True, True)
08:08:04 -- OPEN   VALVE-1 (MSIonPump)
-------------------------- open 1 () result=[(True, True)]
action=open, ok=True, locked=[False]
executed snippet estimated_duration=0, duration=0.266663074493
helix_pump_ms.py completed successfully
setting _ms_pumptime
Post Measurement Finished
08:08:05 -- ******* Post Measurement Finished *******
$$$$$$$$$$$$$$$$$$$$ state at run end measurement
state changed from measurement to success
post measurement save measured=True aborted=False
Set filtering
setting fod for Ar40= {'filter_outliers': True, 'std_devs': 2, 'iterations': 1}
setting fod for H2= {'filter_outliers': True, 'std_devs': 2, 'iterations': 1}
setting fod for Ar36= {'filter_outliers': True, 'std_devs': 2, 'iterations': 1}
setting fod for L2(CDD)= {'filter_outliers': True, 'std_devs': 2, 'iterations': 1}
setting fod for Ar37= {'filter_outliers': True, 'std_devs': 2, 'iterations': 1}
setting fod for L1= {'filter_outliers': True, 'std_devs': 2, 'iterations': 1}
setting fod for Ar38= {'filter_outliers': True, 'std_devs': 2, 'iterations': 1}
setting fod for AX= {'filter_outliers': True, 'std_devs': 2, 'iterations': 1}
setting fod for Ar39= {'filter_outliers': True, 'std_devs': 2, 'iterations': 1}
setting fod for H1= {'filter_outliers': True, 'std_devs': 2, 'iterations': 1}
persistence save...
persistence save - db
post measurement save
5874499408 connecting to database sqlite:////Users/labuser/Pychron/.appdata/local_lab.db
connected to db sqlite:////Users/labuser/Pychron/.appdata/local_lab.db
create new session 5874499408
close session 5874499408
No database instance. Not saving post measurement to isotopedb database
$$$$$$$$$$$$$$$ auto_save_detector_ic=False
persistence save - dvc
================= post measurement started
create new session 4996437008
close session 4996437008
---------------- Experiment Queue saving disabled
DVC saving peakcenter
Popen(['git', 'fetch', 'origin'], cwd=/Users/labuser/Pychron/data/.dvc/repositories/Helix_air180, universal_newlines=False, shell=None)
Popen(['git', 'status', '-sb'], cwd=/Users/labuser/Pychron/data/.dvc/repositories/Helix_air180, universal_newlines=False, shell=None)
Smart pull ahead: 0 behind: 0
Up-to-date with origin
add to repo msg=modified - 1c6e5fb378bc6dbb9454a3742cfd71c48f11ca0a.json
add to repo msg=modified - -H-95.json
add to repo msg=modified - -H-95.dat.json
add to repo msg=modified - -H-95.blan.json
add to repo msg=modified - -H-95.inte.json
add to repo msg=modified - -H-95.icfa.json
add to repo msg=modified - -H-95.base.json
not at valid file /Users/labuser/Pychron/data/.dvc/repositories/Helix_air180/a-01/tags/-H-95.tags.json
add to repo msg=modified - -H-95.peak.json
add to repo msg=modified - -H-95.extr.json
not at valid file /Users/labuser/Pychron/data/.dvc/repositories/Helix_air180/a-01/monitor/-H-95.moni.json
commit message=<COLLECTION>
Popen(['git', 'cat-file', '--batch-check'], cwd=/Users/labuser/Pychron/data/.dvc/repositories/Helix_air180, universal_newlines=False, shell=None)
Popen(['git', 'cat-file', '--batch'], cwd=/Users/labuser/Pychron/data/.dvc/repositories/Helix_air180, universal_newlines=False, shell=None)
add to repo msg=modified - -H-95.inte.json
add to repo msg=modified - -H-95.base.json
commit message=<ISOEVO> default collection fits
add to repo msg=modified - -H-95.blan.json
commit message=<BLANKS> preceding ba-01-H-51
add to repo msg=modified - -H-95.icfa.json
commit message=<ICFactor> default
push repository <pychron.git_archive.repo_manager.GitRepoManager object at 0x12ca4df50>
pushing to remote=origin, url=https://github.com
Popen(['git', 'push', 'origin', 'master'], cwd=/Users/labuser/Pychron/data/.dvc/repositories/Helix_air180, universal_newlines=False, shell=None)
load indicator states
Popen(['git', 'fetch', 'origin'], cwd=/Users/labuser/Pychron/data/.dvc/MetaData, universal_newlines=False, shell=None)
Popen(['git', 'status', '-sb'], cwd=/Users/labuser/Pychron/data/.dvc/MetaData, universal_newlines=False, shell=None)
Popen(['git', 'diff', 'HEAD', '--name-only'], cwd=/Users/labuser/Pychron/data/.dvc/MetaData, universal_newlines=False, shell=None)
no changes to meta repo
Popen(['git', 'push', 'origin', 'master'], cwd=/Users/labuser/Pychron/data/.dvc/MetaData, universal_newlines=False, shell=None)
create new session 4996437008
add association Helix_air180
get identifier "a-01-H"
setting analysis irradiation position=<pychron.dvc.dvc_orm.IrradiationPositionTbl object at 0x12b5d23d0>
close session 4996437008
================= post measurement finished
08:08:18 -- ******* Post Run Check *******
loading queue conditionals post_run_actions
loading system conditionals post_run_actions
loading conditionals from /Users/labuser/Pychron/setupfiles/spectrometer/default_conditionals.yaml
loading queue conditionals post_run_terminations
loading system conditionals post_run_terminations
loading conditionals from /Users/labuser/Pychron/setupfiles/spectrometer/default_conditionals.yaml
08:08:18 -- ******* Post Run Check Passed *******
08:08:18 -- Automated run a-01-H-95 success duration: 922.769 s
----------------- finish -----------------
----------------- stop -----------------
retroactive repository identifiers disabled
finish run. runs completed=2
update duration runid=a-01-H-95, duration=922.76884985, md5=060fae79
loading script "helix_air.py"
loading script "helix_pump_ms.py"
loading script "helix_air.py"
loading script "helix_pump_prep.py"
testing...
no interpolation path defined
executed snippet estimated_duration=656.08, duration=0.000327110290527
script duration name:air seconds:656.0
loading script "helix_air.py"
loading script "helix_pump_ms.py"
loading script "helix_air.py"
loading script "helix_pump_prep.py"
testing...
no interpolation path defined
executed snippet estimated_duration=0, duration=3.79085540771e-05
air in script context. using previous estimated duration
script duration name:air seconds:656.0
loading script "helix_air.py"
loading script "helix_pump_ms.py"
loading script "helix_air.py"
loading script "helix_pump_prep.py"
testing...
no interpolation path defined
executed snippet estimated_duration=28.0, duration=0.000216960906982
Script duration 1312.0
Run total estimated duration= 1313.000
script duration name:air seconds:656.0
pump_ms in script context. using previous estimated duration
script duration name:air seconds:656.0
pump_prep in script context. using previous estimated duration
Script duration 1312.0
Run total estimated duration= 1313.000
script duration name:air seconds:656.0
script duration name:air seconds:656.0
Script duration 1312.0
Run total estimated duration= 1313.000
script duration name:air seconds:656.0
script duration name:air seconds:656.0
Script duration 1312.0
Run total estimated duration= 1313.000
script duration name:air seconds:656.0
script duration name:air seconds:656.0
Script duration 1312.0
Run total estimated duration= 1313.000
script duration name:air seconds:656.0
script duration name:air seconds:656.0
Script duration 1312.0
Run total estimated duration= 1313.000
script duration name:air seconds:656.0
script duration name:air seconds:656.0
Script duration 1312.0
Run total estimated duration= 1313.000
script duration name:air seconds:656.0
script duration name:air seconds:656.0
Script duration 1312.0
Run total estimated duration= 1313.000
script duration name:air seconds:656.0
script duration name:air seconds:656.0
Script duration 1312.0
Run total estimated duration= 1313.000
script duration name:air seconds:656.0
script duration name:air seconds:656.0
Script duration 1312.0
Run total estimated duration= 1313.000
script duration name:air seconds:656.0
script duration name:air seconds:656.0
Script duration 1312.0
Run total estimated duration= 1313.000
script duration name:air seconds:656.0
script duration name:air seconds:656.0
Script duration 1312.0
Run total estimated duration= 1313.000
script duration name:air seconds:656.0
script duration name:air seconds:656.0
Script duration 1312.0
Run total estimated duration= 1313.000
script duration name:air seconds:656.0
script duration name:air seconds:656.0
Script duration 1312.0
Run total estimated duration= 1313.000
script duration name:air seconds:656.0
script duration name:air seconds:656.0
Script duration 1312.0
Run total estimated duration= 1313.000
script duration name:air seconds:656.0
script duration name:air seconds:656.0
Script duration 1312.0
Run total estimated duration= 1313.000
script duration name:air seconds:656.0
script duration name:air seconds:656.0
Script duration 1312.0
Run total estimated duration= 1313.000
script duration name:air seconds:656.0
script duration name:air seconds:656.0
Script duration 1312.0
Run total estimated duration= 1313.000
script duration name:air seconds:656.0
script duration name:air seconds:656.0
Script duration 1312.0
Run total estimated duration= 1313.000
script duration name:air seconds:656.0
script duration name:air seconds:656.0
Script duration 1312.0
Run total estimated duration= 1313.000
script duration name:air seconds:656.0
script duration name:air seconds:656.0
Script duration 1312.0
Run total estimated duration= 1313.000
script duration name:air seconds:656.0
script duration name:air seconds:656.0
Script duration 1312.0
Run total estimated duration= 1313.000
script duration name:air seconds:656.0
script duration name:air seconds:656.0
Script duration 1312.0
Run total estimated duration= 1313.000
script duration name:air seconds:656.0
script duration name:air seconds:656.0
Script duration 1312.0
Run total estimated duration= 1313.000
script duration name:air seconds:656.0
script duration name:air seconds:656.0
Script duration 1312.0
Run total estimated duration= 1313.000
nruns=25 before=5.0, run_dur=32825.0, btw=720.0
write rem/ex queues
/Users/labuser/Pychron/experiments/rem/Air.rem.txt
/Users/labuser/Pychron/experiments/rem/Air.ex.txt
doing event level: 3
